
=========Sun Apr 17 04:00:01 UTC 2011========
             total       used       free     shared    buffers     cached
Mem:           487        475         12          0          5        408
-/+ buffers/cache:         61        426
Swap:          841          0        841
Total:        1328        475        853

=========Sun Apr 17 04:05:01 UTC 2011========
             total       used       free     shared    buffers     cached
Mem:           487        477         10          0          4        413
-/+ buffers/cache:         58        428
Swap:          841          0        841
Total:        1328        477        851

=========Sun Apr 17 04:10:01 UTC 2011========
             total       used       free     shared    buffers     cached
Mem:           487        481          6          0          0        399
-/+ buffers/cache:         80        406
Swap:          841          0        841
Total:        1328        481        847

=========Sun Apr 17 04:15:01 UTC 2011========
             total       used       free     shared    buffers     cached
Mem:           487        474         13          0          0        414
-/+ buffers/cache:         58        429
Swap:          841          0        841
Total:        1328        474        854

=========Sun Apr 17 04:20:01 UTC 2011========
             total       used       free     shared    buffers     cached
Mem:           487        480          7          0          1        420
-/+ buffers/cache:         58        428
Swap:          841          0        841
Total:        1328        480        848

=========Sun Apr 17 04:25:01 UTC 2011========
             total       used       free     shared    buffers     cached
Mem:           487        481          5          0          0        407
-/+ buffers/cache:         73        414
Swap:          841          0        841
Total:        1328        481        847

=========Sun Apr 17 04:30:01 UTC 2011========
             total       used       free     shared    buffers     cached
Mem:           487        479          7          0          1        420
-/+ buffers/cache:         58        428
Swap:          841          0        841
Total:        1328        479        848

=========Sun Apr 17 04:35:01 UTC 2011========
             total       used       free     shared    buffers     cached
Mem:           487        481          5          0          1        421
-/+ buffers/cache:         58        429
Swap:          841          0        841
Total:        1328        481        847
