
=========Sun Apr 17 04:00:01 UTC 2011========
             total       used       free     shared    buffers     cached
Mem:           487        334        153          0         13        226
-/+ buffers/cache:         93        393
Swap:         1321          2       1318
Total:        1808        336       1472

=========Sun Apr 17 04:05:01 UTC 2011========
             total       used       free     shared    buffers     cached
Mem:           487        355        132          0         29        230
-/+ buffers/cache:         94        392
Swap:         1321          2       1318
Total:        1808        357       1451

=========Sun Apr 17 04:10:01 UTC 2011========
             total       used       free     shared    buffers     cached
Mem:           487        377        110          0         39        233
-/+ buffers/cache:        104        383
Swap:         1321          2       1318
Total:        1808        379       1428

=========Sun Apr 17 04:15:01 UTC 2011========
             total       used       free     shared    buffers     cached
Mem:           487        384        103          0         43        242
-/+ buffers/cache:         98        389
Swap:         1321          2       1318
Total:        1808        386       1422

=========Sun Apr 17 04:20:01 UTC 2011========
             total       used       free     shared    buffers     cached
Mem:           487        402         85          0         55        247
-/+ buffers/cache:         99        388
Swap:         1321          2       1318
Total:        1808        405       1403

=========Sun Apr 17 04:25:01 UTC 2011========
             total       used       free     shared    buffers     cached
Mem:           487        418         69          0         63        250
-/+ buffers/cache:        104        383
Swap:         1321          2       1318
Total:        1808        420       1388

=========Sun Apr 17 04:30:01 UTC 2011========
             total       used       free     shared    buffers     cached
Mem:           487        396         91          0         65        251
-/+ buffers/cache:         80        407
Swap:         1321          2       1318
Total:        1808        398       1409

=========Sun Apr 17 04:35:01 UTC 2011========
             total       used       free     shared    buffers     cached
Mem:           487        396         91          0         65        251
-/+ buffers/cache:         79        407
Swap:         1321          2       1318
Total:        1808        398       1410
