
=========Sun Apr 17 04:00:01 UTC 2011========
USER       PID %CPU %MEM    VSZ   RSS TTY      STAT START   TIME COMMAND
root         1  0.0  0.1   4104   720 ?        Ss   Apr16   0:03 /sbin/init
root         2  0.0  0.0      0     0 ?        S<   Apr16   0:00 [kthreadd]
root         3  0.0  0.0      0     0 ?        S<   Apr16   0:01 [migration/0]
root         4  0.0  0.0      0     0 ?        S<   Apr16   0:00 [ksoftirqd/0]
root         5  0.0  0.0      0     0 ?        S<   Apr16   0:00 [watchdog/0]
root         6  0.0  0.0      0     0 ?        S<   Apr16   0:07 [migration/1]
root         7  0.0  0.0      0     0 ?        S<   Apr16   0:00 [ksoftirqd/1]
root         8  0.0  0.0      0     0 ?        S<   Apr16   0:00 [watchdog/1]
root         9  0.0  0.0      0     0 ?        S<   Apr16   0:00 [events/0]
root        10  0.0  0.0      0     0 ?        S<   Apr16   0:00 [events/1]
root        11  0.0  0.0      0     0 ?        S<   Apr16   0:00 [khelper]
root        12  0.0  0.0      0     0 ?        S<   Apr16   0:00 [kstop/0]
root        13  0.0  0.0      0     0 ?        S<   Apr16   0:00 [kstop/1]
root        14  0.0  0.0      0     0 ?        S<   Apr16   0:00 [kintegrityd/0]
root        15  0.0  0.0      0     0 ?        S<   Apr16   0:00 [kintegrityd/1]
root        16  0.0  0.0      0     0 ?        S<   Apr16   0:00 [kblockd/0]
root        17  0.0  0.0      0     0 ?        S<   Apr16   0:00 [kblockd/1]
root        18  0.0  0.0      0     0 ?        S<   Apr16   0:00 [kacpid]
root        19  0.0  0.0      0     0 ?        S<   Apr16   0:00 [kacpi_notify]
root        20  0.0  0.0      0     0 ?        S<   Apr16   0:00 [cqueue]
root        21  0.0  0.0      0     0 ?        S<   Apr16   0:00 [ata/0]
root        22  0.0  0.0      0     0 ?        S<   Apr16   0:00 [ata/1]
root        23  0.0  0.0      0     0 ?        S<   Apr16   0:00 [ata_aux]
root        24  0.0  0.0      0     0 ?        S<   Apr16   0:00 [ksuspend_usbd]
root        25  0.0  0.0      0     0 ?        S<   Apr16   0:00 [khubd]
root        26  0.0  0.0      0     0 ?        S<   Apr16   0:00 [kseriod]
root        27  0.0  0.0      0     0 ?        S<   Apr16   0:00 [kmmcd]
root        28  0.0  0.0      0     0 ?        S<   Apr16   0:00 [btaddconn]
root        29  0.0  0.0      0     0 ?        S<   Apr16   0:00 [btdelconn]
root        30  0.0  0.0      0     0 ?        S    Apr16   0:02 [pdflush]
root        32  0.0  0.0      0     0 ?        S<   Apr16   0:28 [kswapd0]
root        33  0.0  0.0      0     0 ?        S<   Apr16   0:00 [aio/0]
root        34  0.0  0.0      0     0 ?        S<   Apr16   0:00 [aio/1]
root        35  0.0  0.0      0     0 ?        S<   Apr16   0:00 [ecryptfs-kthrea]
root        38  0.0  0.0      0     0 ?        S<   Apr16   0:00 [scsi_eh_0]
root        39  0.0  0.0      0     0 ?        S<   Apr16   0:00 [scsi_eh_1]
root        40  0.0  0.0      0     0 ?        S<   Apr16   0:00 [kstriped]
root        41  0.0  0.0      0     0 ?        S<   Apr16   0:00 [kmpathd/0]
root        42  0.0  0.0      0     0 ?        S<   Apr16   0:00 [kmpathd/1]
root        43  0.0  0.0      0     0 ?        S<   Apr16   0:00 [kmpath_handlerd]
root        44  0.0  0.0      0     0 ?        S<   Apr16   0:00 [ksnapd]
root        45  0.0  0.0      0     0 ?        S<   Apr16   0:00 [kondemand/0]
root        46  0.0  0.0      0     0 ?        S<   Apr16   0:00 [kondemand/1]
root        47  0.0  0.0      0     0 ?        S<   Apr16   0:00 [krfcommd]
root       595  0.0  0.0      0     0 ?        S<   Apr16   0:00 [scsi_eh_2]
root       739  0.0  0.0      0     0 ?        R<   Apr16   0:05 [kjournald]
root       832  0.0  0.0  16732   272 ?        S<s  Apr16   0:00 /sbin/udevd --daemon
root      1002  0.0  0.0      0     0 ?        S<   Apr16   0:00 [kpsmoused]
root      1021  0.0  0.0      0     0 ?        S<   Apr16   0:00 [vballoon]
condor    1524  0.0  0.3  22100  1672 ?        S<   Apr16   0:04 condor_procd -A /tmp/condor-lock.host_60.191183934294717/procd_pipe.STARTD -S 60 -C 1000
daemon    1616  0.0  0.1   8180   508 ?        Ss   Apr16   0:00 /sbin/portmap
statd     1633  0.0  0.0  10300   468 ?        Ss   Apr16   0:00 /sbin/rpc.statd
root      1808  0.0  0.1   3944   576 tty4     Ss+  Apr16   0:00 /sbin/getty 38400 tty4
root      1809  0.0  0.1   3944   580 tty5     Ss+  Apr16   0:00 /sbin/getty 38400 tty5
root      1818  0.0  0.1   3944   584 tty2     Ss+  Apr16   0:00 /sbin/getty 38400 tty2
root      1820  0.0  0.1   3944   580 tty3     Ss+  Apr16   0:00 /sbin/getty 38400 tty3
root      1822  0.0  0.1   3944   584 tty6     Ss+  Apr16   0:00 /sbin/getty 38400 tty6
syslog    1860  0.0  0.1  12376   624 ?        Ds   Apr16   0:02 /sbin/syslogd -u syslog
root      1878  0.0  0.1   8204   520 ?        S    Apr16   0:00 /bin/dd bs 1 if /proc/kmsg of /var/run/klogd/kmsg
klog      1880  0.0  0.6   6504  3064 ?        Ss   Apr16   0:00 /sbin/klogd -P /var/run/klogd/kmsg
root      1920  0.1  0.0      0     0 ?        S<   Apr16   1:55 [rpciod/0]
root      1921  0.1  0.0      0     0 ?        S<   Apr16   1:41 [rpciod/1]
root      1952  0.0  0.0      0     0 ?        S<   Apr16   0:00 [lockd]
root      1953  0.0  0.0      0     0 ?        S<   Apr16   0:00 [nfsd4]
root      1954  0.0  0.0      0     0 ?        S<   Apr16   0:00 [nfsd]
root      1955  0.0  0.0      0     0 ?        S<   Apr16   0:00 [nfsd]
root      1956  0.0  0.0      0     0 ?        S<   Apr16   0:00 [nfsd]
root      1957  0.0  0.0      0     0 ?        S<   Apr16   0:00 [nfsd]
root      1958  0.0  0.0      0     0 ?        S<   Apr16   0:00 [nfsd]
root      1959  0.0  0.0      0     0 ?        S<   Apr16   0:00 [nfsd]
root      1960  0.0  0.0      0     0 ?        S<   Apr16   0:00 [nfsd]
root      1961  0.0  0.0      0     0 ?        S<   Apr16   0:00 [nfsd]
root      1965  0.0  0.0  14520   292 ?        Ss   Apr16   0:00 /usr/sbin/rpc.mountd --manage-gids
root      2011  0.0  0.1   6488   616 ?        S<s  Apr16   0:00 dhclient3 -e IF_METRIC=100 -pf /var/run/dhclient.eth0.pid -lf /var/lib/dhcp3/dhclient.eth0.leases eth0
root      2053  0.0  0.1  48940   996 ?        S<s  Apr16   0:00 /usr/sbin/sshd
root      2346  0.0  0.1   3944   584 tty1     Ss+  Apr16   0:00 /sbin/getty 38400 tty1
condor    2438  0.0  0.4  35612  2416 ?        S<s  Apr16   0:08 condor_master
condor    2439  0.0  0.8  37632  4160 ?        S<s  Apr16   1:07 condor_startd -f
root      2821  0.0  0.0      0     0 ?        S<   Apr16   0:38 [nfsiod]
root      4485  0.0  0.6  70140  3104 ?        S<s  01:20   0:00 sshd: condor [priv]
condor    4487  0.0  0.3  70288  1776 ?        S<   01:20   0:00 sshd: condor@pts/0
condor    4488  0.0  0.4  18284  2272 pts/0    S<s+ 01:20   0:00 -bash
root      4842  0.0  0.1  18712   676 ?        S<s  Apr16   0:00 /usr/sbin/cron
condor    5157  0.1  0.8  26908  4108 ?        S<s  Apr16   2:11 /usr/bin/SCREEN.real -c /home/condor/.screen-profiles/profile
condor    5158  0.0  0.0   4024   492 pts/1    S<s  Apr16   0:00 /bin/sh /usr/bin/motd+shell
condor    5161  0.0  0.2  18324  1420 pts/1    S<+  Apr16   0:00 /bin/bash
root      6086  0.0  0.6  70140  3104 ?        S<s  03:00   0:00 sshd: condor [priv]
condor    6088  0.0  0.3  70140  1756 ?        S<   03:00   0:00 sshd: condor@pts/2
condor    6089  0.0  0.4  18276  2232 pts/2    S<s+ 03:00   0:00 -bash
root      6584  0.0  0.6  70140  3108 ?        S<s  03:37   0:00 sshd: condor [priv]
condor    6586  0.0  0.3  70140  1760 ?        S<   03:37   0:00 sshd: condor@pts/3
condor    6587  0.0  0.4  18276  2232 pts/3    S<s+ 03:37   0:00 -bash
condor    6613  0.0  0.1   3976   736 pts/3    S<   03:38   0:00 sar -o /home/condor/cps210/cpu 300 72
condor    6614  0.0  0.1   3972   748 pts/3    S<   03:38   0:00 sadc 300 73 -z -S ALL /home/condor/cps210/cpu
root      6956  0.0  0.1   3940   692 ?        Ss   03:59   0:00 /sbin/getty 38400 xvc0
root      6959  0.0  0.2  31380  1060 ?        S<   04:00   0:00 /USR/SBIN/CRON
root      6961  0.0  0.1   4024   576 ?        S<s  04:00   0:00 /bin/sh -c [ -x /usr/sbin/update-motd ] && /usr/sbin/update-motd 2>/dev/null
root      6963  0.0  0.1   4024   592 ?        SN   04:00   0:00 /bin/sh -e /usr/sbin/update-motd
root      6966  0.0  0.2  31380  1060 ?        S<   04:00   0:00 /USR/SBIN/CRON
condor    6967  0.0  0.1   4024   576 ?        S<s  04:00   0:00 /bin/sh -c /home/condor/cps210/monitor.sh
condor    6969  0.0  0.2   9520  1484 ?        R<   04:00   0:00 /bin/bash /home/condor/cps210/monitor.sh
root      6981  0.0  0.1   4024   608 ?        RN   04:00   0:00 /bin/sh -e /etc/update-motd.d//90-updates-available
condor    6999  0.0  0.2  14892  1040 ?        R<   04:00   0:00 ps aux
root      7009  0.0  0.0      0     0 ?        ZN   04:00   0:00 [stat] <defunct>
root     21525  0.0  0.0      0     0 ?        S    Apr16   0:04 [pdflush]

=========Sun Apr 17 04:05:01 UTC 2011========
USER       PID %CPU %MEM    VSZ   RSS TTY      STAT START   TIME COMMAND
root         1  0.0  0.1   4104   720 ?        Ss   Apr16   0:03 /sbin/init
root         2  0.0  0.0      0     0 ?        S<   Apr16   0:00 [kthreadd]
root         3  0.0  0.0      0     0 ?        S<   Apr16   0:01 [migration/0]
root         4  0.0  0.0      0     0 ?        S<   Apr16   0:00 [ksoftirqd/0]
root         5  0.0  0.0      0     0 ?        S<   Apr16   0:00 [watchdog/0]
root         6  0.0  0.0      0     0 ?        S<   Apr16   0:07 [migration/1]
root         7  0.0  0.0      0     0 ?        S<   Apr16   0:00 [ksoftirqd/1]
root         8  0.0  0.0      0     0 ?        S<   Apr16   0:00 [watchdog/1]
root         9  0.0  0.0      0     0 ?        S<   Apr16   0:00 [events/0]
root        10  0.0  0.0      0     0 ?        S<   Apr16   0:00 [events/1]
root        11  0.0  0.0      0     0 ?        S<   Apr16   0:00 [khelper]
root        12  0.0  0.0      0     0 ?        S<   Apr16   0:00 [kstop/0]
root        13  0.0  0.0      0     0 ?        S<   Apr16   0:00 [kstop/1]
root        14  0.0  0.0      0     0 ?        S<   Apr16   0:00 [kintegrityd/0]
root        15  0.0  0.0      0     0 ?        S<   Apr16   0:00 [kintegrityd/1]
root        16  0.0  0.0      0     0 ?        S<   Apr16   0:00 [kblockd/0]
root        17  0.0  0.0      0     0 ?        S<   Apr16   0:00 [kblockd/1]
root        18  0.0  0.0      0     0 ?        S<   Apr16   0:00 [kacpid]
root        19  0.0  0.0      0     0 ?        S<   Apr16   0:00 [kacpi_notify]
root        20  0.0  0.0      0     0 ?        S<   Apr16   0:00 [cqueue]
root        21  0.0  0.0      0     0 ?        S<   Apr16   0:00 [ata/0]
root        22  0.0  0.0      0     0 ?        S<   Apr16   0:00 [ata/1]
root        23  0.0  0.0      0     0 ?        S<   Apr16   0:00 [ata_aux]
root        24  0.0  0.0      0     0 ?        S<   Apr16   0:00 [ksuspend_usbd]
root        25  0.0  0.0      0     0 ?        S<   Apr16   0:00 [khubd]
root        26  0.0  0.0      0     0 ?        S<   Apr16   0:00 [kseriod]
root        27  0.0  0.0      0     0 ?        S<   Apr16   0:00 [kmmcd]
root        28  0.0  0.0      0     0 ?        S<   Apr16   0:00 [btaddconn]
root        29  0.0  0.0      0     0 ?        S<   Apr16   0:00 [btdelconn]
root        30  0.0  0.0      0     0 ?        S    Apr16   0:02 [pdflush]
root        32  0.0  0.0      0     0 ?        S<   Apr16   0:28 [kswapd0]
root        33  0.0  0.0      0     0 ?        S<   Apr16   0:00 [aio/0]
root        34  0.0  0.0      0     0 ?        S<   Apr16   0:00 [aio/1]
root        35  0.0  0.0      0     0 ?        S<   Apr16   0:00 [ecryptfs-kthrea]
root        38  0.0  0.0      0     0 ?        S<   Apr16   0:00 [scsi_eh_0]
root        39  0.0  0.0      0     0 ?        S<   Apr16   0:00 [scsi_eh_1]
root        40  0.0  0.0      0     0 ?        S<   Apr16   0:00 [kstriped]
root        41  0.0  0.0      0     0 ?        S<   Apr16   0:00 [kmpathd/0]
root        42  0.0  0.0      0     0 ?        S<   Apr16   0:00 [kmpathd/1]
root        43  0.0  0.0      0     0 ?        S<   Apr16   0:00 [kmpath_handlerd]
root        44  0.0  0.0      0     0 ?        S<   Apr16   0:00 [ksnapd]
root        45  0.0  0.0      0     0 ?        S<   Apr16   0:00 [kondemand/0]
root        46  0.0  0.0      0     0 ?        S<   Apr16   0:00 [kondemand/1]
root        47  0.0  0.0      0     0 ?        S<   Apr16   0:00 [krfcommd]
root       595  0.0  0.0      0     0 ?        S<   Apr16   0:00 [scsi_eh_2]
root       739  0.0  0.0      0     0 ?        S<   Apr16   0:05 [kjournald]
root       832  0.0  0.0  16732   272 ?        S<s  Apr16   0:00 /sbin/udevd --daemon
root      1002  0.0  0.0      0     0 ?        S<   Apr16   0:00 [kpsmoused]
root      1021  0.0  0.0      0     0 ?        S<   Apr16   0:00 [vballoon]
condor    1524  0.0  0.3  22100  1712 ?        S<   Apr16   0:05 condor_procd -A /tmp/condor-lock.host_60.191183934294717/procd_pipe.STARTD -S 60 -C 1000
daemon    1616  0.0  0.1   8180   508 ?        Ss   Apr16   0:00 /sbin/portmap
statd     1633  0.0  0.0  10300   468 ?        Ss   Apr16   0:00 /sbin/rpc.statd
root      1808  0.0  0.1   3944   576 tty4     Ss+  Apr16   0:00 /sbin/getty 38400 tty4
root      1809  0.0  0.1   3944   580 tty5     Ss+  Apr16   0:00 /sbin/getty 38400 tty5
root      1818  0.0  0.1   3944   584 tty2     Ss+  Apr16   0:00 /sbin/getty 38400 tty2
root      1820  0.0  0.1   3944   580 tty3     Ss+  Apr16   0:00 /sbin/getty 38400 tty3
root      1822  0.0  0.1   3944   584 tty6     Ss+  Apr16   0:00 /sbin/getty 38400 tty6
syslog    1860  0.0  0.1  12376   624 ?        Ss   Apr16   0:02 /sbin/syslogd -u syslog
root      1878  0.0  0.1   8204   520 ?        S    Apr16   0:00 /bin/dd bs 1 if /proc/kmsg of /var/run/klogd/kmsg
klog      1880  0.0  0.6   6504  3064 ?        Ss   Apr16   0:00 /sbin/klogd -P /var/run/klogd/kmsg
root      1920  0.1  0.0      0     0 ?        S<   Apr16   1:55 [rpciod/0]
root      1921  0.1  0.0      0     0 ?        S<   Apr16   1:42 [rpciod/1]
root      1952  0.0  0.0      0     0 ?        S<   Apr16   0:00 [lockd]
root      1953  0.0  0.0      0     0 ?        S<   Apr16   0:00 [nfsd4]
root      1954  0.0  0.0      0     0 ?        S<   Apr16   0:00 [nfsd]
root      1955  0.0  0.0      0     0 ?        S<   Apr16   0:00 [nfsd]
root      1956  0.0  0.0      0     0 ?        S<   Apr16   0:00 [nfsd]
root      1957  0.0  0.0      0     0 ?        S<   Apr16   0:00 [nfsd]
root      1958  0.0  0.0      0     0 ?        S<   Apr16   0:00 [nfsd]
root      1959  0.0  0.0      0     0 ?        S<   Apr16   0:00 [nfsd]
root      1960  0.0  0.0      0     0 ?        S<   Apr16   0:00 [nfsd]
root      1961  0.0  0.0      0     0 ?        S<   Apr16   0:00 [nfsd]
root      1965  0.0  0.0  14520   292 ?        Ss   Apr16   0:00 /usr/sbin/rpc.mountd --manage-gids
root      2011  0.0  0.1   6488   616 ?        S<s  Apr16   0:00 dhclient3 -e IF_METRIC=100 -pf /var/run/dhclient.eth0.pid -lf /var/lib/dhcp3/dhclient.eth0.leases eth0
root      2053  0.0  0.1  48940   992 ?        S<s  Apr16   0:00 /usr/sbin/sshd
root      2346  0.0  0.1   3944   584 tty1     Ss+  Apr16   0:00 /sbin/getty 38400 tty1
condor    2438  0.0  0.4  35612  2408 ?        S<s  Apr16   0:08 condor_master
condor    2439  0.0  0.8  37896  4416 ?        S<s  Apr16   1:09 condor_startd -f
root      2821  0.0  0.0      0     0 ?        S<   Apr16   0:38 [nfsiod]
root      4485  0.0  0.6  70140  3076 ?        S<s  01:20   0:00 sshd: condor [priv]
condor    4487  0.0  0.3  70288  1752 ?        S<   01:20   0:00 sshd: condor@pts/0
condor    4488  0.0  0.4  18284  2264 pts/0    S<s+ 01:20   0:00 -bash
root      4842  0.0  0.1  18712   672 ?        S<s  Apr16   0:00 /usr/sbin/cron
condor    5157  0.1  0.8  26908  4104 ?        S<s  Apr16   2:11 /usr/bin/SCREEN.real -c /home/condor/.screen-profiles/profile
condor    5158  0.0  0.0   4024   492 pts/1    S<s  Apr16   0:00 /bin/sh /usr/bin/motd+shell
condor    5161  0.0  0.2  18324  1420 pts/1    S<+  Apr16   0:00 /bin/bash
root      6086  0.0  0.6  70140  3076 ?        S<s  03:00   0:00 sshd: condor [priv]
condor    6088  0.0  0.3  70140  1732 ?        S<   03:00   0:00 sshd: condor@pts/2
condor    6089  0.0  0.4  18276  2224 pts/2    S<s+ 03:00   0:00 -bash
root      6584  0.0  0.6  70140  3080 ?        S<s  03:37   0:00 sshd: condor [priv]
condor    6586  0.0  0.3  70140  1736 ?        S<   03:37   0:00 sshd: condor@pts/3
condor    6587  0.0  0.4  18276  2224 pts/3    S<s+ 03:37   0:00 -bash
condor    6613  0.0  0.1   3976   736 pts/3    S<   03:38   0:00 sar -o /home/condor/cps210/cpu 300 72
condor    6614  0.0  0.1   3972   748 pts/3    S<   03:38   0:00 sadc 300 73 -z -S ALL /home/condor/cps210/cpu
root      7361  0.0  0.1   3940   696 ?        Ss   04:04   0:00 /sbin/getty 38400 xvc0
root      7363  0.0  0.2  31380  1060 ?        S<   04:05   0:00 /USR/SBIN/CRON
condor    7364  0.0  0.1   4024   572 ?        S<s  04:05   0:00 /bin/sh -c /home/condor/cps210/monitor.sh
condor    7365  0.0  0.2   9520  1484 ?        S<   04:05   0:00 /bin/bash /home/condor/cps210/monitor.sh
condor    7373  0.0  0.2  14892  1040 ?        R<   04:05   0:00 ps aux
root     21525  0.0  0.0      0     0 ?        S    Apr16   0:04 [pdflush]

=========Sun Apr 17 04:10:01 UTC 2011========
USER       PID %CPU %MEM    VSZ   RSS TTY      STAT START   TIME COMMAND
root         1  0.0  0.1   4104   720 ?        Ss   Apr16   0:03 /sbin/init
root         2  0.0  0.0      0     0 ?        S<   Apr16   0:00 [kthreadd]
root         3  0.0  0.0      0     0 ?        S<   Apr16   0:01 [migration/0]
root         4  0.0  0.0      0     0 ?        S<   Apr16   0:00 [ksoftirqd/0]
root         5  0.0  0.0      0     0 ?        S<   Apr16   0:00 [watchdog/0]
root         6  0.0  0.0      0     0 ?        S<   Apr16   0:07 [migration/1]
root         7  0.0  0.0      0     0 ?        R<   Apr16   0:00 [ksoftirqd/1]
root         8  0.0  0.0      0     0 ?        S<   Apr16   0:00 [watchdog/1]
root         9  0.0  0.0      0     0 ?        S<   Apr16   0:00 [events/0]
root        10  0.0  0.0      0     0 ?        S<   Apr16   0:00 [events/1]
root        11  0.0  0.0      0     0 ?        S<   Apr16   0:00 [khelper]
root        12  0.0  0.0      0     0 ?        S<   Apr16   0:00 [kstop/0]
root        13  0.0  0.0      0     0 ?        S<   Apr16   0:00 [kstop/1]
root        14  0.0  0.0      0     0 ?        S<   Apr16   0:00 [kintegrityd/0]
root        15  0.0  0.0      0     0 ?        S<   Apr16   0:00 [kintegrityd/1]
root        16  0.0  0.0      0     0 ?        S<   Apr16   0:00 [kblockd/0]
root        17  0.0  0.0      0     0 ?        S<   Apr16   0:00 [kblockd/1]
root        18  0.0  0.0      0     0 ?        S<   Apr16   0:00 [kacpid]
root        19  0.0  0.0      0     0 ?        S<   Apr16   0:00 [kacpi_notify]
root        20  0.0  0.0      0     0 ?        S<   Apr16   0:00 [cqueue]
root        21  0.0  0.0      0     0 ?        S<   Apr16   0:00 [ata/0]
root        22  0.0  0.0      0     0 ?        S<   Apr16   0:00 [ata/1]
root        23  0.0  0.0      0     0 ?        S<   Apr16   0:00 [ata_aux]
root        24  0.0  0.0      0     0 ?        S<   Apr16   0:00 [ksuspend_usbd]
root        25  0.0  0.0      0     0 ?        S<   Apr16   0:00 [khubd]
root        26  0.0  0.0      0     0 ?        S<   Apr16   0:00 [kseriod]
root        27  0.0  0.0      0     0 ?        S<   Apr16   0:00 [kmmcd]
root        28  0.0  0.0      0     0 ?        S<   Apr16   0:00 [btaddconn]
root        29  0.0  0.0      0     0 ?        S<   Apr16   0:00 [btdelconn]
root        30  0.0  0.0      0     0 ?        S    Apr16   0:02 [pdflush]
root        32  0.0  0.0      0     0 ?        S<   Apr16   0:29 [kswapd0]
root        33  0.0  0.0      0     0 ?        S<   Apr16   0:00 [aio/0]
root        34  0.0  0.0      0     0 ?        S<   Apr16   0:00 [aio/1]
root        35  0.0  0.0      0     0 ?        S<   Apr16   0:00 [ecryptfs-kthrea]
root        38  0.0  0.0      0     0 ?        S<   Apr16   0:00 [scsi_eh_0]
root        39  0.0  0.0      0     0 ?        S<   Apr16   0:00 [scsi_eh_1]
root        40  0.0  0.0      0     0 ?        S<   Apr16   0:00 [kstriped]
root        41  0.0  0.0      0     0 ?        S<   Apr16   0:00 [kmpathd/0]
root        42  0.0  0.0      0     0 ?        S<   Apr16   0:00 [kmpathd/1]
root        43  0.0  0.0      0     0 ?        S<   Apr16   0:00 [kmpath_handlerd]
root        44  0.0  0.0      0     0 ?        S<   Apr16   0:00 [ksnapd]
root        45  0.0  0.0      0     0 ?        S<   Apr16   0:00 [kondemand/0]
root        46  0.0  0.0      0     0 ?        S<   Apr16   0:00 [kondemand/1]
root        47  0.0  0.0      0     0 ?        S<   Apr16   0:00 [krfcommd]
root       595  0.0  0.0      0     0 ?        S<   Apr16   0:00 [scsi_eh_2]
root       739  0.0  0.0      0     0 ?        S<   Apr16   0:05 [kjournald]
root       832  0.0  0.0  16732   272 ?        S<s  Apr16   0:00 /sbin/udevd --daemon
root      1002  0.0  0.0      0     0 ?        S<   Apr16   0:00 [kpsmoused]
root      1021  0.0  0.0      0     0 ?        S<   Apr16   0:00 [vballoon]
condor    1524  0.0  0.3  22100  1732 ?        S<   Apr16   0:05 condor_procd -A /tmp/condor-lock.host_60.191183934294717/procd_pipe.STARTD -S 60 -C 1000
daemon    1616  0.0  0.0   8180   456 ?        Ss   Apr16   0:00 /sbin/portmap
statd     1633  0.0  0.0  10300   468 ?        Ss   Apr16   0:00 /sbin/rpc.statd
root      1808  0.0  0.1   3944   576 tty4     Ss+  Apr16   0:00 /sbin/getty 38400 tty4
root      1809  0.0  0.1   3944   580 tty5     Ss+  Apr16   0:00 /sbin/getty 38400 tty5
root      1818  0.0  0.1   3944   584 tty2     Ss+  Apr16   0:00 /sbin/getty 38400 tty2
root      1820  0.0  0.1   3944   580 tty3     Ss+  Apr16   0:00 /sbin/getty 38400 tty3
root      1822  0.0  0.1   3944   584 tty6     Ss+  Apr16   0:00 /sbin/getty 38400 tty6
syslog    1860  0.0  0.1  12376   624 ?        Ss   Apr16   0:02 /sbin/syslogd -u syslog
root      1878  0.0  0.1   8204   520 ?        S    Apr16   0:00 /bin/dd bs 1 if /proc/kmsg of /var/run/klogd/kmsg
klog      1880  0.0  0.6   6504  3064 ?        Ss   Apr16   0:00 /sbin/klogd -P /var/run/klogd/kmsg
root      1920  0.1  0.0      0     0 ?        S<   Apr16   1:56 [rpciod/0]
root      1921  0.1  0.0      0     0 ?        R<   Apr16   1:42 [rpciod/1]
root      1952  0.0  0.0      0     0 ?        S<   Apr16   0:00 [lockd]
root      1953  0.0  0.0      0     0 ?        S<   Apr16   0:00 [nfsd4]
root      1954  0.0  0.0      0     0 ?        S<   Apr16   0:00 [nfsd]
root      1955  0.0  0.0      0     0 ?        S<   Apr16   0:00 [nfsd]
root      1956  0.0  0.0      0     0 ?        S<   Apr16   0:00 [nfsd]
root      1957  0.0  0.0      0     0 ?        S<   Apr16   0:00 [nfsd]
root      1958  0.0  0.0      0     0 ?        S<   Apr16   0:00 [nfsd]
root      1959  0.0  0.0      0     0 ?        S<   Apr16   0:00 [nfsd]
root      1960  0.0  0.0      0     0 ?        S<   Apr16   0:00 [nfsd]
root      1961  0.0  0.0      0     0 ?        S<   Apr16   0:00 [nfsd]
root      1965  0.0  0.0  14520   292 ?        Ss   Apr16   0:00 /usr/sbin/rpc.mountd --manage-gids
root      2011  0.0  0.1   6488   616 ?        S<s  Apr16   0:00 dhclient3 -e IF_METRIC=100 -pf /var/run/dhclient.eth0.pid -lf /var/lib/dhcp3/dhclient.eth0.leases eth0
root      2053  0.0  0.1  48940   868 ?        S<s  Apr16   0:00 /usr/sbin/sshd
root      2346  0.0  0.1   3944   584 tty1     Ss+  Apr16   0:00 /sbin/getty 38400 tty1
condor    2438  0.0  0.4  35612  2224 ?        S<s  Apr16   0:09 condor_master
condor    2439  0.0  0.9  37896  4496 ?        S<s  Apr16   1:11 condor_startd -f
root      2821  0.0  0.0      0     0 ?        S<   Apr16   0:38 [nfsiod]
root      4485  0.0  0.3  70140  1740 ?        S<s  01:20   0:00 sshd: condor [priv]
condor    4487  0.0  0.2  70288  1284 ?        S<   01:20   0:00 sshd: condor@pts/0
condor    4488  0.0  0.4  18284  2076 pts/0    S<s+ 01:20   0:00 -bash
root      4842  0.0  0.1  18712   672 ?        S<s  Apr16   0:00 /usr/sbin/cron
condor    5157  0.1  0.8  26908  4104 ?        S<s  Apr16   2:11 /usr/bin/SCREEN.real -c /home/condor/.screen-profiles/profile
condor    5158  0.0  0.0   4024   492 pts/1    S<s  Apr16   0:00 /bin/sh /usr/bin/motd+shell
condor    5161  0.0  0.2  18324  1420 pts/1    S<+  Apr16   0:00 /bin/bash
root      6086  0.0  0.3  70140  1740 ?        S<s  03:00   0:00 sshd: condor [priv]
condor    6088  0.0  0.2  70140  1268 ?        S<   03:00   0:00 sshd: condor@pts/2
condor    6089  0.0  0.4  18276  2044 pts/2    S<s+ 03:00   0:00 -bash
root      6584  0.0  0.3  70140  1744 ?        S<s  03:37   0:00 sshd: condor [priv]
condor    6586  0.0  0.2  70140  1272 ?        S<   03:37   0:00 sshd: condor@pts/3
condor    6587  0.0  0.4  18276  2044 pts/3    S<s+ 03:37   0:00 -bash
condor    6613  0.0  0.1   3976   724 pts/3    S<   03:38   0:00 sar -o /home/condor/cps210/cpu 300 72
condor    6614  0.0  0.1   3972   744 pts/3    S<   03:38   0:00 sadc 300 73 -z -S ALL /home/condor/cps210/cpu
root      7586  0.0  0.1   3940   692 ?        Ss   04:09   0:00 /sbin/getty 38400 xvc0
condor    7588  1.2  0.8  35184  4248 ?        S<s  04:09   0:00 condor_starter -f -a slot2 master.localdomain
condor    7593  0.1  0.1   6560   776 ?        SNs  04:09   0:00 condor_exec.exe -n mBackground -N mBackground69:1.0 -R waif -w /mnt/montage_waif_2011-04-17T03:56:46/condor/pegasus/montage/20110417T035646+0000 -L montage -T 2011-04-15T19:17:46+00:00 /opt/Montage_v3.3/bin/mBackground -t p2mass-atlas-990502s-j1450103.fits c2mass-atlas-990502s-j1450103.fits pimages_20110327_233551_6695.tbl corrections.tbl
condor    7594  1.8  2.9  24004 14812 ?        DN   04:09   0:00 /opt/Montage_v3.3/bin/mBackground -t p2mass-atlas-990502s-j1450103.fits c2mass-atlas-990502s-j1450103.fits pimages_20110327_233551_6695.tbl corrections.tbl
condor    7596  4.0  0.8  35184  4248 ?        S<s  04:09   0:00 condor_starter -f -a slot1 master.localdomain
condor    7598  0.0  0.1   6560   776 ?        SNs  04:09   0:00 condor_exec.exe -n mBackground -N mBackground77:1.0 -R waif -w /mnt/montage_waif_2011-04-17T03:56:46/condor/pegasus/montage/20110417T035646+0000 -L montage -T 2011-04-15T19:17:46+00:00 /opt/Montage_v3.3/bin/mBackground -t p2mass-atlas-990502s-j1420186.fits c2mass-atlas-990502s-j1420186.fits pimages_20110327_233551_6695.tbl corrections.tbl
condor    7599  0.0  0.1  10464   528 ?        DN   04:09   0:00 /opt/Montage_v3.3/bin/mBackground -t p2mass-atlas-990502s-j1420186.fits c2mass-atlas-990502s-j1420186.fits pimages_20110327_233551_6695.tbl corrections.tbl
root      7600  0.0  0.2  31380  1060 ?        S<   04:10   0:00 /USR/SBIN/CRON
root      7601  0.0  0.2  31380  1060 ?        S<   04:10   0:00 /USR/SBIN/CRON
condor    7602  0.0  0.1   4024   576 ?        S<s  04:10   0:00 /bin/sh -c /home/condor/cps210/monitor.sh
root      7603  0.0  0.1   4024   580 ?        S<s  04:10   0:00 /bin/sh -c [ -x /usr/sbin/update-motd ] && /usr/sbin/update-motd 2>/dev/null
condor    7604  0.0  0.2   9520  1484 ?        R<   04:10   0:00 /bin/bash /home/condor/cps210/monitor.sh
root      7605  0.0  0.1   4024   588 ?        SN   04:10   0:00 /bin/sh -e /usr/sbin/update-motd
root      7618  0.0  0.1   4024   612 ?        RN   04:10   0:00 /bin/sh -e /etc/update-motd.d//90-updates-available
condor    7622  0.0  0.2  14892  1032 ?        R<   04:10   0:00 ps aux
root     21525  0.0  0.0      0     0 ?        S    Apr16   0:04 [pdflush]

=========Sun Apr 17 04:15:01 UTC 2011========
USER       PID %CPU %MEM    VSZ   RSS TTY      STAT START   TIME COMMAND
root         1  0.0  0.1   4104   720 ?        Ss   Apr16   0:03 /sbin/init
root         2  0.0  0.0      0     0 ?        S<   Apr16   0:00 [kthreadd]
root         3  0.0  0.0      0     0 ?        S<   Apr16   0:01 [migration/0]
root         4  0.0  0.0      0     0 ?        S<   Apr16   0:00 [ksoftirqd/0]
root         5  0.0  0.0      0     0 ?        S<   Apr16   0:00 [watchdog/0]
root         6  0.0  0.0      0     0 ?        S<   Apr16   0:07 [migration/1]
root         7  0.0  0.0      0     0 ?        S<   Apr16   0:00 [ksoftirqd/1]
root         8  0.0  0.0      0     0 ?        S<   Apr16   0:00 [watchdog/1]
root         9  0.0  0.0      0     0 ?        S<   Apr16   0:00 [events/0]
root        10  0.0  0.0      0     0 ?        S<   Apr16   0:00 [events/1]
root        11  0.0  0.0      0     0 ?        S<   Apr16   0:00 [khelper]
root        12  0.0  0.0      0     0 ?        S<   Apr16   0:00 [kstop/0]
root        13  0.0  0.0      0     0 ?        S<   Apr16   0:00 [kstop/1]
root        14  0.0  0.0      0     0 ?        S<   Apr16   0:00 [kintegrityd/0]
root        15  0.0  0.0      0     0 ?        S<   Apr16   0:00 [kintegrityd/1]
root        16  0.0  0.0      0     0 ?        S<   Apr16   0:00 [kblockd/0]
root        17  0.0  0.0      0     0 ?        S<   Apr16   0:00 [kblockd/1]
root        18  0.0  0.0      0     0 ?        S<   Apr16   0:00 [kacpid]
root        19  0.0  0.0      0     0 ?        S<   Apr16   0:00 [kacpi_notify]
root        20  0.0  0.0      0     0 ?        S<   Apr16   0:00 [cqueue]
root        21  0.0  0.0      0     0 ?        S<   Apr16   0:00 [ata/0]
root        22  0.0  0.0      0     0 ?        S<   Apr16   0:00 [ata/1]
root        23  0.0  0.0      0     0 ?        S<   Apr16   0:00 [ata_aux]
root        24  0.0  0.0      0     0 ?        S<   Apr16   0:00 [ksuspend_usbd]
root        25  0.0  0.0      0     0 ?        S<   Apr16   0:00 [khubd]
root        26  0.0  0.0      0     0 ?        S<   Apr16   0:00 [kseriod]
root        27  0.0  0.0      0     0 ?        S<   Apr16   0:00 [kmmcd]
root        28  0.0  0.0      0     0 ?        S<   Apr16   0:00 [btaddconn]
root        29  0.0  0.0      0     0 ?        S<   Apr16   0:00 [btdelconn]
root        30  0.0  0.0      0     0 ?        S    Apr16   0:02 [pdflush]
root        32  0.0  0.0      0     0 ?        S<   Apr16   0:29 [kswapd0]
root        33  0.0  0.0      0     0 ?        S<   Apr16   0:00 [aio/0]
root        34  0.0  0.0      0     0 ?        S<   Apr16   0:00 [aio/1]
root        35  0.0  0.0      0     0 ?        S<   Apr16   0:00 [ecryptfs-kthrea]
root        38  0.0  0.0      0     0 ?        S<   Apr16   0:00 [scsi_eh_0]
root        39  0.0  0.0      0     0 ?        S<   Apr16   0:00 [scsi_eh_1]
root        40  0.0  0.0      0     0 ?        S<   Apr16   0:00 [kstriped]
root        41  0.0  0.0      0     0 ?        S<   Apr16   0:00 [kmpathd/0]
root        42  0.0  0.0      0     0 ?        S<   Apr16   0:00 [kmpathd/1]
root        43  0.0  0.0      0     0 ?        S<   Apr16   0:00 [kmpath_handlerd]
root        44  0.0  0.0      0     0 ?        S<   Apr16   0:00 [ksnapd]
root        45  0.0  0.0      0     0 ?        S<   Apr16   0:00 [kondemand/0]
root        46  0.0  0.0      0     0 ?        S<   Apr16   0:00 [kondemand/1]
root        47  0.0  0.0      0     0 ?        S<   Apr16   0:00 [krfcommd]
root       595  0.0  0.0      0     0 ?        S<   Apr16   0:00 [scsi_eh_2]
root       739  0.0  0.0      0     0 ?        S<   Apr16   0:05 [kjournald]
root       832  0.0  0.0  16732   272 ?        S<s  Apr16   0:00 /sbin/udevd --daemon
root      1002  0.0  0.0      0     0 ?        S<   Apr16   0:00 [kpsmoused]
root      1021  0.0  0.0      0     0 ?        S<   Apr16   0:00 [vballoon]
condor    1524  0.0  0.3  22100  1736 ?        S<   Apr16   0:06 condor_procd -A /tmp/condor-lock.host_60.191183934294717/procd_pipe.STARTD -S 60 -C 1000
daemon    1616  0.0  0.1   8180   508 ?        Ss   Apr16   0:00 /sbin/portmap
statd     1633  0.0  0.0  10300   468 ?        Ss   Apr16   0:00 /sbin/rpc.statd
root      1808  0.0  0.1   3944   576 tty4     Ss+  Apr16   0:00 /sbin/getty 38400 tty4
root      1809  0.0  0.1   3944   580 tty5     Ss+  Apr16   0:00 /sbin/getty 38400 tty5
root      1818  0.0  0.1   3944   584 tty2     Ss+  Apr16   0:00 /sbin/getty 38400 tty2
root      1820  0.0  0.1   3944   580 tty3     Ss+  Apr16   0:00 /sbin/getty 38400 tty3
root      1822  0.0  0.1   3944   584 tty6     Ss+  Apr16   0:00 /sbin/getty 38400 tty6
syslog    1860  0.0  0.1  12376   624 ?        Ss   Apr16   0:02 /sbin/syslogd -u syslog
root      1878  0.0  0.1   8204   520 ?        S    Apr16   0:00 /bin/dd bs 1 if /proc/kmsg of /var/run/klogd/kmsg
klog      1880  0.0  0.6   6504  3064 ?        Ss   Apr16   0:00 /sbin/klogd -P /var/run/klogd/kmsg
root      1920  0.1  0.0      0     0 ?        S<   Apr16   1:56 [rpciod/0]
root      1921  0.1  0.0      0     0 ?        S<   Apr16   1:42 [rpciod/1]
root      1952  0.0  0.0      0     0 ?        S<   Apr16   0:00 [lockd]
root      1953  0.0  0.0      0     0 ?        S<   Apr16   0:00 [nfsd4]
root      1954  0.0  0.0      0     0 ?        S<   Apr16   0:00 [nfsd]
root      1955  0.0  0.0      0     0 ?        S<   Apr16   0:00 [nfsd]
root      1956  0.0  0.0      0     0 ?        S<   Apr16   0:00 [nfsd]
root      1957  0.0  0.0      0     0 ?        S<   Apr16   0:00 [nfsd]
root      1958  0.0  0.0      0     0 ?        S<   Apr16   0:00 [nfsd]
root      1959  0.0  0.0      0     0 ?        S<   Apr16   0:00 [nfsd]
root      1960  0.0  0.0      0     0 ?        S<   Apr16   0:00 [nfsd]
root      1961  0.0  0.0      0     0 ?        S<   Apr16   0:00 [nfsd]
root      1965  0.0  0.0  14520   292 ?        Ss   Apr16   0:00 /usr/sbin/rpc.mountd --manage-gids
root      2011  0.0  0.1   6488   616 ?        S<s  Apr16   0:00 dhclient3 -e IF_METRIC=100 -pf /var/run/dhclient.eth0.pid -lf /var/lib/dhcp3/dhclient.eth0.leases eth0
root      2053  0.0  0.1  48940   868 ?        S<s  Apr16   0:00 /usr/sbin/sshd
root      2346  0.0  0.1   3944   584 tty1     Ss+  Apr16   0:00 /sbin/getty 38400 tty1
condor    2438  0.0  0.4  35612  2224 ?        S<s  Apr16   0:09 condor_master
condor    2439  0.0  0.9  38096  4548 ?        S<s  Apr16   1:11 condor_startd -f
root      2821  0.0  0.0      0     0 ?        S<   Apr16   0:39 [nfsiod]
root      4485  0.0  0.3  70140  1740 ?        S<s  01:20   0:00 sshd: condor [priv]
condor    4487  0.0  0.2  70288  1284 ?        S<   01:20   0:00 sshd: condor@pts/0
condor    4488  0.0  0.4  18284  2076 pts/0    S<s+ 01:20   0:00 -bash
root      4842  0.0  0.1  18712   672 ?        S<s  Apr16   0:00 /usr/sbin/cron
condor    5157  0.1  0.8  26908  4104 ?        S<s  Apr16   2:11 /usr/bin/SCREEN.real -c /home/condor/.screen-profiles/profile
condor    5158  0.0  0.0   4024   492 pts/1    S<s  Apr16   0:00 /bin/sh /usr/bin/motd+shell
condor    5161  0.0  0.2  18324  1420 pts/1    S<+  Apr16   0:00 /bin/bash
root      6086  0.0  0.3  70140  1740 ?        S<s  03:00   0:00 sshd: condor [priv]
condor    6088  0.0  0.2  70140  1268 ?        S<   03:00   0:00 sshd: condor@pts/2
condor    6089  0.0  0.4  18276  2044 pts/2    S<s+ 03:00   0:00 -bash
root      6584  0.0  0.3  70140  1744 ?        S<s  03:37   0:00 sshd: condor [priv]
condor    6586  0.0  0.2  70140  1272 ?        S<   03:37   0:00 sshd: condor@pts/3
condor    6587  0.0  0.4  18276  2044 pts/3    S<s+ 03:37   0:00 -bash
condor    6613  0.0  0.1   3976   724 pts/3    S<   03:38   0:00 sar -o /home/condor/cps210/cpu 300 72
condor    6614  0.0  0.1   3972   744 pts/3    S<   03:38   0:00 sadc 300 73 -z -S ALL /home/condor/cps210/cpu
root      7731  0.0  0.1   3940   696 ?        Ss   04:14   0:00 /sbin/getty 38400 xvc0
condor    7732  0.0  0.8  35176  4100 ?        S<s  04:15   0:00 condor_starter -f -a slot2 master.localdomain
condor    7733  0.0  0.8  35176  4100 ?        S<s  04:15   0:00 condor_starter -f -a slot1 master.localdomain
root      7737  0.0  0.2  31380  1060 ?        S<   04:15   0:00 /USR/SBIN/CRON
condor    7738  0.0  0.1   4024   576 ?        S<s  04:15   0:00 /bin/sh -c /home/condor/cps210/monitor.sh
condor    7740  0.0  0.2   9520  1476 ?        S<   04:15   0:00 /bin/bash /home/condor/cps210/monitor.sh
condor    7747  0.0  0.2  14892  1040 ?        R<   04:15   0:00 ps aux
root     21525  0.0  0.0      0     0 ?        S    Apr16   0:04 [pdflush]

=========Sun Apr 17 04:20:01 UTC 2011========
USER       PID %CPU %MEM    VSZ   RSS TTY      STAT START   TIME COMMAND
root         1  0.0  0.1   4104   720 ?        Ss   Apr16   0:03 /sbin/init
root         2  0.0  0.0      0     0 ?        S<   Apr16   0:00 [kthreadd]
root         3  0.0  0.0      0     0 ?        S<   Apr16   0:01 [migration/0]
root         4  0.0  0.0      0     0 ?        S<   Apr16   0:00 [ksoftirqd/0]
root         5  0.0  0.0      0     0 ?        S<   Apr16   0:00 [watchdog/0]
root         6  0.0  0.0      0     0 ?        S<   Apr16   0:07 [migration/1]
root         7  0.0  0.0      0     0 ?        S<   Apr16   0:00 [ksoftirqd/1]
root         8  0.0  0.0      0     0 ?        S<   Apr16   0:00 [watchdog/1]
root         9  0.0  0.0      0     0 ?        S<   Apr16   0:00 [events/0]
root        10  0.0  0.0      0     0 ?        S<   Apr16   0:00 [events/1]
root        11  0.0  0.0      0     0 ?        S<   Apr16   0:00 [khelper]
root        12  0.0  0.0      0     0 ?        S<   Apr16   0:00 [kstop/0]
root        13  0.0  0.0      0     0 ?        S<   Apr16   0:00 [kstop/1]
root        14  0.0  0.0      0     0 ?        S<   Apr16   0:00 [kintegrityd/0]
root        15  0.0  0.0      0     0 ?        S<   Apr16   0:00 [kintegrityd/1]
root        16  0.0  0.0      0     0 ?        S<   Apr16   0:00 [kblockd/0]
root        17  0.0  0.0      0     0 ?        S<   Apr16   0:00 [kblockd/1]
root        18  0.0  0.0      0     0 ?        S<   Apr16   0:00 [kacpid]
root        19  0.0  0.0      0     0 ?        S<   Apr16   0:00 [kacpi_notify]
root        20  0.0  0.0      0     0 ?        S<   Apr16   0:00 [cqueue]
root        21  0.0  0.0      0     0 ?        S<   Apr16   0:00 [ata/0]
root        22  0.0  0.0      0     0 ?        S<   Apr16   0:00 [ata/1]
root        23  0.0  0.0      0     0 ?        S<   Apr16   0:00 [ata_aux]
root        24  0.0  0.0      0     0 ?        S<   Apr16   0:00 [ksuspend_usbd]
root        25  0.0  0.0      0     0 ?        S<   Apr16   0:00 [khubd]
root        26  0.0  0.0      0     0 ?        S<   Apr16   0:00 [kseriod]
root        27  0.0  0.0      0     0 ?        S<   Apr16   0:00 [kmmcd]
root        28  0.0  0.0      0     0 ?        S<   Apr16   0:00 [btaddconn]
root        29  0.0  0.0      0     0 ?        S<   Apr16   0:00 [btdelconn]
root        30  0.0  0.0      0     0 ?        S    Apr16   0:02 [pdflush]
root        32  0.0  0.0      0     0 ?        S<   Apr16   0:29 [kswapd0]
root        33  0.0  0.0      0     0 ?        S<   Apr16   0:00 [aio/0]
root        34  0.0  0.0      0     0 ?        S<   Apr16   0:00 [aio/1]
root        35  0.0  0.0      0     0 ?        S<   Apr16   0:00 [ecryptfs-kthrea]
root        38  0.0  0.0      0     0 ?        S<   Apr16   0:00 [scsi_eh_0]
root        39  0.0  0.0      0     0 ?        S<   Apr16   0:00 [scsi_eh_1]
root        40  0.0  0.0      0     0 ?        S<   Apr16   0:00 [kstriped]
root        41  0.0  0.0      0     0 ?        S<   Apr16   0:00 [kmpathd/0]
root        42  0.0  0.0      0     0 ?        S<   Apr16   0:00 [kmpathd/1]
root        43  0.0  0.0      0     0 ?        S<   Apr16   0:00 [kmpath_handlerd]
root        44  0.0  0.0      0     0 ?        S<   Apr16   0:00 [ksnapd]
root        45  0.0  0.0      0     0 ?        S<   Apr16   0:00 [kondemand/0]
root        46  0.0  0.0      0     0 ?        S<   Apr16   0:00 [kondemand/1]
root        47  0.0  0.0      0     0 ?        S<   Apr16   0:00 [krfcommd]
root       595  0.0  0.0      0     0 ?        S<   Apr16   0:00 [scsi_eh_2]
root       739  0.0  0.0      0     0 ?        S<   Apr16   0:05 [kjournald]
root       832  0.0  0.0  16732   272 ?        S<s  Apr16   0:00 /sbin/udevd --daemon
root      1002  0.0  0.0      0     0 ?        S<   Apr16   0:00 [kpsmoused]
root      1021  0.0  0.0      0     0 ?        S<   Apr16   0:00 [vballoon]
condor    1524  0.0  0.3  22100  1780 ?        S<   Apr16   0:07 condor_procd -A /tmp/condor-lock.host_60.191183934294717/procd_pipe.STARTD -S 60 -C 1000
daemon    1616  0.0  0.1   8180   508 ?        Ss   Apr16   0:00 /sbin/portmap
statd     1633  0.0  0.0  10300   468 ?        Ss   Apr16   0:00 /sbin/rpc.statd
root      1808  0.0  0.1   3944   576 tty4     Ss+  Apr16   0:00 /sbin/getty 38400 tty4
root      1809  0.0  0.1   3944   580 tty5     Ss+  Apr16   0:00 /sbin/getty 38400 tty5
root      1818  0.0  0.1   3944   584 tty2     Ss+  Apr16   0:00 /sbin/getty 38400 tty2
root      1820  0.0  0.1   3944   580 tty3     Ss+  Apr16   0:00 /sbin/getty 38400 tty3
root      1822  0.0  0.1   3944   584 tty6     Ss+  Apr16   0:00 /sbin/getty 38400 tty6
syslog    1860  0.0  0.1  12376   624 ?        Ss   Apr16   0:02 /sbin/syslogd -u syslog
root      1878  0.0  0.1   8204   520 ?        S    Apr16   0:00 /bin/dd bs 1 if /proc/kmsg of /var/run/klogd/kmsg
klog      1880  0.0  0.6   6504  3064 ?        Ss   Apr16   0:00 /sbin/klogd -P /var/run/klogd/kmsg
root      1920  0.1  0.0      0     0 ?        S<   Apr16   1:56 [rpciod/0]
root      1921  0.1  0.0      0     0 ?        S<   Apr16   1:42 [rpciod/1]
root      1952  0.0  0.0      0     0 ?        S<   Apr16   0:00 [lockd]
root      1953  0.0  0.0      0     0 ?        S<   Apr16   0:00 [nfsd4]
root      1954  0.0  0.0      0     0 ?        S<   Apr16   0:00 [nfsd]
root      1955  0.0  0.0      0     0 ?        S<   Apr16   0:00 [nfsd]
root      1956  0.0  0.0      0     0 ?        S<   Apr16   0:00 [nfsd]
root      1957  0.0  0.0      0     0 ?        S<   Apr16   0:00 [nfsd]
root      1958  0.0  0.0      0     0 ?        S<   Apr16   0:00 [nfsd]
root      1959  0.0  0.0      0     0 ?        S<   Apr16   0:00 [nfsd]
root      1960  0.0  0.0      0     0 ?        S<   Apr16   0:00 [nfsd]
root      1961  0.0  0.0      0     0 ?        S<   Apr16   0:00 [nfsd]
root      1965  0.0  0.0  14520   292 ?        Ss   Apr16   0:00 /usr/sbin/rpc.mountd --manage-gids
root      2011  0.0  0.1   6488   600 ?        S<s  Apr16   0:00 dhclient3 -e IF_METRIC=100 -pf /var/run/dhclient.eth0.pid -lf /var/lib/dhcp3/dhclient.eth0.leases eth0
root      2053  0.0  0.1  48940   868 ?        S<s  Apr16   0:00 /usr/sbin/sshd
root      2346  0.0  0.1   3944   584 tty1     Ss+  Apr16   0:00 /sbin/getty 38400 tty1
condor    2438  0.0  0.4  35612  2292 ?        S<s  Apr16   0:09 condor_master
condor    2439  0.0  0.9  38096  4836 ?        S<s  Apr16   1:13 condor_startd -f
root      2821  0.0  0.0      0     0 ?        S<   Apr16   0:39 [nfsiod]
root      4485  0.0  0.3  70140  1724 ?        S<s  01:20   0:00 sshd: condor [priv]
condor    4487  0.0  0.2  70288  1280 ?        S<   01:20   0:00 sshd: condor@pts/0
condor    4488  0.0  0.4  18284  2024 pts/0    S<s+ 01:20   0:00 -bash
root      4842  0.0  0.1  18712   672 ?        S<s  Apr16   0:00 /usr/sbin/cron
condor    5157  0.1  0.8  26908  4104 ?        S<s  Apr16   2:11 /usr/bin/SCREEN.real -c /home/condor/.screen-profiles/profile
condor    5158  0.0  0.0   4024   492 pts/1    S<s  Apr16   0:00 /bin/sh /usr/bin/motd+shell
condor    5161  0.0  0.2  18324  1420 pts/1    S<+  Apr16   0:00 /bin/bash
root      6086  0.0  0.3  70140  1724 ?        S<s  03:00   0:00 sshd: condor [priv]
condor    6088  0.0  0.2  70140  1264 ?        S<   03:00   0:00 sshd: condor@pts/2
condor    6089  0.0  0.3  18276  1996 pts/2    S<s+ 03:00   0:00 -bash
root      6584  0.0  0.3  70140  1728 ?        S<s  03:37   0:00 sshd: condor [priv]
condor    6586  0.0  0.2  70140  1268 ?        S<   03:37   0:00 sshd: condor@pts/3
condor    6587  0.0  0.3  18276  1996 pts/3    S<s+ 03:37   0:00 -bash
condor    6613  0.0  0.1   3976   720 pts/3    S<   03:38   0:00 sar -o /home/condor/cps210/cpu 300 72
condor    6614  0.0  0.1   3972   740 pts/3    S<   03:38   0:00 sadc 300 73 -z -S ALL /home/condor/cps210/cpu
root      8088  0.0  0.1   3940   692 ?        Ss   04:19   0:00 /sbin/getty 38400 xvc0
root      8099  0.0  0.2  31380  1060 ?        S<   04:20   0:00 /USR/SBIN/CRON
root      8100  0.0  0.2  31380  1060 ?        S<   04:20   0:00 /USR/SBIN/CRON
root      8101  0.0  0.1   4024   580 ?        S<s  04:20   0:00 /bin/sh -c [ -x /usr/sbin/update-motd ] && /usr/sbin/update-motd 2>/dev/null
root      8102  0.0  0.1   4024   592 ?        SN   04:20   0:00 /bin/sh -e /usr/sbin/update-motd
condor    8103  0.0  0.1   4024   572 ?        S<s  04:20   0:00 /bin/sh -c /home/condor/cps210/monitor.sh
condor    8104  0.0  0.2   9520  1484 ?        R<   04:20   0:00 /bin/bash /home/condor/cps210/monitor.sh
root      8117  0.0  0.1   4024   612 ?        RN   04:20   0:00 /bin/sh -e /etc/update-motd.d//90-updates-available
condor    8122  0.0  0.2  14892  1036 ?        R<   04:20   0:00 ps aux
root     21525  0.0  0.0      0     0 ?        S    Apr16   0:04 [pdflush]

=========Sun Apr 17 04:25:01 UTC 2011========
USER       PID %CPU %MEM    VSZ   RSS TTY      STAT START   TIME COMMAND
root         1  0.0  0.1   4104   720 ?        Ss   Apr16   0:03 /sbin/init
root         2  0.0  0.0      0     0 ?        S<   Apr16   0:00 [kthreadd]
root         3  0.0  0.0      0     0 ?        S<   Apr16   0:01 [migration/0]
root         4  0.0  0.0      0     0 ?        S<   Apr16   0:00 [ksoftirqd/0]
root         5  0.0  0.0      0     0 ?        S<   Apr16   0:00 [watchdog/0]
root         6  0.0  0.0      0     0 ?        S<   Apr16   0:07 [migration/1]
root         7  0.0  0.0      0     0 ?        S<   Apr16   0:00 [ksoftirqd/1]
root         8  0.0  0.0      0     0 ?        S<   Apr16   0:00 [watchdog/1]
root         9  0.0  0.0      0     0 ?        S<   Apr16   0:00 [events/0]
root        10  0.0  0.0      0     0 ?        S<   Apr16   0:00 [events/1]
root        11  0.0  0.0      0     0 ?        S<   Apr16   0:00 [khelper]
root        12  0.0  0.0      0     0 ?        S<   Apr16   0:00 [kstop/0]
root        13  0.0  0.0      0     0 ?        S<   Apr16   0:00 [kstop/1]
root        14  0.0  0.0      0     0 ?        S<   Apr16   0:00 [kintegrityd/0]
root        15  0.0  0.0      0     0 ?        S<   Apr16   0:00 [kintegrityd/1]
root        16  0.0  0.0      0     0 ?        S<   Apr16   0:00 [kblockd/0]
root        17  0.0  0.0      0     0 ?        S<   Apr16   0:00 [kblockd/1]
root        18  0.0  0.0      0     0 ?        S<   Apr16   0:00 [kacpid]
root        19  0.0  0.0      0     0 ?        S<   Apr16   0:00 [kacpi_notify]
root        20  0.0  0.0      0     0 ?        S<   Apr16   0:00 [cqueue]
root        21  0.0  0.0      0     0 ?        S<   Apr16   0:00 [ata/0]
root        22  0.0  0.0      0     0 ?        S<   Apr16   0:00 [ata/1]
root        23  0.0  0.0      0     0 ?        S<   Apr16   0:00 [ata_aux]
root        24  0.0  0.0      0     0 ?        S<   Apr16   0:00 [ksuspend_usbd]
root        25  0.0  0.0      0     0 ?        S<   Apr16   0:00 [khubd]
root        26  0.0  0.0      0     0 ?        S<   Apr16   0:00 [kseriod]
root        27  0.0  0.0      0     0 ?        S<   Apr16   0:00 [kmmcd]
root        28  0.0  0.0      0     0 ?        S<   Apr16   0:00 [btaddconn]
root        29  0.0  0.0      0     0 ?        S<   Apr16   0:00 [btdelconn]
root        30  0.0  0.0      0     0 ?        S    Apr16   0:02 [pdflush]
root        32  0.0  0.0      0     0 ?        S<   Apr16   0:29 [kswapd0]
root        33  0.0  0.0      0     0 ?        S<   Apr16   0:00 [aio/0]
root        34  0.0  0.0      0     0 ?        S<   Apr16   0:00 [aio/1]
root        35  0.0  0.0      0     0 ?        S<   Apr16   0:00 [ecryptfs-kthrea]
root        38  0.0  0.0      0     0 ?        S<   Apr16   0:00 [scsi_eh_0]
root        39  0.0  0.0      0     0 ?        S<   Apr16   0:00 [scsi_eh_1]
root        40  0.0  0.0      0     0 ?        S<   Apr16   0:00 [kstriped]
root        41  0.0  0.0      0     0 ?        S<   Apr16   0:00 [kmpathd/0]
root        42  0.0  0.0      0     0 ?        S<   Apr16   0:00 [kmpathd/1]
root        43  0.0  0.0      0     0 ?        S<   Apr16   0:00 [kmpath_handlerd]
root        44  0.0  0.0      0     0 ?        S<   Apr16   0:00 [ksnapd]
root        45  0.0  0.0      0     0 ?        S<   Apr16   0:00 [kondemand/0]
root        46  0.0  0.0      0     0 ?        S<   Apr16   0:00 [kondemand/1]
root        47  0.0  0.0      0     0 ?        S<   Apr16   0:00 [krfcommd]
root       595  0.0  0.0      0     0 ?        S<   Apr16   0:00 [scsi_eh_2]
root       739  0.0  0.0      0     0 ?        S<   Apr16   0:05 [kjournald]
root       832  0.0  0.0  16732   272 ?        S<s  Apr16   0:00 /sbin/udevd --daemon
root      1002  0.0  0.0      0     0 ?        S<   Apr16   0:00 [kpsmoused]
root      1021  0.0  0.0      0     0 ?        S<   Apr16   0:00 [vballoon]
condor    1524  0.0  0.3  22232  1808 ?        S<   Apr16   0:08 condor_procd -A /tmp/condor-lock.host_60.191183934294717/procd_pipe.STARTD -S 60 -C 1000
daemon    1616  0.0  0.0   8180   456 ?        Ss   Apr16   0:00 /sbin/portmap
statd     1633  0.0  0.0  10300   468 ?        Ss   Apr16   0:00 /sbin/rpc.statd
root      1808  0.0  0.1   3944   576 tty4     Ss+  Apr16   0:00 /sbin/getty 38400 tty4
root      1809  0.0  0.1   3944   580 tty5     Ss+  Apr16   0:00 /sbin/getty 38400 tty5
root      1818  0.0  0.1   3944   584 tty2     Ss+  Apr16   0:00 /sbin/getty 38400 tty2
root      1820  0.0  0.1   3944   580 tty3     Ss+  Apr16   0:00 /sbin/getty 38400 tty3
root      1822  0.0  0.1   3944   584 tty6     Ss+  Apr16   0:00 /sbin/getty 38400 tty6
syslog    1860  0.0  0.1  12376   624 ?        Ss   Apr16   0:02 /sbin/syslogd -u syslog
root      1878  0.0  0.1   8204   520 ?        S    Apr16   0:00 /bin/dd bs 1 if /proc/kmsg of /var/run/klogd/kmsg
klog      1880  0.0  0.6   6504  3064 ?        Ss   Apr16   0:00 /sbin/klogd -P /var/run/klogd/kmsg
root      1920  0.1  0.0      0     0 ?        S<   Apr16   1:57 [rpciod/0]
root      1921  0.1  0.0      0     0 ?        R<   Apr16   1:43 [rpciod/1]
root      1952  0.0  0.0      0     0 ?        S<   Apr16   0:00 [lockd]
root      1953  0.0  0.0      0     0 ?        S<   Apr16   0:00 [nfsd4]
root      1954  0.0  0.0      0     0 ?        S<   Apr16   0:00 [nfsd]
root      1955  0.0  0.0      0     0 ?        S<   Apr16   0:00 [nfsd]
root      1956  0.0  0.0      0     0 ?        S<   Apr16   0:00 [nfsd]
root      1957  0.0  0.0      0     0 ?        S<   Apr16   0:00 [nfsd]
root      1958  0.0  0.0      0     0 ?        S<   Apr16   0:00 [nfsd]
root      1959  0.0  0.0      0     0 ?        S<   Apr16   0:00 [nfsd]
root      1960  0.0  0.0      0     0 ?        S<   Apr16   0:00 [nfsd]
root      1961  0.0  0.0      0     0 ?        S<   Apr16   0:00 [nfsd]
root      1965  0.0  0.0  14520   292 ?        Ss   Apr16   0:00 /usr/sbin/rpc.mountd --manage-gids
root      2011  0.0  0.1   6488   616 ?        S<s  Apr16   0:00 dhclient3 -e IF_METRIC=100 -pf /var/run/dhclient.eth0.pid -lf /var/lib/dhcp3/dhclient.eth0.leases eth0
root      2053  0.0  0.1  48940   868 ?        S<s  Apr16   0:00 /usr/sbin/sshd
root      2346  0.0  0.1   3944   584 tty1     Ss+  Apr16   0:00 /sbin/getty 38400 tty1
condor    2438  0.0  0.4  35612  2292 ?        S<s  Apr16   0:09 condor_master
condor    2439  0.0  1.0  38500  5016 ?        S<s  Apr16   1:15 condor_startd -f
root      2821  0.0  0.0      0     0 ?        S<   Apr16   0:39 [nfsiod]
root      4485  0.0  0.3  70140  1716 ?        S<s  01:20   0:00 sshd: condor [priv]
condor    4487  0.0  0.2  70288  1276 ?        S<   01:20   0:00 sshd: condor@pts/0
condor    4488  0.0  0.4  18284  2020 pts/0    S<s+ 01:20   0:00 -bash
root      4842  0.0  0.1  18712   672 ?        S<s  Apr16   0:00 /usr/sbin/cron
condor    5157  0.1  0.8  26908  4104 ?        S<s  Apr16   2:11 /usr/bin/SCREEN.real -c /home/condor/.screen-profiles/profile
condor    5158  0.0  0.0   4024   492 pts/1    S<s  Apr16   0:00 /bin/sh /usr/bin/motd+shell
condor    5161  0.0  0.2  18324  1420 pts/1    S<+  Apr16   0:00 /bin/bash
root      6086  0.0  0.3  70140  1716 ?        S<s  03:00   0:00 sshd: condor [priv]
condor    6088  0.0  0.2  70140  1260 ?        S<   03:00   0:00 sshd: condor@pts/2
condor    6089  0.0  0.3  18276  1992 pts/2    S<s+ 03:00   0:00 -bash
root      6584  0.0  0.3  70140  1720 ?        S<s  03:37   0:00 sshd: condor [priv]
condor    6586  0.0  0.2  70140  1264 ?        S<   03:37   0:00 sshd: condor@pts/3
condor    6587  0.0  0.3  18276  1992 pts/3    S<s+ 03:37   0:00 -bash
condor    6613  0.0  0.1   3976   716 pts/3    S<   03:38   0:00 sar -o /home/condor/cps210/cpu 300 72
condor    6614  0.0  0.1   3972   736 pts/3    S<   03:38   0:00 sadc 300 73 -z -S ALL /home/condor/cps210/cpu
root      8435  0.0  0.1   3940   696 ?        Ss   04:24   0:00 /sbin/getty 38400 xvc0
condor    8443  5.0  0.8  35180  4248 ?        S<s  04:24   0:00 condor_starter -f -a slot2 master.localdomain
condor    8445  1.0  0.1   6560   772 ?        SNs  04:25   0:00 condor_exec.exe -n mBackground -N mBackground75:1.0 -R waif -w /mnt/montage_waif_2011-04-17T04:12:17/condor/pegasus/montage/20110417T041218+0000 -L montage -T 2011-04-15T19:17:46+00:00 /opt/Montage_v3.3/bin/mBackground -t p2mass-atlas-990502s-j1320198.fits c2mass-atlas-990502s-j1320198.fits pimages_20110327_233551_6695.tbl corrections.tbl
condor    8446 11.0  2.9  24068 14876 ?        DN   04:25   0:00 /opt/Montage_v3.3/bin/mBackground -t p2mass-atlas-990502s-j1320198.fits c2mass-atlas-990502s-j1320198.fits pimages_20110327_233551_6695.tbl corrections.tbl
root      8448  0.0  0.2  31380  1060 ?        S<   04:25   0:00 /USR/SBIN/CRON
condor    8449  0.0  0.1   4024   572 ?        S<s  04:25   0:00 /bin/sh -c /home/condor/cps210/monitor.sh
condor    8451  0.0  0.2   9520  1480 ?        S<   04:25   0:00 /bin/bash /home/condor/cps210/monitor.sh
condor    8458  0.0  0.2  14892  1032 ?        R<   04:25   0:00 ps aux
root     21525  0.0  0.0      0     0 ?        S    Apr16   0:04 [pdflush]

=========Sun Apr 17 04:30:01 UTC 2011========
USER       PID %CPU %MEM    VSZ   RSS TTY      STAT START   TIME COMMAND
root         1  0.0  0.1   4104   720 ?        Ss   Apr16   0:03 /sbin/init
root         2  0.0  0.0      0     0 ?        S<   Apr16   0:00 [kthreadd]
root         3  0.0  0.0      0     0 ?        S<   Apr16   0:01 [migration/0]
root         4  0.0  0.0      0     0 ?        S<   Apr16   0:00 [ksoftirqd/0]
root         5  0.0  0.0      0     0 ?        S<   Apr16   0:00 [watchdog/0]
root         6  0.0  0.0      0     0 ?        S<   Apr16   0:07 [migration/1]
root         7  0.0  0.0      0     0 ?        S<   Apr16   0:00 [ksoftirqd/1]
root         8  0.0  0.0      0     0 ?        S<   Apr16   0:00 [watchdog/1]
root         9  0.0  0.0      0     0 ?        S<   Apr16   0:00 [events/0]
root        10  0.0  0.0      0     0 ?        S<   Apr16   0:00 [events/1]
root        11  0.0  0.0      0     0 ?        S<   Apr16   0:00 [khelper]
root        12  0.0  0.0      0     0 ?        S<   Apr16   0:00 [kstop/0]
root        13  0.0  0.0      0     0 ?        S<   Apr16   0:00 [kstop/1]
root        14  0.0  0.0      0     0 ?        S<   Apr16   0:00 [kintegrityd/0]
root        15  0.0  0.0      0     0 ?        S<   Apr16   0:00 [kintegrityd/1]
root        16  0.0  0.0      0     0 ?        S<   Apr16   0:00 [kblockd/0]
root        17  0.0  0.0      0     0 ?        S<   Apr16   0:00 [kblockd/1]
root        18  0.0  0.0      0     0 ?        S<   Apr16   0:00 [kacpid]
root        19  0.0  0.0      0     0 ?        S<   Apr16   0:00 [kacpi_notify]
root        20  0.0  0.0      0     0 ?        S<   Apr16   0:00 [cqueue]
root        21  0.0  0.0      0     0 ?        S<   Apr16   0:00 [ata/0]
root        22  0.0  0.0      0     0 ?        S<   Apr16   0:00 [ata/1]
root        23  0.0  0.0      0     0 ?        S<   Apr16   0:00 [ata_aux]
root        24  0.0  0.0      0     0 ?        S<   Apr16   0:00 [ksuspend_usbd]
root        25  0.0  0.0      0     0 ?        S<   Apr16   0:00 [khubd]
root        26  0.0  0.0      0     0 ?        S<   Apr16   0:00 [kseriod]
root        27  0.0  0.0      0     0 ?        S<   Apr16   0:00 [kmmcd]
root        28  0.0  0.0      0     0 ?        S<   Apr16   0:00 [btaddconn]
root        29  0.0  0.0      0     0 ?        S<   Apr16   0:00 [btdelconn]
root        30  0.0  0.0      0     0 ?        S    Apr16   0:02 [pdflush]
root        32  0.0  0.0      0     0 ?        S<   Apr16   0:29 [kswapd0]
root        33  0.0  0.0      0     0 ?        S<   Apr16   0:00 [aio/0]
root        34  0.0  0.0      0     0 ?        S<   Apr16   0:00 [aio/1]
root        35  0.0  0.0      0     0 ?        S<   Apr16   0:00 [ecryptfs-kthrea]
root        38  0.0  0.0      0     0 ?        S<   Apr16   0:00 [scsi_eh_0]
root        39  0.0  0.0      0     0 ?        S<   Apr16   0:00 [scsi_eh_1]
root        40  0.0  0.0      0     0 ?        S<   Apr16   0:00 [kstriped]
root        41  0.0  0.0      0     0 ?        S<   Apr16   0:00 [kmpathd/0]
root        42  0.0  0.0      0     0 ?        S<   Apr16   0:00 [kmpathd/1]
root        43  0.0  0.0      0     0 ?        S<   Apr16   0:00 [kmpath_handlerd]
root        44  0.0  0.0      0     0 ?        S<   Apr16   0:00 [ksnapd]
root        45  0.0  0.0      0     0 ?        S<   Apr16   0:00 [kondemand/0]
root        46  0.0  0.0      0     0 ?        S<   Apr16   0:00 [kondemand/1]
root        47  0.0  0.0      0     0 ?        S<   Apr16   0:00 [krfcommd]
root       595  0.0  0.0      0     0 ?        S<   Apr16   0:00 [scsi_eh_2]
root       739  0.0  0.0      0     0 ?        S<   Apr16   0:05 [kjournald]
root       832  0.0  0.0  16732   272 ?        S<s  Apr16   0:00 /sbin/udevd --daemon
root      1002  0.0  0.0      0     0 ?        S<   Apr16   0:00 [kpsmoused]
root      1021  0.0  0.0      0     0 ?        S<   Apr16   0:00 [vballoon]
condor    1524  0.0  0.3  22232  1808 ?        S<   Apr16   0:08 condor_procd -A /tmp/condor-lock.host_60.191183934294717/procd_pipe.STARTD -S 60 -C 1000
daemon    1616  0.0  0.1   8180   508 ?        Ss   Apr16   0:00 /sbin/portmap
statd     1633  0.0  0.0  10300   468 ?        Ss   Apr16   0:00 /sbin/rpc.statd
root      1808  0.0  0.1   3944   576 tty4     Ss+  Apr16   0:00 /sbin/getty 38400 tty4
root      1809  0.0  0.1   3944   580 tty5     Ss+  Apr16   0:00 /sbin/getty 38400 tty5
root      1818  0.0  0.1   3944   584 tty2     Ss+  Apr16   0:00 /sbin/getty 38400 tty2
root      1820  0.0  0.1   3944   580 tty3     Ss+  Apr16   0:00 /sbin/getty 38400 tty3
root      1822  0.0  0.1   3944   584 tty6     Ss+  Apr16   0:00 /sbin/getty 38400 tty6
syslog    1860  0.0  0.1  12376   624 ?        Ss   Apr16   0:02 /sbin/syslogd -u syslog
root      1878  0.0  0.1   8204   520 ?        S    Apr16   0:00 /bin/dd bs 1 if /proc/kmsg of /var/run/klogd/kmsg
klog      1880  0.0  0.6   6504  3064 ?        Ss   Apr16   0:00 /sbin/klogd -P /var/run/klogd/kmsg
root      1920  0.1  0.0      0     0 ?        S<   Apr16   1:57 [rpciod/0]
root      1921  0.1  0.0      0     0 ?        S<   Apr16   1:43 [rpciod/1]
root      1952  0.0  0.0      0     0 ?        S<   Apr16   0:00 [lockd]
root      1953  0.0  0.0      0     0 ?        S<   Apr16   0:00 [nfsd4]
root      1954  0.0  0.0      0     0 ?        S<   Apr16   0:00 [nfsd]
root      1955  0.0  0.0      0     0 ?        S<   Apr16   0:00 [nfsd]
root      1956  0.0  0.0      0     0 ?        S<   Apr16   0:00 [nfsd]
root      1957  0.0  0.0      0     0 ?        S<   Apr16   0:00 [nfsd]
root      1958  0.0  0.0      0     0 ?        S<   Apr16   0:00 [nfsd]
root      1959  0.0  0.0      0     0 ?        S<   Apr16   0:00 [nfsd]
root      1960  0.0  0.0      0     0 ?        S<   Apr16   0:00 [nfsd]
root      1961  0.0  0.0      0     0 ?        S<   Apr16   0:00 [nfsd]
root      1965  0.0  0.0  14520   292 ?        Ss   Apr16   0:00 /usr/sbin/rpc.mountd --manage-gids
root      2011  0.0  0.1   6488   616 ?        S<s  Apr16   0:00 dhclient3 -e IF_METRIC=100 -pf /var/run/dhclient.eth0.pid -lf /var/lib/dhcp3/dhclient.eth0.leases eth0
root      2053  0.0  0.1  48940   868 ?        S<s  Apr16   0:00 /usr/sbin/sshd
root      2346  0.0  0.1   3944   584 tty1     Ss+  Apr16   0:00 /sbin/getty 38400 tty1
condor    2438  0.0  0.4  35612  2288 ?        S<s  Apr16   0:09 condor_master
condor    2439  0.0  1.0  38500  5032 ?        S<s  Apr16   1:15 condor_startd -f
root      2821  0.0  0.0      0     0 ?        S<   Apr16   0:39 [nfsiod]
root      4485  0.0  0.3  70140  1716 ?        S<s  01:20   0:00 sshd: condor [priv]
condor    4487  0.0  0.2  70288  1276 ?        S<   01:20   0:00 sshd: condor@pts/0
condor    4488  0.0  0.4  18284  2020 pts/0    S<s+ 01:20   0:00 -bash
root      4842  0.0  0.1  18712   672 ?        S<s  Apr16   0:00 /usr/sbin/cron
condor    5157  0.1  0.8  26908  4104 ?        S<s  Apr16   2:11 /usr/bin/SCREEN.real -c /home/condor/.screen-profiles/profile
condor    5158  0.0  0.0   4024   492 pts/1    S<s  Apr16   0:00 /bin/sh /usr/bin/motd+shell
condor    5161  0.0  0.2  18324  1420 pts/1    S<+  Apr16   0:00 /bin/bash
root      6086  0.0  0.3  70140  1716 ?        S<s  03:00   0:00 sshd: condor [priv]
condor    6088  0.0  0.2  70140  1260 ?        S<   03:00   0:00 sshd: condor@pts/2
condor    6089  0.0  0.3  18276  1992 pts/2    S<s+ 03:00   0:00 -bash
root      6584  0.0  0.3  70140  1720 ?        S<s  03:37   0:00 sshd: condor [priv]
condor    6586  0.0  0.2  70140  1264 ?        S<   03:37   0:00 sshd: condor@pts/3
condor    6587  0.0  0.3  18276  1992 pts/3    S<s+ 03:37   0:00 -bash
condor    6613  0.0  0.1   3976   716 pts/3    S<   03:38   0:00 sar -o /home/condor/cps210/cpu 300 72
condor    6614  0.0  0.1   3972   736 pts/3    S<   03:38   0:00 sadc 300 73 -z -S ALL /home/condor/cps210/cpu
root      8499  0.0  0.1   3940   696 ?        Ss   04:29   0:00 /sbin/getty 38400 xvc0
root      8500  0.0  0.2  31380  1060 ?        S<   04:30   0:00 /USR/SBIN/CRON
root      8501  0.0  0.2  31380  1060 ?        S<   04:30   0:00 /USR/SBIN/CRON
condor    8502  0.0  0.1   4024   572 ?        S<s  04:30   0:00 /bin/sh -c /home/condor/cps210/monitor.sh
root      8503  0.0  0.1   4024   580 ?        S<s  04:30   0:00 /bin/sh -c [ -x /usr/sbin/update-motd ] && /usr/sbin/update-motd 2>/dev/null
condor    8504  0.0  0.2   9520  1484 ?        S<   04:30   0:00 /bin/bash /home/condor/cps210/monitor.sh
root      8505  0.0  0.1   4024   588 ?        SN   04:30   0:00 /bin/sh -e /usr/sbin/update-motd
root      8517  0.0  0.1   4024   608 ?        RN   04:30   0:00 /bin/sh -e /etc/update-motd.d//90-updates-available
condor    8523  0.0  0.2  14892  1040 ?        R<   04:30   0:00 ps aux
root     21525  0.0  0.0      0     0 ?        S    Apr16   0:04 [pdflush]

=========Sun Apr 17 04:35:01 UTC 2011========
USER       PID %CPU %MEM    VSZ   RSS TTY      STAT START   TIME COMMAND
root         1  0.0  0.1   4104   720 ?        Ss   Apr16   0:03 /sbin/init
root         2  0.0  0.0      0     0 ?        S<   Apr16   0:00 [kthreadd]
root         3  0.0  0.0      0     0 ?        S<   Apr16   0:01 [migration/0]
root         4  0.0  0.0      0     0 ?        S<   Apr16   0:00 [ksoftirqd/0]
root         5  0.0  0.0      0     0 ?        S<   Apr16   0:00 [watchdog/0]
root         6  0.0  0.0      0     0 ?        S<   Apr16   0:07 [migration/1]
root         7  0.0  0.0      0     0 ?        S<   Apr16   0:00 [ksoftirqd/1]
root         8  0.0  0.0      0     0 ?        S<   Apr16   0:00 [watchdog/1]
root         9  0.0  0.0      0     0 ?        S<   Apr16   0:00 [events/0]
root        10  0.0  0.0      0     0 ?        S<   Apr16   0:00 [events/1]
root        11  0.0  0.0      0     0 ?        S<   Apr16   0:00 [khelper]
root        12  0.0  0.0      0     0 ?        S<   Apr16   0:00 [kstop/0]
root        13  0.0  0.0      0     0 ?        S<   Apr16   0:00 [kstop/1]
root        14  0.0  0.0      0     0 ?        S<   Apr16   0:00 [kintegrityd/0]
root        15  0.0  0.0      0     0 ?        S<   Apr16   0:00 [kintegrityd/1]
root        16  0.0  0.0      0     0 ?        S<   Apr16   0:00 [kblockd/0]
root        17  0.0  0.0      0     0 ?        S<   Apr16   0:00 [kblockd/1]
root        18  0.0  0.0      0     0 ?        S<   Apr16   0:00 [kacpid]
root        19  0.0  0.0      0     0 ?        S<   Apr16   0:00 [kacpi_notify]
root        20  0.0  0.0      0     0 ?        S<   Apr16   0:00 [cqueue]
root        21  0.0  0.0      0     0 ?        S<   Apr16   0:00 [ata/0]
root        22  0.0  0.0      0     0 ?        S<   Apr16   0:00 [ata/1]
root        23  0.0  0.0      0     0 ?        S<   Apr16   0:00 [ata_aux]
root        24  0.0  0.0      0     0 ?        S<   Apr16   0:00 [ksuspend_usbd]
root        25  0.0  0.0      0     0 ?        S<   Apr16   0:00 [khubd]
root        26  0.0  0.0      0     0 ?        S<   Apr16   0:00 [kseriod]
root        27  0.0  0.0      0     0 ?        S<   Apr16   0:00 [kmmcd]
root        28  0.0  0.0      0     0 ?        S<   Apr16   0:00 [btaddconn]
root        29  0.0  0.0      0     0 ?        S<   Apr16   0:00 [btdelconn]
root        30  0.0  0.0      0     0 ?        S    Apr16   0:02 [pdflush]
root        32  0.0  0.0      0     0 ?        S<   Apr16   0:29 [kswapd0]
root        33  0.0  0.0      0     0 ?        S<   Apr16   0:00 [aio/0]
root        34  0.0  0.0      0     0 ?        S<   Apr16   0:00 [aio/1]
root        35  0.0  0.0      0     0 ?        S<   Apr16   0:00 [ecryptfs-kthrea]
root        38  0.0  0.0      0     0 ?        S<   Apr16   0:00 [scsi_eh_0]
root        39  0.0  0.0      0     0 ?        S<   Apr16   0:00 [scsi_eh_1]
root        40  0.0  0.0      0     0 ?        S<   Apr16   0:00 [kstriped]
root        41  0.0  0.0      0     0 ?        S<   Apr16   0:00 [kmpathd/0]
root        42  0.0  0.0      0     0 ?        S<   Apr16   0:00 [kmpathd/1]
root        43  0.0  0.0      0     0 ?        S<   Apr16   0:00 [kmpath_handlerd]
root        44  0.0  0.0      0     0 ?        S<   Apr16   0:00 [ksnapd]
root        45  0.0  0.0      0     0 ?        S<   Apr16   0:00 [kondemand/0]
root        46  0.0  0.0      0     0 ?        S<   Apr16   0:00 [kondemand/1]
root        47  0.0  0.0      0     0 ?        S<   Apr16   0:00 [krfcommd]
root       595  0.0  0.0      0     0 ?        S<   Apr16   0:00 [scsi_eh_2]
root       739  0.0  0.0      0     0 ?        S<   Apr16   0:05 [kjournald]
root       832  0.0  0.0  16732   272 ?        S<s  Apr16   0:00 /sbin/udevd --daemon
root      1002  0.0  0.0      0     0 ?        S<   Apr16   0:00 [kpsmoused]
root      1021  0.0  0.0      0     0 ?        S<   Apr16   0:00 [vballoon]
condor    1524  0.0  0.3  22232  1808 ?        S<   Apr16   0:08 condor_procd -A /tmp/condor-lock.host_60.191183934294717/procd_pipe.STARTD -S 60 -C 1000
daemon    1616  0.0  0.1   8180   508 ?        Ss   Apr16   0:00 /sbin/portmap
statd     1633  0.0  0.0  10300   468 ?        Ss   Apr16   0:00 /sbin/rpc.statd
root      1808  0.0  0.1   3944   576 tty4     Ss+  Apr16   0:00 /sbin/getty 38400 tty4
root      1809  0.0  0.1   3944   580 tty5     Ss+  Apr16   0:00 /sbin/getty 38400 tty5
root      1818  0.0  0.1   3944   584 tty2     Ss+  Apr16   0:00 /sbin/getty 38400 tty2
root      1820  0.0  0.1   3944   580 tty3     Ss+  Apr16   0:00 /sbin/getty 38400 tty3
root      1822  0.0  0.1   3944   584 tty6     Ss+  Apr16   0:00 /sbin/getty 38400 tty6
syslog    1860  0.0  0.1  12376   624 ?        Ss   Apr16   0:02 /sbin/syslogd -u syslog
root      1878  0.0  0.1   8204   520 ?        S    Apr16   0:00 /bin/dd bs 1 if /proc/kmsg of /var/run/klogd/kmsg
klog      1880  0.0  0.6   6504  3064 ?        Ss   Apr16   0:00 /sbin/klogd -P /var/run/klogd/kmsg
root      1920  0.1  0.0      0     0 ?        S<   Apr16   1:57 [rpciod/0]
root      1921  0.1  0.0      0     0 ?        S<   Apr16   1:43 [rpciod/1]
root      1952  0.0  0.0      0     0 ?        S<   Apr16   0:00 [lockd]
root      1953  0.0  0.0      0     0 ?        S<   Apr16   0:00 [nfsd4]
root      1954  0.0  0.0      0     0 ?        S<   Apr16   0:00 [nfsd]
root      1955  0.0  0.0      0     0 ?        S<   Apr16   0:00 [nfsd]
root      1956  0.0  0.0      0     0 ?        S<   Apr16   0:00 [nfsd]
root      1957  0.0  0.0      0     0 ?        S<   Apr16   0:00 [nfsd]
root      1958  0.0  0.0      0     0 ?        S<   Apr16   0:00 [nfsd]
root      1959  0.0  0.0      0     0 ?        S<   Apr16   0:00 [nfsd]
root      1960  0.0  0.0      0     0 ?        S<   Apr16   0:00 [nfsd]
root      1961  0.0  0.0      0     0 ?        S<   Apr16   0:00 [nfsd]
root      1965  0.0  0.0  14520   292 ?        Ss   Apr16   0:00 /usr/sbin/rpc.mountd --manage-gids
root      2011  0.0  0.1   6488   616 ?        S<s  Apr16   0:00 dhclient3 -e IF_METRIC=100 -pf /var/run/dhclient.eth0.pid -lf /var/lib/dhcp3/dhclient.eth0.leases eth0
root      2053  0.0  0.1  48940   868 ?        S<s  Apr16   0:00 /usr/sbin/sshd
root      2346  0.0  0.1   3944   584 tty1     Ss+  Apr16   0:00 /sbin/getty 38400 tty1
condor    2438  0.0  0.4  35612  2288 ?        S<s  Apr16   0:09 condor_master
condor    2439  0.0  1.0  38500  5032 ?        S<s  Apr16   1:15 condor_startd -f
root      2821  0.0  0.0      0     0 ?        S<   Apr16   0:39 [nfsiod]
root      4485  0.0  0.3  70140  1716 ?        S<s  01:20   0:00 sshd: condor [priv]
condor    4487  0.0  0.2  70288  1276 ?        S<   01:20   0:00 sshd: condor@pts/0
condor    4488  0.0  0.4  18284  2020 pts/0    S<s+ 01:20   0:00 -bash
root      4842  0.0  0.1  18712   672 ?        S<s  Apr16   0:00 /usr/sbin/cron
condor    5157  0.1  0.8  26908  4104 ?        S<s  Apr16   2:11 /usr/bin/SCREEN.real -c /home/condor/.screen-profiles/profile
condor    5158  0.0  0.0   4024   492 pts/1    S<s  Apr16   0:00 /bin/sh /usr/bin/motd+shell
condor    5161  0.0  0.2  18324  1420 pts/1    S<+  Apr16   0:00 /bin/bash
root      6086  0.0  0.3  70140  1716 ?        S<s  03:00   0:00 sshd: condor [priv]
condor    6088  0.0  0.2  70140  1260 ?        S<   03:00   0:00 sshd: condor@pts/2
condor    6089  0.0  0.3  18276  1992 pts/2    S<s+ 03:00   0:00 -bash
root      6584  0.0  0.3  70140  1720 ?        S<s  03:37   0:00 sshd: condor [priv]
condor    6586  0.0  0.2  70140  1264 ?        S<   03:37   0:00 sshd: condor@pts/3
condor    6587  0.0  0.3  18276  1992 pts/3    S<s+ 03:37   0:00 -bash
condor    6613  0.0  0.1   3976   716 pts/3    S<   03:38   0:00 sar -o /home/condor/cps210/cpu 300 72
condor    6614  0.0  0.1   3972   736 pts/3    S<   03:38   0:00 sadc 300 73 -z -S ALL /home/condor/cps210/cpu
root      8589  0.0  0.1   3940   692 ?        Ss   04:34   0:00 /sbin/getty 38400 xvc0
root      8591  0.0  0.2  31380  1060 ?        S<   04:35   0:00 /USR/SBIN/CRON
condor    8592  0.0  0.1   4024   576 ?        S<s  04:35   0:00 /bin/sh -c /home/condor/cps210/monitor.sh
condor    8594  0.0  0.2   9520  1484 ?        S<   04:35   0:00 /bin/bash /home/condor/cps210/monitor.sh
condor    8601  0.0  0.2  14892  1036 ?        R<   04:35   0:00 ps aux
root     21525  0.0  0.0      0     0 ?        S    Apr16   0:04 [pdflush]
