
=========Sun Apr 17 05:25:01 UTC 2011========
             total       used       free     shared    buffers     cached
Mem:           487        477         10          0         13        385
-/+ buffers/cache:         78        409
Swap:          841          2        839
Total:        1328        479        849

=========Sun Apr 17 05:30:01 UTC 2011========
             total       used       free     shared    buffers     cached
Mem:           487        478          9          0         13        385
-/+ buffers/cache:         78        408
Swap:          841          2        839
Total:        1328        480        848

=========Sun Apr 17 05:35:01 UTC 2011========
             total       used       free     shared    buffers     cached
Mem:           487        478          9          0         14        385
-/+ buffers/cache:         78        409
Swap:          841          2        839
Total:        1328        480        848

=========Sun Apr 17 05:40:01 UTC 2011========
             total       used       free     shared    buffers     cached
Mem:           487        474         12          0         14        377
-/+ buffers/cache:         82        405
Swap:          841          2        839
Total:        1328        477        851

=========Sun Apr 17 05:45:01 UTC 2011========
             total       used       free     shared    buffers     cached
Mem:           487        434         53          0         15        341
-/+ buffers/cache:         77        410
Swap:          841          2        839
Total:        1328        436        892

=========Sun Apr 17 05:50:01 UTC 2011========
             total       used       free     shared    buffers     cached
Mem:           487        476         11          0          1        389
-/+ buffers/cache:         85        401
Swap:          841          2        839
Total:        1328        478        850

=========Sun Apr 17 05:55:01 UTC 2011========
             total       used       free     shared    buffers     cached
Mem:           487        482          5          0          0        383
-/+ buffers/cache:         98        389
Swap:          841          2        839
Total:        1328        484        844

=========Sun Apr 17 06:00:01 UTC 2011========
             total       used       free     shared    buffers     cached
Mem:           487        481          5          0          0        404
-/+ buffers/cache:         76        411
Swap:          841          2        839
Total:        1328        484        844

=========Sun Apr 17 06:05:01 UTC 2011========
             total       used       free     shared    buffers     cached
Mem:           487        474         13          0          0        389
-/+ buffers/cache:         83        403
Swap:          841          2        839
Total:        1328        476        852

=========Sun Apr 17 06:10:01 UTC 2011========
             total       used       free     shared    buffers     cached
Mem:           487        482          5          0          0        396
-/+ buffers/cache:         85        402
Swap:          841          2        839
Total:        1328        484        844

=========Sun Apr 17 06:15:01 UTC 2011========
             total       used       free     shared    buffers     cached
Mem:           487        466         21          0          0        380
-/+ buffers/cache:         84        403
Swap:          841          2        839
Total:        1328        468        860

=========Sun Apr 17 06:20:01 UTC 2011========
             total       used       free     shared    buffers     cached
Mem:           487        212        275          0          0        109
-/+ buffers/cache:        102        385
Swap:          841          2        839
Total:        1328        214       1114

=========Sun Apr 17 06:25:02 UTC 2011========
             total       used       free     shared    buffers     cached
Mem:           487        481          6          0          0        383
-/+ buffers/cache:         97        389
Swap:          841          2        839
Total:        1328        483        845

=========Sun Apr 17 06:30:01 UTC 2011========
             total       used       free     shared    buffers     cached
Mem:           487        481          5          0          0        382
-/+ buffers/cache:         98        388
Swap:          841          2        838
Total:        1328        484        844

=========Sun Apr 17 06:35:01 UTC 2011========
             total       used       free     shared    buffers     cached
Mem:           487        481          5          0          0        376
-/+ buffers/cache:        105        382
Swap:          841          2        838
Total:        1328        484        844

=========Sun Apr 17 06:40:01 UTC 2011========
             total       used       free     shared    buffers     cached
Mem:           487        481          6          0          0        385
-/+ buffers/cache:         95        391
Swap:          841          2        838
Total:        1328        483        844

=========Sun Apr 17 06:45:01 UTC 2011========
             total       used       free     shared    buffers     cached
Mem:           487        481          6          0          0        365
-/+ buffers/cache:        115        372
Swap:          841          2        838
Total:        1328        484        844

=========Sun Apr 17 06:50:01 UTC 2011========
             total       used       free     shared    buffers     cached
Mem:           487        481          5          0          1        389
-/+ buffers/cache:         90        396
Swap:          841          2        838
Total:        1328        484        844

=========Sun Apr 17 06:55:01 UTC 2011========
             total       used       free     shared    buffers     cached
Mem:           487        481          6          0          0        380
-/+ buffers/cache:        100        387
Swap:          841          2        838
Total:        1328        483        845

=========Sun Apr 17 07:00:01 UTC 2011========
             total       used       free     shared    buffers     cached
Mem:           487        481          5          0          0        387
-/+ buffers/cache:         94        393
Swap:          841          2        838
Total:        1328        484        844

=========Sun Apr 17 07:05:01 UTC 2011========
             total       used       free     shared    buffers     cached
Mem:           487        481          6          0          0        388
-/+ buffers/cache:         92        394
Swap:          841          2        838
Total:        1328        484        844

=========Sun Apr 17 07:10:01 UTC 2011========
             total       used       free     shared    buffers     cached
Mem:           487        482          5          0          0        388
-/+ buffers/cache:         93        394
Swap:          841          2        838
Total:        1328        484        844

=========Sun Apr 17 07:15:01 UTC 2011========
             total       used       free     shared    buffers     cached
Mem:           487        481          6          0          0        387
-/+ buffers/cache:         93        394
Swap:          841          2        838
Total:        1328        484        844

=========Sun Apr 17 07:20:01 UTC 2011========
             total       used       free     shared    buffers     cached
Mem:           487        481          5          0          0        388
-/+ buffers/cache:         93        394
Swap:          841          2        838
Total:        1328        484        844

=========Sun Apr 17 07:25:01 UTC 2011========
             total       used       free     shared    buffers     cached
Mem:           487        481          6          0          0        397
-/+ buffers/cache:         83        404
Swap:          841          2        838
Total:        1328        484        844

=========Sun Apr 17 07:30:01 UTC 2011========
             total       used       free     shared    buffers     cached
Mem:           487        482          5          0          0        395
-/+ buffers/cache:         85        402
Swap:          841          2        838
Total:        1328        484        844

=========Sun Apr 17 07:35:01 UTC 2011========
             total       used       free     shared    buffers     cached
Mem:           487        481          5          0          0        407
-/+ buffers/cache:         73        414
Swap:          841          2        838
Total:        1328        484        844

=========Sun Apr 17 07:40:01 UTC 2011========
             total       used       free     shared    buffers     cached
Mem:           487        481          6          0          0        406
-/+ buffers/cache:         74        413
Swap:          841          2        838
Total:        1328        484        844

=========Sun Apr 17 07:45:01 UTC 2011========
             total       used       free     shared    buffers     cached
Mem:           487        445         41          0          0        379
-/+ buffers/cache:         64        422
Swap:          841          2        838
Total:        1328        448        880

=========Sun Apr 17 07:50:01 UTC 2011========
             total       used       free     shared    buffers     cached
Mem:           487        447         39          0          1        380
-/+ buffers/cache:         66        421
Swap:          841          2        838
Total:        1328        450        878

=========Sun Apr 17 07:55:01 UTC 2011========
             total       used       free     shared    buffers     cached
Mem:           487        447         39          0          1        380
-/+ buffers/cache:         65        422
Swap:          841          2        838
Total:        1328        450        878

=========Sun Apr 17 08:00:01 UTC 2011========
             total       used       free     shared    buffers     cached
Mem:           487        449         37          0          2        380
-/+ buffers/cache:         66        420
Swap:          841          2        838
Total:        1328        452        876

=========Sun Apr 17 08:05:01 UTC 2011========
             total       used       free     shared    buffers     cached
Mem:           487        448         38          0          2        380
-/+ buffers/cache:         65        422
Swap:          841          2        838
Total:        1328        451        877

=========Sun Apr 17 08:10:01 UTC 2011========
             total       used       free     shared    buffers     cached
Mem:           487        450         37          0          2        381
-/+ buffers/cache:         66        421
Swap:          841          2        838
Total:        1328        452        876

=========Sun Apr 17 08:15:01 UTC 2011========
             total       used       free     shared    buffers     cached
Mem:           487        449         38          0          3        381
-/+ buffers/cache:         65        422
Swap:          841          2        838
Total:        1328        452        876

=========Sun Apr 17 08:20:01 UTC 2011========
             total       used       free     shared    buffers     cached
Mem:           487        451         36          0          3        381
-/+ buffers/cache:         66        421
Swap:          841          2        838
Total:        1328        453        875

=========Sun Apr 17 08:25:01 UTC 2011========
             total       used       free     shared    buffers     cached
Mem:           487        450         37          0          4        381
-/+ buffers/cache:         65        422
Swap:          841          2        838
Total:        1328        453        875

=========Sun Apr 17 08:30:01 UTC 2011========
             total       used       free     shared    buffers     cached
Mem:           487        451         35          0          4        381
-/+ buffers/cache:         66        421
Swap:          841          2        838
Total:        1328        454        874

=========Sun Apr 17 08:35:01 UTC 2011========
             total       used       free     shared    buffers     cached
Mem:           487        451         35          0          4        381
-/+ buffers/cache:         65        422
Swap:          841          2        838
Total:        1328        454        874

=========Sun Apr 17 08:40:01 UTC 2011========
             total       used       free     shared    buffers     cached
Mem:           487        452         35          0          5        381
-/+ buffers/cache:         65        421
Swap:          841          2        838
Total:        1328        455        873

=========Sun Apr 17 08:45:01 UTC 2011========
             total       used       free     shared    buffers     cached
Mem:           487        452         35          0          5        381
-/+ buffers/cache:         64        422
Swap:          841          2        838
Total:        1328        454        874

=========Sun Apr 17 08:50:01 UTC 2011========
             total       used       free     shared    buffers     cached
Mem:           487        453         34          0          6        381
-/+ buffers/cache:         65        421
Swap:          841          2        838
Total:        1328        456        872

=========Sun Apr 17 08:55:01 UTC 2011========
             total       used       free     shared    buffers     cached
Mem:           487        453         34          0          6        381
-/+ buffers/cache:         65        422
Swap:          841          2        838
Total:        1328        456        872

=========Sun Apr 17 09:00:01 UTC 2011========
             total       used       free     shared    buffers     cached
Mem:           487        455         31          0          7        381
-/+ buffers/cache:         67        420
Swap:          841          2        838
Total:        1328        458        870

=========Sun Apr 17 09:05:01 UTC 2011========
             total       used       free     shared    buffers     cached
Mem:           487        454         32          0          7        381
-/+ buffers/cache:         65        421
Swap:          841          2        838
Total:        1328        457        871

=========Sun Apr 17 09:10:01 UTC 2011========
             total       used       free     shared    buffers     cached
Mem:           487        455         31          0          8        381
-/+ buffers/cache:         66        421
Swap:          841          2        838
Total:        1328        458        870

=========Sun Apr 17 09:15:01 UTC 2011========
             total       used       free     shared    buffers     cached
Mem:           487        455         32          0          8        381
-/+ buffers/cache:         65        422
Swap:          841          2        838
Total:        1328        457        871

=========Sun Apr 17 09:20:01 UTC 2011========
             total       used       free     shared    buffers     cached
Mem:           487        456         30          0          8        381
-/+ buffers/cache:         66        421
Swap:          841          2        838
Total:        1328        459        869

=========Sun Apr 17 09:25:01 UTC 2011========
             total       used       free     shared    buffers     cached
Mem:           487        456         30          0          9        381
-/+ buffers/cache:         65        421
Swap:          841          2        838
Total:        1328        459        869

=========Sun Apr 17 09:30:01 UTC 2011========
             total       used       free     shared    buffers     cached
Mem:           487        457         30          0          9        381
-/+ buffers/cache:         66        421
Swap:          841          2        838
Total:        1328        460        868

=========Sun Apr 17 09:35:01 UTC 2011========
             total       used       free     shared    buffers     cached
Mem:           487        457         30          0         10        381
-/+ buffers/cache:         65        422
Swap:          841          2        838
Total:        1328        459        869

=========Sun Apr 17 09:40:01 UTC 2011========
             total       used       free     shared    buffers     cached
Mem:           487        458         29          0         10        381
-/+ buffers/cache:         65        421
Swap:          841          2        838
Total:        1328        460        868

=========Sun Apr 17 09:45:01 UTC 2011========
             total       used       free     shared    buffers     cached
Mem:           487        457         29          0         10        381
-/+ buffers/cache:         65        422
Swap:          841          2        838
Total:        1328        460        868

=========Sun Apr 17 09:50:01 UTC 2011========
             total       used       free     shared    buffers     cached
Mem:           487        458         28          0         10        381
-/+ buffers/cache:         66        421
Swap:          841          2        838
Total:        1328        461        867

=========Sun Apr 17 09:55:01 UTC 2011========
             total       used       free     shared    buffers     cached
Mem:           487        458         29          0         11        381
-/+ buffers/cache:         65        422
Swap:          841          2        838
Total:        1328        461        867

=========Sun Apr 17 10:00:01 UTC 2011========
             total       used       free     shared    buffers     cached
Mem:           487        460         27          0         11        381
-/+ buffers/cache:         66        421
Swap:          841          2        838
Total:        1328        462        866

=========Sun Apr 17 10:05:01 UTC 2011========
             total       used       free     shared    buffers     cached
Mem:           487        459         28          0         11        381
-/+ buffers/cache:         65        422
Swap:          841          2        838
Total:        1328        461        866

=========Sun Apr 17 10:10:01 UTC 2011========
             total       used       free     shared    buffers     cached
Mem:           487        460         27          0         12        382
-/+ buffers/cache:         66        421
Swap:          841          2        838
Total:        1328        463        865

=========Sun Apr 17 10:15:01 UTC 2011========
             total       used       free     shared    buffers     cached
Mem:           487        460         27          0         12        382
-/+ buffers/cache:         65        421
Swap:          841          2        838
Total:        1328        462        865

=========Sun Apr 17 10:20:01 UTC 2011========
             total       used       free     shared    buffers     cached
Mem:           487        461         26          0         12        382
-/+ buffers/cache:         65        421
Swap:          841          2        838
Total:        1328        463        865

=========Sun Apr 17 10:25:01 UTC 2011========
             total       used       free     shared    buffers     cached
Mem:           487        461         26          0         13        382
-/+ buffers/cache:         65        421
Swap:          841          2        838
Total:        1328        463        865

=========Sun Apr 17 10:30:01 UTC 2011========
             total       used       free     shared    buffers     cached
Mem:           487        461         25          0         13        382
-/+ buffers/cache:         65        421
Swap:          841          2        838
Total:        1328        464        864

=========Sun Apr 17 10:35:01 UTC 2011========
             total       used       free     shared    buffers     cached
Mem:           487        461         25          0         14        382
-/+ buffers/cache:         65        422
Swap:          841          2        838
Total:        1328        464        864

=========Sun Apr 17 10:40:01 UTC 2011========
             total       used       free     shared    buffers     cached
Mem:           487        463         24          0         14        382
-/+ buffers/cache:         66        421
Swap:          841          2        838
Total:        1328        465        863

=========Sun Apr 17 10:45:01 UTC 2011========
             total       used       free     shared    buffers     cached
Mem:           487        462         24          0         15        382
-/+ buffers/cache:         65        422
Swap:          841          2        838
Total:        1328        465        863

=========Sun Apr 17 10:50:01 UTC 2011========
             total       used       free     shared    buffers     cached
Mem:           487        463         23          0         15        382
-/+ buffers/cache:         66        421
Swap:          841          2        838
Total:        1328        466        862

=========Sun Apr 17 10:55:01 UTC 2011========
             total       used       free     shared    buffers     cached
Mem:           487        463         23          0         15        382
-/+ buffers/cache:         65        422
Swap:          841          2        838
Total:        1328        466        862

=========Sun Apr 17 11:00:01 UTC 2011========
             total       used       free     shared    buffers     cached
Mem:           487        465         22          0         16        382
-/+ buffers/cache:         66        421
Swap:          841          2        838
Total:        1328        467        861

=========Sun Apr 17 11:05:01 UTC 2011========
             total       used       free     shared    buffers     cached
Mem:           487        464         22          0         16        382
-/+ buffers/cache:         65        421
Swap:          841          2        838
Total:        1328        467        861

=========Sun Apr 17 11:10:01 UTC 2011========
             total       used       free     shared    buffers     cached
Mem:           487        466         21          0         16        382
-/+ buffers/cache:         66        420
Swap:          841          2        838
Total:        1328        468        860

=========Sun Apr 17 11:15:01 UTC 2011========
             total       used       free     shared    buffers     cached
Mem:           487        465         22          0         17        382
-/+ buffers/cache:         65        421
Swap:          841          2        838
Total:        1328        468        860

=========Sun Apr 17 11:20:01 UTC 2011========
             total       used       free     shared    buffers     cached
Mem:           487        466         20          0         17        382
-/+ buffers/cache:         66        420
Swap:          841          2        838
Total:        1328        469        859

=========Sun Apr 17 11:25:01 UTC 2011========
             total       used       free     shared    buffers     cached
Mem:           487        465         21          0         17        382
-/+ buffers/cache:         65        422
Swap:          841          2        838
Total:        1328        468        860

=========Sun Apr 17 11:30:01 UTC 2011========
             total       used       free     shared    buffers     cached
Mem:           487        467         19          0         18        382
-/+ buffers/cache:         66        421
Swap:          841          2        838
Total:        1328        470        858

=========Sun Apr 17 11:35:01 UTC 2011========
             total       used       free     shared    buffers     cached
Mem:           487        466         20          0         18        382
-/+ buffers/cache:         65        422
Swap:          841          2        838
Total:        1328        469        859

=========Sun Apr 17 11:40:01 UTC 2011========
             total       used       free     shared    buffers     cached
Mem:           487        468         19          0         19        382
-/+ buffers/cache:         66        421
Swap:          841          2        838
Total:        1328        470        858

=========Sun Apr 17 11:45:02 UTC 2011========
             total       used       free     shared    buffers     cached
Mem:           487        467         20          0         19        382
-/+ buffers/cache:         64        422
Swap:          841          2        838
Total:        1328        470        858

=========Sun Apr 17 11:50:01 UTC 2011========
             total       used       free     shared    buffers     cached
Mem:           487        469         18          0         19        383
-/+ buffers/cache:         66        421
Swap:          841          2        838
Total:        1328        471        857

=========Sun Apr 17 11:55:01 UTC 2011========
             total       used       free     shared    buffers     cached
Mem:           487        468         18          0         20        383
-/+ buffers/cache:         65        422
Swap:          841          2        838
Total:        1328        471        857

=========Sun Apr 17 12:00:01 UTC 2011========
             total       used       free     shared    buffers     cached
Mem:           487        470         17          0         20        383
-/+ buffers/cache:         66        421
Swap:          841          2        838
Total:        1328        472        856

=========Sun Apr 17 12:05:01 UTC 2011========
             total       used       free     shared    buffers     cached
Mem:           487        469         18          0         20        383
-/+ buffers/cache:         65        422
Swap:          841          2        838
Total:        1328        471        857

=========Sun Apr 17 12:10:01 UTC 2011========
             total       used       free     shared    buffers     cached
Mem:           487        470         16          0         21        383
-/+ buffers/cache:         66        421
Swap:          841          2        838
Total:        1328        473        855

=========Sun Apr 17 12:15:01 UTC 2011========
             total       used       free     shared    buffers     cached
Mem:           487        470         16          0         21        383
-/+ buffers/cache:         65        422
Swap:          841          2        838
Total:        1328        473        855

=========Sun Apr 17 12:20:01 UTC 2011========
             total       used       free     shared    buffers     cached
Mem:           487        471         15          0         22        383
-/+ buffers/cache:         66        421
Swap:          841          2        838
Total:        1328        474        854

=========Sun Apr 17 12:25:01 UTC 2011========
             total       used       free     shared    buffers     cached
Mem:           487        471         16          0         22        383
-/+ buffers/cache:         65        422
Swap:          841          2        838
Total:        1328        474        854

=========Sun Apr 17 12:30:01 UTC 2011========
             total       used       free     shared    buffers     cached
Mem:           487        472         14          0         23        383
-/+ buffers/cache:         65        421
Swap:          841          2        838
Total:        1328        475        853

=========Sun Apr 17 12:35:01 UTC 2011========
             total       used       free     shared    buffers     cached
Mem:           487        472         14          0         23        383
-/+ buffers/cache:         65        422
Swap:          841          2        838
Total:        1328        475        853

=========Sun Apr 17 12:40:01 UTC 2011========
             total       used       free     shared    buffers     cached
Mem:           487        473         13          0         23        383
-/+ buffers/cache:         66        421
Swap:          841          2        838
Total:        1328        476        852

=========Sun Apr 17 12:45:01 UTC 2011========
             total       used       free     shared    buffers     cached
Mem:           487        473         13          0         24        383
-/+ buffers/cache:         65        422
Swap:          841          2        838
Total:        1328        476        852

=========Sun Apr 17 12:50:01 UTC 2011========
             total       used       free     shared    buffers     cached
Mem:           487        474         13          0         24        383
-/+ buffers/cache:         65        421
Swap:          841          2        838
Total:        1328        477        851

=========Sun Apr 17 12:55:01 UTC 2011========
             total       used       free     shared    buffers     cached
Mem:           487        474         13          0         25        383
-/+ buffers/cache:         65        422
Swap:          841          2        838
Total:        1328        477        851

=========Sun Apr 17 13:00:01 UTC 2011========
             total       used       free     shared    buffers     cached
Mem:           487        476         11          0         25        384
-/+ buffers/cache:         66        420
Swap:          841          2        838
Total:        1328        478        850

=========Sun Apr 17 13:05:01 UTC 2011========
             total       used       free     shared    buffers     cached
Mem:           487        475         11          0         25        384
-/+ buffers/cache:         65        421
Swap:          841          2        838
Total:        1328        478        850

=========Sun Apr 17 13:10:01 UTC 2011========
             total       used       free     shared    buffers     cached
Mem:           487        476         11          0         26        384
-/+ buffers/cache:         65        421
Swap:          841          2        838
Total:        1328        479        849

=========Sun Apr 17 13:15:01 UTC 2011========
             total       used       free     shared    buffers     cached
Mem:           487        476         11          0         26        384
-/+ buffers/cache:         65        421
Swap:          841          2        838
Total:        1328        479        849

=========Sun Apr 17 13:20:01 UTC 2011========
             total       used       free     shared    buffers     cached
Mem:           487        477          9          0         27        384
-/+ buffers/cache:         66        421
Swap:          841          2        838
Total:        1328        480        848

=========Sun Apr 17 13:25:01 UTC 2011========
             total       used       free     shared    buffers     cached
Mem:           487        476         10          0         27        384
-/+ buffers/cache:         65        422
Swap:          841          2        838
Total:        1328        479        849

=========Sun Apr 17 13:30:01 UTC 2011========
             total       used       free     shared    buffers     cached
Mem:           487        478          9          0         27        384
-/+ buffers/cache:         66        421
Swap:          841          2        838
Total:        1328        480        848

=========Sun Apr 17 13:35:01 UTC 2011========
             total       used       free     shared    buffers     cached
Mem:           487        478          9          0         28        384
-/+ buffers/cache:         65        421
Swap:          841          2        838
Total:        1328        480        848

=========Sun Apr 17 13:40:01 UTC 2011========
             total       used       free     shared    buffers     cached
Mem:           487        479          8          0         28        384
-/+ buffers/cache:         66        421
Swap:          841          2        838
Total:        1328        481        847

=========Sun Apr 17 13:45:01 UTC 2011========
             total       used       free     shared    buffers     cached
Mem:           487        478          8          0         28        384
-/+ buffers/cache:         65        422
Swap:          841          2        838
Total:        1328        481        847

=========Sun Apr 17 13:50:01 UTC 2011========
             total       used       free     shared    buffers     cached
Mem:           487        480          7          0         29        384
-/+ buffers/cache:         66        420
Swap:          841          2        838
Total:        1328        482        846

=========Sun Apr 17 13:55:01 UTC 2011========
             total       used       free     shared    buffers     cached
Mem:           487        479          8          0         29        384
-/+ buffers/cache:         65        422
Swap:          841          2        838
Total:        1328        482        846

=========Sun Apr 17 14:00:01 UTC 2011========
             total       used       free     shared    buffers     cached
Mem:           487        481          5          0         29        384
-/+ buffers/cache:         67        420
Swap:          841          2        838
Total:        1328        484        844

=========Sun Apr 17 14:05:01 UTC 2011========
             total       used       free     shared    buffers     cached
Mem:           487        479          8          0         30        383
-/+ buffers/cache:         65        421
Swap:          841          2        838
Total:        1328        482        846

=========Sun Apr 17 14:10:01 UTC 2011========
             total       used       free     shared    buffers     cached
Mem:           487        480          7          0         30        383
-/+ buffers/cache:         66        421
Swap:          841          2        838
Total:        1328        482        846

=========Sun Apr 17 14:15:01 UTC 2011========
             total       used       free     shared    buffers     cached
Mem:           487        480          7          0         30        383
-/+ buffers/cache:         65        421
Swap:          841          2        838
Total:        1328        482        846

=========Sun Apr 17 14:20:01 UTC 2011========
             total       used       free     shared    buffers     cached
Mem:           487        481          6          0         31        383
-/+ buffers/cache:         66        420
Swap:          841          2        838
Total:        1328        484        844

=========Sun Apr 17 14:25:01 UTC 2011========
             total       used       free     shared    buffers     cached
Mem:           487        480          7          0         31        383
-/+ buffers/cache:         65        421
Swap:          841          2        838
Total:        1328        482        845

=========Sun Apr 17 14:30:01 UTC 2011========
             total       used       free     shared    buffers     cached
Mem:           487        481          6          0         31        383
-/+ buffers/cache:         66        420
Swap:          841          2        838
Total:        1328        484        844

=========Sun Apr 17 14:35:01 UTC 2011========
             total       used       free     shared    buffers     cached
Mem:           487        480          7          0         32        382
-/+ buffers/cache:         65        421
Swap:          841          2        838
Total:        1328        482        845

=========Sun Apr 17 14:40:01 UTC 2011========
             total       used       free     shared    buffers     cached
Mem:           487        481          6          0         32        382
-/+ buffers/cache:         66        420
Swap:          841          2        838
Total:        1328        483        844

=========Sun Apr 17 14:45:01 UTC 2011========
             total       used       free     shared    buffers     cached
Mem:           487        480          7          0         32        381
-/+ buffers/cache:         65        421
Swap:          841          2        838
Total:        1328        482        846

=========Sun Apr 17 14:50:01 UTC 2011========
             total       used       free     shared    buffers     cached
Mem:           487        480          6          0         32        381
-/+ buffers/cache:         66        421
Swap:          841          2        838
Total:        1328        483        845

=========Sun Apr 17 14:55:01 UTC 2011========
             total       used       free     shared    buffers     cached
Mem:           487        480          6          0         33        381
-/+ buffers/cache:         66        421
Swap:          841          2        838
Total:        1328        483        845

=========Sun Apr 17 15:00:01 UTC 2011========
             total       used       free     shared    buffers     cached
Mem:           487        481          6          0         33        380
-/+ buffers/cache:         67        420
Swap:          841          2        838
Total:        1328        484        844

=========Sun Apr 17 15:05:01 UTC 2011========
             total       used       free     shared    buffers     cached
Mem:           487        479          8          0         33        379
-/+ buffers/cache:         65        421
Swap:          841          2        838
Total:        1328        481        847

=========Sun Apr 17 15:10:01 UTC 2011========
             total       used       free     shared    buffers     cached
Mem:           487        480          7          0         34        379
-/+ buffers/cache:         66        421
Swap:          841          2        838
Total:        1328        482        845

=========Sun Apr 17 15:15:01 UTC 2011========
             total       used       free     shared    buffers     cached
Mem:           487        479          7          0         34        379
-/+ buffers/cache:         65        421
Swap:          841          2        838
Total:        1328        482        846

=========Sun Apr 17 15:20:01 UTC 2011========
             total       used       free     shared    buffers     cached
Mem:           487        481          6          0         34        379
-/+ buffers/cache:         66        420
Swap:          841          2        838
Total:        1328        483        845

=========Sun Apr 17 15:25:01 UTC 2011========
             total       used       free     shared    buffers     cached
Mem:           487        479          7          0         35        379
-/+ buffers/cache:         65        421
Swap:          841          2        838
Total:        1328        482        846

=========Sun Apr 17 15:30:01 UTC 2011========
             total       used       free     shared    buffers     cached
Mem:           487        481          6          0         35        379
-/+ buffers/cache:         66        420
Swap:          841          2        838
Total:        1328        483        845

=========Sun Apr 17 15:35:01 UTC 2011========
             total       used       free     shared    buffers     cached
Mem:           487        480          6          0         35        379
-/+ buffers/cache:         65        421
Swap:          841          2        838
Total:        1328        483        845

=========Sun Apr 17 15:40:01 UTC 2011========
             total       used       free     shared    buffers     cached
Mem:           487        481          6          0         36        378
-/+ buffers/cache:         67        420
Swap:          841          2        838
Total:        1328        484        844

=========Sun Apr 17 15:45:01 UTC 2011========
             total       used       free     shared    buffers     cached
Mem:           487        480          7          0         36        377
-/+ buffers/cache:         66        421
Swap:          841          2        838
Total:        1328        482        846

=========Sun Apr 17 15:50:01 UTC 2011========
             total       used       free     shared    buffers     cached
Mem:           487        481          6          0         36        377
-/+ buffers/cache:         66        420
Swap:          841          2        838
Total:        1328        483        845

=========Sun Apr 17 15:55:01 UTC 2011========
             total       used       free     shared    buffers     cached
Mem:           487        479          7          0         36        377
-/+ buffers/cache:         65        421
Swap:          841          2        838
Total:        1328        482        846

=========Sun Apr 17 16:00:01 UTC 2011========
             total       used       free     shared    buffers     cached
Mem:           487        481          6          0         37        377
-/+ buffers/cache:         67        420
Swap:          841          2        838
Total:        1328        484        844

=========Sun Apr 17 16:05:01 UTC 2011========
             total       used       free     shared    buffers     cached
Mem:           487        479          8          0         37        376
-/+ buffers/cache:         65        421
Swap:          841          2        838
Total:        1328        481        847

=========Sun Apr 17 16:10:01 UTC 2011========
             total       used       free     shared    buffers     cached
Mem:           487        480          6          0         37        376
-/+ buffers/cache:         66        420
Swap:          841          2        838
Total:        1328        483        845

=========Sun Apr 17 16:15:01 UTC 2011========
             total       used       free     shared    buffers     cached
Mem:           487        480          7          0         38        376
-/+ buffers/cache:         66        421
Swap:          841          2        838
Total:        1328        483        845

=========Sun Apr 17 16:20:01 UTC 2011========
             total       used       free     shared    buffers     cached
Mem:           487        481          6          0         38        376
-/+ buffers/cache:         66        420
Swap:          841          2        838
Total:        1328        483        845

=========Sun Apr 17 16:25:01 UTC 2011========
             total       used       free     shared    buffers     cached
Mem:           487        479          7          0         38        375
-/+ buffers/cache:         65        421
Swap:          841          2        838
Total:        1328        482        846

=========Sun Apr 17 16:30:01 UTC 2011========
             total       used       free     shared    buffers     cached
Mem:           487        480          6          0         38        375
-/+ buffers/cache:         66        421
Swap:          841          2        838
Total:        1328        483        845

=========Sun Apr 17 16:35:01 UTC 2011========
             total       used       free     shared    buffers     cached
Mem:           487        480          7          0         39        374
-/+ buffers/cache:         65        421
Swap:          841          2        838
Total:        1328        482        846

=========Sun Apr 17 16:40:01 UTC 2011========
             total       used       free     shared    buffers     cached
Mem:           487        480          6          0         39        374
-/+ buffers/cache:         66        421
Swap:          841          2        838
Total:        1328        483        845

=========Sun Apr 17 16:45:01 UTC 2011========
             total       used       free     shared    buffers     cached
Mem:           487        480          7          0         39        374
-/+ buffers/cache:         65        421
Swap:          841          2        838
Total:        1328        482        846

=========Sun Apr 17 16:50:01 UTC 2011========
             total       used       free     shared    buffers     cached
Mem:           487        481          6          0         40        374
-/+ buffers/cache:         66        420
Swap:          841          2        838
Total:        1328        484        844

=========Sun Apr 17 16:55:01 UTC 2011========
             total       used       free     shared    buffers     cached
Mem:           487        480          7          0         40        373
-/+ buffers/cache:         66        421
Swap:          841          2        838
Total:        1328        482        846

=========Sun Apr 17 17:00:01 UTC 2011========
             total       used       free     shared    buffers     cached
Mem:           487        481          6          0         40        373
-/+ buffers/cache:         67        420
Swap:          841          2        838
Total:        1328        484        844

=========Sun Apr 17 17:05:01 UTC 2011========
             total       used       free     shared    buffers     cached
Mem:           487        480          6          0         41        373
-/+ buffers/cache:         65        421
Swap:          841          2        838
Total:        1328        483        845

=========Sun Apr 17 17:10:01 UTC 2011========
             total       used       free     shared    buffers     cached
Mem:           487        482          5          0         41        373
-/+ buffers/cache:         67        420
Swap:          841          2        838
Total:        1328        484        844

=========Sun Apr 17 17:15:01 UTC 2011========
             total       used       free     shared    buffers     cached
Mem:           487        480          7          0         41        372
-/+ buffers/cache:         65        421
Swap:          841          2        838
Total:        1328        482        846

=========Sun Apr 17 17:20:01 UTC 2011========
             total       used       free     shared    buffers     cached
Mem:           487        481          6          0         41        372
-/+ buffers/cache:         66        420
Swap:          841          2        838
Total:        1328        484        844

=========Sun Apr 17 17:25:01 UTC 2011========
             total       used       free     shared    buffers     cached
Mem:           487        480          7          0         42        371
-/+ buffers/cache:         66        421
Swap:          841          2        838
Total:        1328        482        845

=========Sun Apr 17 17:30:01 UTC 2011========
             total       used       free     shared    buffers     cached
Mem:           487        481          5          0         42        372
-/+ buffers/cache:         67        420
Swap:          841          2        838
Total:        1328        484        844

=========Sun Apr 17 17:35:01 UTC 2011========
             total       used       free     shared    buffers     cached
Mem:           487        479          8          0         42        370
-/+ buffers/cache:         65        421
Swap:          841          2        838
Total:        1328        481        846

=========Sun Apr 17 17:40:01 UTC 2011========
             total       used       free     shared    buffers     cached
Mem:           487        480          6          0         43        370
-/+ buffers/cache:         66        420
Swap:          841          2        838
Total:        1328        483        845

=========Sun Apr 17 17:45:01 UTC 2011========
             total       used       free     shared    buffers     cached
Mem:           487        480          7          0         43        370
-/+ buffers/cache:         66        421
Swap:          841          2        838
Total:        1328        483        845

=========Sun Apr 17 17:50:01 UTC 2011========
             total       used       free     shared    buffers     cached
Mem:           487        481          6          0         43        369
-/+ buffers/cache:         67        420
Swap:          841          2        838
Total:        1328        483        845

=========Sun Apr 17 17:55:01 UTC 2011========
             total       used       free     shared    buffers     cached
Mem:           487        480          7          0         44        369
-/+ buffers/cache:         66        421
Swap:          841          2        838
Total:        1328        483        845

=========Sun Apr 17 18:00:01 UTC 2011========
             total       used       free     shared    buffers     cached
Mem:           487        481          6          0         44        369
-/+ buffers/cache:         67        419
Swap:          841          2        838
Total:        1328        483        844

=========Sun Apr 17 18:05:01 UTC 2011========
             total       used       free     shared    buffers     cached
Mem:           487        480          7          0         44        369
-/+ buffers/cache:         66        421
Swap:          841          2        838
Total:        1328        482        846

=========Sun Apr 17 18:10:01 UTC 2011========
             total       used       free     shared    buffers     cached
Mem:           487        480          6          0         45        369
-/+ buffers/cache:         66        420
Swap:          841          2        838
Total:        1328        483        845

=========Sun Apr 17 18:15:01 UTC 2011========
             total       used       free     shared    buffers     cached
Mem:           487        480          7          0         45        368
-/+ buffers/cache:         66        421
Swap:          841          2        838
Total:        1328        482        846

=========Sun Apr 17 18:20:01 UTC 2011========
             total       used       free     shared    buffers     cached
Mem:           487        481          6          0         45        368
-/+ buffers/cache:         66        420
Swap:          841          2        838
Total:        1328        483        845

=========Sun Apr 17 18:25:01 UTC 2011========
             total       used       free     shared    buffers     cached
Mem:           487        479          7          0         46        367
-/+ buffers/cache:         66        421
Swap:          841          2        838
Total:        1328        482        846

=========Sun Apr 17 18:30:01 UTC 2011========
             total       used       free     shared    buffers     cached
Mem:           487        481          6          0         46        367
-/+ buffers/cache:         67        420
Swap:          841          2        838
Total:        1328        483        844

=========Sun Apr 17 18:35:01 UTC 2011========
             total       used       free     shared    buffers     cached
Mem:           487        479          7          0         46        367
-/+ buffers/cache:         65        421
Swap:          841          2        838
Total:        1328        482        846

=========Sun Apr 17 18:40:01 UTC 2011========
             total       used       free     shared    buffers     cached
Mem:           487        480          6          0         47        367
-/+ buffers/cache:         66        421
Swap:          841          2        838
Total:        1328        483        845

=========Sun Apr 17 18:45:01 UTC 2011========
             total       used       free     shared    buffers     cached
Mem:           487        480          7          0         47        366
-/+ buffers/cache:         66        421
Swap:          841          2        838
Total:        1328        483        845

=========Sun Apr 17 18:50:01 UTC 2011========
             total       used       free     shared    buffers     cached
Mem:           487        482          5          0         47        366
-/+ buffers/cache:         67        419
Swap:          841          2        838
Total:        1328        484        844

=========Sun Apr 17 18:55:01 UTC 2011========
             total       used       free     shared    buffers     cached
Mem:           487        480          7          0         47        366
-/+ buffers/cache:         66        421
Swap:          841          2        838
Total:        1328        482        846

=========Sun Apr 17 19:00:01 UTC 2011========
             total       used       free     shared    buffers     cached
Mem:           487        481          6          0         48        365
-/+ buffers/cache:         68        419
Swap:          841          2        838
Total:        1328        484        844

=========Sun Apr 17 19:05:01 UTC 2011========
             total       used       free     shared    buffers     cached
Mem:           487        479          7          0         48        365
-/+ buffers/cache:         66        421
Swap:          841          2        838
Total:        1328        482        846

=========Sun Apr 17 19:10:01 UTC 2011========
             total       used       free     shared    buffers     cached
Mem:           487        480          6          0         48        365
-/+ buffers/cache:         66        420
Swap:          841          2        838
Total:        1328        483        845

=========Sun Apr 17 19:15:01 UTC 2011========
             total       used       free     shared    buffers     cached
Mem:           487        480          6          0         48        365
-/+ buffers/cache:         66        421
Swap:          841          2        838
Total:        1328        483        845

=========Sun Apr 17 19:20:01 UTC 2011========
             total       used       free     shared    buffers     cached
Mem:           487        481          5          0         49        365
-/+ buffers/cache:         67        420
Swap:          841          2        838
Total:        1328        484        844

=========Sun Apr 17 19:25:01 UTC 2011========
             total       used       free     shared    buffers     cached
Mem:           487        479          7          0         49        364
-/+ buffers/cache:         66        421
Swap:          841          2        838
Total:        1328        482        846

=========Sun Apr 17 19:30:01 UTC 2011========
             total       used       free     shared    buffers     cached
Mem:           487        481          6          0         49        364
-/+ buffers/cache:         67        420
Swap:          841          2        838
Total:        1328        483        844

=========Sun Apr 17 19:35:01 UTC 2011========
             total       used       free     shared    buffers     cached
Mem:           487        479          7          0         49        364
-/+ buffers/cache:         65        421
Swap:          841          2        838
Total:        1328        482        846

=========Sun Apr 17 19:40:01 UTC 2011========
             total       used       free     shared    buffers     cached
Mem:           487        481          6          0         50        364
-/+ buffers/cache:         67        420
Swap:          841          2        838
Total:        1328        483        844

=========Sun Apr 17 19:45:01 UTC 2011========
             total       used       free     shared    buffers     cached
Mem:           487        479          7          0         50        363
-/+ buffers/cache:         66        421
Swap:          841          2        838
Total:        1328        482        846

=========Sun Apr 17 19:50:01 UTC 2011========
             total       used       free     shared    buffers     cached
Mem:           487        480          6          0         50        363
-/+ buffers/cache:         66        420
Swap:          841          2        838
Total:        1328        483        845

=========Sun Apr 17 19:55:01 UTC 2011========
             total       used       free     shared    buffers     cached
Mem:           487        480          7          0         50        363
-/+ buffers/cache:         66        421
Swap:          841          2        838
Total:        1328        483        845

=========Sun Apr 17 20:00:01 UTC 2011========
             total       used       free     shared    buffers     cached
Mem:           487        481          6          0         51        361
-/+ buffers/cache:         68        419
Swap:          841          2        838
Total:        1328        483        845

=========Sun Apr 17 20:05:01 UTC 2011========
             total       used       free     shared    buffers     cached
Mem:           487        479          7          0         51        361
-/+ buffers/cache:         66        421
Swap:          841          2        838
Total:        1328        482        846

=========Sun Apr 17 20:10:01 UTC 2011========
             total       used       free     shared    buffers     cached
Mem:           487        480          7          0         51        361
-/+ buffers/cache:         66        420
Swap:          841          2        838
Total:        1328        483        845

=========Sun Apr 17 20:15:01 UTC 2011========
             total       used       free     shared    buffers     cached
Mem:           487        480          7          0         51        361
-/+ buffers/cache:         66        421
Swap:          841          2        838
Total:        1328        482        846

=========Sun Apr 17 20:20:01 UTC 2011========
             total       used       free     shared    buffers     cached
Mem:           487        481          6          0         52        361
-/+ buffers/cache:         67        420
Swap:          841          2        838
Total:        1328        483        845

=========Sun Apr 17 20:25:01 UTC 2011========
             total       used       free     shared    buffers     cached
Mem:           487        481          6          0         52        362
-/+ buffers/cache:         66        421
Swap:          841          2        838
Total:        1328        483        845
