
=========Sun Apr 17 05:25:01 UTC 2011========
             total       used       free     shared    buffers     cached
Mem:           487        478          9          0         13        215
-/+ buffers/cache:        250        237
Swap:          841          0        840
Total:        1328        479        849

=========Sun Apr 17 05:30:01 UTC 2011========
             total       used       free     shared    buffers     cached
Mem:           487        481          5          0          0        105
-/+ buffers/cache:        375        111
Swap:          841          1        839
Total:        1328        483        845

=========Sun Apr 17 05:35:01 UTC 2011========
             total       used       free     shared    buffers     cached
Mem:           487        469         17          0          0        393
-/+ buffers/cache:         75        411
Swap:          841          1        839
Total:        1328        471        857

=========Sun Apr 17 05:40:01 UTC 2011========
             total       used       free     shared    buffers     cached
Mem:           487        481          5          0          0        405
-/+ buffers/cache:         75        412
Swap:          841          1        839
Total:        1328        483        845

=========Sun Apr 17 05:45:01 UTC 2011========
             total       used       free     shared    buffers     cached
Mem:           487        481          6          0          0        395
-/+ buffers/cache:         85        402
Swap:          841          1        839
Total:        1328        483        845

=========Sun Apr 17 05:50:01 UTC 2011========
             total       used       free     shared    buffers     cached
Mem:           487        308        179          0          0        210
-/+ buffers/cache:         96        390
Swap:          841          1        839
Total:        1328        310       1018

=========Sun Apr 17 05:55:01 UTC 2011========
             total       used       free     shared    buffers     cached
Mem:           487        418         69          0          1        321
-/+ buffers/cache:         95        392
Swap:          841          1        839
Total:        1328        420        908

=========Sun Apr 17 06:00:01 UTC 2011========
             total       used       free     shared    buffers     cached
Mem:           487        481          5          0          1        383
-/+ buffers/cache:         97        389
Swap:          841          1        839
Total:        1328        483        845

=========Sun Apr 17 06:05:01 UTC 2011========
             total       used       free     shared    buffers     cached
Mem:           487        481          6          0          0        375
-/+ buffers/cache:        104        382
Swap:          841          2        839
Total:        1328        483        845

=========Sun Apr 17 06:10:01 UTC 2011========
             total       used       free     shared    buffers     cached
Mem:           487        481          5          0          0        399
-/+ buffers/cache:         81        405
Swap:          841          2        839
Total:        1328        484        844

=========Sun Apr 17 06:15:01 UTC 2011========
             total       used       free     shared    buffers     cached
Mem:           487        482          5          0          0        370
-/+ buffers/cache:        110        376
Swap:          841          2        839
Total:        1328        484        844

=========Sun Apr 17 06:20:01 UTC 2011========
             total       used       free     shared    buffers     cached
Mem:           487        481          5          0          0        398
-/+ buffers/cache:         81        405
Swap:          841          2        839
Total:        1328        484        844

=========Sun Apr 17 06:25:01 UTC 2011========
             total       used       free     shared    buffers     cached
Mem:           487        481          6          0          1        390
-/+ buffers/cache:         89        397
Swap:          841          2        839
Total:        1328        483        845

=========Sun Apr 17 06:30:01 UTC 2011========
             total       used       free     shared    buffers     cached
Mem:           487        482          5          0          1        386
-/+ buffers/cache:         94        393
Swap:          841          2        839
Total:        1328        484        844

=========Sun Apr 17 06:35:01 UTC 2011========
             total       used       free     shared    buffers     cached
Mem:           487        391         95          0          0        297
-/+ buffers/cache:         93        394
Swap:          841          2        839
Total:        1328        394        934

=========Sun Apr 17 06:40:01 UTC 2011========
             total       used       free     shared    buffers     cached
Mem:           487        481          5          0          0        386
-/+ buffers/cache:         94        393
Swap:          841          2        839
Total:        1328        484        844

=========Sun Apr 17 06:45:01 UTC 2011========
             total       used       free     shared    buffers     cached
Mem:           487        481          5          0          0        387
-/+ buffers/cache:         93        393
Swap:          841          2        839
Total:        1328        483        845

=========Sun Apr 17 06:50:01 UTC 2011========
             total       used       free     shared    buffers     cached
Mem:           487        481          5          0          0        386
-/+ buffers/cache:         94        392
Swap:          841          2        839
Total:        1328        483        844

=========Sun Apr 17 06:55:01 UTC 2011========
             total       used       free     shared    buffers     cached
Mem:           487        481          5          0          0        398
-/+ buffers/cache:         82        404
Swap:          841          2        839
Total:        1328        484        844

=========Sun Apr 17 07:00:01 UTC 2011========
             total       used       free     shared    buffers     cached
Mem:           487        481          6          0          0        404
-/+ buffers/cache:         75        411
Swap:          841          2        839
Total:        1328        483        845

=========Sun Apr 17 07:05:01 UTC 2011========
             total       used       free     shared    buffers     cached
Mem:           487        481          6          0          0        406
-/+ buffers/cache:         73        413
Swap:          841          2        839
Total:        1328        483        845

=========Sun Apr 17 07:10:01 UTC 2011========
             total       used       free     shared    buffers     cached
Mem:           487        481          6          0          0        405
-/+ buffers/cache:         74        412
Swap:          841          3        838
Total:        1328        484        844

=========Sun Apr 17 07:15:01 UTC 2011========
             total       used       free     shared    buffers     cached
Mem:           487        481          6          0          0        406
-/+ buffers/cache:         73        413
Swap:          841          3        838
Total:        1328        484        844

=========Sun Apr 17 07:20:01 UTC 2011========
             total       used       free     shared    buffers     cached
Mem:           487        481          6          0          0        406
-/+ buffers/cache:         74        412
Swap:          841          3        838
Total:        1328        484        844

=========Sun Apr 17 07:25:01 UTC 2011========
             total       used       free     shared    buffers     cached
Mem:           487        481          6          0          0        406
-/+ buffers/cache:         73        413
Swap:          841          3        838
Total:        1328        484        844

=========Sun Apr 17 07:30:01 UTC 2011========
             total       used       free     shared    buffers     cached
Mem:           487        481          5          0          0        406
-/+ buffers/cache:         75        412
Swap:          841          3        838
Total:        1328        484        843

=========Sun Apr 17 07:35:01 UTC 2011========
             total       used       free     shared    buffers     cached
Mem:           487        481          5          0          0        407
-/+ buffers/cache:         73        413
Swap:          841          3        838
Total:        1328        484        844

=========Sun Apr 17 07:40:01 UTC 2011========
             total       used       free     shared    buffers     cached
Mem:           487        481          5          0          0        409
-/+ buffers/cache:         71        416
Swap:          841          3        838
Total:        1328        484        843

=========Sun Apr 17 07:45:01 UTC 2011========
             total       used       free     shared    buffers     cached
Mem:           487        481          6          0          0        409
-/+ buffers/cache:         71        415
Swap:          841          3        838
Total:        1328        484        844

=========Sun Apr 17 07:50:01 UTC 2011========
             total       used       free     shared    buffers     cached
Mem:           487        481          5          0          0        409
-/+ buffers/cache:         71        415
Swap:          841          3        838
Total:        1328        484        844

=========Sun Apr 17 07:55:01 UTC 2011========
             total       used       free     shared    buffers     cached
Mem:           487        481          5          0          0        411
-/+ buffers/cache:         70        417
Swap:          841          3        838
Total:        1328        485        843

=========Sun Apr 17 08:00:01 UTC 2011========
             total       used       free     shared    buffers     cached
Mem:           487        481          6          0          0        408
-/+ buffers/cache:         72        414
Swap:          841          3        838
Total:        1328        484        844

=========Sun Apr 17 08:05:01 UTC 2011========
             total       used       free     shared    buffers     cached
Mem:           487        481          5          0          0        410
-/+ buffers/cache:         70        417
Swap:          841          3        838
Total:        1328        484        844

=========Sun Apr 17 08:10:01 UTC 2011========
             total       used       free     shared    buffers     cached
Mem:           487        481          5          0          0        409
-/+ buffers/cache:         71        415
Swap:          841          3        838
Total:        1328        484        844

=========Sun Apr 17 08:15:01 UTC 2011========
             total       used       free     shared    buffers     cached
Mem:           487        481          6          0          0        410
-/+ buffers/cache:         70        417
Swap:          841          3        838
Total:        1328        484        844

=========Sun Apr 17 08:20:01 UTC 2011========
             total       used       free     shared    buffers     cached
Mem:           487        481          6          0          0        409
-/+ buffers/cache:         71        416
Swap:          841          3        838
Total:        1328        484        844

=========Sun Apr 17 08:25:01 UTC 2011========
             total       used       free     shared    buffers     cached
Mem:           487        479          7          0          0        413
-/+ buffers/cache:         65        422
Swap:          841          3        838
Total:        1328        482        846

=========Sun Apr 17 08:30:01 UTC 2011========
             total       used       free     shared    buffers     cached
Mem:           487        481          6          0          1        413
-/+ buffers/cache:         66        421
Swap:          841          3        838
Total:        1328        484        844

=========Sun Apr 17 08:35:01 UTC 2011========
             total       used       free     shared    buffers     cached
Mem:           487        480          6          0          1        414
-/+ buffers/cache:         65        422
Swap:          841          3        838
Total:        1328        484        844

=========Sun Apr 17 08:40:01 UTC 2011========
             total       used       free     shared    buffers     cached
Mem:           487        481          6          0          2        412
-/+ buffers/cache:         66        420
Swap:          841          3        838
Total:        1328        484        844

=========Sun Apr 17 08:45:01 UTC 2011========
             total       used       free     shared    buffers     cached
Mem:           487        480          7          0          2        412
-/+ buffers/cache:         65        422
Swap:          841          3        838
Total:        1328        483        845

=========Sun Apr 17 08:50:01 UTC 2011========
             total       used       free     shared    buffers     cached
Mem:           487        481          6          0          2        412
-/+ buffers/cache:         65        421
Swap:          841          3        838
Total:        1328        484        844

=========Sun Apr 17 08:55:01 UTC 2011========
             total       used       free     shared    buffers     cached
Mem:           487        480          6          0          3        412
-/+ buffers/cache:         64        422
Swap:          841          3        838
Total:        1328        483        845

=========Sun Apr 17 09:00:01 UTC 2011========
             total       used       free     shared    buffers     cached
Mem:           487        482          5          0          3        412
-/+ buffers/cache:         65        421
Swap:          841          3        838
Total:        1328        485        843

=========Sun Apr 17 09:05:01 UTC 2011========
             total       used       free     shared    buffers     cached
Mem:           487        480          7          0          3        411
-/+ buffers/cache:         64        422
Swap:          841          3        838
Total:        1328        483        845

=========Sun Apr 17 09:10:01 UTC 2011========
             total       used       free     shared    buffers     cached
Mem:           487        481          6          0          4        411
-/+ buffers/cache:         65        422
Swap:          841          3        838
Total:        1328        484        844

=========Sun Apr 17 09:15:01 UTC 2011========
             total       used       free     shared    buffers     cached
Mem:           487        480          7          0          4        410
-/+ buffers/cache:         65        422
Swap:          841          3        838
Total:        1328        483        845

=========Sun Apr 17 09:20:01 UTC 2011========
             total       used       free     shared    buffers     cached
Mem:           487        481          6          0          4        410
-/+ buffers/cache:         65        421
Swap:          841          3        838
Total:        1328        484        844

=========Sun Apr 17 09:25:01 UTC 2011========
             total       used       free     shared    buffers     cached
Mem:           487        480          7          0          5        409
-/+ buffers/cache:         65        422
Swap:          841          3        838
Total:        1328        483        845

=========Sun Apr 17 09:30:01 UTC 2011========
             total       used       free     shared    buffers     cached
Mem:           487        481          6          0          5        409
-/+ buffers/cache:         65        421
Swap:          841          3        838
Total:        1328        484        844

=========Sun Apr 17 09:35:01 UTC 2011========
             total       used       free     shared    buffers     cached
Mem:           487        480          6          0          6        409
-/+ buffers/cache:         65        422
Swap:          841          3        838
Total:        1328        483        845

=========Sun Apr 17 09:40:01 UTC 2011========
             total       used       free     shared    buffers     cached
Mem:           487        480          6          0          6        407
-/+ buffers/cache:         66        420
Swap:          841          3        838
Total:        1328        484        844

=========Sun Apr 17 09:45:01 UTC 2011========
             total       used       free     shared    buffers     cached
Mem:           487        479          7          0          6        407
-/+ buffers/cache:         64        422
Swap:          841          3        838
Total:        1328        482        846

=========Sun Apr 17 09:50:01 UTC 2011========
             total       used       free     shared    buffers     cached
Mem:           487        481          6          0          7        407
-/+ buffers/cache:         65        421
Swap:          841          3        838
Total:        1328        484        844

=========Sun Apr 17 09:55:01 UTC 2011========
             total       used       free     shared    buffers     cached
Mem:           487        480          6          0          7        407
-/+ buffers/cache:         65        422
Swap:          841          3        838
Total:        1328        483        844

=========Sun Apr 17 10:00:01 UTC 2011========
             total       used       free     shared    buffers     cached
Mem:           487        481          6          0          8        406
-/+ buffers/cache:         66        420
Swap:          841          3        838
Total:        1328        484        844

=========Sun Apr 17 10:05:01 UTC 2011========
             total       used       free     shared    buffers     cached
Mem:           487        480          7          0          8        406
-/+ buffers/cache:         65        422
Swap:          841          3        838
Total:        1328        483        845

=========Sun Apr 17 10:10:01 UTC 2011========
             total       used       free     shared    buffers     cached
Mem:           487        481          6          0          8        406
-/+ buffers/cache:         65        421
Swap:          841          3        838
Total:        1328        484        844

=========Sun Apr 17 10:15:01 UTC 2011========
             total       used       free     shared    buffers     cached
Mem:           487        480          6          0          9        405
-/+ buffers/cache:         65        422
Swap:          841          3        838
Total:        1328        483        845

=========Sun Apr 17 10:20:01 UTC 2011========
             total       used       free     shared    buffers     cached
Mem:           487        482          5          0          9        406
-/+ buffers/cache:         66        421
Swap:          841          3        838
Total:        1328        485        843

=========Sun Apr 17 10:25:02 UTC 2011========
             total       used       free     shared    buffers     cached
Mem:           487        480          6          0         10        405
-/+ buffers/cache:         65        422
Swap:          841          3        838
Total:        1328        483        845

=========Sun Apr 17 10:30:01 UTC 2011========
             total       used       free     shared    buffers     cached
Mem:           487        482          5          0         10        405
-/+ buffers/cache:         66        421
Swap:          841          3        838
Total:        1328        485        843

=========Sun Apr 17 10:35:01 UTC 2011========
             total       used       free     shared    buffers     cached
Mem:           487        480          6          0         11        404
-/+ buffers/cache:         65        422
Swap:          841          3        838
Total:        1328        483        845

=========Sun Apr 17 10:40:01 UTC 2011========
             total       used       free     shared    buffers     cached
Mem:           487        481          5          0         11        404
-/+ buffers/cache:         65        421
Swap:          841          3        838
Total:        1328        484        844

=========Sun Apr 17 10:45:01 UTC 2011========
             total       used       free     shared    buffers     cached
Mem:           487        480          7          0         11        403
-/+ buffers/cache:         65        422
Swap:          841          3        838
Total:        1328        483        845

=========Sun Apr 17 10:50:01 UTC 2011========
             total       used       free     shared    buffers     cached
Mem:           487        481          5          0         12        403
-/+ buffers/cache:         66        421
Swap:          841          3        838
Total:        1328        484        844

=========Sun Apr 17 10:55:01 UTC 2011========
             total       used       free     shared    buffers     cached
Mem:           487        480          7          0         12        402
-/+ buffers/cache:         64        422
Swap:          841          3        838
Total:        1328        483        845

=========Sun Apr 17 11:00:01 UTC 2011========
             total       used       free     shared    buffers     cached
Mem:           487        481          5          0         13        402
-/+ buffers/cache:         66        421
Swap:          841          3        838
Total:        1328        484        844

=========Sun Apr 17 11:05:01 UTC 2011========
             total       used       free     shared    buffers     cached
Mem:           487        481          5          0         13        402
-/+ buffers/cache:         65        422
Swap:          841          3        838
Total:        1328        484        844

=========Sun Apr 17 11:10:01 UTC 2011========
             total       used       free     shared    buffers     cached
Mem:           487        481          5          0         13        401
-/+ buffers/cache:         66        421
Swap:          841          3        838
Total:        1328        484        844

=========Sun Apr 17 11:15:01 UTC 2011========
             total       used       free     shared    buffers     cached
Mem:           487        480          7          0         14        400
-/+ buffers/cache:         65        422
Swap:          841          3        838
Total:        1328        483        845

=========Sun Apr 17 11:20:01 UTC 2011========
             total       used       free     shared    buffers     cached
Mem:           487        481          6          0         14        400
-/+ buffers/cache:         66        421
Swap:          841          3        838
Total:        1328        484        844

=========Sun Apr 17 11:25:01 UTC 2011========
             total       used       free     shared    buffers     cached
Mem:           487        479          8          0         15        399
-/+ buffers/cache:         64        422
Swap:          841          3        838
Total:        1328        482        846

=========Sun Apr 17 11:30:01 UTC 2011========
             total       used       free     shared    buffers     cached
Mem:           487        481          6          0         15        399
-/+ buffers/cache:         65        421
Swap:          841          3        838
Total:        1328        484        844

=========Sun Apr 17 11:35:01 UTC 2011========
             total       used       free     shared    buffers     cached
Mem:           487        480          7          0         15        399
-/+ buffers/cache:         64        422
Swap:          841          3        838
Total:        1328        483        845

=========Sun Apr 17 11:40:01 UTC 2011========
             total       used       free     shared    buffers     cached
Mem:           487        481          5          0         16        399
-/+ buffers/cache:         65        421
Swap:          841          3        838
Total:        1328        484        844

=========Sun Apr 17 11:45:01 UTC 2011========
             total       used       free     shared    buffers     cached
Mem:           487        479          7          0         16        398
-/+ buffers/cache:         65        422
Swap:          841          3        838
Total:        1328        483        845

=========Sun Apr 17 11:50:01 UTC 2011========
             total       used       free     shared    buffers     cached
Mem:           487        480          6          0         17        398
-/+ buffers/cache:         65        421
Swap:          841          3        838
Total:        1328        484        844

=========Sun Apr 17 11:55:01 UTC 2011========
             total       used       free     shared    buffers     cached
Mem:           487        479          7          0         17        397
-/+ buffers/cache:         65        422
Swap:          841          3        838
Total:        1328        482        846

=========Sun Apr 17 12:00:02 UTC 2011========
             total       used       free     shared    buffers     cached
Mem:           487        481          6          0         17        397
-/+ buffers/cache:         65        421
Swap:          841          3        838
Total:        1328        484        844

=========Sun Apr 17 12:05:01 UTC 2011========
             total       used       free     shared    buffers     cached
Mem:           487        480          6          0         18        397
-/+ buffers/cache:         65        422
Swap:          841          3        838
Total:        1328        483        845

=========Sun Apr 17 12:10:01 UTC 2011========
             total       used       free     shared    buffers     cached
Mem:           487        481          6          0         18        397
-/+ buffers/cache:         65        422
Swap:          841          3        838
Total:        1328        484        844

=========Sun Apr 17 12:15:01 UTC 2011========
             total       used       free     shared    buffers     cached
Mem:           487        480          7          0         18        396
-/+ buffers/cache:         65        422
Swap:          841          3        838
Total:        1328        483        845

=========Sun Apr 17 12:20:01 UTC 2011========
             total       used       free     shared    buffers     cached
Mem:           487        481          6          0         19        396
-/+ buffers/cache:         65        421
Swap:          841          3        838
Total:        1328        484        844

=========Sun Apr 17 12:25:01 UTC 2011========
             total       used       free     shared    buffers     cached
Mem:           487        479          7          0         19        395
-/+ buffers/cache:         64        422
Swap:          841          3        838
Total:        1328        483        845

=========Sun Apr 17 12:30:01 UTC 2011========
             total       used       free     shared    buffers     cached
Mem:           487        481          6          0         19        395
-/+ buffers/cache:         65        421
Swap:          841          3        838
Total:        1328        484        844

=========Sun Apr 17 12:35:01 UTC 2011========
             total       used       free     shared    buffers     cached
Mem:           487        479          8          0         20        394
-/+ buffers/cache:         64        422
Swap:          841          3        838
Total:        1328        482        846

=========Sun Apr 17 12:40:01 UTC 2011========
             total       used       free     shared    buffers     cached
Mem:           487        480          6          0         20        394
-/+ buffers/cache:         65        421
Swap:          841          3        838
Total:        1328        483        845

=========Sun Apr 17 12:45:01 UTC 2011========
             total       used       free     shared    buffers     cached
Mem:           487        480          6          0         20        394
-/+ buffers/cache:         65        422
Swap:          841          3        838
Total:        1328        483        845

=========Sun Apr 17 12:50:01 UTC 2011========
             total       used       free     shared    buffers     cached
Mem:           487        481          5          0         21        394
-/+ buffers/cache:         65        421
Swap:          841          3        838
Total:        1328        484        844

=========Sun Apr 17 12:55:01 UTC 2011========
             total       used       free     shared    buffers     cached
Mem:           487        480          7          0         21        393
-/+ buffers/cache:         65        422
Swap:          841          3        838
Total:        1328        483        845

=========Sun Apr 17 13:00:01 UTC 2011========
             total       used       free     shared    buffers     cached
Mem:           487        481          5          0         21        393
-/+ buffers/cache:         66        421
Swap:          841          3        838
Total:        1328        484        844

=========Sun Apr 17 13:05:01 UTC 2011========
             total       used       free     shared    buffers     cached
Mem:           487        479          8          0         22        392
-/+ buffers/cache:         64        422
Swap:          841          3        838
Total:        1328        482        846

=========Sun Apr 17 13:10:01 UTC 2011========
             total       used       free     shared    buffers     cached
Mem:           487        480          6          0         22        392
-/+ buffers/cache:         66        421
Swap:          841          3        838
Total:        1328        484        844

=========Sun Apr 17 13:15:01 UTC 2011========
             total       used       free     shared    buffers     cached
Mem:           487        480          7          0         23        392
-/+ buffers/cache:         65        422
Swap:          841          3        838
Total:        1328        483        845

=========Sun Apr 17 13:20:01 UTC 2011========
             total       used       free     shared    buffers     cached
Mem:           487        481          5          0         23        392
-/+ buffers/cache:         66        421
Swap:          841          3        838
Total:        1328        485        843

=========Sun Apr 17 13:25:01 UTC 2011========
             total       used       free     shared    buffers     cached
Mem:           487        480          7          0         23        391
-/+ buffers/cache:         65        422
Swap:          841          3        838
Total:        1328        483        845

=========Sun Apr 17 13:30:01 UTC 2011========
             total       used       free     shared    buffers     cached
Mem:           487        481          6          0         24        391
-/+ buffers/cache:         65        421
Swap:          841          3        838
Total:        1328        484        844

=========Sun Apr 17 13:35:01 UTC 2011========
             total       used       free     shared    buffers     cached
Mem:           487        480          7          0         24        390
-/+ buffers/cache:         65        422
Swap:          841          3        838
Total:        1328        483        845

=========Sun Apr 17 13:40:01 UTC 2011========
             total       used       free     shared    buffers     cached
Mem:           487        482          5          0         24        390
-/+ buffers/cache:         66        421
Swap:          841          3        838
Total:        1328        485        843

=========Sun Apr 17 13:45:01 UTC 2011========
             total       used       free     shared    buffers     cached
Mem:           487        480          7          0         25        389
-/+ buffers/cache:         65        422
Swap:          841          3        838
Total:        1328        483        845

=========Sun Apr 17 13:50:01 UTC 2011========
             total       used       free     shared    buffers     cached
Mem:           487        481          6          0         25        389
-/+ buffers/cache:         65        421
Swap:          841          3        838
Total:        1328        484        844

=========Sun Apr 17 13:55:01 UTC 2011========
             total       used       free     shared    buffers     cached
Mem:           487        480          7          0         25        389
-/+ buffers/cache:         65        422
Swap:          841          3        838
Total:        1328        483        845

=========Sun Apr 17 14:00:01 UTC 2011========
             total       used       free     shared    buffers     cached
Mem:           487        481          6          0         26        389
-/+ buffers/cache:         66        421
Swap:          841          3        838
Total:        1328        484        844

=========Sun Apr 17 14:05:01 UTC 2011========
             total       used       free     shared    buffers     cached
Mem:           487        481          6          0         26        389
-/+ buffers/cache:         65        422
Swap:          841          3        838
Total:        1328        484        844

=========Sun Apr 17 14:10:01 UTC 2011========
             total       used       free     shared    buffers     cached
Mem:           487        482          5          0         26        389
-/+ buffers/cache:         65        421
Swap:          841          3        838
Total:        1328        485        843

=========Sun Apr 17 14:15:01 UTC 2011========
             total       used       free     shared    buffers     cached
Mem:           487        480          6          0         27        387
-/+ buffers/cache:         65        421
Swap:          841          3        838
Total:        1328        483        845

=========Sun Apr 17 14:20:01 UTC 2011========
             total       used       free     shared    buffers     cached
Mem:           487        481          5          0         27        388
-/+ buffers/cache:         66        421
Swap:          841          3        838
Total:        1328        484        844

=========Sun Apr 17 14:25:01 UTC 2011========
             total       used       free     shared    buffers     cached
Mem:           487        480          7          0         27        387
-/+ buffers/cache:         65        422
Swap:          841          3        838
Total:        1328        483        845

=========Sun Apr 17 14:30:01 UTC 2011========
             total       used       free     shared    buffers     cached
Mem:           487        482          5          0         28        387
-/+ buffers/cache:         66        420
Swap:          841          3        838
Total:        1328        485        843

=========Sun Apr 17 14:35:01 UTC 2011========
             total       used       free     shared    buffers     cached
Mem:           487        480          7          0         28        386
-/+ buffers/cache:         65        422
Swap:          841          3        838
Total:        1328        483        845

=========Sun Apr 17 14:40:01 UTC 2011========
             total       used       free     shared    buffers     cached
Mem:           487        481          5          0         28        386
-/+ buffers/cache:         66        421
Swap:          841          3        838
Total:        1328        484        844

=========Sun Apr 17 14:45:01 UTC 2011========
             total       used       free     shared    buffers     cached
Mem:           487        480          7          0         29        385
-/+ buffers/cache:         65        421
Swap:          841          3        838
Total:        1328        483        845

=========Sun Apr 17 14:50:01 UTC 2011========
             total       used       free     shared    buffers     cached
Mem:           487        480          6          0         29        385
-/+ buffers/cache:         65        421
Swap:          841          3        838
Total:        1328        484        844

=========Sun Apr 17 14:55:01 UTC 2011========
             total       used       free     shared    buffers     cached
Mem:           487        479          7          0         29        385
-/+ buffers/cache:         65        422
Swap:          841          3        838
Total:        1328        483        845

=========Sun Apr 17 15:00:01 UTC 2011========
             total       used       free     shared    buffers     cached
Mem:           487        481          6          0         29        384
-/+ buffers/cache:         67        420
Swap:          841          3        838
Total:        1328        484        844

=========Sun Apr 17 15:05:01 UTC 2011========
             total       used       free     shared    buffers     cached
Mem:           487        480          7          0         30        384
-/+ buffers/cache:         65        422
Swap:          841          3        838
Total:        1328        483        845

=========Sun Apr 17 15:10:02 UTC 2011========
             total       used       free     shared    buffers     cached
Mem:           487        481          6          0         30        384
-/+ buffers/cache:         66        421
Swap:          841          3        838
Total:        1328        484        844

=========Sun Apr 17 15:15:01 UTC 2011========
             total       used       free     shared    buffers     cached
Mem:           487        479          7          0         30        383
-/+ buffers/cache:         65        422
Swap:          841          3        838
Total:        1328        482        845

=========Sun Apr 17 15:20:01 UTC 2011========
             total       used       free     shared    buffers     cached
Mem:           487        480          6          0         31        383
-/+ buffers/cache:         66        421
Swap:          841          3        838
Total:        1328        483        845

=========Sun Apr 17 15:25:01 UTC 2011========
             total       used       free     shared    buffers     cached
Mem:           487        480          6          0         31        383
-/+ buffers/cache:         65        421
Swap:          841          3        838
Total:        1328        483        845

=========Sun Apr 17 15:30:01 UTC 2011========
             total       used       free     shared    buffers     cached
Mem:           487        481          6          0         31        383
-/+ buffers/cache:         66        421
Swap:          841          3        838
Total:        1328        484        844

=========Sun Apr 17 15:35:01 UTC 2011========
             total       used       free     shared    buffers     cached
Mem:           487        480          7          0         32        382
-/+ buffers/cache:         65        422
Swap:          841          3        838
Total:        1328        483        845

=========Sun Apr 17 15:40:01 UTC 2011========
             total       used       free     shared    buffers     cached
Mem:           487        481          6          0         32        382
-/+ buffers/cache:         66        421
Swap:          841          3        838
Total:        1328        484        844

=========Sun Apr 17 15:45:01 UTC 2011========
             total       used       free     shared    buffers     cached
Mem:           487        480          7          0         32        382
-/+ buffers/cache:         65        422
Swap:          841          3        838
Total:        1328        483        845

=========Sun Apr 17 15:50:01 UTC 2011========
             total       used       free     shared    buffers     cached
Mem:           487        481          6          0         32        382
-/+ buffers/cache:         65        421
Swap:          841          3        838
Total:        1328        484        844

=========Sun Apr 17 15:55:01 UTC 2011========
             total       used       free     shared    buffers     cached
Mem:           487        479          7          0         33        381
-/+ buffers/cache:         65        422
Swap:          841          3        838
Total:        1328        482        846

=========Sun Apr 17 16:00:01 UTC 2011========
             total       used       free     shared    buffers     cached
Mem:           487        481          5          0         33        381
-/+ buffers/cache:         67        420
Swap:          841          3        838
Total:        1328        484        844

=========Sun Apr 17 16:05:01 UTC 2011========
             total       used       free     shared    buffers     cached
Mem:           487        480          7          0         33        381
-/+ buffers/cache:         65        422
Swap:          841          3        838
Total:        1328        483        845

=========Sun Apr 17 16:10:01 UTC 2011========
             total       used       free     shared    buffers     cached
Mem:           487        481          5          0         34        381
-/+ buffers/cache:         66        421
Swap:          841          3        838
Total:        1328        484        844

=========Sun Apr 17 16:15:01 UTC 2011========
             total       used       free     shared    buffers     cached
Mem:           487        480          7          0         34        380
-/+ buffers/cache:         65        421
Swap:          841          3        838
Total:        1328        483        845

=========Sun Apr 17 16:20:01 UTC 2011========
             total       used       free     shared    buffers     cached
Mem:           487        481          6          0         34        380
-/+ buffers/cache:         66        421
Swap:          841          3        838
Total:        1328        484        844

=========Sun Apr 17 16:25:01 UTC 2011========
             total       used       free     shared    buffers     cached
Mem:           487        479          7          0         35        379
-/+ buffers/cache:         65        421
Swap:          841          3        838
Total:        1328        483        845

=========Sun Apr 17 16:30:01 UTC 2011========
             total       used       free     shared    buffers     cached
Mem:           487        480          6          0         35        379
-/+ buffers/cache:         66        421
Swap:          841          3        838
Total:        1328        484        844

=========Sun Apr 17 16:35:01 UTC 2011========
             total       used       free     shared    buffers     cached
Mem:           487        480          7          0         35        379
-/+ buffers/cache:         65        421
Swap:          841          3        838
Total:        1328        483        845

=========Sun Apr 17 16:40:01 UTC 2011========
             total       used       free     shared    buffers     cached
Mem:           487        481          5          0         35        379
-/+ buffers/cache:         66        421
Swap:          841          3        838
Total:        1328        484        844

=========Sun Apr 17 16:45:01 UTC 2011========
             total       used       free     shared    buffers     cached
Mem:           487        479          7          0         36        378
-/+ buffers/cache:         65        422
Swap:          841          3        838
Total:        1328        483        845

=========Sun Apr 17 16:50:01 UTC 2011========
             total       used       free     shared    buffers     cached
Mem:           487        481          6          0         36        378
-/+ buffers/cache:         66        421
Swap:          841          3        838
Total:        1328        484        844

=========Sun Apr 17 16:55:01 UTC 2011========
             total       used       free     shared    buffers     cached
Mem:           487        479          7          0         36        377
-/+ buffers/cache:         65        422
Swap:          841          3        838
Total:        1328        482        845

=========Sun Apr 17 17:00:01 UTC 2011========
             total       used       free     shared    buffers     cached
Mem:           487        481          6          0         36        376
-/+ buffers/cache:         67        419
Swap:          841          3        838
Total:        1328        484        844

=========Sun Apr 17 17:05:01 UTC 2011========
             total       used       free     shared    buffers     cached
Mem:           487        479          8          0         37        376
-/+ buffers/cache:         65        422
Swap:          841          3        838
Total:        1328        482        846

=========Sun Apr 17 17:10:01 UTC 2011========
             total       used       free     shared    buffers     cached
Mem:           487        480          7          0         37        376
-/+ buffers/cache:         66        421
Swap:          841          3        838
Total:        1328        483        845

=========Sun Apr 17 17:15:01 UTC 2011========
             total       used       free     shared    buffers     cached
Mem:           487        480          7          0         37        376
-/+ buffers/cache:         65        421
Swap:          841          3        838
Total:        1328        483        845

=========Sun Apr 17 17:20:01 UTC 2011========
             total       used       free     shared    buffers     cached
Mem:           487        480          6          0         37        376
-/+ buffers/cache:         65        421
Swap:          841          3        838
Total:        1328        483        845

=========Sun Apr 17 17:25:01 UTC 2011========
             total       used       free     shared    buffers     cached
Mem:           487        480          6          0         38        376
-/+ buffers/cache:         65        421
Swap:          841          3        838
Total:        1328        483        845

=========Sun Apr 17 17:30:01 UTC 2011========
             total       used       free     shared    buffers     cached
Mem:           487        481          5          0         38        376
-/+ buffers/cache:         66        421
Swap:          841          3        838
Total:        1328        484        844

=========Sun Apr 17 17:35:01 UTC 2011========
             total       used       free     shared    buffers     cached
Mem:           487        480          7          0         38        375
-/+ buffers/cache:         65        421
Swap:          841          3        838
Total:        1328        483        845

=========Sun Apr 17 17:40:01 UTC 2011========
             total       used       free     shared    buffers     cached
Mem:           487        481          6          0         39        375
-/+ buffers/cache:         66        421
Swap:          841          3        838
Total:        1328        484        844

=========Sun Apr 17 17:45:01 UTC 2011========
             total       used       free     shared    buffers     cached
Mem:           487        479          7          0         39        374
-/+ buffers/cache:         65        421
Swap:          841          3        838
Total:        1328        483        845

=========Sun Apr 17 17:50:01 UTC 2011========
             total       used       free     shared    buffers     cached
Mem:           487        480          6          0         39        374
-/+ buffers/cache:         66        421
Swap:          841          3        838
Total:        1328        484        844

=========Sun Apr 17 17:55:01 UTC 2011========
             total       used       free     shared    buffers     cached
Mem:           487        480          7          0         40        374
-/+ buffers/cache:         65        421
Swap:          841          3        838
Total:        1328        483        845

=========Sun Apr 17 18:00:01 UTC 2011========
             total       used       free     shared    buffers     cached
Mem:           487        482          5          0         40        374
-/+ buffers/cache:         67        420
Swap:          841          3        838
Total:        1328        485        843

=========Sun Apr 17 18:05:01 UTC 2011========
             total       used       free     shared    buffers     cached
Mem:           487        479          7          0         40        373
-/+ buffers/cache:         65        421
Swap:          841          3        838
Total:        1328        483        845

=========Sun Apr 17 18:10:01 UTC 2011========
             total       used       free     shared    buffers     cached
Mem:           487        480          6          0         40        373
-/+ buffers/cache:         66        420
Swap:          841          3        838
Total:        1328        483        844

=========Sun Apr 17 18:15:01 UTC 2011========
             total       used       free     shared    buffers     cached
Mem:           487        480          6          0         41        373
-/+ buffers/cache:         66        421
Swap:          841          3        838
Total:        1328        483        845

=========Sun Apr 17 18:20:01 UTC 2011========
             total       used       free     shared    buffers     cached
Mem:           487        481          6          0         41        373
-/+ buffers/cache:         66        421
Swap:          841          3        838
Total:        1328        484        844

=========Sun Apr 17 18:25:01 UTC 2011========
             total       used       free     shared    buffers     cached
Mem:           487        480          7          0         41        372
-/+ buffers/cache:         65        421
Swap:          841          3        838
Total:        1328        483        845

=========Sun Apr 17 18:30:01 UTC 2011========
             total       used       free     shared    buffers     cached
Mem:           487        481          6          0         41        372
-/+ buffers/cache:         66        420
Swap:          841          3        838
Total:        1328        484        844

=========Sun Apr 17 18:35:01 UTC 2011========
             total       used       free     shared    buffers     cached
Mem:           487        480          7          0         42        372
-/+ buffers/cache:         65        421
Swap:          841          3        838
Total:        1328        483        845

=========Sun Apr 17 18:40:01 UTC 2011========
             total       used       free     shared    buffers     cached
Mem:           487        481          6          0         42        372
-/+ buffers/cache:         66        420
Swap:          841          3        838
Total:        1328        484        844

=========Sun Apr 17 18:45:01 UTC 2011========
             total       used       free     shared    buffers     cached
Mem:           487        479          7          0         42        371
-/+ buffers/cache:         65        422
Swap:          841          3        838
Total:        1328        482        846

=========Sun Apr 17 18:50:01 UTC 2011========
             total       used       free     shared    buffers     cached
Mem:           487        480          6          0         43        371
-/+ buffers/cache:         66        421
Swap:          841          3        838
Total:        1328        483        845

=========Sun Apr 17 18:55:01 UTC 2011========
             total       used       free     shared    buffers     cached
Mem:           487        479          7          0         43        370
-/+ buffers/cache:         65        421
Swap:          841          3        838
Total:        1328        483        845

=========Sun Apr 17 19:00:01 UTC 2011========
             total       used       free     shared    buffers     cached
Mem:           487        481          5          0         43        370
-/+ buffers/cache:         67        420
Swap:          841          3        838
Total:        1328        484        844

=========Sun Apr 17 19:05:01 UTC 2011========
             total       used       free     shared    buffers     cached
Mem:           487        480          7          0         43        370
-/+ buffers/cache:         65        421
Swap:          841          3        838
Total:        1328        483        845

=========Sun Apr 17 19:10:01 UTC 2011========
             total       used       free     shared    buffers     cached
Mem:           487        481          6          0         44        370
-/+ buffers/cache:         66        420
Swap:          841          3        838
Total:        1328        484        844

=========Sun Apr 17 19:15:01 UTC 2011========
             total       used       free     shared    buffers     cached
Mem:           487        480          7          0         44        370
-/+ buffers/cache:         65        421
Swap:          841          3        838
Total:        1328        483        845

=========Sun Apr 17 19:20:01 UTC 2011========
             total       used       free     shared    buffers     cached
Mem:           487        481          5          0         44        370
-/+ buffers/cache:         66        420
Swap:          841          3        838
Total:        1328        484        844

=========Sun Apr 17 19:25:01 UTC 2011========
             total       used       free     shared    buffers     cached
Mem:           487        480          7          0         44        369
-/+ buffers/cache:         66        421
Swap:          841          3        838
Total:        1328        483        845

=========Sun Apr 17 19:30:01 UTC 2011========
             total       used       free     shared    buffers     cached
Mem:           487        481          6          0         45        369
-/+ buffers/cache:         66        420
Swap:          841          3        838
Total:        1328        484        844

=========Sun Apr 17 19:35:01 UTC 2011========
             total       used       free     shared    buffers     cached
Mem:           487        479          7          0         45        368
-/+ buffers/cache:         65        421
Swap:          841          3        838
Total:        1328        483        845

=========Sun Apr 17 19:40:01 UTC 2011========
             total       used       free     shared    buffers     cached
Mem:           487        481          6          0         45        368
-/+ buffers/cache:         66        420
Swap:          841          3        838
Total:        1328        484        844

=========Sun Apr 17 19:45:01 UTC 2011========
             total       used       free     shared    buffers     cached
Mem:           487        480          7          0         45        368
-/+ buffers/cache:         65        421
Swap:          841          3        838
Total:        1328        483        845

=========Sun Apr 17 19:50:01 UTC 2011========
             total       used       free     shared    buffers     cached
Mem:           487        481          5          0         46        368
-/+ buffers/cache:         66        420
Swap:          841          3        838
Total:        1328        484        844

=========Sun Apr 17 19:55:01 UTC 2011========
             total       used       free     shared    buffers     cached
Mem:           487        480          7          0         46        368
-/+ buffers/cache:         65        421
Swap:          841          3        838
Total:        1328        483        845

=========Sun Apr 17 20:00:01 UTC 2011========
             total       used       free     shared    buffers     cached
Mem:           487        481          5          0         46        368
-/+ buffers/cache:         67        420
Swap:          841          3        838
Total:        1328        484        844

=========Sun Apr 17 20:05:01 UTC 2011========
             total       used       free     shared    buffers     cached
Mem:           487        479          8          0         46        367
-/+ buffers/cache:         65        421
Swap:          841          3        838
Total:        1328        482        846

=========Sun Apr 17 20:10:01 UTC 2011========
             total       used       free     shared    buffers     cached
Mem:           487        480          7          0         46        367
-/+ buffers/cache:         66        421
Swap:          841          3        838
Total:        1328        483        845

=========Sun Apr 17 20:15:01 UTC 2011========
             total       used       free     shared    buffers     cached
Mem:           487        480          7          0         47        367
-/+ buffers/cache:         65        421
Swap:          841          3        838
Total:        1328        483        845

=========Sun Apr 17 20:20:01 UTC 2011========
             total       used       free     shared    buffers     cached
Mem:           487        481          6          0         47        367
-/+ buffers/cache:         66        420
Swap:          841          3        838
Total:        1328        484        844

=========Sun Apr 17 20:25:01 UTC 2011========
             total       used       free     shared    buffers     cached
Mem:           487        479          7          0         47        366
-/+ buffers/cache:         66        421
Swap:          841          3        838
Total:        1328        483        845

=========Sun Apr 17 20:30:01 UTC 2011========
             total       used       free     shared    buffers     cached
Mem:           487        480          6          0         47        366
-/+ buffers/cache:         66        420
Swap:          841          3        838
Total:        1328        484        844
