
=========Sat Apr 16 06:35:01 UTC 2011========
             total       used       free     shared    buffers     cached
Mem:           487        457         30          0         36        339
-/+ buffers/cache:         80        406
Swap:          841          0        841
Total:        1328        457        871

=========Sat Apr 16 06:40:01 UTC 2011========
             total       used       free     shared    buffers     cached
Mem:           487        458         28          0         37        339
-/+ buffers/cache:         81        406
Swap:          841          0        841
Total:        1328        458        870

=========Sat Apr 16 06:45:01 UTC 2011========
             total       used       free     shared    buffers     cached
Mem:           487        460         26          0         38        343
-/+ buffers/cache:         79        407
Swap:          841          0        841
Total:        1328        460        867

=========Sat Apr 16 06:50:01 UTC 2011========
             total       used       free     shared    buffers     cached
Mem:           487        461         25          0         38        343
-/+ buffers/cache:         80        407
Swap:          841          0        841
Total:        1328        461        866

=========Sat Apr 16 06:55:01 UTC 2011========
             total       used       free     shared    buffers     cached
Mem:           487        461         25          0         38        343
-/+ buffers/cache:         79        407
Swap:          841          0        841
Total:        1328        461        867

=========Sat Apr 16 07:00:01 UTC 2011========
             total       used       free     shared    buffers     cached
Mem:           487        442         45          0         16         52
-/+ buffers/cache:        373        114
Swap:          841          0        841
Total:        1328        442        886

=========Sat Apr 16 07:05:01 UTC 2011========
             total       used       free     shared    buffers     cached
Mem:           487        482          5          0          0        114
-/+ buffers/cache:        367        120
Swap:          841          0        841
Total:        1328        482        846

=========Sat Apr 16 07:10:01 UTC 2011========
             total       used       free     shared    buffers     cached
Mem:           487        193        294          0          1        126
-/+ buffers/cache:         65        422
Swap:          841          0        841
Total:        1328        193       1135

=========Sat Apr 16 07:15:01 UTC 2011========
             total       used       free     shared    buffers     cached
Mem:           487        481          5          0          0        401
-/+ buffers/cache:         79        408
Swap:          841          0        841
Total:        1328        481        847

=========Sat Apr 16 07:20:01 UTC 2011========
             total       used       free     shared    buffers     cached
Mem:           487        481          6          0          0        412
-/+ buffers/cache:         68        419
Swap:          841          0        841
Total:        1328        481        847

=========Sat Apr 16 07:25:01 UTC 2011========
             total       used       free     shared    buffers     cached
Mem:           487        354        133          0          1        275
-/+ buffers/cache:         77        410
Swap:          841          0        841
Total:        1328        354        974

=========Sat Apr 16 07:30:01 UTC 2011========
             total       used       free     shared    buffers     cached
Mem:           487        481          6          0          0        401
-/+ buffers/cache:         78        409
Swap:          841          0        841
Total:        1328        481        847

=========Sat Apr 16 07:35:01 UTC 2011========
             total       used       free     shared    buffers     cached
Mem:           487        481          6          0          0        413
-/+ buffers/cache:         67        420
Swap:          841          0        841
Total:        1328        481        847

=========Sat Apr 16 07:40:01 UTC 2011========
             total       used       free     shared    buffers     cached
Mem:           487        481          6          0          0        389
-/+ buffers/cache:         90        397
Swap:          841          0        841
Total:        1328        481        847

=========Sat Apr 16 07:45:01 UTC 2011========
             total       used       free     shared    buffers     cached
Mem:           487        448         39          0          0        357
-/+ buffers/cache:         89        397
Swap:          841          0        841
Total:        1328        448        880

=========Sat Apr 16 07:50:01 UTC 2011========
             total       used       free     shared    buffers     cached
Mem:           487        481          5          0          0        380
-/+ buffers/cache:        100        387
Swap:          841          0        841
Total:        1328        481        847

=========Sat Apr 16 07:55:01 UTC 2011========
             total       used       free     shared    buffers     cached
Mem:           487        481          6          0          0        405
-/+ buffers/cache:         75        412
Swap:          841          0        841
Total:        1328        481        847

=========Sat Apr 16 08:00:01 UTC 2011========
             total       used       free     shared    buffers     cached
Mem:           487        481          5          0          0        391
-/+ buffers/cache:         90        397
Swap:          841          0        841
Total:        1328        481        846

=========Sat Apr 16 08:05:01 UTC 2011========
             total       used       free     shared    buffers     cached
Mem:           487        481          5          0          0        397
-/+ buffers/cache:         83        403
Swap:          841          0        841
Total:        1328        482        846

=========Sat Apr 16 08:10:01 UTC 2011========
             total       used       free     shared    buffers     cached
Mem:           487        481          5          0          0        400
-/+ buffers/cache:         80        406
Swap:          841          0        841
Total:        1328        482        846

=========Sat Apr 16 08:15:01 UTC 2011========
             total       used       free     shared    buffers     cached
Mem:           487        480          6          0          0        394
-/+ buffers/cache:         85        401
Swap:          841          0        841
Total:        1328        481        847

=========Sat Apr 16 08:20:01 UTC 2011========
             total       used       free     shared    buffers     cached
Mem:           487        481          5          0          0        394
-/+ buffers/cache:         87        400
Swap:          841          0        841
Total:        1328        482        846

=========Sat Apr 16 08:25:01 UTC 2011========
             total       used       free     shared    buffers     cached
Mem:           487        481          5          0          0        395
-/+ buffers/cache:         85        401
Swap:          841          0        841
Total:        1328        482        846

=========Sat Apr 16 08:30:01 UTC 2011========
             total       used       free     shared    buffers     cached
Mem:           487        481          6          0          0        393
-/+ buffers/cache:         87        400
Swap:          841          0        841
Total:        1328        481        847

=========Sat Apr 16 08:35:01 UTC 2011========
             total       used       free     shared    buffers     cached
Mem:           487        481          5          0          0        393
-/+ buffers/cache:         87        399
Swap:          841          0        841
Total:        1328        482        846

=========Sat Apr 16 08:40:01 UTC 2011========
             total       used       free     shared    buffers     cached
Mem:           487        481          5          0          0        401
-/+ buffers/cache:         79        408
Swap:          841          0        841
Total:        1328        481        847

=========Sat Apr 16 08:45:01 UTC 2011========
             total       used       free     shared    buffers     cached
Mem:           487        481          6          0          0        414
-/+ buffers/cache:         66        420
Swap:          841          0        841
Total:        1328        481        847

=========Sat Apr 16 08:50:01 UTC 2011========
             total       used       free     shared    buffers     cached
Mem:           487        482          5          0          0        414
-/+ buffers/cache:         67        420
Swap:          841          0        840
Total:        1328        482        846

=========Sat Apr 16 08:55:01 UTC 2011========
             total       used       free     shared    buffers     cached
Mem:           487        481          6          0          0        414
-/+ buffers/cache:         66        420
Swap:          841          0        840
Total:        1328        482        846

=========Sat Apr 16 09:00:01 UTC 2011========
             total       used       free     shared    buffers     cached
Mem:           487        482          5          0          0        412
-/+ buffers/cache:         68        418
Swap:          841          0        840
Total:        1328        482        846

=========Sat Apr 16 09:05:01 UTC 2011========
             total       used       free     shared    buffers     cached
Mem:           487        410         77          0          0        343
-/+ buffers/cache:         65        421
Swap:          841          0        840
Total:        1328        410        918

=========Sat Apr 16 09:10:01 UTC 2011========
             total       used       free     shared    buffers     cached
Mem:           487        477          9          0          0        409
-/+ buffers/cache:         67        420
Swap:          841          0        840
Total:        1328        478        850

=========Sat Apr 16 09:15:01 UTC 2011========
             total       used       free     shared    buffers     cached
Mem:           487        481          6          0          0        414
-/+ buffers/cache:         66        421
Swap:          841          0        840
Total:        1328        482        846

=========Sat Apr 16 09:20:01 UTC 2011========
             total       used       free     shared    buffers     cached
Mem:           487        481          5          0          0        414
-/+ buffers/cache:         66        420
Swap:          841          0        840
Total:        1328        482        846

=========Sat Apr 16 09:25:01 UTC 2011========
             total       used       free     shared    buffers     cached
Mem:           487        482          5          0          0        415
-/+ buffers/cache:         66        420
Swap:          841          0        840
Total:        1328        482        845

=========Sat Apr 16 09:30:01 UTC 2011========
             total       used       free     shared    buffers     cached
Mem:           487        481          6          0          0        413
-/+ buffers/cache:         67        420
Swap:          841          0        840
Total:        1328        482        846

=========Sat Apr 16 09:35:01 UTC 2011========
             total       used       free     shared    buffers     cached
Mem:           487        481          5          0          0        415
-/+ buffers/cache:         65        421
Swap:          841          0        840
Total:        1328        482        846

=========Sat Apr 16 09:40:01 UTC 2011========
             total       used       free     shared    buffers     cached
Mem:           487        481          6          0          0        414
-/+ buffers/cache:         66        421
Swap:          841          0        840
Total:        1328        482        846

=========Sat Apr 16 09:45:01 UTC 2011========
             total       used       free     shared    buffers     cached
Mem:           487        481          6          0          0        414
-/+ buffers/cache:         66        421
Swap:          841          0        840
Total:        1328        482        846

=========Sat Apr 16 09:50:01 UTC 2011========
             total       used       free     shared    buffers     cached
Mem:           487        482          5          0          0        414
-/+ buffers/cache:         66        420
Swap:          841          0        840
Total:        1328        483        845

=========Sat Apr 16 09:55:01 UTC 2011========
             total       used       free     shared    buffers     cached
Mem:           487        481          6          0          0        414
-/+ buffers/cache:         66        421
Swap:          841          0        840
Total:        1328        481        847

=========Sat Apr 16 10:00:01 UTC 2011========
             total       used       free     shared    buffers     cached
Mem:           487        481          5          0          0        413
-/+ buffers/cache:         67        420
Swap:          841          0        840
Total:        1328        482        846

=========Sat Apr 16 10:05:01 UTC 2011========
             total       used       free     shared    buffers     cached
Mem:           487        481          6          0          0        417
-/+ buffers/cache:         63        423
Swap:          841          0        840
Total:        1328        482        846

=========Sat Apr 16 10:10:01 UTC 2011========
             total       used       free     shared    buffers     cached
Mem:           487        482          5          0          0        417
-/+ buffers/cache:         64        422
Swap:          841          0        840
Total:        1328        483        845

=========Sat Apr 16 10:15:01 UTC 2011========
             total       used       free     shared    buffers     cached
Mem:           487        480          7          0          0        421
-/+ buffers/cache:         58        429
Swap:          841          0        840
Total:        1328        481        847

=========Sat Apr 16 10:20:01 UTC 2011========
             total       used       free     shared    buffers     cached
Mem:           487        481          6          0          1        420
-/+ buffers/cache:         59        428
Swap:          841          0        840
Total:        1328        482        846

=========Sat Apr 16 10:25:01 UTC 2011========
             total       used       free     shared    buffers     cached
Mem:           487        481          6          0          1        421
-/+ buffers/cache:         58        429
Swap:          841          0        840
Total:        1328        481        847

=========Sat Apr 16 10:30:01 UTC 2011========
             total       used       free     shared    buffers     cached
Mem:           487        481          5          0          1        421
-/+ buffers/cache:         58        428
Swap:          841          0        840
Total:        1328        482        846

=========Sat Apr 16 10:35:01 UTC 2011========
             total       used       free     shared    buffers     cached
Mem:           487        480          7          0          2        420
-/+ buffers/cache:         57        429
Swap:          841          0        840
Total:        1328        481        847

=========Sat Apr 16 10:40:01 UTC 2011========
             total       used       free     shared    buffers     cached
Mem:           487        482          5          0          2        420
-/+ buffers/cache:         59        428
Swap:          841          0        840
Total:        1328        482        846

=========Sat Apr 16 10:45:01 UTC 2011========
             total       used       free     shared    buffers     cached
Mem:           487        480          7          0          2        418
-/+ buffers/cache:         58        429
Swap:          841          0        840
Total:        1328        480        848

=========Sat Apr 16 10:50:01 UTC 2011========
             total       used       free     shared    buffers     cached
Mem:           487        481          6          0          3        418
-/+ buffers/cache:         58        428
Swap:          841          0        840
Total:        1328        481        847

=========Sat Apr 16 10:55:01 UTC 2011========
             total       used       free     shared    buffers     cached
Mem:           487        480          6          0          3        418
-/+ buffers/cache:         58        429
Swap:          841          0        840
Total:        1328        481        847

=========Sat Apr 16 11:00:01 UTC 2011========
             total       used       free     shared    buffers     cached
Mem:           487        481          6          0          4        417
-/+ buffers/cache:         59        427
Swap:          841          0        840
Total:        1328        482        846

=========Sat Apr 16 11:05:01 UTC 2011========
             total       used       free     shared    buffers     cached
Mem:           487        480          7          0          4        417
-/+ buffers/cache:         58        429
Swap:          841          0        840
Total:        1328        481        847

=========Sat Apr 16 11:10:01 UTC 2011========
             total       used       free     shared    buffers     cached
Mem:           487        481          6          0          4        417
-/+ buffers/cache:         58        428
Swap:          841          0        840
Total:        1328        482        846

=========Sat Apr 16 11:15:01 UTC 2011========
             total       used       free     shared    buffers     cached
Mem:           487        480          7          0          5        416
-/+ buffers/cache:         58        429
Swap:          841          0        840
Total:        1328        480        847

=========Sat Apr 16 11:20:01 UTC 2011========
             total       used       free     shared    buffers     cached
Mem:           487        481          6          0          5        416
-/+ buffers/cache:         59        428
Swap:          841          0        840
Total:        1328        481        846

=========Sat Apr 16 11:25:01 UTC 2011========
             total       used       free     shared    buffers     cached
Mem:           487        480          6          0          6        416
-/+ buffers/cache:         58        429
Swap:          841          0        840
Total:        1328        481        847

=========Sat Apr 16 11:30:01 UTC 2011========
             total       used       free     shared    buffers     cached
Mem:           487        481          6          0          6        415
-/+ buffers/cache:         59        428
Swap:          841          0        840
Total:        1328        482        846

=========Sat Apr 16 11:35:01 UTC 2011========
             total       used       free     shared    buffers     cached
Mem:           487        481          6          0          6        415
-/+ buffers/cache:         58        428
Swap:          841          0        840
Total:        1328        481        847

=========Sat Apr 16 11:40:02 UTC 2011========
             total       used       free     shared    buffers     cached
Mem:           487        481          5          0          7        415
-/+ buffers/cache:         58        428
Swap:          841          0        840
Total:        1328        482        846

=========Sat Apr 16 11:45:01 UTC 2011========
             total       used       free     shared    buffers     cached
Mem:           487        480          7          0          7        414
-/+ buffers/cache:         58        428
Swap:          841          0        840
Total:        1328        481        847

=========Sat Apr 16 11:50:01 UTC 2011========
             total       used       free     shared    buffers     cached
Mem:           487        481          5          0          7        414
-/+ buffers/cache:         59        428
Swap:          841          0        840
Total:        1328        482        846

=========Sat Apr 16 11:55:01 UTC 2011========
             total       used       free     shared    buffers     cached
Mem:           487        479          7          0          8        413
-/+ buffers/cache:         58        429
Swap:          841          0        840
Total:        1328        480        848

=========Sat Apr 16 12:00:01 UTC 2011========
             total       used       free     shared    buffers     cached
Mem:           487        481          5          0          8        413
-/+ buffers/cache:         59        427
Swap:          841          0        840
Total:        1328        482        846

=========Sat Apr 16 12:05:01 UTC 2011========
             total       used       free     shared    buffers     cached
Mem:           487        480          6          0          8        413
-/+ buffers/cache:         58        428
Swap:          841          0        840
Total:        1328        481        847

=========Sat Apr 16 12:10:01 UTC 2011========
             total       used       free     shared    buffers     cached
Mem:           487        481          6          0          9        412
-/+ buffers/cache:         59        427
Swap:          841          0        840
Total:        1328        482        846

=========Sat Apr 16 12:15:01 UTC 2011========
             total       used       free     shared    buffers     cached
Mem:           487        480          7          0          9        412
-/+ buffers/cache:         58        429
Swap:          841          0        840
Total:        1328        481        847

=========Sat Apr 16 12:20:01 UTC 2011========
             total       used       free     shared    buffers     cached
Mem:           487        481          5          0         10        412
-/+ buffers/cache:         59        428
Swap:          841          0        840
Total:        1328        482        846

=========Sat Apr 16 12:25:01 UTC 2011========
             total       used       free     shared    buffers     cached
Mem:           487        480          6          0         10        411
-/+ buffers/cache:         58        428
Swap:          841          0        840
Total:        1328        481        847

=========Sat Apr 16 12:30:01 UTC 2011========
             total       used       free     shared    buffers     cached
Mem:           487        480          6          0         10        411
-/+ buffers/cache:         58        428
Swap:          841          0        840
Total:        1328        481        847

=========Sat Apr 16 12:35:01 UTC 2011========
             total       used       free     shared    buffers     cached
Mem:           487        480          6          0         11        410
-/+ buffers/cache:         58        428
Swap:          841          0        840
Total:        1328        481        847

=========Sat Apr 16 12:40:01 UTC 2011========
             total       used       free     shared    buffers     cached
Mem:           487        481          5          0         11        410
-/+ buffers/cache:         59        428
Swap:          841          0        840
Total:        1328        482        846

=========Sat Apr 16 12:45:01 UTC 2011========
             total       used       free     shared    buffers     cached
Mem:           487        480          6          0         12        409
-/+ buffers/cache:         58        428
Swap:          841          0        840
Total:        1328        481        847

=========Sat Apr 16 12:50:01 UTC 2011========
             total       used       free     shared    buffers     cached
Mem:           487        481          5          0         12        409
-/+ buffers/cache:         59        427
Swap:          841          0        840
Total:        1328        482        846

=========Sat Apr 16 12:55:01 UTC 2011========
             total       used       free     shared    buffers     cached
Mem:           487        480          7          0         12        408
-/+ buffers/cache:         58        428
Swap:          841          0        840
Total:        1328        480        847

=========Sat Apr 16 13:00:01 UTC 2011========
             total       used       free     shared    buffers     cached
Mem:           487        481          6          0         13        407
-/+ buffers/cache:         60        427
Swap:          841          0        840
Total:        1328        482        846

=========Sat Apr 16 13:05:01 UTC 2011========
             total       used       free     shared    buffers     cached
Mem:           487        478          8          0         13        406
-/+ buffers/cache:         58        428
Swap:          841          0        840
Total:        1328        479        849

=========Sat Apr 16 13:10:01 UTC 2011========
             total       used       free     shared    buffers     cached
Mem:           487        480          7          0         14        406
-/+ buffers/cache:         59        428
Swap:          841          0        840
Total:        1328        480        847

=========Sat Apr 16 13:15:01 UTC 2011========
             total       used       free     shared    buffers     cached
Mem:           487        480          7          0         14        406
-/+ buffers/cache:         58        428
Swap:          841          0        840
Total:        1328        480        847

=========Sat Apr 16 13:20:01 UTC 2011========
             total       used       free     shared    buffers     cached
Mem:           487        481          6          0         15        406
-/+ buffers/cache:         59        428
Swap:          841          0        840
Total:        1328        482        846

=========Sat Apr 16 13:25:01 UTC 2011========
             total       used       free     shared    buffers     cached
Mem:           487        479          7          0         15        405
-/+ buffers/cache:         58        428
Swap:          841          0        840
Total:        1328        480        848

=========Sat Apr 16 13:30:01 UTC 2011========
             total       used       free     shared    buffers     cached
Mem:           487        481          6          0         16        405
-/+ buffers/cache:         59        427
Swap:          841          0        840
Total:        1328        482        846

=========Sat Apr 16 13:35:01 UTC 2011========
             total       used       free     shared    buffers     cached
Mem:           487        480          7          0         16        405
-/+ buffers/cache:         58        429
Swap:          841          0        840
Total:        1328        481        847

=========Sat Apr 16 13:40:01 UTC 2011========
             total       used       free     shared    buffers     cached
Mem:           487        481          5          0         16        405
-/+ buffers/cache:         59        428
Swap:          841          0        840
Total:        1328        482        846

=========Sat Apr 16 13:45:01 UTC 2011========
             total       used       free     shared    buffers     cached
Mem:           487        480          7          0         17        404
-/+ buffers/cache:         58        428
Swap:          841          0        840
Total:        1328        481        847

=========Sat Apr 16 13:50:01 UTC 2011========
             total       used       free     shared    buffers     cached
Mem:           487        481          5          0         17        404
-/+ buffers/cache:         59        427
Swap:          841          0        840
Total:        1328        482        846

=========Sat Apr 16 13:55:01 UTC 2011========
             total       used       free     shared    buffers     cached
Mem:           487        480          7          0         18        403
-/+ buffers/cache:         58        428
Swap:          841          0        840
Total:        1328        480        847

=========Sat Apr 16 14:00:01 UTC 2011========
             total       used       free     shared    buffers     cached
Mem:           487        481          5          0         18        403
-/+ buffers/cache:         59        427
Swap:          841          0        840
Total:        1328        482        846

=========Sat Apr 16 14:05:01 UTC 2011========
             total       used       free     shared    buffers     cached
Mem:           487        479          7          0         18        402
-/+ buffers/cache:         58        429
Swap:          841          0        840
Total:        1328        480        848

=========Sat Apr 16 14:10:01 UTC 2011========
             total       used       free     shared    buffers     cached
Mem:           487        481          6          0         19        402
-/+ buffers/cache:         59        428
Swap:          841          0        840
Total:        1328        481        847

=========Sat Apr 16 14:15:01 UTC 2011========
             total       used       free     shared    buffers     cached
Mem:           487        479          7          0         19        401
-/+ buffers/cache:         58        429
Swap:          841          0        840
Total:        1328        480        848

=========Sat Apr 16 14:20:01 UTC 2011========
             total       used       free     shared    buffers     cached
Mem:           487        481          5          0         20        401
-/+ buffers/cache:         59        427
Swap:          841          0        840
Total:        1328        482        846

=========Sat Apr 16 14:25:01 UTC 2011========
             total       used       free     shared    buffers     cached
Mem:           487        479          7          0         20        400
-/+ buffers/cache:         58        428
Swap:          841          0        840
Total:        1328        480        848

=========Sat Apr 16 14:30:01 UTC 2011========
             total       used       free     shared    buffers     cached
Mem:           487        481          6          0         20        400
-/+ buffers/cache:         59        428
Swap:          841          0        840
Total:        1328        481        847

=========Sat Apr 16 14:35:01 UTC 2011========
             total       used       free     shared    buffers     cached
Mem:           487        479          7          0         21        399
-/+ buffers/cache:         58        428
Swap:          841          0        840
Total:        1328        480        848

=========Sat Apr 16 14:40:01 UTC 2011========
             total       used       free     shared    buffers     cached
Mem:           487        481          6          0         21        399
-/+ buffers/cache:         59        427
Swap:          841          0        840
Total:        1328        481        846

=========Sat Apr 16 14:45:01 UTC 2011========
             total       used       free     shared    buffers     cached
Mem:           487        480          6          0         22        399
-/+ buffers/cache:         58        428
Swap:          841          0        840
Total:        1328        481        847

=========Sat Apr 16 14:50:01 UTC 2011========
             total       used       free     shared    buffers     cached
Mem:           487        481          5          0         22        399
-/+ buffers/cache:         59        428
Swap:          841          0        840
Total:        1328        482        846

=========Sat Apr 16 14:55:01 UTC 2011========
             total       used       free     shared    buffers     cached
Mem:           487        480          7          0         22        398
-/+ buffers/cache:         58        428
Swap:          841          0        840
Total:        1328        480        848

=========Sat Apr 16 15:00:01 UTC 2011========
             total       used       free     shared    buffers     cached
Mem:           487        481          5          0         23        398
-/+ buffers/cache:         60        427
Swap:          841          0        840
Total:        1328        482        846

=========Sat Apr 16 15:05:01 UTC 2011========
             total       used       free     shared    buffers     cached
Mem:           487        479          7          0         23        397
-/+ buffers/cache:         58        428
Swap:          841          0        840
Total:        1328        480        848

=========Sat Apr 16 15:10:01 UTC 2011========
             total       used       free     shared    buffers     cached
Mem:           487        481          6          0         24        397
-/+ buffers/cache:         59        427
Swap:          841          0        840
Total:        1328        481        846

=========Sat Apr 16 15:15:01 UTC 2011========
             total       used       free     shared    buffers     cached
Mem:           487        480          6          0         24        397
-/+ buffers/cache:         59        428
Swap:          841          0        840
Total:        1328        481        847

=========Sat Apr 16 15:20:01 UTC 2011========
             total       used       free     shared    buffers     cached
Mem:           487        482          5          0         24        397
-/+ buffers/cache:         59        427
Swap:          841          0        840
Total:        1328        482        846

=========Sat Apr 16 15:25:01 UTC 2011========
             total       used       free     shared    buffers     cached
Mem:           487        480          7          0         25        396
-/+ buffers/cache:         58        428
Swap:          841          0        840
Total:        1328        481        847

=========Sat Apr 16 15:30:01 UTC 2011========
             total       used       free     shared    buffers     cached
Mem:           487        481          6          0         25        396
-/+ buffers/cache:         59        428
Swap:          841          0        840
Total:        1328        482        846

=========Sat Apr 16 15:35:01 UTC 2011========
             total       used       free     shared    buffers     cached
Mem:           487        480          7          0         26        395
-/+ buffers/cache:         58        428
Swap:          841          0        840
Total:        1328        480        847

=========Sat Apr 16 15:40:01 UTC 2011========
             total       used       free     shared    buffers     cached
Mem:           487        481          6          0         26        395
-/+ buffers/cache:         59        428
Swap:          841          0        840
Total:        1328        482        846

=========Sat Apr 16 15:45:01 UTC 2011========
             total       used       free     shared    buffers     cached
Mem:           487        480          6          0         26        394
-/+ buffers/cache:         59        428
Swap:          841          0        840
Total:        1328        481        847

=========Sat Apr 16 15:50:01 UTC 2011========
             total       used       free     shared    buffers     cached
Mem:           487        481          5          0         27        394
-/+ buffers/cache:         60        427
Swap:          841          0        840
Total:        1328        482        846

=========Sat Apr 16 15:55:01 UTC 2011========
             total       used       free     shared    buffers     cached
Mem:           487        480          7          0         27        393
-/+ buffers/cache:         58        428
Swap:          841          0        840
Total:        1328        480        848

=========Sat Apr 16 16:00:01 UTC 2011========
             total       used       free     shared    buffers     cached
Mem:           487        481          6          0         27        393
-/+ buffers/cache:         59        427
Swap:          841          0        840
Total:        1328        482        846

=========Sat Apr 16 16:05:01 UTC 2011========
             total       used       free     shared    buffers     cached
Mem:           487        481          6          0         28        393
-/+ buffers/cache:         59        428
Swap:          841          0        840
Total:        1328        481        847

=========Sat Apr 16 16:10:01 UTC 2011========
             total       used       free     shared    buffers     cached
Mem:           487        481          5          0         28        393
-/+ buffers/cache:         59        428
Swap:          841          0        840
Total:        1328        482        846

=========Sat Apr 16 16:15:01 UTC 2011========
             total       used       free     shared    buffers     cached
Mem:           487        480          6          0         28        392
-/+ buffers/cache:         59        428
Swap:          841          0        840
Total:        1328        481        847

=========Sat Apr 16 16:20:01 UTC 2011========
             total       used       free     shared    buffers     cached
Mem:           487        481          5          0         29        392
-/+ buffers/cache:         59        427
Swap:          841          0        840
Total:        1328        482        846

=========Sat Apr 16 16:25:01 UTC 2011========
             total       used       free     shared    buffers     cached
Mem:           487        480          7          0         29        391
-/+ buffers/cache:         58        428
Swap:          841          0        840
Total:        1328        480        848

=========Sat Apr 16 16:30:01 UTC 2011========
             total       used       free     shared    buffers     cached
Mem:           487        481          6          0         29        391
-/+ buffers/cache:         59        427
Swap:          841          0        840
Total:        1328        481        846

=========Sat Apr 16 16:35:01 UTC 2011========
             total       used       free     shared    buffers     cached
Mem:           487        480          7          0         29        390
-/+ buffers/cache:         59        428
Swap:          841          0        840
Total:        1328        480        848

=========Sat Apr 16 16:40:01 UTC 2011========
             total       used       free     shared    buffers     cached
Mem:           487        480          6          0         30        390
-/+ buffers/cache:         59        427
Swap:          841          0        840
Total:        1328        481        847

=========Sat Apr 16 16:45:01 UTC 2011========
             total       used       free     shared    buffers     cached
Mem:           487        480          6          0         30        390
-/+ buffers/cache:         59        428
Swap:          841          0        840
Total:        1328        481        847

=========Sat Apr 16 16:50:01 UTC 2011========
             total       used       free     shared    buffers     cached
Mem:           487        481          5          0         30        390
-/+ buffers/cache:         59        427
Swap:          841          0        840
Total:        1328        482        846

=========Sat Apr 16 16:55:01 UTC 2011========
             total       used       free     shared    buffers     cached
Mem:           487        480          7          0         31        389
-/+ buffers/cache:         59        428
Swap:          841          0        840
Total:        1328        480        848

=========Sat Apr 16 17:00:01 UTC 2011========
             total       used       free     shared    buffers     cached
Mem:           487        482          5          0         31        389
-/+ buffers/cache:         60        426
Swap:          841          0        840
Total:        1328        482        846

=========Sat Apr 16 17:05:01 UTC 2011========
             total       used       free     shared    buffers     cached
Mem:           487        480          7          0         31        389
-/+ buffers/cache:         59        428
Swap:          841          0        840
Total:        1328        481        847

=========Sat Apr 16 17:10:01 UTC 2011========
             total       used       free     shared    buffers     cached
Mem:           487        480          6          0         32        389
-/+ buffers/cache:         59        427
Swap:          841          0        840
Total:        1328        481        847

=========Sat Apr 16 17:15:01 UTC 2011========
             total       used       free     shared    buffers     cached
Mem:           487        479          7          0         32        388
-/+ buffers/cache:         59        428
Swap:          841          0        840
Total:        1328        480        848

=========Sat Apr 16 17:20:01 UTC 2011========
             total       used       free     shared    buffers     cached
Mem:           487        480          6          0         32        388
-/+ buffers/cache:         59        427
Swap:          841          0        840
Total:        1328        481        847

=========Sat Apr 16 17:25:01 UTC 2011========
             total       used       free     shared    buffers     cached
Mem:           487        480          7          0         33        387
-/+ buffers/cache:         59        428
Swap:          841          0        840
Total:        1328        480        848

=========Sat Apr 16 17:30:01 UTC 2011========
             total       used       free     shared    buffers     cached
Mem:           487        480          6          0         33        387
-/+ buffers/cache:         59        427
Swap:          841          0        840
Total:        1328        481        847

=========Sat Apr 16 17:35:01 UTC 2011========
             total       used       free     shared    buffers     cached
Mem:           487        480          6          0         33        387
-/+ buffers/cache:         59        428
Swap:          841          0        840
Total:        1328        481        847

=========Sat Apr 16 17:40:01 UTC 2011========
             total       used       free     shared    buffers     cached
Mem:           487        481          5          0         34        387
-/+ buffers/cache:         59        427
Swap:          841          0        840
Total:        1328        482        846

=========Sat Apr 16 17:45:01 UTC 2011========
             total       used       free     shared    buffers     cached
Mem:           487        480          7          0         34        386
-/+ buffers/cache:         59        428
Swap:          841          0        840
Total:        1328        481        847

=========Sat Apr 16 17:50:01 UTC 2011========
             total       used       free     shared    buffers     cached
Mem:           487        481          6          0         34        386
-/+ buffers/cache:         60        427
Swap:          841          0        840
Total:        1328        482        846

=========Sat Apr 16 17:55:01 UTC 2011========
             total       used       free     shared    buffers     cached
Mem:           487        479          7          0         35        385
-/+ buffers/cache:         59        428
Swap:          841          0        840
Total:        1328        480        848

=========Sat Apr 16 18:00:01 UTC 2011========
             total       used       free     shared    buffers     cached
Mem:           487        481          5          0         35        385
-/+ buffers/cache:         60        427
Swap:          841          0        840
Total:        1328        482        846

=========Sat Apr 16 18:05:01 UTC 2011========
             total       used       free     shared    buffers     cached
Mem:           487        479          7          0         35        385
-/+ buffers/cache:         59        428
Swap:          841          0        840
Total:        1328        480        848

=========Sat Apr 16 18:10:01 UTC 2011========
             total       used       free     shared    buffers     cached
Mem:           487        480          6          0         35        385
-/+ buffers/cache:         59        427
Swap:          841          0        840
Total:        1328        481        847

=========Sat Apr 16 18:15:01 UTC 2011========
             total       used       free     shared    buffers     cached
Mem:           487        480          6          0         36        385
-/+ buffers/cache:         59        427
Swap:          841          0        840
Total:        1328        481        847

=========Sat Apr 16 18:20:01 UTC 2011========
             total       used       free     shared    buffers     cached
Mem:           487        480          6          0         36        383
-/+ buffers/cache:         60        426
Swap:          841          0        840
Total:        1328        481        847

=========Sat Apr 16 18:25:01 UTC 2011========
             total       used       free     shared    buffers     cached
Mem:           487        479          7          0         36        383
-/+ buffers/cache:         59        428
Swap:          841          0        840
Total:        1328        480        848

=========Sat Apr 16 18:30:01 UTC 2011========
             total       used       free     shared    buffers     cached
Mem:           487        481          6          0         37        383
-/+ buffers/cache:         60        427
Swap:          841          0        840
Total:        1328        481        846

=========Sat Apr 16 18:35:01 UTC 2011========
             total       used       free     shared    buffers     cached
Mem:           487        480          6          0         37        383
-/+ buffers/cache:         59        428
Swap:          841          0        840
Total:        1328        481        847

=========Sat Apr 16 18:40:01 UTC 2011========
             total       used       free     shared    buffers     cached
Mem:           487        481          5          0         37        383
-/+ buffers/cache:         60        427
Swap:          841          0        840
Total:        1328        482        846

=========Sat Apr 16 18:45:01 UTC 2011========
             total       used       free     shared    buffers     cached
Mem:           487        480          6          0         38        383
-/+ buffers/cache:         59        428
Swap:          841          0        840
Total:        1328        481        847

=========Sat Apr 16 18:50:01 UTC 2011========
             total       used       free     shared    buffers     cached
Mem:           487        481          6          0         38        383
-/+ buffers/cache:         59        427
Swap:          841          0        840
Total:        1328        482        846

=========Sat Apr 16 18:55:01 UTC 2011========
             total       used       free     shared    buffers     cached
Mem:           487        480          7          0         38        382
-/+ buffers/cache:         59        428
Swap:          841          0        840
Total:        1328        481        847

=========Sat Apr 16 19:00:01 UTC 2011========
             total       used       free     shared    buffers     cached
Mem:           487        482          5          0         39        382
-/+ buffers/cache:         60        426
Swap:          841          0        840
Total:        1328        482        846

=========Sat Apr 16 19:05:01 UTC 2011========
             total       used       free     shared    buffers     cached
Mem:           487        479          7          0         39        380
-/+ buffers/cache:         59        428
Swap:          841          0        840
Total:        1328        480        848

=========Sat Apr 16 19:10:01 UTC 2011========
             total       used       free     shared    buffers     cached
Mem:           487        481          6          0         39        380
-/+ buffers/cache:         60        427
Swap:          841          0        840
Total:        1328        481        847

=========Sat Apr 16 19:15:01 UTC 2011========
             total       used       free     shared    buffers     cached
Mem:           487        480          7          0         40        381
-/+ buffers/cache:         59        428
Swap:          841          0        840
Total:        1328        481        847

=========Sat Apr 16 19:20:01 UTC 2011========
             total       used       free     shared    buffers     cached
Mem:           487        481          6          0         40        380
-/+ buffers/cache:         60        426
Swap:          841          0        840
Total:        1328        482        846

=========Sat Apr 16 19:25:01 UTC 2011========
             total       used       free     shared    buffers     cached
Mem:           487        479          7          0         40        380
-/+ buffers/cache:         59        428
Swap:          841          0        840
Total:        1328        480        848

=========Sat Apr 16 19:30:01 UTC 2011========
             total       used       free     shared    buffers     cached
Mem:           487        481          6          0         41        380
-/+ buffers/cache:         59        427
Swap:          841          0        840
Total:        1328        481        847

=========Sat Apr 16 19:35:01 UTC 2011========
             total       used       free     shared    buffers     cached
Mem:           487        480          7          0         41        379
-/+ buffers/cache:         59        427
Swap:          841          0        840
Total:        1328        481        847

=========Sat Apr 16 19:40:01 UTC 2011========
             total       used       free     shared    buffers     cached
Mem:           487        460         27          0         42        350
-/+ buffers/cache:         67        420
Swap:          841          0        840
Total:        1328        461        867

=========Sat Apr 16 19:45:01 UTC 2011========
             total       used       free     shared    buffers     cached
Mem:           487        456         31          0         42        350
-/+ buffers/cache:         62        424
Swap:          841          0        840
Total:        1328        457        871

=========Sat Apr 16 19:50:01 UTC 2011========
             total       used       free     shared    buffers     cached
Mem:           487        457         29          0         43        350
-/+ buffers/cache:         63        423
Swap:          841          0        840
Total:        1328        458        870

=========Sat Apr 16 19:55:01 UTC 2011========
             total       used       free     shared    buffers     cached
Mem:           487        457         29          0         43        350
-/+ buffers/cache:         63        424
Swap:          841          0        840
Total:        1328        458        870

=========Sat Apr 16 20:00:01 UTC 2011========
             total       used       free     shared    buffers     cached
Mem:           487        458         28          0         44        350
-/+ buffers/cache:         63        423
Swap:          841          0        840
Total:        1328        459        869

=========Sat Apr 16 20:05:01 UTC 2011========
             total       used       free     shared    buffers     cached
Mem:           487        458         29          0         44        350
-/+ buffers/cache:         63        424
Swap:          841          0        840
Total:        1328        459        869

=========Sat Apr 16 20:10:01 UTC 2011========
             total       used       free     shared    buffers     cached
Mem:           487        459         27          0         45        350
-/+ buffers/cache:         63        423
Swap:          841          0        840
Total:        1328        460        868

=========Sat Apr 16 20:15:01 UTC 2011========
             total       used       free     shared    buffers     cached
Mem:           487        458         28          0         45        350
-/+ buffers/cache:         62        424
Swap:          841          0        840
Total:        1328        459        869

=========Sat Apr 16 20:20:01 UTC 2011========
             total       used       free     shared    buffers     cached
Mem:           487        460         27          0         45        350
-/+ buffers/cache:         63        423
Swap:          841          0        840
Total:        1328        461        867

=========Sat Apr 16 20:25:01 UTC 2011========
             total       used       free     shared    buffers     cached
Mem:           487        459         27          0         45        350
-/+ buffers/cache:         62        424
Swap:          841          0        840
Total:        1328        460        868

=========Sat Apr 16 20:30:01 UTC 2011========
             total       used       free     shared    buffers     cached
Mem:           487        461         26          0         46        350
-/+ buffers/cache:         64        423
Swap:          841          0        840
Total:        1328        462        866

=========Sat Apr 16 20:35:01 UTC 2011========
             total       used       free     shared    buffers     cached
Mem:           487        460         27          0         46        351
-/+ buffers/cache:         62        424
Swap:          841          0        840
Total:        1328        461        867

=========Sat Apr 16 20:40:01 UTC 2011========
             total       used       free     shared    buffers     cached
Mem:           487        453         34          0         47        342
-/+ buffers/cache:         64        423
Swap:          841          0        840
Total:        1328        454        874

=========Sat Apr 16 20:45:01 UTC 2011========
             total       used       free     shared    buffers     cached
Mem:           487        452         35          0         47        342
-/+ buffers/cache:         63        424
Swap:          841          0        840
Total:        1328        453        875

=========Sat Apr 16 20:50:01 UTC 2011========
             total       used       free     shared    buffers     cached
Mem:           487        454         33          0         47        342
-/+ buffers/cache:         64        423
Swap:          841          0        840
Total:        1328        454        873

=========Sat Apr 16 20:55:01 UTC 2011========
             total       used       free     shared    buffers     cached
Mem:           487        452         34          0         47        342
-/+ buffers/cache:         62        424
Swap:          841          0        840
Total:        1328        453        875

=========Sat Apr 16 21:00:01 UTC 2011========
             total       used       free     shared    buffers     cached
Mem:           487        455         31          0         48        342
-/+ buffers/cache:         65        422
Swap:          841          0        840
Total:        1328        456        872

=========Sat Apr 16 21:05:01 UTC 2011========
             total       used       free     shared    buffers     cached
Mem:           487        454         33          0         48        342
-/+ buffers/cache:         63        424
Swap:          841          0        840
Total:        1328        454        873

=========Sat Apr 16 21:10:01 UTC 2011========
             total       used       free     shared    buffers     cached
Mem:           487        455         32          0         48        342
-/+ buffers/cache:         64        423
Swap:          841          0        840
Total:        1328        456        872

=========Sat Apr 16 21:15:01 UTC 2011========
             total       used       free     shared    buffers     cached
Mem:           487        454         32          0         49        342
-/+ buffers/cache:         63        424
Swap:          841          0        840
Total:        1328        455        873

=========Sat Apr 16 21:20:01 UTC 2011========
             total       used       free     shared    buffers     cached
Mem:           487        456         31          0         49        342
-/+ buffers/cache:         64        423
Swap:          841          0        840
Total:        1328        456        872

=========Sat Apr 16 21:25:01 UTC 2011========
             total       used       free     shared    buffers     cached
Mem:           487        455         31          0         50        342
-/+ buffers/cache:         63        424
Swap:          841          0        840
Total:        1328        456        872

=========Sat Apr 16 21:30:01 UTC 2011========
             total       used       free     shared    buffers     cached
Mem:           487        456         30          0         50        342
-/+ buffers/cache:         64        423
Swap:          841          0        840
Total:        1328        457        871

=========Sat Apr 16 21:35:01 UTC 2011========
             total       used       free     shared    buffers     cached
Mem:           487        456         31          0         50        342
-/+ buffers/cache:         62        424
Swap:          841          0        840
Total:        1328        456        872

=========Sat Apr 16 21:40:01 UTC 2011========
             total       used       free     shared    buffers     cached
Mem:           487        452         34          0         51        337
-/+ buffers/cache:         64        423
Swap:          841          0        840
Total:        1328        453        875

=========Sat Apr 16 21:45:01 UTC 2011========
             total       used       free     shared    buffers     cached
Mem:           487        451         35          0         51        337
-/+ buffers/cache:         63        424
Swap:          841          0        840
Total:        1328        452        876

=========Sat Apr 16 21:50:01 UTC 2011========
             total       used       free     shared    buffers     cached
Mem:           487        453         33          0         51        337
-/+ buffers/cache:         64        423
Swap:          841          0        840
Total:        1328        454        874

=========Sat Apr 16 21:55:01 UTC 2011========
             total       used       free     shared    buffers     cached
Mem:           487        453         34          0         51        337
-/+ buffers/cache:         63        424
Swap:          841          0        840
Total:        1328        453        875

=========Sat Apr 16 22:00:01 UTC 2011========
             total       used       free     shared    buffers     cached
Mem:           487        454         33          0         52        337
-/+ buffers/cache:         64        422
Swap:          841          0        840
Total:        1328        455        873

=========Sat Apr 16 22:05:01 UTC 2011========
             total       used       free     shared    buffers     cached
Mem:           487        453         34          0         52        337
-/+ buffers/cache:         62        424
Swap:          841          0        840
Total:        1328        453        874

=========Sat Apr 16 22:10:01 UTC 2011========
             total       used       free     shared    buffers     cached
Mem:           487        454         32          0         52        337
-/+ buffers/cache:         64        423
Swap:          841          0        840
Total:        1328        455        873

=========Sat Apr 16 22:15:01 UTC 2011========
             total       used       free     shared    buffers     cached
Mem:           487        451         35          0         53        337
-/+ buffers/cache:         60        426
Swap:          841          0        840
Total:        1328        452        876

=========Sat Apr 16 22:20:01 UTC 2011========
             total       used       free     shared    buffers     cached
Mem:           487        452         35          0         53        337
-/+ buffers/cache:         61        426
Swap:          841          0        840
Total:        1328        453        875

=========Sat Apr 16 22:25:01 UTC 2011========
             total       used       free     shared    buffers     cached
Mem:           487        452         35          0         53        337
-/+ buffers/cache:         61        426
Swap:          841          0        840
Total:        1328        453        875

=========Sat Apr 16 22:30:01 UTC 2011========
             total       used       free     shared    buffers     cached
Mem:           487        452         34          0         53        337
-/+ buffers/cache:         61        426
Swap:          841          0        840
Total:        1328        453        875

=========Sat Apr 16 22:35:01 UTC 2011========
             total       used       free     shared    buffers     cached
Mem:           487        453         34          0         53        337
-/+ buffers/cache:         61        426
Swap:          841          0        840
Total:        1328        453        875

=========Sat Apr 16 22:40:01 UTC 2011========
             total       used       free     shared    buffers     cached
Mem:           487        453         34          0         54        337
-/+ buffers/cache:         61        426
Swap:          841          0        840
Total:        1328        454        874

=========Sat Apr 16 22:45:01 UTC 2011========
             total       used       free     shared    buffers     cached
Mem:           487        452         34          0         54        337
-/+ buffers/cache:         60        427
Swap:          841          0        840
Total:        1328        453        875

=========Sat Apr 16 22:50:01 UTC 2011========
             total       used       free     shared    buffers     cached
Mem:           487        454         33          0         54        337
-/+ buffers/cache:         61        426
Swap:          841          0        840
Total:        1328        454        874

=========Sat Apr 16 22:55:01 UTC 2011========
             total       used       free     shared    buffers     cached
Mem:           487        453         33          0         54        338
-/+ buffers/cache:         60        426
Swap:          841          0        840
Total:        1328        454        874

=========Sat Apr 16 23:00:01 UTC 2011========
             total       used       free     shared    buffers     cached
Mem:           487        455         32          0         55        338
-/+ buffers/cache:         62        425
Swap:          841          0        840
Total:        1328        455        872

=========Sat Apr 16 23:05:01 UTC 2011========
             total       used       free     shared    buffers     cached
Mem:           487        454         33          0         55        338
-/+ buffers/cache:         60        426
Swap:          841          0        840
Total:        1328        455        873

=========Sat Apr 16 23:10:01 UTC 2011========
             total       used       free     shared    buffers     cached
Mem:           487        455         32          0         55        338
-/+ buffers/cache:         61        426
Swap:          841          0        840
Total:        1328        455        873

=========Sat Apr 16 23:15:01 UTC 2011========
             total       used       free     shared    buffers     cached
Mem:           487        473         14          0         11        397
-/+ buffers/cache:         63        423
Swap:          841          0        840
Total:        1328        473        855

=========Sat Apr 16 23:20:01 UTC 2011========
             total       used       free     shared    buffers     cached
Mem:           487        478          9          0          6        409
-/+ buffers/cache:         63        424
Swap:          841          0        840
Total:        1328        478        850

=========Sat Apr 16 23:25:01 UTC 2011========
             total       used       free     shared    buffers     cached
Mem:           487        467         19          0          0        405
-/+ buffers/cache:         61        425
Swap:          841          0        840
Total:        1328        468        860

=========Sat Apr 16 23:30:01 UTC 2011========
             total       used       free     shared    buffers     cached
Mem:           487        479          7          0          1        416
-/+ buffers/cache:         62        424
Swap:          841          0        840
Total:        1328        480        848

=========Sat Apr 16 23:35:01 UTC 2011========
             total       used       free     shared    buffers     cached
Mem:           487        480          6          0          1        417
-/+ buffers/cache:         61        425
Swap:          841          0        840
Total:        1328        481        847

=========Sat Apr 16 23:40:01 UTC 2011========
             total       used       free     shared    buffers     cached
Mem:           487        481          6          0          2        416
-/+ buffers/cache:         62        425
Swap:          841          0        840
Total:        1328        482        846

=========Sat Apr 16 23:45:01 UTC 2011========
             total       used       free     shared    buffers     cached
Mem:           487        480          6          0          2        416
-/+ buffers/cache:         61        425
Swap:          841          0        840
Total:        1328        481        847

=========Sat Apr 16 23:50:01 UTC 2011========
             total       used       free     shared    buffers     cached
Mem:           487        481          6          0          2        416
-/+ buffers/cache:         62        425
Swap:          841          0        840
Total:        1328        482        846

=========Sat Apr 16 23:55:01 UTC 2011========
             total       used       free     shared    buffers     cached
Mem:           487        480          7          0          3        415
-/+ buffers/cache:         61        425
Swap:          841          0        840
Total:        1328        480        847

=========Sun Apr 17 00:00:01 UTC 2011========
             total       used       free     shared    buffers     cached
Mem:           487        480          6          0          3        412
-/+ buffers/cache:         64        423
Swap:          841          0        840
Total:        1328        481        847

=========Sun Apr 17 00:05:01 UTC 2011========
             total       used       free     shared    buffers     cached
Mem:           487        478          8          0          4        412
-/+ buffers/cache:         61        425
Swap:          841          0        840
Total:        1328        479        849

=========Sun Apr 17 00:10:01 UTC 2011========
             total       used       free     shared    buffers     cached
Mem:           487        479          7          0          4        412
-/+ buffers/cache:         62        425
Swap:          841          0        840
Total:        1328        480        848

=========Sun Apr 17 00:15:01 UTC 2011========
             total       used       free     shared    buffers     cached
Mem:           487        479          7          0          5        412
-/+ buffers/cache:         61        425
Swap:          841          0        840
Total:        1328        480        848

=========Sun Apr 17 00:20:01 UTC 2011========
             total       used       free     shared    buffers     cached
Mem:           487        481          6          0          5        412
-/+ buffers/cache:         62        424
Swap:          841          0        840
Total:        1328        481        847

=========Sun Apr 17 00:25:01 UTC 2011========
             total       used       free     shared    buffers     cached
Mem:           487        480          7          0          5        412
-/+ buffers/cache:         61        425
Swap:          841          0        840
Total:        1328        481        847

=========Sun Apr 17 00:30:01 UTC 2011========
             total       used       free     shared    buffers     cached
Mem:           487        481          5          0          6        412
-/+ buffers/cache:         62        425
Swap:          841          0        840
Total:        1328        482        846

=========Sun Apr 17 00:35:01 UTC 2011========
             total       used       free     shared    buffers     cached
Mem:           487        480          7          0          6        411
-/+ buffers/cache:         61        425
Swap:          841          0        840
Total:        1328        480        848

=========Sun Apr 17 00:40:01 UTC 2011========
             total       used       free     shared    buffers     cached
Mem:           487        481          6          0          7        411
-/+ buffers/cache:         62        424
Swap:          841          0        840
Total:        1328        482        846

=========Sun Apr 17 00:45:01 UTC 2011========
             total       used       free     shared    buffers     cached
Mem:           487        480          7          0          7        410
-/+ buffers/cache:         61        425
Swap:          841          0        840
Total:        1328        480        848

=========Sun Apr 17 00:50:01 UTC 2011========
             total       used       free     shared    buffers     cached
Mem:           487        481          6          0          7        410
-/+ buffers/cache:         62        424
Swap:          841          0        840
Total:        1328        482        846

=========Sun Apr 17 00:55:01 UTC 2011========
             total       used       free     shared    buffers     cached
Mem:           487        479          7          0          8        409
-/+ buffers/cache:         61        426
Swap:          841          0        840
Total:        1328        480        848

=========Sun Apr 17 01:00:01 UTC 2011========
             total       used       free     shared    buffers     cached
Mem:           487        481          6          0          8        409
-/+ buffers/cache:         62        424
Swap:          841          0        840
Total:        1328        482        846

=========Sun Apr 17 01:05:01 UTC 2011========
             total       used       free     shared    buffers     cached
Mem:           487        481          6          0          8        409
-/+ buffers/cache:         62        425
Swap:          841          0        840
Total:        1328        481        847

=========Sun Apr 17 01:10:01 UTC 2011========
             total       used       free     shared    buffers     cached
Mem:           487        481          5          0          9        409
-/+ buffers/cache:         62        425
Swap:          841          0        840
Total:        1328        482        846

=========Sun Apr 17 01:15:01 UTC 2011========
             total       used       free     shared    buffers     cached
Mem:           487        480          7          0          9        408
-/+ buffers/cache:         61        425
Swap:          841          0        840
Total:        1328        480        847

=========Sun Apr 17 01:20:01 UTC 2011========
             total       used       free     shared    buffers     cached
Mem:           487        481          5          0         10        408
-/+ buffers/cache:         62        424
Swap:          841          0        840
Total:        1328        482        846
