
=========Sun Apr 17 04:00:01 UTC 2011========
             total       used       free     shared    buffers     cached
Mem:           487        445         42          0         45        337
-/+ buffers/cache:         62        425
Swap:          841          0        841
Total:        1328        445        883

=========Sun Apr 17 04:05:01 UTC 2011========
             total       used       free     shared    buffers     cached
Mem:           487        477         10          0         10        407
-/+ buffers/cache:         59        427
Swap:          841          0        841
Total:        1328        477        851

=========Sun Apr 17 04:10:01 UTC 2011========
             total       used       free     shared    buffers     cached
Mem:           487        469         18          0          5        388
-/+ buffers/cache:         75        412
Swap:          841          0        841
Total:        1328        469        859

=========Sun Apr 17 04:15:01 UTC 2011========
             total       used       free     shared    buffers     cached
Mem:           487        471         16          0          6        406
-/+ buffers/cache:         58        428
Swap:          841          0        841
Total:        1328        471        857

=========Sun Apr 17 04:20:01 UTC 2011========
             total       used       free     shared    buffers     cached
Mem:           487        479          7          0          1        420
-/+ buffers/cache:         57        430
Swap:          841          0        841
Total:        1328        479        848

=========Sun Apr 17 04:25:01 UTC 2011========
             total       used       free     shared    buffers     cached
Mem:           487        468         18          0          1        410
-/+ buffers/cache:         56        430
Swap:          841          0        841
Total:        1328        468        860

=========Sun Apr 17 04:30:01 UTC 2011========
             total       used       free     shared    buffers     cached
Mem:           487        469         17          0          1        410
-/+ buffers/cache:         57        429
Swap:          841          0        841
Total:        1328        469        859

=========Sun Apr 17 04:35:01 UTC 2011========
             total       used       free     shared    buffers     cached
Mem:           487        469         18          0          2        410
-/+ buffers/cache:         56        430
Swap:          841          0        841
Total:        1328        469        859

=========Sun Apr 17 04:40:01 UTC 2011========
             total       used       free     shared    buffers     cached
Mem:           487        470         17          0          2        410
-/+ buffers/cache:         57        430
Swap:          841          0        841
Total:        1328        470        858
