
=========Sun Apr 17 04:00:01 UTC 2011========
%CPU    SZ    VSZ - -  UTIME   PID USER     COMMAND
 0.0 31484  39440 - -      - 14492 condor   sort -k 1 -r
 0.0  3060  37140 - -      -  2441 condor   condor_startd -f
 0.0  2824   6504 - -      -  1881 klog     /sbin/klogd -P /var/run/klogd/kmsg
 0.0  2144  35616 - -      -  2440 condor   condor_master
 0.0  2008  22008 - -      - 11483 condor   condor_procd -A /tmp/condor-lock.host_90.191183934294717/procd_pipe.STARTD -S 60 -C 1000
 0.0  1044  18284 - -      - 13517 condor   -bash
 0.0   700   9520 - -      - 14479 condor   /bin/bash /home/condor/cps210/monitor.sh
 0.0   608  70140 - -      - 13516 condor   sshd: condor@pts/0
 0.0   608  70140 - -      - 13514 root     sshd: condor [priv]
 0.0   608  14892 - -      - 14491 condor   ps -eo pcpu,size,vsize,cutime,cstime,utime,pid,user,args
 0.0   560  48940 - -      -  2053 root     /usr/sbin/sshd
 0.0   520  31380 - -      - 14469 root     /USR/SBIN/CRON
 0.0   520  31380 - -      - 14462 root     /USR/SBIN/CRON
 0.0   344  16732 - -      -   835 root     /sbin/udevd --daemon
 0.0   336   4104 - -      -     1 root     /sbin/init
 0.0   304   6488 - -      -  2011 root     dhclient3 -e IF_METRIC=100 -pf /var/run/dhclient.eth0.pid -lf /var/lib/dhcp3/dhclient.eth0.leases eth0
 0.0   292  14520 - -      -  1965 root     /usr/sbin/rpc.mountd --manage-gids
 0.0   288  18712 - -      - 13944 root     /usr/sbin/cron
 0.0   276   8204 - -      -  1880 root     /bin/dd bs 1 if /proc/kmsg of /var/run/klogd/kmsg
 0.0   276   8180 - -      -  1615 daemon   /sbin/portmap
 0.0   272  12376 - -      -  1861 syslog   /sbin/syslogd -u syslog
 0.0   272  10300 - -      -  1632 statd    /sbin/rpc.statd
 0.0   272   4024 - -      - 14494 root     /bin/sh -e /etc/update-motd.d//90-updates-available
 0.0   272   4024 - -      - 14472 condor   /bin/sh -c /home/condor/cps210/monitor.sh
 0.0   272   4024 - -      - 14466 root     /bin/sh -e /usr/sbin/update-motd
 0.0   272   4024 - -      - 14464 root     /bin/sh -c [ -x /usr/sbin/update-motd ] && /usr/sbin/update-motd 2>/dev/null
 0.0   272   3944 - -      -  2347 root     /sbin/getty 38400 tty1
 0.0   272   3944 - -      -  1822 root     /sbin/getty 38400 tty6
 0.0   272   3944 - -      -  1821 root     /sbin/getty 38400 tty3
 0.0   272   3944 - -      -  1818 root     /sbin/getty 38400 tty2
 0.0   272   3944 - -      -  1809 root     /sbin/getty 38400 tty5
 0.0   272   3944 - -      -  1808 root     /sbin/getty 38400 tty4
 0.0   268   8188 - -      - 14498 root     stat -c %Y /var/lib/apt//lists//archive.ubuntu.com_ubuntu_dists_jaunty_Release
 0.0   268   3940 - -      - 14460 root     /sbin/getty 38400 xvc0
 0.0   260   3976 - -      - 14150 condor   sar -o /home/condor/cps210/cpu 300 72
 0.0   260   3972 - -      - 14151 condor   sadc 300 73 -z -S ALL /home/condor/cps210/cpu
 0.0     0      0 - -      -  2797 root     [nfsiod]
 0.0     0      0 - -      -  1961 root     [nfsd]
 0.0     0      0 - -      -  1960 root     [nfsd]
 0.0     0      0 - -      -  1959 root     [nfsd]
 0.0     0      0 - -      -  1958 root     [nfsd]
 0.0     0      0 - -      -  1957 root     [nfsd]
 0.0     0      0 - -      -  1956 root     [nfsd]
 0.0     0      0 - -      -  1955 root     [nfsd]
 0.0     0      0 - -      -  1954 root     [nfsd]
 0.0     0      0 - -      -  1953 root     [nfsd4]
 0.0     0      0 - -      -  1952 root     [lockd]
 0.0     0      0 - -      -  1921 root     [rpciod/1]
 0.0     0      0 - -      -  1918 root     [rpciod/0]
 0.0     0      0 - -      -  1023 root     [vballoon]
 0.0     0      0 - -      -   995 root     [kpsmoused]
 0.0     0      0 - -      -   742 root     [kjournald]
 0.0     0      0 - -      -   283 root     [scsi_eh_2]
 0.0     0      0 - -      -    47 root     [krfcommd]
 0.0     0      0 - -      -    46 root     [kondemand/1]
 0.0     0      0 - -      -    45 root     [kondemand/0]
 0.0     0      0 - -      -    44 root     [ksnapd]
 0.0     0      0 - -      -    43 root     [kmpath_handlerd]
 0.0     0      0 - -      -    42 root     [kmpathd/1]
 0.0     0      0 - -      -    41 root     [kmpathd/0]
 0.0     0      0 - -      -    40 root     [kstriped]
 0.0     0      0 - -      -    39 root     [scsi_eh_1]
 0.0     0      0 - -      -    38 root     [scsi_eh_0]
 0.0     0      0 - -      -    35 root     [ecryptfs-kthrea]
 0.0     0      0 - -      -    34 root     [aio/1]
 0.0     0      0 - -      -    33 root     [aio/0]
 0.0     0      0 - -      -    32 root     [kswapd0]
 0.0     0      0 - -      -    31 root     [pdflush]
 0.0     0      0 - -      -    30 root     [pdflush]
 0.0     0      0 - -      -    29 root     [btdelconn]
 0.0     0      0 - -      -    28 root     [btaddconn]
 0.0     0      0 - -      -    27 root     [kmmcd]
 0.0     0      0 - -      -    26 root     [kseriod]
 0.0     0      0 - -      -    25 root     [khubd]
 0.0     0      0 - -      -    24 root     [ksuspend_usbd]
 0.0     0      0 - -      -    23 root     [ata_aux]
 0.0     0      0 - -      -    22 root     [ata/1]
 0.0     0      0 - -      -    21 root     [ata/0]
 0.0     0      0 - -      -    20 root     [cqueue]
 0.0     0      0 - -      -    19 root     [kacpi_notify]
 0.0     0      0 - -      -    18 root     [kacpid]
 0.0     0      0 - -      -    17 root     [kblockd/1]
 0.0     0      0 - -      -    16 root     [kblockd/0]
 0.0     0      0 - -      -    15 root     [kintegrityd/1]
 0.0     0      0 - -      -    14 root     [kintegrityd/0]
 0.0     0      0 - -      -    13 root     [kstop/1]
 0.0     0      0 - -      -    12 root     [kstop/0]
 0.0     0      0 - -      -    11 root     [khelper]
 0.0     0      0 - -      -    10 root     [events/1]
 0.0     0      0 - -      -     9 root     [events/0]
 0.0     0      0 - -      -     8 root     [watchdog/1]
 0.0     0      0 - -      -     7 root     [ksoftirqd/1]
 0.0     0      0 - -      -     6 root     [migration/1]
 0.0     0      0 - -      -     5 root     [watchdog/0]
 0.0     0      0 - -      -     4 root     [ksoftirqd/0]
 0.0     0      0 - -      -     3 root     [migration/0]
 0.0     0      0 - -      -     2 root     [kthreadd]

=========Sun Apr 17 04:05:01 UTC 2011========
%CPU    SZ    VSZ - -  UTIME   PID USER     COMMAND
 0.0 31484  39440 - -      - 14695 condor   sort -k 1 -r
 0.0  3248  37328 - -      -  2441 condor   condor_startd -f
 0.0  2824   6504 - -      -  1881 klog     /sbin/klogd -P /var/run/klogd/kmsg
 0.0  2144  35616 - -      -  2440 condor   condor_master
 0.0  2008  22008 - -      - 11483 condor   condor_procd -A /tmp/condor-lock.host_90.191183934294717/procd_pipe.STARTD -S 60 -C 1000
 0.0  1044  18284 - -      - 13517 condor   -bash
 0.0   700   9520 - -      - 14690 condor   /bin/bash /home/condor/cps210/monitor.sh
 0.0   608  70140 - -      - 13516 condor   sshd: condor@pts/0
 0.0   608  70140 - -      - 13514 root     sshd: condor [priv]
 0.0   608  14892 - -      - 14694 condor   ps -eo pcpu,size,vsize,cutime,cstime,utime,pid,user,args
 0.0   560  48940 - -      -  2053 root     /usr/sbin/sshd
 0.0   520  31380 - -      - 14687 root     /USR/SBIN/CRON
 0.0   344  16732 - -      -   835 root     /sbin/udevd --daemon
 0.0   336   4104 - -      -     1 root     /sbin/init
 0.0   304   6488 - -      -  2011 root     dhclient3 -e IF_METRIC=100 -pf /var/run/dhclient.eth0.pid -lf /var/lib/dhcp3/dhclient.eth0.leases eth0
 0.0   292  14520 - -      -  1965 root     /usr/sbin/rpc.mountd --manage-gids
 0.0   288  18712 - -      - 13944 root     /usr/sbin/cron
 0.0   276   8204 - -      -  1880 root     /bin/dd bs 1 if /proc/kmsg of /var/run/klogd/kmsg
 0.0   276   8180 - -      -  1615 daemon   /sbin/portmap
 0.0   272  12376 - -      -  1861 syslog   /sbin/syslogd -u syslog
 0.0   272  10300 - -      -  1632 statd    /sbin/rpc.statd
 0.0   272   4024 - -      - 14689 condor   /bin/sh -c /home/condor/cps210/monitor.sh
 0.0   272   3944 - -      -  2347 root     /sbin/getty 38400 tty1
 0.0   272   3944 - -      -  1822 root     /sbin/getty 38400 tty6
 0.0   272   3944 - -      -  1821 root     /sbin/getty 38400 tty3
 0.0   272   3944 - -      -  1818 root     /sbin/getty 38400 tty2
 0.0   272   3944 - -      -  1809 root     /sbin/getty 38400 tty5
 0.0   272   3944 - -      -  1808 root     /sbin/getty 38400 tty4
 0.0   268   3940 - -      - 14685 root     /sbin/getty 38400 xvc0
 0.0   260   3976 - -      - 14150 condor   sar -o /home/condor/cps210/cpu 300 72
 0.0   260   3972 - -      - 14151 condor   sadc 300 73 -z -S ALL /home/condor/cps210/cpu
 0.0     0      0 - -      -  2797 root     [nfsiod]
 0.0     0      0 - -      -  1961 root     [nfsd]
 0.0     0      0 - -      -  1960 root     [nfsd]
 0.0     0      0 - -      -  1959 root     [nfsd]
 0.0     0      0 - -      -  1958 root     [nfsd]
 0.0     0      0 - -      -  1957 root     [nfsd]
 0.0     0      0 - -      -  1956 root     [nfsd]
 0.0     0      0 - -      -  1955 root     [nfsd]
 0.0     0      0 - -      -  1954 root     [nfsd]
 0.0     0      0 - -      -  1953 root     [nfsd4]
 0.0     0      0 - -      -  1952 root     [lockd]
 0.0     0      0 - -      -  1921 root     [rpciod/1]
 0.0     0      0 - -      -  1918 root     [rpciod/0]
 0.0     0      0 - -      -  1023 root     [vballoon]
 0.0     0      0 - -      -   995 root     [kpsmoused]
 0.0     0      0 - -      -   742 root     [kjournald]
 0.0     0      0 - -      -   283 root     [scsi_eh_2]
 0.0     0      0 - -      -    47 root     [krfcommd]
 0.0     0      0 - -      -    46 root     [kondemand/1]
 0.0     0      0 - -      -    45 root     [kondemand/0]
 0.0     0      0 - -      -    44 root     [ksnapd]
 0.0     0      0 - -      -    43 root     [kmpath_handlerd]
 0.0     0      0 - -      -    42 root     [kmpathd/1]
 0.0     0      0 - -      -    41 root     [kmpathd/0]
 0.0     0      0 - -      -    40 root     [kstriped]
 0.0     0      0 - -      -    39 root     [scsi_eh_1]
 0.0     0      0 - -      -    38 root     [scsi_eh_0]
 0.0     0      0 - -      -    35 root     [ecryptfs-kthrea]
 0.0     0      0 - -      -    34 root     [aio/1]
 0.0     0      0 - -      -    33 root     [aio/0]
 0.0     0      0 - -      -    32 root     [kswapd0]
 0.0     0      0 - -      -    31 root     [pdflush]
 0.0     0      0 - -      -    30 root     [pdflush]
 0.0     0      0 - -      -    29 root     [btdelconn]
 0.0     0      0 - -      -    28 root     [btaddconn]
 0.0     0      0 - -      -    27 root     [kmmcd]
 0.0     0      0 - -      -    26 root     [kseriod]
 0.0     0      0 - -      -    25 root     [khubd]
 0.0     0      0 - -      -    24 root     [ksuspend_usbd]
 0.0     0      0 - -      -    23 root     [ata_aux]
 0.0     0      0 - -      -    22 root     [ata/1]
 0.0     0      0 - -      -    21 root     [ata/0]
 0.0     0      0 - -      -    20 root     [cqueue]
 0.0     0      0 - -      -    19 root     [kacpi_notify]
 0.0     0      0 - -      -    18 root     [kacpid]
 0.0     0      0 - -      -    17 root     [kblockd/1]
 0.0     0      0 - -      -    16 root     [kblockd/0]
 0.0     0      0 - -      -    15 root     [kintegrityd/1]
 0.0     0      0 - -      -    14 root     [kintegrityd/0]
 0.0     0      0 - -      -    13 root     [kstop/1]
 0.0     0      0 - -      -    12 root     [kstop/0]
 0.0     0      0 - -      -    11 root     [khelper]
 0.0     0      0 - -      -    10 root     [events/1]
 0.0     0      0 - -      -     9 root     [events/0]
 0.0     0      0 - -      -     8 root     [watchdog/1]
 0.0     0      0 - -      -     7 root     [ksoftirqd/1]
 0.0     0      0 - -      -     6 root     [migration/1]
 0.0     0      0 - -      -     5 root     [watchdog/0]
 0.0     0      0 - -      -     4 root     [ksoftirqd/0]
 0.0     0      0 - -      -     3 root     [migration/0]
 0.0     0      0 - -      -     2 root     [kthreadd]

=========Sun Apr 17 04:10:01 UTC 2011========
%CPU    SZ    VSZ - -  UTIME   PID USER     COMMAND
 1.4 14240  23964 - -      - 14815 condor   /opt/Montage_v3.3/bin/mBackground -t p2mass-atlas-990502s-j1420198.fits c2mass-atlas-990502s-j1420198.fits pimages_20110327_233551_6695.tbl corrections.tbl
 1.2  1028  35180 - -      - 14811 condor   condor_starter -f -a slot2 master.localdomain
 1.1  1028  35180 - -      - 14810 condor   condor_starter -f -a slot1 master.localdomain
 0.0 31484  39440 - -      - 14837 condor   sort -k 1 -r
 0.0  3248  37328 - -      -  2441 condor   condor_startd -f
 0.0  2824   6504 - -      -  1881 klog     /sbin/klogd -P /var/run/klogd/kmsg
 0.0  2144  35616 - -      -  2440 condor   condor_master
 0.0  2008  22008 - -      - 11483 condor   condor_procd -A /tmp/condor-lock.host_90.191183934294717/procd_pipe.STARTD -S 60 -C 1000
 0.0  1044  18284 - -      - 13517 condor   -bash
 0.0   700   9520 - -      - 14826 condor   /bin/bash /home/condor/cps210/monitor.sh
 0.0   608  70140 - -      - 13516 condor   sshd: condor@pts/0
 0.0   608  70140 - -      - 13514 root     sshd: condor [priv]
 0.0   608  14892 - -      - 14836 condor   ps -eo pcpu,size,vsize,cutime,cstime,utime,pid,user,args
 0.0   560  48940 - -      -  2053 root     /usr/sbin/sshd
 0.0   520  31380 - -      - 14820 root     /USR/SBIN/CRON
 0.0   520  31380 - -      - 14819 root     /USR/SBIN/CRON
 0.0   344  16732 - -      -   835 root     /sbin/udevd --daemon
 0.0   336   4104 - -      -     1 root     /sbin/init
 0.0   304   6488 - -      -  2011 root     dhclient3 -e IF_METRIC=100 -pf /var/run/dhclient.eth0.pid -lf /var/lib/dhcp3/dhclient.eth0.leases eth0
 0.0   292  14520 - -      -  1965 root     /usr/sbin/rpc.mountd --manage-gids
 0.0   288  18712 - -      - 13944 root     /usr/sbin/cron
 0.0   276  14988 - -      - 14816 condor   condor_exec.exe -n mBackground -N mBackground75:1.0 -R waif -w /mnt/montage_waif_2011-04-17T03:56:46/condor/pegasus/montage/20110417T035646+0000 -L montage -T 2011-04-15T19:17:46+00:00 /opt/Montage_v3.3/bin/mBackground -t p2mass-atlas-990502s-j1320198.fits c2mass-atlas-990502s-j1320198.fits pimages_20110327_233551_6695.tbl corrections.tbl
 0.0   276   8204 - -      -  1880 root     /bin/dd bs 1 if /proc/kmsg of /var/run/klogd/kmsg
 0.0   276   8180 - -      -  1615 daemon   /sbin/portmap
 0.0   272  12376 - -      -  1861 syslog   /sbin/syslogd -u syslog
 0.0   272  10300 - -      -  1632 statd    /sbin/rpc.statd
 0.0   272   4024 - -      - 14839 root     /bin/sh -e /etc/update-motd.d//90-updates-available
 0.0   272   4024 - -      - 14835 root     /bin/sh -e /etc/update-motd.d//90-updates-available
 0.0   272   4024 - -      - 14823 root     /bin/sh -e /usr/sbin/update-motd
 0.0   272   4024 - -      - 14822 condor   /bin/sh -c /home/condor/cps210/monitor.sh
 0.0   272   4024 - -      - 14821 root     /bin/sh -c [ -x /usr/sbin/update-motd ] && /usr/sbin/update-motd 2>/dev/null
 0.0   272   3944 - -      -  2347 root     /sbin/getty 38400 tty1
 0.0   272   3944 - -      -  1822 root     /sbin/getty 38400 tty6
 0.0   272   3944 - -      -  1821 root     /sbin/getty 38400 tty3
 0.0   272   3944 - -      -  1818 root     /sbin/getty 38400 tty2
 0.0   272   3944 - -      -  1809 root     /sbin/getty 38400 tty5
 0.0   272   3944 - -      -  1808 root     /sbin/getty 38400 tty4
 0.0   268   6560 - -      - 14814 condor   condor_exec.exe -n mBackground -N mBackground74:1.0 -R waif -w /mnt/montage_waif_2011-04-17T03:56:46/condor/pegasus/montage/20110417T035646+0000 -L montage -T 2011-04-15T19:17:46+00:00 /opt/Montage_v3.3/bin/mBackground -t p2mass-atlas-990502s-j1420198.fits c2mass-atlas-990502s-j1420198.fits pimages_20110327_233551_6695.tbl corrections.tbl
 0.0   268   3940 - -      - 14818 root     /sbin/getty 38400 xvc0
 0.0   260   3976 - -      - 14150 condor   sar -o /home/condor/cps210/cpu 300 72
 0.0   260   3972 - -      - 14151 condor   sadc 300 73 -z -S ALL /home/condor/cps210/cpu
 0.0     0      0 - -      -  2797 root     [nfsiod]
 0.0     0      0 - -      -  1961 root     [nfsd]
 0.0     0      0 - -      -  1960 root     [nfsd]
 0.0     0      0 - -      -  1959 root     [nfsd]
 0.0     0      0 - -      -  1958 root     [nfsd]
 0.0     0      0 - -      -  1957 root     [nfsd]
 0.0     0      0 - -      -  1956 root     [nfsd]
 0.0     0      0 - -      -  1955 root     [nfsd]
 0.0     0      0 - -      -  1954 root     [nfsd]
 0.0     0      0 - -      -  1953 root     [nfsd4]
 0.0     0      0 - -      -  1952 root     [lockd]
 0.0     0      0 - -      -  1921 root     [rpciod/1]
 0.0     0      0 - -      -  1918 root     [rpciod/0]
 0.0     0      0 - -      -  1023 root     [vballoon]
 0.0     0      0 - -      -   995 root     [kpsmoused]
 0.0     0      0 - -      -   742 root     [kjournald]
 0.0     0      0 - -      -   283 root     [scsi_eh_2]
 0.0     0      0 - -      -    47 root     [krfcommd]
 0.0     0      0 - -      -    46 root     [kondemand/1]
 0.0     0      0 - -      -    45 root     [kondemand/0]
 0.0     0      0 - -      -    44 root     [ksnapd]
 0.0     0      0 - -      -    43 root     [kmpath_handlerd]
 0.0     0      0 - -      -    42 root     [kmpathd/1]
 0.0     0      0 - -      -    41 root     [kmpathd/0]
 0.0     0      0 - -      -    40 root     [kstriped]
 0.0     0      0 - -      -    39 root     [scsi_eh_1]
 0.0     0      0 - -      -    38 root     [scsi_eh_0]
 0.0     0      0 - -      -    35 root     [ecryptfs-kthrea]
 0.0     0      0 - -      -    34 root     [aio/1]
 0.0     0      0 - -      -    33 root     [aio/0]
 0.0     0      0 - -      -    32 root     [kswapd0]
 0.0     0      0 - -      -    31 root     [pdflush]
 0.0     0      0 - -      -    30 root     [pdflush]
 0.0     0      0 - -      -    29 root     [btdelconn]
 0.0     0      0 - -      -    28 root     [btaddconn]
 0.0     0      0 - -      -    27 root     [kmmcd]
 0.0     0      0 - -      -    26 root     [kseriod]
 0.0     0      0 - -      -    25 root     [khubd]
 0.0     0      0 - -      -    24 root     [ksuspend_usbd]
 0.0     0      0 - -      -    23 root     [ata_aux]
 0.0     0      0 - -      -    22 root     [ata/1]
 0.0     0      0 - -      -    21 root     [ata/0]
 0.0     0      0 - -      -    20 root     [cqueue]
 0.0     0      0 - -      -    19 root     [kacpi_notify]
 0.0     0      0 - -      -    18 root     [kacpid]
 0.0     0      0 - -      -    17 root     [kblockd/1]
 0.0     0      0 - -      -    16 root     [kblockd/0]
 0.0     0      0 - -      -    15 root     [kintegrityd/1]
 0.0     0      0 - -      -    14 root     [kintegrityd/0]
 0.0     0      0 - -      -    13 root     [kstop/1]
 0.0     0      0 - -      -    12 root     [kstop/0]
 0.0     0      0 - -      -    11 root     [khelper]
 0.0     0      0 - -      -    10 root     [events/1]
 0.0     0      0 - -      -     9 root     [events/0]
 0.0     0      0 - -      -     8 root     [watchdog/1]
 0.0     0      0 - -      -     7 root     [ksoftirqd/1]
 0.0     0      0 - -      -     6 root     [migration/1]
 0.0     0      0 - -      -     5 root     [watchdog/0]
 0.0     0      0 - -      -     4 root     [ksoftirqd/0]
 0.0     0      0 - -      -     3 root     [migration/0]
 0.0     0      0 - -      -     2 root     [kthreadd]

=========Sun Apr 17 04:15:01 UTC 2011========
%CPU    SZ    VSZ - -  UTIME   PID USER     COMMAND
 0.0 31484  39440 - -      - 14931 condor   sort -k 1 -r
 0.0  3248  37328 - -      -  2441 condor   condor_startd -f
 0.0  2824   6504 - -      -  1881 klog     /sbin/klogd -P /var/run/klogd/kmsg
 0.0  2144  35616 - -      -  2440 condor   condor_master
 0.0  2008  22008 - -      - 11483 condor   condor_procd -A /tmp/condor-lock.host_90.191183934294717/procd_pipe.STARTD -S 60 -C 1000
 0.0  1044  18284 - -      - 13517 condor   -bash
 0.0   700   9520 - -      - 14926 condor   /bin/bash /home/condor/cps210/monitor.sh
 0.0   608  70140 - -      - 13516 condor   sshd: condor@pts/0
 0.0   608  70140 - -      - 13514 root     sshd: condor [priv]
 0.0   608  14892 - -      - 14930 condor   ps -eo pcpu,size,vsize,cutime,cstime,utime,pid,user,args
 0.0   560  48940 - -      -  2053 root     /usr/sbin/sshd
 0.0   520  31380 - -      - 14923 root     /USR/SBIN/CRON
 0.0   344  16732 - -      -   835 root     /sbin/udevd --daemon
 0.0   336   4104 - -      -     1 root     /sbin/init
 0.0   304   6488 - -      -  2011 root     dhclient3 -e IF_METRIC=100 -pf /var/run/dhclient.eth0.pid -lf /var/lib/dhcp3/dhclient.eth0.leases eth0
 0.0   292  14520 - -      -  1965 root     /usr/sbin/rpc.mountd --manage-gids
 0.0   288  18712 - -      - 13944 root     /usr/sbin/cron
 0.0   276   8204 - -      -  1880 root     /bin/dd bs 1 if /proc/kmsg of /var/run/klogd/kmsg
 0.0   276   8180 - -      -  1615 daemon   /sbin/portmap
 0.0   272  12376 - -      -  1861 syslog   /sbin/syslogd -u syslog
 0.0   272  10300 - -      -  1632 statd    /sbin/rpc.statd
 0.0   272   4024 - -      - 14924 condor   /bin/sh -c /home/condor/cps210/monitor.sh
 0.0   272   3944 - -      -  2347 root     /sbin/getty 38400 tty1
 0.0   272   3944 - -      -  1822 root     /sbin/getty 38400 tty6
 0.0   272   3944 - -      -  1821 root     /sbin/getty 38400 tty3
 0.0   272   3944 - -      -  1818 root     /sbin/getty 38400 tty2
 0.0   272   3944 - -      -  1809 root     /sbin/getty 38400 tty5
 0.0   272   3944 - -      -  1808 root     /sbin/getty 38400 tty4
 0.0   268   3940 - -      - 14921 root     /sbin/getty 38400 xvc0
 0.0   260   3976 - -      - 14150 condor   sar -o /home/condor/cps210/cpu 300 72
 0.0   260   3972 - -      - 14151 condor   sadc 300 73 -z -S ALL /home/condor/cps210/cpu
 0.0     0      0 - -      -  2797 root     [nfsiod]
 0.0     0      0 - -      -  1961 root     [nfsd]
 0.0     0      0 - -      -  1960 root     [nfsd]
 0.0     0      0 - -      -  1959 root     [nfsd]
 0.0     0      0 - -      -  1958 root     [nfsd]
 0.0     0      0 - -      -  1957 root     [nfsd]
 0.0     0      0 - -      -  1956 root     [nfsd]
 0.0     0      0 - -      -  1955 root     [nfsd]
 0.0     0      0 - -      -  1954 root     [nfsd]
 0.0     0      0 - -      -  1953 root     [nfsd4]
 0.0     0      0 - -      -  1952 root     [lockd]
 0.0     0      0 - -      -  1921 root     [rpciod/1]
 0.0     0      0 - -      -  1918 root     [rpciod/0]
 0.0     0      0 - -      -  1023 root     [vballoon]
 0.0     0      0 - -      -   995 root     [kpsmoused]
 0.0     0      0 - -      -   742 root     [kjournald]
 0.0     0      0 - -      -   283 root     [scsi_eh_2]
 0.0     0      0 - -      -    47 root     [krfcommd]
 0.0     0      0 - -      -    46 root     [kondemand/1]
 0.0     0      0 - -      -    45 root     [kondemand/0]
 0.0     0      0 - -      -    44 root     [ksnapd]
 0.0     0      0 - -      -    43 root     [kmpath_handlerd]
 0.0     0      0 - -      -    42 root     [kmpathd/1]
 0.0     0      0 - -      -    41 root     [kmpathd/0]
 0.0     0      0 - -      -    40 root     [kstriped]
 0.0     0      0 - -      -    39 root     [scsi_eh_1]
 0.0     0      0 - -      -    38 root     [scsi_eh_0]
 0.0     0      0 - -      -    35 root     [ecryptfs-kthrea]
 0.0     0      0 - -      -    34 root     [aio/1]
 0.0     0      0 - -      -    33 root     [aio/0]
 0.0     0      0 - -      -    32 root     [kswapd0]
 0.0     0      0 - -      -    31 root     [pdflush]
 0.0     0      0 - -      -    30 root     [pdflush]
 0.0     0      0 - -      -    29 root     [btdelconn]
 0.0     0      0 - -      -    28 root     [btaddconn]
 0.0     0      0 - -      -    27 root     [kmmcd]
 0.0     0      0 - -      -    26 root     [kseriod]
 0.0     0      0 - -      -    25 root     [khubd]
 0.0     0      0 - -      -    24 root     [ksuspend_usbd]
 0.0     0      0 - -      -    23 root     [ata_aux]
 0.0     0      0 - -      -    22 root     [ata/1]
 0.0     0      0 - -      -    21 root     [ata/0]
 0.0     0      0 - -      -    20 root     [cqueue]
 0.0     0      0 - -      -    19 root     [kacpi_notify]
 0.0     0      0 - -      -    18 root     [kacpid]
 0.0     0      0 - -      -    17 root     [kblockd/1]
 0.0     0      0 - -      -    16 root     [kblockd/0]
 0.0     0      0 - -      -    15 root     [kintegrityd/1]
 0.0     0      0 - -      -    14 root     [kintegrityd/0]
 0.0     0      0 - -      -    13 root     [kstop/1]
 0.0     0      0 - -      -    12 root     [kstop/0]
 0.0     0      0 - -      -    11 root     [khelper]
 0.0     0      0 - -      -    10 root     [events/1]
 0.0     0      0 - -      -     9 root     [events/0]
 0.0     0      0 - -      -     8 root     [watchdog/1]
 0.0     0      0 - -      -     7 root     [ksoftirqd/1]
 0.0     0      0 - -      -     6 root     [migration/1]
 0.0     0      0 - -      -     5 root     [watchdog/0]
 0.0     0      0 - -      -     4 root     [ksoftirqd/0]
 0.0     0      0 - -      -     3 root     [migration/0]
 0.0     0      0 - -      -     2 root     [kthreadd]

=========Sun Apr 17 04:20:01 UTC 2011========
%CPU    SZ    VSZ - -  UTIME   PID USER     COMMAND
 0.0 31484  39440 - -      - 15196 condor   sort -k 1 -r
 0.0  3248  37328 - -      -  2441 condor   condor_startd -f
 0.0  2824   6504 - -      -  1881 klog     /sbin/klogd -P /var/run/klogd/kmsg
 0.0  2144  35616 - -      -  2440 condor   condor_master
 0.0  2008  22008 - -      - 11483 condor   condor_procd -A /tmp/condor-lock.host_90.191183934294717/procd_pipe.STARTD -S 60 -C 1000
 0.0  1044  18284 - -      - 13517 condor   -bash
 0.0   700   9520 - -      - 15180 condor   /bin/bash /home/condor/cps210/monitor.sh
 0.0   608  70140 - -      - 13516 condor   sshd: condor@pts/0
 0.0   608  70140 - -      - 13514 root     sshd: condor [priv]
 0.0   608  14892 - -      - 15195 condor   ps -eo pcpu,size,vsize,cutime,cstime,utime,pid,user,args
 0.0   560  48940 - -      -  2053 root     /usr/sbin/sshd
 0.0   520  31380 - -      - 15177 root     /USR/SBIN/CRON
 0.0   520  31380 - -      - 15176 root     /USR/SBIN/CRON
 0.0   344  16732 - -      -   835 root     /sbin/udevd --daemon
 0.0   336   4104 - -      -     1 root     /sbin/init
 0.0   304   6488 - -      -  2011 root     dhclient3 -e IF_METRIC=100 -pf /var/run/dhclient.eth0.pid -lf /var/lib/dhcp3/dhclient.eth0.leases eth0
 0.0   292  14520 - -      -  1965 root     /usr/sbin/rpc.mountd --manage-gids
 0.0   288  18712 - -      - 13944 root     /usr/sbin/cron
 0.0   276   8204 - -      -  1880 root     /bin/dd bs 1 if /proc/kmsg of /var/run/klogd/kmsg
 0.0   276   8180 - -      -  1615 daemon   /sbin/portmap
 0.0   272  12376 - -      -  1861 syslog   /sbin/syslogd -u syslog
 0.0   272  10300 - -      -  1632 statd    /sbin/rpc.statd
 0.0   272   4024 - -      - 15191 root     /bin/sh -e /etc/update-motd.d//90-updates-available
 0.0   272   4024 - -      - 15181 root     /bin/sh -e /usr/sbin/update-motd
 0.0   272   4024 - -      - 15179 root     /bin/sh -c [ -x /usr/sbin/update-motd ] && /usr/sbin/update-motd 2>/dev/null
 0.0   272   4024 - -      - 15178 condor   /bin/sh -c /home/condor/cps210/monitor.sh
 0.0   272   3944 - -      -  2347 root     /sbin/getty 38400 tty1
 0.0   272   3944 - -      -  1822 root     /sbin/getty 38400 tty6
 0.0   272   3944 - -      -  1821 root     /sbin/getty 38400 tty3
 0.0   272   3944 - -      -  1818 root     /sbin/getty 38400 tty2
 0.0   272   3944 - -      -  1809 root     /sbin/getty 38400 tty5
 0.0   272   3944 - -      -  1808 root     /sbin/getty 38400 tty4
 0.0   268   3940 - -      - 15175 root     /sbin/getty 38400 xvc0
 0.0   264   8184 - -      - 15205 root     stat -c %Y /var/lib/apt//lists//hu.archive.ubuntu.com_ubuntu_dists_hardy_Release
 0.0   260   3976 - -      - 14150 condor   sar -o /home/condor/cps210/cpu 300 72
 0.0   260   3972 - -      - 14151 condor   sadc 300 73 -z -S ALL /home/condor/cps210/cpu
 0.0     0      0 - -      -  2797 root     [nfsiod]
 0.0     0      0 - -      -  1961 root     [nfsd]
 0.0     0      0 - -      -  1960 root     [nfsd]
 0.0     0      0 - -      -  1959 root     [nfsd]
 0.0     0      0 - -      -  1958 root     [nfsd]
 0.0     0      0 - -      -  1957 root     [nfsd]
 0.0     0      0 - -      -  1956 root     [nfsd]
 0.0     0      0 - -      -  1955 root     [nfsd]
 0.0     0      0 - -      -  1954 root     [nfsd]
 0.0     0      0 - -      -  1953 root     [nfsd4]
 0.0     0      0 - -      -  1952 root     [lockd]
 0.0     0      0 - -      -  1921 root     [rpciod/1]
 0.0     0      0 - -      -  1918 root     [rpciod/0]
 0.0     0      0 - -      -  1023 root     [vballoon]
 0.0     0      0 - -      -   995 root     [kpsmoused]
 0.0     0      0 - -      -   742 root     [kjournald]
 0.0     0      0 - -      -   283 root     [scsi_eh_2]
 0.0     0      0 - -      -    47 root     [krfcommd]
 0.0     0      0 - -      -    46 root     [kondemand/1]
 0.0     0      0 - -      -    45 root     [kondemand/0]
 0.0     0      0 - -      -    44 root     [ksnapd]
 0.0     0      0 - -      -    43 root     [kmpath_handlerd]
 0.0     0      0 - -      -    42 root     [kmpathd/1]
 0.0     0      0 - -      -    41 root     [kmpathd/0]
 0.0     0      0 - -      -    40 root     [kstriped]
 0.0     0      0 - -      -    39 root     [scsi_eh_1]
 0.0     0      0 - -      -    38 root     [scsi_eh_0]
 0.0     0      0 - -      -    35 root     [ecryptfs-kthrea]
 0.0     0      0 - -      -    34 root     [aio/1]
 0.0     0      0 - -      -    33 root     [aio/0]
 0.0     0      0 - -      -    32 root     [kswapd0]
 0.0     0      0 - -      -    31 root     [pdflush]
 0.0     0      0 - -      -    30 root     [pdflush]
 0.0     0      0 - -      -    29 root     [btdelconn]
 0.0     0      0 - -      -    28 root     [btaddconn]
 0.0     0      0 - -      -    27 root     [kmmcd]
 0.0     0      0 - -      -    26 root     [kseriod]
 0.0     0      0 - -      -    25 root     [khubd]
 0.0     0      0 - -      -    24 root     [ksuspend_usbd]
 0.0     0      0 - -      -    23 root     [ata_aux]
 0.0     0      0 - -      -    22 root     [ata/1]
 0.0     0      0 - -      -    21 root     [ata/0]
 0.0     0      0 - -      -    20 root     [cqueue]
 0.0     0      0 - -      -    19 root     [kacpi_notify]
 0.0     0      0 - -      -    18 root     [kacpid]
 0.0     0      0 - -      -    17 root     [kblockd/1]
 0.0     0      0 - -      -    16 root     [kblockd/0]
 0.0     0      0 - -      -    15 root     [kintegrityd/1]
 0.0     0      0 - -      -    14 root     [kintegrityd/0]
 0.0     0      0 - -      -    13 root     [kstop/1]
 0.0     0      0 - -      -    12 root     [kstop/0]
 0.0     0      0 - -      -    11 root     [khelper]
 0.0     0      0 - -      -    10 root     [events/1]
 0.0     0      0 - -      -     9 root     [events/0]
 0.0     0      0 - -      -     8 root     [watchdog/1]
 0.0     0      0 - -      -     7 root     [ksoftirqd/1]
 0.0     0      0 - -      -     6 root     [migration/1]
 0.0     0      0 - -      -     5 root     [watchdog/0]
 0.0     0      0 - -      -     4 root     [ksoftirqd/0]
 0.0     0      0 - -      -     3 root     [migration/0]
 0.0     0      0 - -      -     2 root     [kthreadd]

=========Sun Apr 17 04:25:01 UTC 2011========
%CPU    SZ    VSZ - -  UTIME   PID USER     COMMAND
 0.0 31484  39440 - -      - 15338 condor   sort -k 1 -r
 0.0  3480  37560 - -      -  2441 condor   condor_startd -f
 0.0  2824   6504 - -      -  1881 klog     /sbin/klogd -P /var/run/klogd/kmsg
 0.0  2144  35616 - -      -  2440 condor   condor_master
 0.0  2140  22140 - -      - 11483 condor   condor_procd -A /tmp/condor-lock.host_90.191183934294717/procd_pipe.STARTD -S 60 -C 1000
 0.0  1044  18284 - -      - 13517 condor   -bash
 0.0   700   9520 - -      - 15333 condor   /bin/bash /home/condor/cps210/monitor.sh
 0.0   608  70140 - -      - 13516 condor   sshd: condor@pts/0
 0.0   608  70140 - -      - 13514 root     sshd: condor [priv]
 0.0   608  14892 - -      - 15337 condor   ps -eo pcpu,size,vsize,cutime,cstime,utime,pid,user,args
 0.0   560  48940 - -      -  2053 root     /usr/sbin/sshd
 0.0   520  31380 - -      - 15330 root     /USR/SBIN/CRON
 0.0   344  16732 - -      -   835 root     /sbin/udevd --daemon
 0.0   336   4104 - -      -     1 root     /sbin/init
 0.0   304   6488 - -      -  2011 root     dhclient3 -e IF_METRIC=100 -pf /var/run/dhclient.eth0.pid -lf /var/lib/dhcp3/dhclient.eth0.leases eth0
 0.0   292  14520 - -      -  1965 root     /usr/sbin/rpc.mountd --manage-gids
 0.0   288  18712 - -      - 13944 root     /usr/sbin/cron
 0.0   276   8204 - -      -  1880 root     /bin/dd bs 1 if /proc/kmsg of /var/run/klogd/kmsg
 0.0   276   8180 - -      -  1615 daemon   /sbin/portmap
 0.0   272  12376 - -      -  1861 syslog   /sbin/syslogd -u syslog
 0.0   272  10300 - -      -  1632 statd    /sbin/rpc.statd
 0.0   272   4024 - -      - 15331 condor   /bin/sh -c /home/condor/cps210/monitor.sh
 0.0   272   3944 - -      -  2347 root     /sbin/getty 38400 tty1
 0.0   272   3944 - -      -  1822 root     /sbin/getty 38400 tty6
 0.0   272   3944 - -      -  1821 root     /sbin/getty 38400 tty3
 0.0   272   3944 - -      -  1818 root     /sbin/getty 38400 tty2
 0.0   272   3944 - -      -  1809 root     /sbin/getty 38400 tty5
 0.0   272   3944 - -      -  1808 root     /sbin/getty 38400 tty4
 0.0   268   3940 - -      - 15328 root     /sbin/getty 38400 xvc0
 0.0   260   3976 - -      - 14150 condor   sar -o /home/condor/cps210/cpu 300 72
 0.0   260   3972 - -      - 14151 condor   sadc 300 73 -z -S ALL /home/condor/cps210/cpu
 0.0     0      0 - -      -  2797 root     [nfsiod]
 0.0     0      0 - -      -  1961 root     [nfsd]
 0.0     0      0 - -      -  1960 root     [nfsd]
 0.0     0      0 - -      -  1959 root     [nfsd]
 0.0     0      0 - -      -  1958 root     [nfsd]
 0.0     0      0 - -      -  1957 root     [nfsd]
 0.0     0      0 - -      -  1956 root     [nfsd]
 0.0     0      0 - -      -  1955 root     [nfsd]
 0.0     0      0 - -      -  1954 root     [nfsd]
 0.0     0      0 - -      -  1953 root     [nfsd4]
 0.0     0      0 - -      -  1952 root     [lockd]
 0.0     0      0 - -      -  1921 root     [rpciod/1]
 0.0     0      0 - -      -  1918 root     [rpciod/0]
 0.0     0      0 - -      -  1023 root     [vballoon]
 0.0     0      0 - -      -   995 root     [kpsmoused]
 0.0     0      0 - -      -   742 root     [kjournald]
 0.0     0      0 - -      -   283 root     [scsi_eh_2]
 0.0     0      0 - -      -    47 root     [krfcommd]
 0.0     0      0 - -      -    46 root     [kondemand/1]
 0.0     0      0 - -      -    45 root     [kondemand/0]
 0.0     0      0 - -      -    44 root     [ksnapd]
 0.0     0      0 - -      -    43 root     [kmpath_handlerd]
 0.0     0      0 - -      -    42 root     [kmpathd/1]
 0.0     0      0 - -      -    41 root     [kmpathd/0]
 0.0     0      0 - -      -    40 root     [kstriped]
 0.0     0      0 - -      -    39 root     [scsi_eh_1]
 0.0     0      0 - -      -    38 root     [scsi_eh_0]
 0.0     0      0 - -      -    35 root     [ecryptfs-kthrea]
 0.0     0      0 - -      -    34 root     [aio/1]
 0.0     0      0 - -      -    33 root     [aio/0]
 0.0     0      0 - -      -    32 root     [kswapd0]
 0.0     0      0 - -      -    31 root     [pdflush]
 0.0     0      0 - -      -    30 root     [pdflush]
 0.0     0      0 - -      -    29 root     [btdelconn]
 0.0     0      0 - -      -    28 root     [btaddconn]
 0.0     0      0 - -      -    27 root     [kmmcd]
 0.0     0      0 - -      -    26 root     [kseriod]
 0.0     0      0 - -      -    25 root     [khubd]
 0.0     0      0 - -      -    24 root     [ksuspend_usbd]
 0.0     0      0 - -      -    23 root     [ata_aux]
 0.0     0      0 - -      -    22 root     [ata/1]
 0.0     0      0 - -      -    21 root     [ata/0]
 0.0     0      0 - -      -    20 root     [cqueue]
 0.0     0      0 - -      -    19 root     [kacpi_notify]
 0.0     0      0 - -      -    18 root     [kacpid]
 0.0     0      0 - -      -    17 root     [kblockd/1]
 0.0     0      0 - -      -    16 root     [kblockd/0]
 0.0     0      0 - -      -    15 root     [kintegrityd/1]
 0.0     0      0 - -      -    14 root     [kintegrityd/0]
 0.0     0      0 - -      -    13 root     [kstop/1]
 0.0     0      0 - -      -    12 root     [kstop/0]
 0.0     0      0 - -      -    11 root     [khelper]
 0.0     0      0 - -      -    10 root     [events/1]
 0.0     0      0 - -      -     9 root     [events/0]
 0.0     0      0 - -      -     8 root     [watchdog/1]
 0.0     0      0 - -      -     7 root     [ksoftirqd/1]
 0.0     0      0 - -      -     6 root     [migration/1]
 0.0     0      0 - -      -     5 root     [watchdog/0]
 0.0     0      0 - -      -     4 root     [ksoftirqd/0]
 0.0     0      0 - -      -     3 root     [migration/0]
 0.0     0      0 - -      -     2 root     [kthreadd]

=========Sun Apr 17 04:30:01 UTC 2011========
%CPU    SZ    VSZ - -  UTIME   PID USER     COMMAND
 0.0 31484  39440 - -      - 15397 condor   sort -k 1 -r
 0.0  3480  37560 - -      -  2441 condor   condor_startd -f
 0.0  2824   6504 - -      -  1881 klog     /sbin/klogd -P /var/run/klogd/kmsg
 0.0  2144  35616 - -      -  2440 condor   condor_master
 0.0  2140  22140 - -      - 11483 condor   condor_procd -A /tmp/condor-lock.host_90.191183934294717/procd_pipe.STARTD -S 60 -C 1000
 0.0  1044  18284 - -      - 13517 condor   -bash
 0.0   700   9520 - -      - 15385 condor   /bin/bash /home/condor/cps210/monitor.sh
 0.0   608  70140 - -      - 13516 condor   sshd: condor@pts/0
 0.0   608  70140 - -      - 13514 root     sshd: condor [priv]
 0.0   608  14892 - -      - 15396 condor   ps -eo pcpu,size,vsize,cutime,cstime,utime,pid,user,args
 0.0   560  48940 - -      -  2053 root     /usr/sbin/sshd
 0.0   520  31380 - -      - 15377 root     /USR/SBIN/CRON
 0.0   520  31380 - -      - 15376 root     /USR/SBIN/CRON
 0.0   344  16732 - -      -   835 root     /sbin/udevd --daemon
 0.0   336   4104 - -      -     1 root     /sbin/init
 0.0   304   6488 - -      -  2011 root     dhclient3 -e IF_METRIC=100 -pf /var/run/dhclient.eth0.pid -lf /var/lib/dhcp3/dhclient.eth0.leases eth0
 0.0   292  14520 - -      -  1965 root     /usr/sbin/rpc.mountd --manage-gids
 0.0   288  18712 - -      - 13944 root     /usr/sbin/cron
 0.0   276   8204 - -      -  1880 root     /bin/dd bs 1 if /proc/kmsg of /var/run/klogd/kmsg
 0.0   276   8180 - -      -  1615 daemon   /sbin/portmap
 0.0   272  12376 - -      -  1861 syslog   /sbin/syslogd -u syslog
 0.0   272  10300 - -      -  1632 statd    /sbin/rpc.statd
 0.0   272   4024 - -      - 15391 root     /bin/sh -e /etc/update-motd.d//90-updates-available
 0.0   272   4024 - -      - 15380 root     /bin/sh -e /usr/sbin/update-motd
 0.0   272   4024 - -      - 15379 condor   /bin/sh -c /home/condor/cps210/monitor.sh
 0.0   272   4024 - -      - 15378 root     /bin/sh -c [ -x /usr/sbin/update-motd ] && /usr/sbin/update-motd 2>/dev/null
 0.0   272   3944 - -      -  2347 root     /sbin/getty 38400 tty1
 0.0   272   3944 - -      -  1822 root     /sbin/getty 38400 tty6
 0.0   272   3944 - -      -  1821 root     /sbin/getty 38400 tty3
 0.0   272   3944 - -      -  1818 root     /sbin/getty 38400 tty2
 0.0   272   3944 - -      -  1809 root     /sbin/getty 38400 tty5
 0.0   272   3944 - -      -  1808 root     /sbin/getty 38400 tty4
 0.0   268   3940 - -      - 15375 root     /sbin/getty 38400 xvc0
 0.0   260   3976 - -      - 14150 condor   sar -o /home/condor/cps210/cpu 300 72
 0.0   260   3972 - -      - 14151 condor   sadc 300 73 -z -S ALL /home/condor/cps210/cpu
 0.0   128   8064 - -      - 15407 root     stat -c %Y /var/lib/apt//lists//hu.archive.ubuntu.com_ubuntu_dists_hardy_universe_binary-amd64_Packages
 0.0     0      0 - -      -  2797 root     [nfsiod]
 0.0     0      0 - -      -  1961 root     [nfsd]
 0.0     0      0 - -      -  1960 root     [nfsd]
 0.0     0      0 - -      -  1959 root     [nfsd]
 0.0     0      0 - -      -  1958 root     [nfsd]
 0.0     0      0 - -      -  1957 root     [nfsd]
 0.0     0      0 - -      -  1956 root     [nfsd]
 0.0     0      0 - -      -  1955 root     [nfsd]
 0.0     0      0 - -      -  1954 root     [nfsd]
 0.0     0      0 - -      -  1953 root     [nfsd4]
 0.0     0      0 - -      -  1952 root     [lockd]
 0.0     0      0 - -      -  1921 root     [rpciod/1]
 0.0     0      0 - -      -  1918 root     [rpciod/0]
 0.0     0      0 - -      -  1023 root     [vballoon]
 0.0     0      0 - -      -   995 root     [kpsmoused]
 0.0     0      0 - -      -   742 root     [kjournald]
 0.0     0      0 - -      -   283 root     [scsi_eh_2]
 0.0     0      0 - -      -    47 root     [krfcommd]
 0.0     0      0 - -      -    46 root     [kondemand/1]
 0.0     0      0 - -      -    45 root     [kondemand/0]
 0.0     0      0 - -      -    44 root     [ksnapd]
 0.0     0      0 - -      -    43 root     [kmpath_handlerd]
 0.0     0      0 - -      -    42 root     [kmpathd/1]
 0.0     0      0 - -      -    41 root     [kmpathd/0]
 0.0     0      0 - -      -    40 root     [kstriped]
 0.0     0      0 - -      -    39 root     [scsi_eh_1]
 0.0     0      0 - -      -    38 root     [scsi_eh_0]
 0.0     0      0 - -      -    35 root     [ecryptfs-kthrea]
 0.0     0      0 - -      -    34 root     [aio/1]
 0.0     0      0 - -      -    33 root     [aio/0]
 0.0     0      0 - -      -    32 root     [kswapd0]
 0.0     0      0 - -      -    31 root     [pdflush]
 0.0     0      0 - -      -    30 root     [pdflush]
 0.0     0      0 - -      -    29 root     [btdelconn]
 0.0     0      0 - -      -    28 root     [btaddconn]
 0.0     0      0 - -      -    27 root     [kmmcd]
 0.0     0      0 - -      -    26 root     [kseriod]
 0.0     0      0 - -      -    25 root     [khubd]
 0.0     0      0 - -      -    24 root     [ksuspend_usbd]
 0.0     0      0 - -      -    23 root     [ata_aux]
 0.0     0      0 - -      -    22 root     [ata/1]
 0.0     0      0 - -      -    21 root     [ata/0]
 0.0     0      0 - -      -    20 root     [cqueue]
 0.0     0      0 - -      -    19 root     [kacpi_notify]
 0.0     0      0 - -      -    18 root     [kacpid]
 0.0     0      0 - -      -    17 root     [kblockd/1]
 0.0     0      0 - -      -    16 root     [kblockd/0]
 0.0     0      0 - -      -    15 root     [kintegrityd/1]
 0.0     0      0 - -      -    14 root     [kintegrityd/0]
 0.0     0      0 - -      -    13 root     [kstop/1]
 0.0     0      0 - -      -    12 root     [kstop/0]
 0.0     0      0 - -      -    11 root     [khelper]
 0.0     0      0 - -      -    10 root     [events/1]
 0.0     0      0 - -      -     9 root     [events/0]
 0.0     0      0 - -      -     8 root     [watchdog/1]
 0.0     0      0 - -      -     7 root     [ksoftirqd/1]
 0.0     0      0 - -      -     6 root     [migration/1]
 0.0     0      0 - -      -     5 root     [watchdog/0]
 0.0     0      0 - -      -     4 root     [ksoftirqd/0]
 0.0     0      0 - -      -     3 root     [migration/0]
 0.0     0      0 - -      -     2 root     [kthreadd]

=========Sun Apr 17 04:35:01 UTC 2011========
%CPU    SZ    VSZ - -  UTIME   PID USER     COMMAND
 0.0 31484  39440 - -      - 15475 condor   sort -k 1 -r
 0.0  3480  37560 - -      -  2441 condor   condor_startd -f
 0.0  2824   6504 - -      -  1881 klog     /sbin/klogd -P /var/run/klogd/kmsg
 0.0  2144  35616 - -      -  2440 condor   condor_master
 0.0  2140  22140 - -      - 11483 condor   condor_procd -A /tmp/condor-lock.host_90.191183934294717/procd_pipe.STARTD -S 60 -C 1000
 0.0  1044  18284 - -      - 13517 condor   -bash
 0.0   700   9520 - -      - 15470 condor   /bin/bash /home/condor/cps210/monitor.sh
 0.0   608  70140 - -      - 13516 condor   sshd: condor@pts/0
 0.0   608  70140 - -      - 13514 root     sshd: condor [priv]
 0.0   608  14892 - -      - 15474 condor   ps -eo pcpu,size,vsize,cutime,cstime,utime,pid,user,args
 0.0   560  48940 - -      -  2053 root     /usr/sbin/sshd
 0.0   520  31380 - -      - 15467 root     /USR/SBIN/CRON
 0.0   344  16732 - -      -   835 root     /sbin/udevd --daemon
 0.0   336   4104 - -      -     1 root     /sbin/init
 0.0   304   6488 - -      -  2011 root     dhclient3 -e IF_METRIC=100 -pf /var/run/dhclient.eth0.pid -lf /var/lib/dhcp3/dhclient.eth0.leases eth0
 0.0   292  14520 - -      -  1965 root     /usr/sbin/rpc.mountd --manage-gids
 0.0   288  18712 - -      - 13944 root     /usr/sbin/cron
 0.0   276   8204 - -      -  1880 root     /bin/dd bs 1 if /proc/kmsg of /var/run/klogd/kmsg
 0.0   276   8180 - -      -  1615 daemon   /sbin/portmap
 0.0   272  12376 - -      -  1861 syslog   /sbin/syslogd -u syslog
 0.0   272  10300 - -      -  1632 statd    /sbin/rpc.statd
 0.0   272   4024 - -      - 15469 condor   /bin/sh -c /home/condor/cps210/monitor.sh
 0.0   272   3944 - -      -  2347 root     /sbin/getty 38400 tty1
 0.0   272   3944 - -      -  1822 root     /sbin/getty 38400 tty6
 0.0   272   3944 - -      -  1821 root     /sbin/getty 38400 tty3
 0.0   272   3944 - -      -  1818 root     /sbin/getty 38400 tty2
 0.0   272   3944 - -      -  1809 root     /sbin/getty 38400 tty5
 0.0   272   3944 - -      -  1808 root     /sbin/getty 38400 tty4
 0.0   268   3940 - -      - 15465 root     /sbin/getty 38400 xvc0
 0.0   260   3976 - -      - 14150 condor   sar -o /home/condor/cps210/cpu 300 72
 0.0   260   3972 - -      - 14151 condor   sadc 300 73 -z -S ALL /home/condor/cps210/cpu
 0.0     0      0 - -      -  2797 root     [nfsiod]
 0.0     0      0 - -      -  1961 root     [nfsd]
 0.0     0      0 - -      -  1960 root     [nfsd]
 0.0     0      0 - -      -  1959 root     [nfsd]
 0.0     0      0 - -      -  1958 root     [nfsd]
 0.0     0      0 - -      -  1957 root     [nfsd]
 0.0     0      0 - -      -  1956 root     [nfsd]
 0.0     0      0 - -      -  1955 root     [nfsd]
 0.0     0      0 - -      -  1954 root     [nfsd]
 0.0     0      0 - -      -  1953 root     [nfsd4]
 0.0     0      0 - -      -  1952 root     [lockd]
 0.0     0      0 - -      -  1921 root     [rpciod/1]
 0.0     0      0 - -      -  1918 root     [rpciod/0]
 0.0     0      0 - -      -  1023 root     [vballoon]
 0.0     0      0 - -      -   995 root     [kpsmoused]
 0.0     0      0 - -      -   742 root     [kjournald]
 0.0     0      0 - -      -   283 root     [scsi_eh_2]
 0.0     0      0 - -      -    47 root     [krfcommd]
 0.0     0      0 - -      -    46 root     [kondemand/1]
 0.0     0      0 - -      -    45 root     [kondemand/0]
 0.0     0      0 - -      -    44 root     [ksnapd]
 0.0     0      0 - -      -    43 root     [kmpath_handlerd]
 0.0     0      0 - -      -    42 root     [kmpathd/1]
 0.0     0      0 - -      -    41 root     [kmpathd/0]
 0.0     0      0 - -      -    40 root     [kstriped]
 0.0     0      0 - -      -    39 root     [scsi_eh_1]
 0.0     0      0 - -      -    38 root     [scsi_eh_0]
 0.0     0      0 - -      -    35 root     [ecryptfs-kthrea]
 0.0     0      0 - -      -    34 root     [aio/1]
 0.0     0      0 - -      -    33 root     [aio/0]
 0.0     0      0 - -      -    32 root     [kswapd0]
 0.0     0      0 - -      -    31 root     [pdflush]
 0.0     0      0 - -      -    30 root     [pdflush]
 0.0     0      0 - -      -    29 root     [btdelconn]
 0.0     0      0 - -      -    28 root     [btaddconn]
 0.0     0      0 - -      -    27 root     [kmmcd]
 0.0     0      0 - -      -    26 root     [kseriod]
 0.0     0      0 - -      -    25 root     [khubd]
 0.0     0      0 - -      -    24 root     [ksuspend_usbd]
 0.0     0      0 - -      -    23 root     [ata_aux]
 0.0     0      0 - -      -    22 root     [ata/1]
 0.0     0      0 - -      -    21 root     [ata/0]
 0.0     0      0 - -      -    20 root     [cqueue]
 0.0     0      0 - -      -    19 root     [kacpi_notify]
 0.0     0      0 - -      -    18 root     [kacpid]
 0.0     0      0 - -      -    17 root     [kblockd/1]
 0.0     0      0 - -      -    16 root     [kblockd/0]
 0.0     0      0 - -      -    15 root     [kintegrityd/1]
 0.0     0      0 - -      -    14 root     [kintegrityd/0]
 0.0     0      0 - -      -    13 root     [kstop/1]
 0.0     0      0 - -      -    12 root     [kstop/0]
 0.0     0      0 - -      -    11 root     [khelper]
 0.0     0      0 - -      -    10 root     [events/1]
 0.0     0      0 - -      -     9 root     [events/0]
 0.0     0      0 - -      -     8 root     [watchdog/1]
 0.0     0      0 - -      -     7 root     [ksoftirqd/1]
 0.0     0      0 - -      -     6 root     [migration/1]
 0.0     0      0 - -      -     5 root     [watchdog/0]
 0.0     0      0 - -      -     4 root     [ksoftirqd/0]
 0.0     0      0 - -      -     3 root     [migration/0]
 0.0     0      0 - -      -     2 root     [kthreadd]

=========Sun Apr 17 04:40:01 UTC 2011========
%CPU    SZ    VSZ - -  UTIME   PID USER     COMMAND
 0.0  3480  37560 - -      -  2441 condor   condor_startd -f
 0.0  2824   6504 - -      -  1881 klog     /sbin/klogd -P /var/run/klogd/kmsg
 0.0  2144  35616 - -      -  2440 condor   condor_master
 0.0  2140  22140 - -      - 11483 condor   condor_procd -A /tmp/condor-lock.host_90.191183934294717/procd_pipe.STARTD -S 60 -C 1000
 0.0  1044  18284 - -      - 13517 condor   -bash
 0.0   700   9520 - -      - 15512 condor   /bin/bash /home/condor/cps210/monitor.sh
 0.0   608  70140 - -      - 13516 condor   sshd: condor@pts/0
 0.0   608  70140 - -      - 13514 root     sshd: condor [priv]
 0.0   608  14892 - -      - 15526 condor   ps -eo pcpu,size,vsize,cutime,cstime,utime,pid,user,args
 0.0   560  48940 - -      -  2053 root     /usr/sbin/sshd
 0.0   520  31380 - -      - 15509 root     /USR/SBIN/CRON
 0.0   520  31380 - -      - 15508 root     /USR/SBIN/CRON
 0.0   344  16732 - -      -   835 root     /sbin/udevd --daemon
 0.0   336   4104 - -      -     1 root     /sbin/init
 0.0   304   6488 - -      -  2011 root     dhclient3 -e IF_METRIC=100 -pf /var/run/dhclient.eth0.pid -lf /var/lib/dhcp3/dhclient.eth0.leases eth0
 0.0   292  14520 - -      -  1965 root     /usr/sbin/rpc.mountd --manage-gids
 0.0   288  18712 - -      - 13944 root     /usr/sbin/cron
 0.0   276   8204 - -      -  1880 root     /bin/dd bs 1 if /proc/kmsg of /var/run/klogd/kmsg
 0.0   276   8180 - -      -  1615 daemon   /sbin/portmap
 0.0   272  12376 - -      -  1861 syslog   /sbin/syslogd -u syslog
 0.0   272  10300 - -      -  1632 statd    /sbin/rpc.statd
 0.0   272   4024 - -      - 15524 root     /bin/sh -e /etc/update-motd.d//90-updates-available
 0.0   272   4024 - -      - 15513 root     /bin/sh -e /usr/sbin/update-motd
 0.0   272   4024 - -      - 15511 condor   /bin/sh -c /home/condor/cps210/monitor.sh
 0.0   272   4024 - -      - 15510 root     /bin/sh -c [ -x /usr/sbin/update-motd ] && /usr/sbin/update-motd 2>/dev/null
 0.0   272   3944 - -      -  2347 root     /sbin/getty 38400 tty1
 0.0   272   3944 - -      -  1822 root     /sbin/getty 38400 tty6
 0.0   272   3944 - -      -  1821 root     /sbin/getty 38400 tty3
 0.0   272   3944 - -      -  1818 root     /sbin/getty 38400 tty2
 0.0   272   3944 - -      -  1809 root     /sbin/getty 38400 tty5
 0.0   272   3944 - -      -  1808 root     /sbin/getty 38400 tty4
 0.0   268   3940 - -      - 15507 root     /sbin/getty 38400 xvc0
 0.0   264   8184 - -      - 15530 root     stat -c %Y /var/lib/apt//lists//archive.ubuntu.com_ubuntu_dists_jaunty_Release.gpg
 0.0   260   3976 - -      - 14150 condor   sar -o /home/condor/cps210/cpu 300 72
 0.0   260   3972 - -      - 14151 condor   sadc 300 73 -z -S ALL /home/condor/cps210/cpu
 0.0     0      0 - -      -  2797 root     [nfsiod]
 0.0     0      0 - -      -  1961 root     [nfsd]
 0.0     0      0 - -      -  1960 root     [nfsd]
 0.0     0      0 - -      -  1959 root     [nfsd]
 0.0     0      0 - -      -  1958 root     [nfsd]
 0.0     0      0 - -      -  1957 root     [nfsd]
 0.0     0      0 - -      -  1956 root     [nfsd]
 0.0     0      0 - -      -  1955 root     [nfsd]
 0.0     0      0 - -      -  1954 root     [nfsd]
 0.0     0      0 - -      -  1953 root     [nfsd4]
 0.0     0      0 - -      -  1952 root     [lockd]
 0.0     0      0 - -      -  1921 root     [rpciod/1]
 0.0     0      0 - -      -  1918 root     [rpciod/0]
 0.0     0      0 - -      -  1023 root     [vballoon]
 0.0     0      0 - -      -   995 root     [kpsmoused]
 0.0     0      0 - -      -   742 root     [kjournald]
 0.0     0      0 - -      -   283 root     [scsi_eh_2]
 0.0     0      0 - -      -    47 root     [krfcommd]
 0.0     0      0 - -      -    46 root     [kondemand/1]
 0.0     0      0 - -      -    45 root     [kondemand/0]
 0.0     0      0 - -      -    44 root     [ksnapd]
 0.0     0      0 - -      -    43 root     [kmpath_handlerd]
 0.0     0      0 - -      -    42 root     [kmpathd/1]
 0.0     0      0 - -      -    41 root     [kmpathd/0]
 0.0     0      0 - -      -    40 root     [kstriped]
 0.0     0      0 - -      -    39 root     [scsi_eh_1]
 0.0     0      0 - -      -    38 root     [scsi_eh_0]
 0.0     0      0 - -      -    35 root     [ecryptfs-kthrea]
 0.0     0      0 - -      -    34 root     [aio/1]
 0.0     0      0 - -      -    33 root     [aio/0]
 0.0     0      0 - -      -    32 root     [kswapd0]
 0.0     0      0 - -      -    31 root     [pdflush]
 0.0     0      0 - -      -    30 root     [pdflush]
 0.0     0      0 - -      -    29 root     [btdelconn]
 0.0     0      0 - -      -    28 root     [btaddconn]
 0.0     0      0 - -      -    27 root     [kmmcd]
 0.0     0      0 - -      -    26 root     [kseriod]
 0.0     0      0 - -      -    25 root     [khubd]
 0.0     0      0 - -      -    24 root     [ksuspend_usbd]
 0.0     0      0 - -      -    23 root     [ata_aux]
 0.0     0      0 - -      -    22 root     [ata/1]
 0.0     0      0 - -      -    21 root     [ata/0]
 0.0     0      0 - -      -    20 root     [cqueue]
 0.0     0      0 - -      -    19 root     [kacpi_notify]
 0.0     0      0 - -      -    18 root     [kacpid]
 0.0     0      0 - -      -    17 root     [kblockd/1]
 0.0     0      0 - -      -    16 root     [kblockd/0]
 0.0     0      0 - -      -    15 root     [kintegrityd/1]
 0.0     0      0 - -      -    14 root     [kintegrityd/0]
 0.0     0      0 - -      -    13 root     [kstop/1]
 0.0     0      0 - -      -    12 root     [kstop/0]
 0.0     0      0 - -      -    11 root     [khelper]
 0.0     0      0 - -      -    10 root     [events/1]
 0.0     0      0 - -      -     9 root     [events/0]
 0.0     0      0 - -      -     8 root     [watchdog/1]
 0.0     0      0 - -      -     7 root     [ksoftirqd/1]
 0.0     0      0 - -      -     6 root     [migration/1]
 0.0     0      0 - -      -     5 root     [watchdog/0]
 0.0     0      0 - -      -     4 root     [ksoftirqd/0]
 0.0     0      0 - -      -     3 root     [migration/0]
 0.0     0      0 - -      -     2 root     [kthreadd]
