
=========Sun Apr 17 04:00:01 UTC 2011========
             total       used       free     shared    buffers     cached
Mem:           487        474         13          0         27        385
-/+ buffers/cache:         61        426
Swap:          841          0        841
Total:        1328        474        854

=========Sun Apr 17 04:05:01 UTC 2011========
             total       used       free     shared    buffers     cached
Mem:           487        479          7          0          9        411
-/+ buffers/cache:         59        428
Swap:          841          0        841
Total:        1328        479        849

=========Sun Apr 17 04:10:01 UTC 2011========
             total       used       free     shared    buffers     cached
Mem:           487        456         31          0          5        389
-/+ buffers/cache:         61        426
Swap:          841          0        841
Total:        1328        456        872

=========Sun Apr 17 04:15:01 UTC 2011========
             total       used       free     shared    buffers     cached
Mem:           487        473         14          0          5        408
-/+ buffers/cache:         58        429
Swap:          841          0        841
Total:        1328        473        855

=========Sun Apr 17 04:20:01 UTC 2011========
             total       used       free     shared    buffers     cached
Mem:           487        480          7          0          1        420
-/+ buffers/cache:         57        430
Swap:          841          0        841
Total:        1328        480        848

=========Sun Apr 17 04:25:01 UTC 2011========
             total       used       free     shared    buffers     cached
Mem:           487        481          5          0          1        408
-/+ buffers/cache:         71        415
Swap:          841          0        841
Total:        1328        481        847

=========Sun Apr 17 04:30:01 UTC 2011========
             total       used       free     shared    buffers     cached
Mem:           487        454         33          0          1        395
-/+ buffers/cache:         57        430
Swap:          841          0        841
Total:        1328        454        874

=========Sun Apr 17 04:35:01 UTC 2011========
             total       used       free     shared    buffers     cached
Mem:           487        454         33          0          1        395
-/+ buffers/cache:         56        430
Swap:          841          0        841
Total:        1328        454        874

=========Sun Apr 17 04:40:01 UTC 2011========
             total       used       free     shared    buffers     cached
Mem:           487        455         32          0          2        395
-/+ buffers/cache:         57        430
Swap:          841          0        841
Total:        1328        455        873
