
=========Sun Apr 17 04:00:01 UTC 2011========
USER       PID %CPU %MEM    VSZ   RSS TTY      STAT START   TIME COMMAND
root         1  0.0  0.1   4104   912 ?        Ss   Apr16   0:04 /sbin/init
root         2  0.0  0.0      0     0 ?        S<   Apr16   0:00 [kthreadd]
root         3  0.0  0.0      0     0 ?        S<   Apr16   0:00 [migration/0]
root         4  0.0  0.0      0     0 ?        S<   Apr16   0:00 [ksoftirqd/0]
root         5  0.0  0.0      0     0 ?        S<   Apr16   0:00 [watchdog/0]
root         6  0.0  0.0      0     0 ?        S<   Apr16   0:00 [migration/1]
root         7  0.0  0.0      0     0 ?        S<   Apr16   0:00 [ksoftirqd/1]
root         8  0.0  0.0      0     0 ?        S<   Apr16   0:00 [watchdog/1]
root         9  0.0  0.0      0     0 ?        S<   Apr16   0:00 [events/0]
root        10  0.0  0.0      0     0 ?        S<   Apr16   0:00 [events/1]
root        11  0.0  0.0      0     0 ?        S<   Apr16   0:00 [khelper]
root        12  0.0  0.0      0     0 ?        S<   Apr16   0:00 [kstop/0]
root        13  0.0  0.0      0     0 ?        S<   Apr16   0:00 [kstop/1]
root        14  0.0  0.0      0     0 ?        S<   Apr16   0:00 [kintegrityd/0]
root        15  0.0  0.0      0     0 ?        S<   Apr16   0:00 [kintegrityd/1]
root        16  0.0  0.0      0     0 ?        S<   Apr16   0:00 [kblockd/0]
root        17  0.0  0.0      0     0 ?        S<   Apr16   0:00 [kblockd/1]
root        18  0.0  0.0      0     0 ?        S<   Apr16   0:00 [kacpid]
root        19  0.0  0.0      0     0 ?        S<   Apr16   0:00 [kacpi_notify]
root        20  0.0  0.0      0     0 ?        S<   Apr16   0:00 [cqueue]
root        21  0.0  0.0      0     0 ?        S<   Apr16   0:00 [ata/0]
root        22  0.0  0.0      0     0 ?        S<   Apr16   0:00 [ata/1]
root        23  0.0  0.0      0     0 ?        S<   Apr16   0:00 [ata_aux]
root        24  0.0  0.0      0     0 ?        S<   Apr16   0:00 [ksuspend_usbd]
root        25  0.0  0.0      0     0 ?        S<   Apr16   0:00 [khubd]
root        26  0.0  0.0      0     0 ?        S<   Apr16   0:00 [kseriod]
root        27  0.0  0.0      0     0 ?        S<   Apr16   0:00 [kmmcd]
root        28  0.0  0.0      0     0 ?        S<   Apr16   0:00 [btaddconn]
root        29  0.0  0.0      0     0 ?        S<   Apr16   0:00 [btdelconn]
root        30  0.0  0.0      0     0 ?        S    Apr16   0:00 [pdflush]
root        31  0.0  0.0      0     0 ?        S    Apr16   0:00 [pdflush]
root        32  0.0  0.0      0     0 ?        S<   Apr16   0:00 [kswapd0]
root        33  0.0  0.0      0     0 ?        S<   Apr16   0:00 [aio/0]
root        34  0.0  0.0      0     0 ?        S<   Apr16   0:00 [aio/1]
root        35  0.0  0.0      0     0 ?        S<   Apr16   0:00 [ecryptfs-kthrea]
root        38  0.0  0.0      0     0 ?        S<   Apr16   0:00 [scsi_eh_0]
root        39  0.0  0.0      0     0 ?        S<   Apr16   0:00 [scsi_eh_1]
root        40  0.0  0.0      0     0 ?        S<   Apr16   0:00 [kstriped]
root        41  0.0  0.0      0     0 ?        S<   Apr16   0:00 [kmpathd/0]
root        42  0.0  0.0      0     0 ?        S<   Apr16   0:00 [kmpathd/1]
root        43  0.0  0.0      0     0 ?        S<   Apr16   0:00 [kmpath_handlerd]
root        44  0.0  0.0      0     0 ?        S<   Apr16   0:00 [ksnapd]
root        45  0.0  0.0      0     0 ?        S<   Apr16   0:00 [kondemand/0]
root        46  0.0  0.0      0     0 ?        S<   Apr16   0:00 [kondemand/1]
root        47  0.0  0.0      0     0 ?        S<   Apr16   0:00 [krfcommd]
root       309  0.0  0.0      0     0 ?        S<   Apr16   0:00 [scsi_eh_2]
root       735  0.0  0.0      0     0 ?        S<   Apr16   0:05 [kjournald]
root       828  0.0  0.1  16732   556 ?        S<s  Apr16   0:00 /sbin/udevd --daemon
root       989  0.0  0.0      0     0 ?        S<   Apr16   0:00 [kpsmoused]
root       998  0.0  0.0      0     0 ?        S<   Apr16   0:00 [vballoon]
daemon    1604  0.0  0.1   8180   588 ?        Ss   Apr16   0:00 /sbin/portmap
statd     1621  0.0  0.1  10300   716 ?        Ss   Apr16   0:00 /sbin/rpc.statd
root      1797  0.0  0.1   3944   600 tty4     Ss+  Apr16   0:00 /sbin/getty 38400 tty4
root      1798  0.0  0.1   3944   600 tty5     Ss+  Apr16   0:00 /sbin/getty 38400 tty5
root      1808  0.0  0.1   3944   600 tty2     Ss+  Apr16   0:00 /sbin/getty 38400 tty2
root      1811  0.0  0.1   3944   600 tty3     Ss+  Apr16   0:00 /sbin/getty 38400 tty3
root      1815  0.0  0.1   3944   604 tty6     Ss+  Apr16   0:00 /sbin/getty 38400 tty6
syslog    1849  0.0  0.1  12376   720 ?        Ss   Apr16   0:02 /sbin/syslogd -u syslog
root      1867  0.0  0.1   8204   572 ?        S    Apr16   0:00 /bin/dd bs 1 if /proc/kmsg of /var/run/klogd/kmsg
klog      1869  0.0  0.6   6504  3100 ?        Ss   Apr16   0:00 /sbin/klogd -P /var/run/klogd/kmsg
root      1906  0.0  0.0      0     0 ?        S<   Apr16   0:00 [rpciod/0]
root      1909  0.0  0.0      0     0 ?        S<   Apr16   0:00 [rpciod/1]
root      1940  0.0  0.0      0     0 ?        S<   Apr16   0:00 [lockd]
root      1941  0.0  0.0      0     0 ?        S<   Apr16   0:00 [nfsd4]
root      1942  0.0  0.0      0     0 ?        S<   Apr16   0:00 [nfsd]
root      1943  0.0  0.0      0     0 ?        S<   Apr16   0:00 [nfsd]
root      1944  0.0  0.0      0     0 ?        S<   Apr16   0:00 [nfsd]
root      1945  0.0  0.0      0     0 ?        S<   Apr16   0:00 [nfsd]
root      1946  0.0  0.0      0     0 ?        S<   Apr16   0:00 [nfsd]
root      1947  0.0  0.0      0     0 ?        S<   Apr16   0:00 [nfsd]
root      1948  0.0  0.0      0     0 ?        S<   Apr16   0:00 [nfsd]
root      1949  0.0  0.0      0     0 ?        S<   Apr16   0:00 [nfsd]
root      1953  0.0  0.0  14520   292 ?        Ss   Apr16   0:00 /usr/sbin/rpc.mountd --manage-gids
root      1999  0.0  0.1   6488   660 ?        S<s  Apr16   0:00 dhclient3 -e IF_METRIC=100 -pf /var/run/dhclient.eth0.pid -lf /var/lib/dhcp3/dhclient.eth0.leases eth0
root      2041  0.0  0.2  48940  1024 ?        S<s  Apr16   0:00 /usr/sbin/sshd
root      2336  0.0  0.1   3944   600 tty1     Ss+  Apr16   0:00 /sbin/getty 38400 tty1
condor    2428  0.0  0.5  35616  2632 ?        S<s  Apr16   0:08 condor_master
condor    2429  0.0  1.1  37276  5516 ?        S<s  Apr16   1:02 condor_startd -f
root      2812  0.0  0.0      0     0 ?        S<   Apr16   0:00 [nfsiod]
condor   11480  0.0  0.3  22008  1960 ?        S<   Apr16   0:02 condor_procd -A /tmp/condor-lock.host_80.191183934294717/procd_pipe.STARTD -S 60 -C 1000
root     13683  0.0  0.6  70140  3104 ?        S<s  03:31   0:00 sshd: condor [priv]
condor   13685  0.0  0.3  70140  1756 ?        S<   03:31   0:00 sshd: condor@pts/0
condor   13686  0.0  0.4  18280  2240 pts/0    S<s+ 03:31   0:00 -bash
root     14113  0.0  0.1  18712   980 ?        S<s  03:32   0:00 /usr/sbin/cron
condor   14322  0.0  0.1   3976   744 pts/0    S<   03:38   0:00 sar -o /home/condor/cps210/cpu 300 72
condor   14323  0.0  0.1   3972   748 pts/0    S<   03:38   0:00 sadc 300 73 -z -S ALL /home/condor/cps210/cpu
root     14638  0.0  0.1   3940   696 ?        Ss   03:59   0:00 /sbin/getty 38400 xvc0
root     14643  0.0  0.2  31380  1056 ?        S<   04:00   0:00 /USR/SBIN/CRON
condor   14645  0.0  0.1   4024   572 ?        S<s  04:00   0:00 /bin/sh -c /home/condor/cps210/monitor.sh
condor   14647  0.0  0.2   9520  1480 ?        S<   04:00   0:00 /bin/bash /home/condor/cps210/monitor.sh
condor   14666  0.0  0.2  14892  1036 ?        R<   04:00   0:00 ps aux

=========Sun Apr 17 04:05:01 UTC 2011========
USER       PID %CPU %MEM    VSZ   RSS TTY      STAT START   TIME COMMAND
root         1  0.0  0.1   4104   912 ?        Ss   Apr16   0:04 /sbin/init
root         2  0.0  0.0      0     0 ?        S<   Apr16   0:00 [kthreadd]
root         3  0.0  0.0      0     0 ?        S<   Apr16   0:00 [migration/0]
root         4  0.0  0.0      0     0 ?        S<   Apr16   0:00 [ksoftirqd/0]
root         5  0.0  0.0      0     0 ?        S<   Apr16   0:00 [watchdog/0]
root         6  0.0  0.0      0     0 ?        S<   Apr16   0:00 [migration/1]
root         7  0.0  0.0      0     0 ?        S<   Apr16   0:00 [ksoftirqd/1]
root         8  0.0  0.0      0     0 ?        S<   Apr16   0:00 [watchdog/1]
root         9  0.0  0.0      0     0 ?        S<   Apr16   0:00 [events/0]
root        10  0.0  0.0      0     0 ?        S<   Apr16   0:00 [events/1]
root        11  0.0  0.0      0     0 ?        S<   Apr16   0:00 [khelper]
root        12  0.0  0.0      0     0 ?        S<   Apr16   0:00 [kstop/0]
root        13  0.0  0.0      0     0 ?        S<   Apr16   0:00 [kstop/1]
root        14  0.0  0.0      0     0 ?        S<   Apr16   0:00 [kintegrityd/0]
root        15  0.0  0.0      0     0 ?        S<   Apr16   0:00 [kintegrityd/1]
root        16  0.0  0.0      0     0 ?        S<   Apr16   0:00 [kblockd/0]
root        17  0.0  0.0      0     0 ?        S<   Apr16   0:00 [kblockd/1]
root        18  0.0  0.0      0     0 ?        S<   Apr16   0:00 [kacpid]
root        19  0.0  0.0      0     0 ?        S<   Apr16   0:00 [kacpi_notify]
root        20  0.0  0.0      0     0 ?        S<   Apr16   0:00 [cqueue]
root        21  0.0  0.0      0     0 ?        S<   Apr16   0:00 [ata/0]
root        22  0.0  0.0      0     0 ?        S<   Apr16   0:00 [ata/1]
root        23  0.0  0.0      0     0 ?        S<   Apr16   0:00 [ata_aux]
root        24  0.0  0.0      0     0 ?        S<   Apr16   0:00 [ksuspend_usbd]
root        25  0.0  0.0      0     0 ?        S<   Apr16   0:00 [khubd]
root        26  0.0  0.0      0     0 ?        S<   Apr16   0:00 [kseriod]
root        27  0.0  0.0      0     0 ?        S<   Apr16   0:00 [kmmcd]
root        28  0.0  0.0      0     0 ?        S<   Apr16   0:00 [btaddconn]
root        29  0.0  0.0      0     0 ?        S<   Apr16   0:00 [btdelconn]
root        30  0.0  0.0      0     0 ?        S    Apr16   0:00 [pdflush]
root        31  0.0  0.0      0     0 ?        S    Apr16   0:00 [pdflush]
root        32  0.0  0.0      0     0 ?        S<   Apr16   0:00 [kswapd0]
root        33  0.0  0.0      0     0 ?        S<   Apr16   0:00 [aio/0]
root        34  0.0  0.0      0     0 ?        S<   Apr16   0:00 [aio/1]
root        35  0.0  0.0      0     0 ?        S<   Apr16   0:00 [ecryptfs-kthrea]
root        38  0.0  0.0      0     0 ?        S<   Apr16   0:00 [scsi_eh_0]
root        39  0.0  0.0      0     0 ?        S<   Apr16   0:00 [scsi_eh_1]
root        40  0.0  0.0      0     0 ?        S<   Apr16   0:00 [kstriped]
root        41  0.0  0.0      0     0 ?        S<   Apr16   0:00 [kmpathd/0]
root        42  0.0  0.0      0     0 ?        S<   Apr16   0:00 [kmpathd/1]
root        43  0.0  0.0      0     0 ?        S<   Apr16   0:00 [kmpath_handlerd]
root        44  0.0  0.0      0     0 ?        S<   Apr16   0:00 [ksnapd]
root        45  0.0  0.0      0     0 ?        S<   Apr16   0:00 [kondemand/0]
root        46  0.0  0.0      0     0 ?        S<   Apr16   0:00 [kondemand/1]
root        47  0.0  0.0      0     0 ?        S<   Apr16   0:00 [krfcommd]
root       309  0.0  0.0      0     0 ?        S<   Apr16   0:00 [scsi_eh_2]
root       735  0.0  0.0      0     0 ?        S<   Apr16   0:05 [kjournald]
root       828  0.0  0.1  16732   556 ?        S<s  Apr16   0:00 /sbin/udevd --daemon
root       989  0.0  0.0      0     0 ?        S<   Apr16   0:00 [kpsmoused]
root       998  0.0  0.0      0     0 ?        S<   Apr16   0:00 [vballoon]
daemon    1604  0.0  0.1   8180   588 ?        Ss   Apr16   0:00 /sbin/portmap
statd     1621  0.0  0.1  10300   716 ?        Ss   Apr16   0:00 /sbin/rpc.statd
root      1797  0.0  0.1   3944   600 tty4     Ss+  Apr16   0:00 /sbin/getty 38400 tty4
root      1798  0.0  0.1   3944   600 tty5     Ss+  Apr16   0:00 /sbin/getty 38400 tty5
root      1808  0.0  0.1   3944   600 tty2     Ss+  Apr16   0:00 /sbin/getty 38400 tty2
root      1811  0.0  0.1   3944   600 tty3     Ss+  Apr16   0:00 /sbin/getty 38400 tty3
root      1815  0.0  0.1   3944   604 tty6     Ss+  Apr16   0:00 /sbin/getty 38400 tty6
syslog    1849  0.0  0.1  12376   720 ?        Ss   Apr16   0:02 /sbin/syslogd -u syslog
root      1867  0.0  0.1   8204   572 ?        S    Apr16   0:00 /bin/dd bs 1 if /proc/kmsg of /var/run/klogd/kmsg
klog      1869  0.0  0.6   6504  3100 ?        Ss   Apr16   0:00 /sbin/klogd -P /var/run/klogd/kmsg
root      1906  0.0  0.0      0     0 ?        S<   Apr16   0:00 [rpciod/0]
root      1909  0.0  0.0      0     0 ?        S<   Apr16   0:00 [rpciod/1]
root      1940  0.0  0.0      0     0 ?        S<   Apr16   0:00 [lockd]
root      1941  0.0  0.0      0     0 ?        S<   Apr16   0:00 [nfsd4]
root      1942  0.0  0.0      0     0 ?        S<   Apr16   0:00 [nfsd]
root      1943  0.0  0.0      0     0 ?        S<   Apr16   0:00 [nfsd]
root      1944  0.0  0.0      0     0 ?        S<   Apr16   0:00 [nfsd]
root      1945  0.0  0.0      0     0 ?        S<   Apr16   0:00 [nfsd]
root      1946  0.0  0.0      0     0 ?        S<   Apr16   0:00 [nfsd]
root      1947  0.0  0.0      0     0 ?        S<   Apr16   0:00 [nfsd]
root      1948  0.0  0.0      0     0 ?        S<   Apr16   0:00 [nfsd]
root      1949  0.0  0.0      0     0 ?        S<   Apr16   0:00 [nfsd]
root      1953  0.0  0.0  14520   292 ?        Ss   Apr16   0:00 /usr/sbin/rpc.mountd --manage-gids
root      1999  0.0  0.1   6488   660 ?        S<s  Apr16   0:00 dhclient3 -e IF_METRIC=100 -pf /var/run/dhclient.eth0.pid -lf /var/lib/dhcp3/dhclient.eth0.leases eth0
root      2041  0.0  0.2  48940  1024 ?        S<s  Apr16   0:00 /usr/sbin/sshd
root      2336  0.0  0.1   3944   600 tty1     Ss+  Apr16   0:00 /sbin/getty 38400 tty1
condor    2428  0.0  0.4  35616  2432 ?        S<s  Apr16   0:08 condor_master
condor    2429  0.0  0.9  37444  4592 ?        S<s  Apr16   1:03 condor_startd -f
root      2812  0.0  0.0      0     0 ?        S<   Apr16   0:00 [nfsiod]
condor   11480  0.0  0.3  22008  1992 ?        S<   Apr16   0:02 condor_procd -A /tmp/condor-lock.host_80.191183934294717/procd_pipe.STARTD -S 60 -C 1000
root     13683  0.0  0.6  70140  3104 ?        S<s  03:31   0:00 sshd: condor [priv]
condor   13685  0.0  0.3  70140  1756 ?        S<   03:31   0:00 sshd: condor@pts/0
condor   13686  0.0  0.4  18280  2240 pts/0    S<s+ 03:31   0:00 -bash
root     14113  0.0  0.1  18712   980 ?        S<s  03:32   0:00 /usr/sbin/cron
condor   14322  0.0  0.1   3976   744 pts/0    S<   03:38   0:00 sar -o /home/condor/cps210/cpu 300 72
condor   14323  0.0  0.1   3972   748 pts/0    S<   03:38   0:00 sadc 300 73 -z -S ALL /home/condor/cps210/cpu
root     14846  0.0  0.1   3940   696 ?        Ss   04:04   0:00 /sbin/getty 38400 xvc0
root     14848  0.0  0.2  31380  1056 ?        S<   04:05   0:00 /USR/SBIN/CRON
condor   14849  0.0  0.1   4024   572 ?        S<s  04:05   0:00 /bin/sh -c /home/condor/cps210/monitor.sh
condor   14851  0.0  0.2   9520  1484 ?        S<   04:05   0:00 /bin/bash /home/condor/cps210/monitor.sh
condor   14858  0.0  0.2  14892  1036 ?        R<   04:05   0:00 ps aux

=========Sun Apr 17 04:10:01 UTC 2011========
USER       PID %CPU %MEM    VSZ   RSS TTY      STAT START   TIME COMMAND
root         1  0.0  0.1   4104   912 ?        Ss   Apr16   0:04 /sbin/init
root         2  0.0  0.0      0     0 ?        S<   Apr16   0:00 [kthreadd]
root         3  0.0  0.0      0     0 ?        S<   Apr16   0:00 [migration/0]
root         4  0.0  0.0      0     0 ?        S<   Apr16   0:00 [ksoftirqd/0]
root         5  0.0  0.0      0     0 ?        S<   Apr16   0:00 [watchdog/0]
root         6  0.0  0.0      0     0 ?        S<   Apr16   0:00 [migration/1]
root         7  0.0  0.0      0     0 ?        S<   Apr16   0:00 [ksoftirqd/1]
root         8  0.0  0.0      0     0 ?        S<   Apr16   0:00 [watchdog/1]
root         9  0.0  0.0      0     0 ?        S<   Apr16   0:00 [events/0]
root        10  0.0  0.0      0     0 ?        S<   Apr16   0:00 [events/1]
root        11  0.0  0.0      0     0 ?        S<   Apr16   0:00 [khelper]
root        12  0.0  0.0      0     0 ?        S<   Apr16   0:00 [kstop/0]
root        13  0.0  0.0      0     0 ?        S<   Apr16   0:00 [kstop/1]
root        14  0.0  0.0      0     0 ?        S<   Apr16   0:00 [kintegrityd/0]
root        15  0.0  0.0      0     0 ?        S<   Apr16   0:00 [kintegrityd/1]
root        16  0.0  0.0      0     0 ?        S<   Apr16   0:00 [kblockd/0]
root        17  0.0  0.0      0     0 ?        S<   Apr16   0:00 [kblockd/1]
root        18  0.0  0.0      0     0 ?        S<   Apr16   0:00 [kacpid]
root        19  0.0  0.0      0     0 ?        S<   Apr16   0:00 [kacpi_notify]
root        20  0.0  0.0      0     0 ?        S<   Apr16   0:00 [cqueue]
root        21  0.0  0.0      0     0 ?        S<   Apr16   0:00 [ata/0]
root        22  0.0  0.0      0     0 ?        S<   Apr16   0:00 [ata/1]
root        23  0.0  0.0      0     0 ?        S<   Apr16   0:00 [ata_aux]
root        24  0.0  0.0      0     0 ?        S<   Apr16   0:00 [ksuspend_usbd]
root        25  0.0  0.0      0     0 ?        S<   Apr16   0:00 [khubd]
root        26  0.0  0.0      0     0 ?        S<   Apr16   0:00 [kseriod]
root        27  0.0  0.0      0     0 ?        S<   Apr16   0:00 [kmmcd]
root        28  0.0  0.0      0     0 ?        S<   Apr16   0:00 [btaddconn]
root        29  0.0  0.0      0     0 ?        S<   Apr16   0:00 [btdelconn]
root        30  0.0  0.0      0     0 ?        S    Apr16   0:00 [pdflush]
root        31  0.0  0.0      0     0 ?        S    Apr16   0:00 [pdflush]
root        32  0.0  0.0      0     0 ?        S<   Apr16   0:00 [kswapd0]
root        33  0.0  0.0      0     0 ?        S<   Apr16   0:00 [aio/0]
root        34  0.0  0.0      0     0 ?        S<   Apr16   0:00 [aio/1]
root        35  0.0  0.0      0     0 ?        S<   Apr16   0:00 [ecryptfs-kthrea]
root        38  0.0  0.0      0     0 ?        S<   Apr16   0:00 [scsi_eh_0]
root        39  0.0  0.0      0     0 ?        S<   Apr16   0:00 [scsi_eh_1]
root        40  0.0  0.0      0     0 ?        S<   Apr16   0:00 [kstriped]
root        41  0.0  0.0      0     0 ?        S<   Apr16   0:00 [kmpathd/0]
root        42  0.0  0.0      0     0 ?        S<   Apr16   0:00 [kmpathd/1]
root        43  0.0  0.0      0     0 ?        S<   Apr16   0:00 [kmpath_handlerd]
root        44  0.0  0.0      0     0 ?        S<   Apr16   0:00 [ksnapd]
root        45  0.0  0.0      0     0 ?        S<   Apr16   0:00 [kondemand/0]
root        46  0.0  0.0      0     0 ?        S<   Apr16   0:00 [kondemand/1]
root        47  0.0  0.0      0     0 ?        S<   Apr16   0:00 [krfcommd]
root       309  0.0  0.0      0     0 ?        S<   Apr16   0:00 [scsi_eh_2]
root       735  0.0  0.0      0     0 ?        S<   Apr16   0:05 [kjournald]
root       828  0.0  0.1  16732   556 ?        S<s  Apr16   0:00 /sbin/udevd --daemon
root       989  0.0  0.0      0     0 ?        S<   Apr16   0:00 [kpsmoused]
root       998  0.0  0.0      0     0 ?        S<   Apr16   0:00 [vballoon]
daemon    1604  0.0  0.1   8180   588 ?        Ss   Apr16   0:00 /sbin/portmap
statd     1621  0.0  0.1  10300   716 ?        Ss   Apr16   0:00 /sbin/rpc.statd
root      1797  0.0  0.1   3944   600 tty4     Ss+  Apr16   0:00 /sbin/getty 38400 tty4
root      1798  0.0  0.1   3944   600 tty5     Ss+  Apr16   0:00 /sbin/getty 38400 tty5
root      1808  0.0  0.1   3944   600 tty2     Ss+  Apr16   0:00 /sbin/getty 38400 tty2
root      1811  0.0  0.1   3944   600 tty3     Ss+  Apr16   0:00 /sbin/getty 38400 tty3
root      1815  0.0  0.1   3944   604 tty6     Ss+  Apr16   0:00 /sbin/getty 38400 tty6
syslog    1849  0.0  0.1  12376   720 ?        Ss   Apr16   0:02 /sbin/syslogd -u syslog
root      1867  0.0  0.1   8204   572 ?        S    Apr16   0:00 /bin/dd bs 1 if /proc/kmsg of /var/run/klogd/kmsg
klog      1869  0.0  0.6   6504  3100 ?        Ss   Apr16   0:00 /sbin/klogd -P /var/run/klogd/kmsg
root      1906  0.0  0.0      0     0 ?        S<   Apr16   0:01 [rpciod/0]
root      1909  0.0  0.0      0     0 ?        S<   Apr16   0:01 [rpciod/1]
root      1940  0.0  0.0      0     0 ?        S<   Apr16   0:00 [lockd]
root      1941  0.0  0.0      0     0 ?        S<   Apr16   0:00 [nfsd4]
root      1942  0.0  0.0      0     0 ?        S<   Apr16   0:00 [nfsd]
root      1943  0.0  0.0      0     0 ?        S<   Apr16   0:00 [nfsd]
root      1944  0.0  0.0      0     0 ?        S<   Apr16   0:00 [nfsd]
root      1945  0.0  0.0      0     0 ?        S<   Apr16   0:00 [nfsd]
root      1946  0.0  0.0      0     0 ?        S<   Apr16   0:00 [nfsd]
root      1947  0.0  0.0      0     0 ?        S<   Apr16   0:00 [nfsd]
root      1948  0.0  0.0      0     0 ?        S<   Apr16   0:00 [nfsd]
root      1949  0.0  0.0      0     0 ?        S<   Apr16   0:00 [nfsd]
root      1953  0.0  0.0  14520   292 ?        Ss   Apr16   0:00 /usr/sbin/rpc.mountd --manage-gids
root      1999  0.0  0.1   6488   660 ?        S<s  Apr16   0:00 dhclient3 -e IF_METRIC=100 -pf /var/run/dhclient.eth0.pid -lf /var/lib/dhcp3/dhclient.eth0.leases eth0
root      2041  0.0  0.2  48940  1024 ?        S<s  Apr16   0:00 /usr/sbin/sshd
root      2336  0.0  0.1   3944   600 tty1     Ss+  Apr16   0:00 /sbin/getty 38400 tty1
condor    2428  0.0  0.4  35616  2472 ?        S<s  Apr16   0:08 condor_master
condor    2429  0.0  0.9  37444  4684 ?        S<s  Apr16   1:04 condor_startd -f
root      2812  0.0  0.0      0     0 ?        S<   Apr16   0:00 [nfsiod]
condor   11480  0.0  0.3  22008  1984 ?        S<   Apr16   0:02 condor_procd -A /tmp/condor-lock.host_80.191183934294717/procd_pipe.STARTD -S 60 -C 1000
root     13683  0.0  0.6  70140  3104 ?        S<s  03:31   0:00 sshd: condor [priv]
condor   13685  0.0  0.3  70140  1756 ?        S<   03:31   0:00 sshd: condor@pts/0
condor   13686  0.0  0.4  18280  2240 pts/0    S<s+ 03:31   0:00 -bash
root     14113  0.0  0.1  18712   980 ?        S<s  03:32   0:00 /usr/sbin/cron
condor   14322  0.0  0.1   3976   744 pts/0    S<   03:38   0:00 sar -o /home/condor/cps210/cpu 300 72
condor   14323  0.0  0.1   3972   748 pts/0    S<   03:38   0:00 sadc 300 73 -z -S ALL /home/condor/cps210/cpu
condor   14977  2.0  0.8  35176  4296 ?        S<s  04:09   0:00 condor_starter -f -a slot2 master.localdomain
root     14984  0.0  0.1   3940   692 ?        Ss   04:09   0:00 /sbin/getty 38400 xvc0
condor   14986  5.0  0.8  35180  4244 ?        S<s  04:09   0:00 condor_starter -f -a slot1 master.localdomain
condor   14988  1.0  0.1   6560   776 ?        SNs  04:10   0:00 condor_exec.exe -n mBackground -N mBackground79:1.0 -R waif -w /mnt/montage_waif_2011-04-17T03:56:46/condor/pegasus/montage/20110417T035646+0000 -L montage -T 2011-04-15T19:17:46+00:00 /opt/Montage_v3.3/bin/mBackground -t p2mass-atlas-990502s-j1430080.fits c2mass-atlas-990502s-j1430080.fits pimages_20110327_233551_6695.tbl corrections.tbl
condor   14989  0.0  0.1  10464   528 ?        DN   04:10   0:00 /opt/Montage_v3.3/bin/mBackground -t p2mass-atlas-990502s-j1430080.fits c2mass-atlas-990502s-j1430080.fits pimages_20110327_233551_6695.tbl corrections.tbl
root     14990  0.0  0.2  31380  1056 ?        S<   04:10   0:00 /USR/SBIN/CRON
root     14991  0.0  0.2  31380  1056 ?        S<   04:10   0:00 /USR/SBIN/CRON
condor   14992  0.0  0.1   4024   576 ?        S<s  04:10   0:00 /bin/sh -c /home/condor/cps210/monitor.sh
root     14993  0.0  0.1   4024   580 ?        S<s  04:10   0:00 /bin/sh -c [ -x /usr/sbin/update-motd ] && /usr/sbin/update-motd 2>/dev/null
condor   14994  0.0  0.2   9520  1476 ?        R<   04:10   0:00 /bin/bash /home/condor/cps210/monitor.sh
root     14996  0.0  0.1   4024   592 ?        SN   04:10   0:00 /bin/sh -e /usr/sbin/update-motd
root     15004  0.0  0.1   4024   612 ?        RN   04:10   0:00 /bin/sh -e /etc/update-motd.d//90-updates-available
condor   15022  0.0  0.2  14892  1036 ?        R<   04:10   0:00 ps aux
root     15029  0.0  0.3  16916  1796 ?        RN   04:10   0:00 apt-config shell EtcDir Dir::Etc

=========Sun Apr 17 04:15:01 UTC 2011========
USER       PID %CPU %MEM    VSZ   RSS TTY      STAT START   TIME COMMAND
root         1  0.0  0.1   4104   912 ?        Ss   Apr16   0:04 /sbin/init
root         2  0.0  0.0      0     0 ?        S<   Apr16   0:00 [kthreadd]
root         3  0.0  0.0      0     0 ?        S<   Apr16   0:00 [migration/0]
root         4  0.0  0.0      0     0 ?        S<   Apr16   0:00 [ksoftirqd/0]
root         5  0.0  0.0      0     0 ?        S<   Apr16   0:00 [watchdog/0]
root         6  0.0  0.0      0     0 ?        S<   Apr16   0:00 [migration/1]
root         7  0.0  0.0      0     0 ?        S<   Apr16   0:00 [ksoftirqd/1]
root         8  0.0  0.0      0     0 ?        S<   Apr16   0:00 [watchdog/1]
root         9  0.0  0.0      0     0 ?        S<   Apr16   0:00 [events/0]
root        10  0.0  0.0      0     0 ?        S<   Apr16   0:00 [events/1]
root        11  0.0  0.0      0     0 ?        S<   Apr16   0:00 [khelper]
root        12  0.0  0.0      0     0 ?        S<   Apr16   0:00 [kstop/0]
root        13  0.0  0.0      0     0 ?        S<   Apr16   0:00 [kstop/1]
root        14  0.0  0.0      0     0 ?        S<   Apr16   0:00 [kintegrityd/0]
root        15  0.0  0.0      0     0 ?        S<   Apr16   0:00 [kintegrityd/1]
root        16  0.0  0.0      0     0 ?        S<   Apr16   0:00 [kblockd/0]
root        17  0.0  0.0      0     0 ?        S<   Apr16   0:00 [kblockd/1]
root        18  0.0  0.0      0     0 ?        S<   Apr16   0:00 [kacpid]
root        19  0.0  0.0      0     0 ?        S<   Apr16   0:00 [kacpi_notify]
root        20  0.0  0.0      0     0 ?        S<   Apr16   0:00 [cqueue]
root        21  0.0  0.0      0     0 ?        S<   Apr16   0:00 [ata/0]
root        22  0.0  0.0      0     0 ?        S<   Apr16   0:00 [ata/1]
root        23  0.0  0.0      0     0 ?        S<   Apr16   0:00 [ata_aux]
root        24  0.0  0.0      0     0 ?        S<   Apr16   0:00 [ksuspend_usbd]
root        25  0.0  0.0      0     0 ?        S<   Apr16   0:00 [khubd]
root        26  0.0  0.0      0     0 ?        S<   Apr16   0:00 [kseriod]
root        27  0.0  0.0      0     0 ?        S<   Apr16   0:00 [kmmcd]
root        28  0.0  0.0      0     0 ?        S<   Apr16   0:00 [btaddconn]
root        29  0.0  0.0      0     0 ?        S<   Apr16   0:00 [btdelconn]
root        30  0.0  0.0      0     0 ?        S    Apr16   0:00 [pdflush]
root        31  0.0  0.0      0     0 ?        S    Apr16   0:00 [pdflush]
root        32  0.0  0.0      0     0 ?        S<   Apr16   0:00 [kswapd0]
root        33  0.0  0.0      0     0 ?        S<   Apr16   0:00 [aio/0]
root        34  0.0  0.0      0     0 ?        S<   Apr16   0:00 [aio/1]
root        35  0.0  0.0      0     0 ?        S<   Apr16   0:00 [ecryptfs-kthrea]
root        38  0.0  0.0      0     0 ?        S<   Apr16   0:00 [scsi_eh_0]
root        39  0.0  0.0      0     0 ?        S<   Apr16   0:00 [scsi_eh_1]
root        40  0.0  0.0      0     0 ?        S<   Apr16   0:00 [kstriped]
root        41  0.0  0.0      0     0 ?        S<   Apr16   0:00 [kmpathd/0]
root        42  0.0  0.0      0     0 ?        S<   Apr16   0:00 [kmpathd/1]
root        43  0.0  0.0      0     0 ?        S<   Apr16   0:00 [kmpath_handlerd]
root        44  0.0  0.0      0     0 ?        S<   Apr16   0:00 [ksnapd]
root        45  0.0  0.0      0     0 ?        S<   Apr16   0:00 [kondemand/0]
root        46  0.0  0.0      0     0 ?        S<   Apr16   0:00 [kondemand/1]
root        47  0.0  0.0      0     0 ?        S<   Apr16   0:00 [krfcommd]
root       309  0.0  0.0      0     0 ?        S<   Apr16   0:00 [scsi_eh_2]
root       735  0.0  0.0      0     0 ?        S<   Apr16   0:05 [kjournald]
root       828  0.0  0.1  16732   556 ?        S<s  Apr16   0:00 /sbin/udevd --daemon
root       989  0.0  0.0      0     0 ?        S<   Apr16   0:00 [kpsmoused]
root       998  0.0  0.0      0     0 ?        S<   Apr16   0:00 [vballoon]
daemon    1604  0.0  0.1   8180   588 ?        Ss   Apr16   0:00 /sbin/portmap
statd     1621  0.0  0.1  10300   716 ?        Ss   Apr16   0:00 /sbin/rpc.statd
root      1797  0.0  0.1   3944   600 tty4     Ss+  Apr16   0:00 /sbin/getty 38400 tty4
root      1798  0.0  0.1   3944   600 tty5     Ss+  Apr16   0:00 /sbin/getty 38400 tty5
root      1808  0.0  0.1   3944   600 tty2     Ss+  Apr16   0:00 /sbin/getty 38400 tty2
root      1811  0.0  0.1   3944   600 tty3     Ss+  Apr16   0:00 /sbin/getty 38400 tty3
root      1815  0.0  0.1   3944   604 tty6     Ss+  Apr16   0:00 /sbin/getty 38400 tty6
syslog    1849  0.0  0.1  12376   720 ?        Ss   Apr16   0:02 /sbin/syslogd -u syslog
root      1867  0.0  0.1   8204   572 ?        S    Apr16   0:00 /bin/dd bs 1 if /proc/kmsg of /var/run/klogd/kmsg
klog      1869  0.0  0.6   6504  3100 ?        Ss   Apr16   0:00 /sbin/klogd -P /var/run/klogd/kmsg
root      1906  0.0  0.0      0     0 ?        S<   Apr16   0:01 [rpciod/0]
root      1909  0.0  0.0      0     0 ?        S<   Apr16   0:01 [rpciod/1]
root      1940  0.0  0.0      0     0 ?        S<   Apr16   0:00 [lockd]
root      1941  0.0  0.0      0     0 ?        S<   Apr16   0:00 [nfsd4]
root      1942  0.0  0.0      0     0 ?        S<   Apr16   0:00 [nfsd]
root      1943  0.0  0.0      0     0 ?        S<   Apr16   0:00 [nfsd]
root      1944  0.0  0.0      0     0 ?        S<   Apr16   0:00 [nfsd]
root      1945  0.0  0.0      0     0 ?        S<   Apr16   0:00 [nfsd]
root      1946  0.0  0.0      0     0 ?        S<   Apr16   0:00 [nfsd]
root      1947  0.0  0.0      0     0 ?        S<   Apr16   0:00 [nfsd]
root      1948  0.0  0.0      0     0 ?        S<   Apr16   0:00 [nfsd]
root      1949  0.0  0.0      0     0 ?        S<   Apr16   0:00 [nfsd]
root      1953  0.0  0.0  14520   292 ?        Ss   Apr16   0:00 /usr/sbin/rpc.mountd --manage-gids
root      1999  0.0  0.1   6488   660 ?        S<s  Apr16   0:00 dhclient3 -e IF_METRIC=100 -pf /var/run/dhclient.eth0.pid -lf /var/lib/dhcp3/dhclient.eth0.leases eth0
root      2041  0.0  0.2  48940  1024 ?        S<s  Apr16   0:00 /usr/sbin/sshd
root      2336  0.0  0.1   3944   600 tty1     Ss+  Apr16   0:00 /sbin/getty 38400 tty1
condor    2428  0.0  0.4  35616  2472 ?        S<s  Apr16   0:08 condor_master
condor    2429  0.0  0.9  37444  4712 ?        S<s  Apr16   1:05 condor_startd -f
root      2812  0.0  0.0      0     0 ?        S<   Apr16   0:00 [nfsiod]
condor   11480  0.0  0.3  22008  1984 ?        S<   Apr16   0:03 condor_procd -A /tmp/condor-lock.host_80.191183934294717/procd_pipe.STARTD -S 60 -C 1000
root     13683  0.0  0.6  70140  3104 ?        S<s  03:31   0:00 sshd: condor [priv]
condor   13685  0.0  0.3  70140  1756 ?        S<   03:31   0:00 sshd: condor@pts/0
condor   13686  0.0  0.4  18280  2240 pts/0    S<s+ 03:31   0:00 -bash
root     14113  0.0  0.1  18712   980 ?        S<s  03:32   0:00 /usr/sbin/cron
condor   14322  0.0  0.1   3976   744 pts/0    S<   03:38   0:00 sar -o /home/condor/cps210/cpu 300 72
condor   14323  0.0  0.1   3972   748 pts/0    S<   03:38   0:00 sadc 300 73 -z -S ALL /home/condor/cps210/cpu
root     15092  0.0  0.1   3940   692 ?        Ss   04:14   0:00 /sbin/getty 38400 xvc0
root     15094  0.0  0.2  31380  1056 ?        S<   04:15   0:00 /USR/SBIN/CRON
condor   15095  0.0  0.1   4024   572 ?        S<s  04:15   0:00 /bin/sh -c /home/condor/cps210/monitor.sh
condor   15097  0.0  0.2   9520  1484 ?        S<   04:15   0:00 /bin/bash /home/condor/cps210/monitor.sh
condor   15104  0.0  0.2  14892  1040 ?        R<   04:15   0:00 ps aux

=========Sun Apr 17 04:20:01 UTC 2011========
USER       PID %CPU %MEM    VSZ   RSS TTY      STAT START   TIME COMMAND
root         1  0.0  0.1   4104   912 ?        Ss   Apr16   0:04 /sbin/init
root         2  0.0  0.0      0     0 ?        S<   Apr16   0:00 [kthreadd]
root         3  0.0  0.0      0     0 ?        S<   Apr16   0:00 [migration/0]
root         4  0.0  0.0      0     0 ?        S<   Apr16   0:00 [ksoftirqd/0]
root         5  0.0  0.0      0     0 ?        S<   Apr16   0:00 [watchdog/0]
root         6  0.0  0.0      0     0 ?        S<   Apr16   0:00 [migration/1]
root         7  0.0  0.0      0     0 ?        S<   Apr16   0:00 [ksoftirqd/1]
root         8  0.0  0.0      0     0 ?        S<   Apr16   0:00 [watchdog/1]
root         9  0.0  0.0      0     0 ?        S<   Apr16   0:00 [events/0]
root        10  0.0  0.0      0     0 ?        S<   Apr16   0:00 [events/1]
root        11  0.0  0.0      0     0 ?        S<   Apr16   0:00 [khelper]
root        12  0.0  0.0      0     0 ?        S<   Apr16   0:00 [kstop/0]
root        13  0.0  0.0      0     0 ?        S<   Apr16   0:00 [kstop/1]
root        14  0.0  0.0      0     0 ?        S<   Apr16   0:00 [kintegrityd/0]
root        15  0.0  0.0      0     0 ?        S<   Apr16   0:00 [kintegrityd/1]
root        16  0.0  0.0      0     0 ?        S<   Apr16   0:00 [kblockd/0]
root        17  0.0  0.0      0     0 ?        S<   Apr16   0:00 [kblockd/1]
root        18  0.0  0.0      0     0 ?        S<   Apr16   0:00 [kacpid]
root        19  0.0  0.0      0     0 ?        S<   Apr16   0:00 [kacpi_notify]
root        20  0.0  0.0      0     0 ?        S<   Apr16   0:00 [cqueue]
root        21  0.0  0.0      0     0 ?        S<   Apr16   0:00 [ata/0]
root        22  0.0  0.0      0     0 ?        S<   Apr16   0:00 [ata/1]
root        23  0.0  0.0      0     0 ?        S<   Apr16   0:00 [ata_aux]
root        24  0.0  0.0      0     0 ?        S<   Apr16   0:00 [ksuspend_usbd]
root        25  0.0  0.0      0     0 ?        S<   Apr16   0:00 [khubd]
root        26  0.0  0.0      0     0 ?        S<   Apr16   0:00 [kseriod]
root        27  0.0  0.0      0     0 ?        S<   Apr16   0:00 [kmmcd]
root        28  0.0  0.0      0     0 ?        S<   Apr16   0:00 [btaddconn]
root        29  0.0  0.0      0     0 ?        S<   Apr16   0:00 [btdelconn]
root        30  0.0  0.0      0     0 ?        S    Apr16   0:00 [pdflush]
root        31  0.0  0.0      0     0 ?        S    Apr16   0:00 [pdflush]
root        32  0.0  0.0      0     0 ?        S<   Apr16   0:00 [kswapd0]
root        33  0.0  0.0      0     0 ?        S<   Apr16   0:00 [aio/0]
root        34  0.0  0.0      0     0 ?        S<   Apr16   0:00 [aio/1]
root        35  0.0  0.0      0     0 ?        S<   Apr16   0:00 [ecryptfs-kthrea]
root        38  0.0  0.0      0     0 ?        S<   Apr16   0:00 [scsi_eh_0]
root        39  0.0  0.0      0     0 ?        S<   Apr16   0:00 [scsi_eh_1]
root        40  0.0  0.0      0     0 ?        S<   Apr16   0:00 [kstriped]
root        41  0.0  0.0      0     0 ?        S<   Apr16   0:00 [kmpathd/0]
root        42  0.0  0.0      0     0 ?        S<   Apr16   0:00 [kmpathd/1]
root        43  0.0  0.0      0     0 ?        S<   Apr16   0:00 [kmpath_handlerd]
root        44  0.0  0.0      0     0 ?        S<   Apr16   0:00 [ksnapd]
root        45  0.0  0.0      0     0 ?        S<   Apr16   0:00 [kondemand/0]
root        46  0.0  0.0      0     0 ?        S<   Apr16   0:00 [kondemand/1]
root        47  0.0  0.0      0     0 ?        S<   Apr16   0:00 [krfcommd]
root       309  0.0  0.0      0     0 ?        S<   Apr16   0:00 [scsi_eh_2]
root       735  0.0  0.0      0     0 ?        S<   Apr16   0:05 [kjournald]
root       828  0.0  0.1  16732   556 ?        S<s  Apr16   0:00 /sbin/udevd --daemon
root       989  0.0  0.0      0     0 ?        S<   Apr16   0:00 [kpsmoused]
root       998  0.0  0.0      0     0 ?        S<   Apr16   0:00 [vballoon]
daemon    1604  0.0  0.1   8180   588 ?        Ss   Apr16   0:00 /sbin/portmap
statd     1621  0.0  0.1  10300   716 ?        Ss   Apr16   0:00 /sbin/rpc.statd
root      1797  0.0  0.1   3944   600 tty4     Ss+  Apr16   0:00 /sbin/getty 38400 tty4
root      1798  0.0  0.1   3944   600 tty5     Ss+  Apr16   0:00 /sbin/getty 38400 tty5
root      1808  0.0  0.1   3944   600 tty2     Ss+  Apr16   0:00 /sbin/getty 38400 tty2
root      1811  0.0  0.1   3944   600 tty3     Ss+  Apr16   0:00 /sbin/getty 38400 tty3
root      1815  0.0  0.1   3944   604 tty6     Ss+  Apr16   0:00 /sbin/getty 38400 tty6
syslog    1849  0.0  0.1  12376   720 ?        Ss   Apr16   0:02 /sbin/syslogd -u syslog
root      1867  0.0  0.1   8204   572 ?        S    Apr16   0:00 /bin/dd bs 1 if /proc/kmsg of /var/run/klogd/kmsg
klog      1869  0.0  0.6   6504  3100 ?        Ss   Apr16   0:00 /sbin/klogd -P /var/run/klogd/kmsg
root      1906  0.0  0.0      0     0 ?        S<   Apr16   0:01 [rpciod/0]
root      1909  0.0  0.0      0     0 ?        S<   Apr16   0:01 [rpciod/1]
root      1940  0.0  0.0      0     0 ?        S<   Apr16   0:00 [lockd]
root      1941  0.0  0.0      0     0 ?        S<   Apr16   0:00 [nfsd4]
root      1942  0.0  0.0      0     0 ?        S<   Apr16   0:00 [nfsd]
root      1943  0.0  0.0      0     0 ?        S<   Apr16   0:00 [nfsd]
root      1944  0.0  0.0      0     0 ?        S<   Apr16   0:00 [nfsd]
root      1945  0.0  0.0      0     0 ?        S<   Apr16   0:00 [nfsd]
root      1946  0.0  0.0      0     0 ?        S<   Apr16   0:00 [nfsd]
root      1947  0.0  0.0      0     0 ?        S<   Apr16   0:00 [nfsd]
root      1948  0.0  0.0      0     0 ?        S<   Apr16   0:00 [nfsd]
root      1949  0.0  0.0      0     0 ?        S<   Apr16   0:00 [nfsd]
root      1953  0.0  0.0  14520   292 ?        Ss   Apr16   0:00 /usr/sbin/rpc.mountd --manage-gids
root      1999  0.0  0.1   6488   660 ?        S<s  Apr16   0:00 dhclient3 -e IF_METRIC=100 -pf /var/run/dhclient.eth0.pid -lf /var/lib/dhcp3/dhclient.eth0.leases eth0
root      2041  0.0  0.1  48940   900 ?        S<s  Apr16   0:00 /usr/sbin/sshd
root      2336  0.0  0.1   3944   600 tty1     Ss+  Apr16   0:00 /sbin/getty 38400 tty1
condor    2428  0.0  0.4  35616  2472 ?        S<s  Apr16   0:08 condor_master
condor    2429  0.0  0.9  37592  4816 ?        S<s  Apr16   1:06 condor_startd -f
root      2812  0.0  0.0      0     0 ?        S<   Apr16   0:00 [nfsiod]
condor   11480  0.0  0.3  22008  1992 ?        S<   Apr16   0:03 condor_procd -A /tmp/condor-lock.host_80.191183934294717/procd_pipe.STARTD -S 60 -C 1000
root     13683  0.0  0.3  70140  1980 ?        S<s  03:31   0:00 sshd: condor [priv]
condor   13685  0.0  0.2  70140  1312 ?        S<   03:31   0:00 sshd: condor@pts/0
condor   13686  0.0  0.4  18280  2152 pts/0    S<s+ 03:31   0:00 -bash
root     14113  0.0  0.1  18712   980 ?        S<s  03:32   0:00 /usr/sbin/cron
condor   14322  0.0  0.1   3976   736 pts/0    S<   03:38   0:00 sar -o /home/condor/cps210/cpu 300 72
condor   14323  0.0  0.1   3972   744 pts/0    S<   03:38   0:00 sadc 300 73 -z -S ALL /home/condor/cps210/cpu
root     15302  0.0  0.1   3940   692 ?        Ss   04:19   0:00 /sbin/getty 38400 xvc0
root     15305  0.0  0.2  31380  1056 ?        S<   04:20   0:00 /USR/SBIN/CRON
root     15306  0.0  0.2  31380  1056 ?        S<   04:20   0:00 /USR/SBIN/CRON
condor   15307  0.0  0.1   4024   576 ?        S<s  04:20   0:00 /bin/sh -c /home/condor/cps210/monitor.sh
root     15308  0.0  0.1   4024   580 ?        S<s  04:20   0:00 /bin/sh -c [ -x /usr/sbin/update-motd ] && /usr/sbin/update-motd 2>/dev/null
condor   15309  0.0  0.2   9520  1484 ?        R<   04:20   0:00 /bin/bash /home/condor/cps210/monitor.sh
root     15310  0.0  0.1   4024   588 ?        SN   04:20   0:00 /bin/sh -e /usr/sbin/update-motd
root     15320  0.0  0.1   4024   608 ?        RN   04:20   0:00 /bin/sh -e /etc/update-motd.d//90-updates-available
condor   15337  0.0  0.2  14892  1040 ?        R<   04:20   0:00 ps aux
root     15344  0.0  0.3  16652  1612 ?        RN   04:20   0:00 apt-config shell EtcDir Dir::Etc

=========Sun Apr 17 04:25:01 UTC 2011========
USER       PID %CPU %MEM    VSZ   RSS TTY      STAT START   TIME COMMAND
root         1  0.0  0.1   4104   912 ?        Ss   Apr16   0:04 /sbin/init
root         2  0.0  0.0      0     0 ?        S<   Apr16   0:00 [kthreadd]
root         3  0.0  0.0      0     0 ?        S<   Apr16   0:00 [migration/0]
root         4  0.0  0.0      0     0 ?        S<   Apr16   0:00 [ksoftirqd/0]
root         5  0.0  0.0      0     0 ?        S<   Apr16   0:00 [watchdog/0]
root         6  0.0  0.0      0     0 ?        S<   Apr16   0:00 [migration/1]
root         7  0.0  0.0      0     0 ?        S<   Apr16   0:00 [ksoftirqd/1]
root         8  0.0  0.0      0     0 ?        S<   Apr16   0:00 [watchdog/1]
root         9  0.0  0.0      0     0 ?        S<   Apr16   0:00 [events/0]
root        10  0.0  0.0      0     0 ?        S<   Apr16   0:00 [events/1]
root        11  0.0  0.0      0     0 ?        S<   Apr16   0:00 [khelper]
root        12  0.0  0.0      0     0 ?        S<   Apr16   0:00 [kstop/0]
root        13  0.0  0.0      0     0 ?        S<   Apr16   0:00 [kstop/1]
root        14  0.0  0.0      0     0 ?        S<   Apr16   0:00 [kintegrityd/0]
root        15  0.0  0.0      0     0 ?        S<   Apr16   0:00 [kintegrityd/1]
root        16  0.0  0.0      0     0 ?        S<   Apr16   0:00 [kblockd/0]
root        17  0.0  0.0      0     0 ?        S<   Apr16   0:00 [kblockd/1]
root        18  0.0  0.0      0     0 ?        S<   Apr16   0:00 [kacpid]
root        19  0.0  0.0      0     0 ?        S<   Apr16   0:00 [kacpi_notify]
root        20  0.0  0.0      0     0 ?        S<   Apr16   0:00 [cqueue]
root        21  0.0  0.0      0     0 ?        S<   Apr16   0:00 [ata/0]
root        22  0.0  0.0      0     0 ?        S<   Apr16   0:00 [ata/1]
root        23  0.0  0.0      0     0 ?        S<   Apr16   0:00 [ata_aux]
root        24  0.0  0.0      0     0 ?        S<   Apr16   0:00 [ksuspend_usbd]
root        25  0.0  0.0      0     0 ?        S<   Apr16   0:00 [khubd]
root        26  0.0  0.0      0     0 ?        S<   Apr16   0:00 [kseriod]
root        27  0.0  0.0      0     0 ?        S<   Apr16   0:00 [kmmcd]
root        28  0.0  0.0      0     0 ?        S<   Apr16   0:00 [btaddconn]
root        29  0.0  0.0      0     0 ?        S<   Apr16   0:00 [btdelconn]
root        30  0.0  0.0      0     0 ?        S    Apr16   0:00 [pdflush]
root        31  0.0  0.0      0     0 ?        S    Apr16   0:00 [pdflush]
root        32  0.0  0.0      0     0 ?        S<   Apr16   0:00 [kswapd0]
root        33  0.0  0.0      0     0 ?        S<   Apr16   0:00 [aio/0]
root        34  0.0  0.0      0     0 ?        S<   Apr16   0:00 [aio/1]
root        35  0.0  0.0      0     0 ?        S<   Apr16   0:00 [ecryptfs-kthrea]
root        38  0.0  0.0      0     0 ?        S<   Apr16   0:00 [scsi_eh_0]
root        39  0.0  0.0      0     0 ?        S<   Apr16   0:00 [scsi_eh_1]
root        40  0.0  0.0      0     0 ?        S<   Apr16   0:00 [kstriped]
root        41  0.0  0.0      0     0 ?        S<   Apr16   0:00 [kmpathd/0]
root        42  0.0  0.0      0     0 ?        S<   Apr16   0:00 [kmpathd/1]
root        43  0.0  0.0      0     0 ?        S<   Apr16   0:00 [kmpath_handlerd]
root        44  0.0  0.0      0     0 ?        S<   Apr16   0:00 [ksnapd]
root        45  0.0  0.0      0     0 ?        S<   Apr16   0:00 [kondemand/0]
root        46  0.0  0.0      0     0 ?        S<   Apr16   0:00 [kondemand/1]
root        47  0.0  0.0      0     0 ?        S<   Apr16   0:00 [krfcommd]
root       309  0.0  0.0      0     0 ?        S<   Apr16   0:00 [scsi_eh_2]
root       735  0.0  0.0      0     0 ?        S<   Apr16   0:05 [kjournald]
root       828  0.0  0.1  16732   556 ?        S<s  Apr16   0:00 /sbin/udevd --daemon
root       989  0.0  0.0      0     0 ?        S<   Apr16   0:00 [kpsmoused]
root       998  0.0  0.0      0     0 ?        S<   Apr16   0:00 [vballoon]
daemon    1604  0.0  0.1   8180   588 ?        Ss   Apr16   0:00 /sbin/portmap
statd     1621  0.0  0.1  10300   716 ?        Ss   Apr16   0:00 /sbin/rpc.statd
root      1797  0.0  0.1   3944   600 tty4     Ss+  Apr16   0:00 /sbin/getty 38400 tty4
root      1798  0.0  0.1   3944   600 tty5     Ss+  Apr16   0:00 /sbin/getty 38400 tty5
root      1808  0.0  0.1   3944   600 tty2     Ss+  Apr16   0:00 /sbin/getty 38400 tty2
root      1811  0.0  0.1   3944   600 tty3     Ss+  Apr16   0:00 /sbin/getty 38400 tty3
root      1815  0.0  0.1   3944   604 tty6     Ss+  Apr16   0:00 /sbin/getty 38400 tty6
syslog    1849  0.0  0.1  12376   720 ?        Ss   Apr16   0:02 /sbin/syslogd -u syslog
root      1867  0.0  0.1   8204   572 ?        S    Apr16   0:00 /bin/dd bs 1 if /proc/kmsg of /var/run/klogd/kmsg
klog      1869  0.0  0.6   6504  3100 ?        Ss   Apr16   0:00 /sbin/klogd -P /var/run/klogd/kmsg
root      1906  0.0  0.0      0     0 ?        R<   Apr16   0:01 [rpciod/0]
root      1909  0.0  0.0      0     0 ?        S<   Apr16   0:01 [rpciod/1]
root      1940  0.0  0.0      0     0 ?        S<   Apr16   0:00 [lockd]
root      1941  0.0  0.0      0     0 ?        S<   Apr16   0:00 [nfsd4]
root      1942  0.0  0.0      0     0 ?        S<   Apr16   0:00 [nfsd]
root      1943  0.0  0.0      0     0 ?        S<   Apr16   0:00 [nfsd]
root      1944  0.0  0.0      0     0 ?        S<   Apr16   0:00 [nfsd]
root      1945  0.0  0.0      0     0 ?        S<   Apr16   0:00 [nfsd]
root      1946  0.0  0.0      0     0 ?        S<   Apr16   0:00 [nfsd]
root      1947  0.0  0.0      0     0 ?        S<   Apr16   0:00 [nfsd]
root      1948  0.0  0.0      0     0 ?        S<   Apr16   0:00 [nfsd]
root      1949  0.0  0.0      0     0 ?        S<   Apr16   0:00 [nfsd]
root      1953  0.0  0.0  14520   292 ?        Ss   Apr16   0:00 /usr/sbin/rpc.mountd --manage-gids
root      1999  0.0  0.1   6488   660 ?        S<s  Apr16   0:00 dhclient3 -e IF_METRIC=100 -pf /var/run/dhclient.eth0.pid -lf /var/lib/dhcp3/dhclient.eth0.leases eth0
root      2041  0.0  0.1  48940   900 ?        S<s  Apr16   0:00 /usr/sbin/sshd
root      2336  0.0  0.1   3944   600 tty1     Ss+  Apr16   0:00 /sbin/getty 38400 tty1
condor    2428  0.0  0.4  35616  2368 ?        S<s  Apr16   0:08 condor_master
condor    2429  0.0  0.9  37736  4856 ?        S<s  Apr16   1:07 condor_startd -f
root      2812  0.0  0.0      0     0 ?        S<   Apr16   0:00 [nfsiod]
condor   11480  0.0  0.4  22140  2004 ?        S<   Apr16   0:03 condor_procd -A /tmp/condor-lock.host_80.191183934294717/procd_pipe.STARTD -S 60 -C 1000
root     13683  0.0  0.3  70140  1776 ?        S<s  03:31   0:00 sshd: condor [priv]
condor   13685  0.0  0.2  70140  1284 ?        S<   03:31   0:00 sshd: condor@pts/0
condor   13686  0.0  0.4  18280  2064 pts/0    S<s+ 03:31   0:00 -bash
root     14113  0.0  0.1  18712   976 ?        S<s  03:32   0:00 /usr/sbin/cron
condor   14322  0.0  0.1   3976   732 pts/0    S<   03:38   0:00 sar -o /home/condor/cps210/cpu 300 72
condor   14323  0.0  0.1   3972   744 pts/0    S<   03:38   0:00 sadc 300 73 -z -S ALL /home/condor/cps210/cpu
root     15482  0.0  0.1   3940   692 ?        Ss   04:24   0:00 /sbin/getty 38400 xvc0
condor   15486 10.0  0.8  35180  4248 ?        S<s  04:24   0:00 condor_starter -f -a slot1 master.localdomain
condor   15489  0.0  0.1   6560   780 ?        SNs  04:25   0:00 condor_exec.exe -n mBackground -N mBackground74:1.0 -R waif -w /mnt/montage_waif_2011-04-17T04:12:17/condor/pegasus/montage/20110417T041218+0000 -L montage -T 2011-04-15T19:17:46+00:00 /opt/Montage_v3.3/bin/mBackground -t p2mass-atlas-990502s-j1420198.fits c2mass-atlas-990502s-j1420198.fits pimages_20110327_233551_6695.tbl corrections.tbl
condor   15490 12.0  2.9  24028 14832 ?        DN   04:25   0:00 /opt/Montage_v3.3/bin/mBackground -t p2mass-atlas-990502s-j1420198.fits c2mass-atlas-990502s-j1420198.fits pimages_20110327_233551_6695.tbl corrections.tbl
root     15492  0.0  0.2  31380  1056 ?        S<   04:25   0:00 /USR/SBIN/CRON
condor   15493  0.0  0.1   4024   572 ?        S<s  04:25   0:00 /bin/sh -c /home/condor/cps210/monitor.sh
condor   15495  0.0  0.2   9520  1484 ?        S<   04:25   0:00 /bin/bash /home/condor/cps210/monitor.sh
condor   15502  0.0  0.2  14892  1032 ?        R<   04:25   0:00 ps aux

=========Sun Apr 17 04:30:01 UTC 2011========
USER       PID %CPU %MEM    VSZ   RSS TTY      STAT START   TIME COMMAND
root         1  0.0  0.1   4104   912 ?        Ss   Apr16   0:04 /sbin/init
root         2  0.0  0.0      0     0 ?        S<   Apr16   0:00 [kthreadd]
root         3  0.0  0.0      0     0 ?        S<   Apr16   0:00 [migration/0]
root         4  0.0  0.0      0     0 ?        S<   Apr16   0:00 [ksoftirqd/0]
root         5  0.0  0.0      0     0 ?        S<   Apr16   0:00 [watchdog/0]
root         6  0.0  0.0      0     0 ?        S<   Apr16   0:00 [migration/1]
root         7  0.0  0.0      0     0 ?        S<   Apr16   0:00 [ksoftirqd/1]
root         8  0.0  0.0      0     0 ?        S<   Apr16   0:00 [watchdog/1]
root         9  0.0  0.0      0     0 ?        S<   Apr16   0:00 [events/0]
root        10  0.0  0.0      0     0 ?        S<   Apr16   0:00 [events/1]
root        11  0.0  0.0      0     0 ?        S<   Apr16   0:00 [khelper]
root        12  0.0  0.0      0     0 ?        S<   Apr16   0:00 [kstop/0]
root        13  0.0  0.0      0     0 ?        S<   Apr16   0:00 [kstop/1]
root        14  0.0  0.0      0     0 ?        S<   Apr16   0:00 [kintegrityd/0]
root        15  0.0  0.0      0     0 ?        S<   Apr16   0:00 [kintegrityd/1]
root        16  0.0  0.0      0     0 ?        S<   Apr16   0:00 [kblockd/0]
root        17  0.0  0.0      0     0 ?        S<   Apr16   0:00 [kblockd/1]
root        18  0.0  0.0      0     0 ?        S<   Apr16   0:00 [kacpid]
root        19  0.0  0.0      0     0 ?        S<   Apr16   0:00 [kacpi_notify]
root        20  0.0  0.0      0     0 ?        S<   Apr16   0:00 [cqueue]
root        21  0.0  0.0      0     0 ?        S<   Apr16   0:00 [ata/0]
root        22  0.0  0.0      0     0 ?        S<   Apr16   0:00 [ata/1]
root        23  0.0  0.0      0     0 ?        S<   Apr16   0:00 [ata_aux]
root        24  0.0  0.0      0     0 ?        S<   Apr16   0:00 [ksuspend_usbd]
root        25  0.0  0.0      0     0 ?        S<   Apr16   0:00 [khubd]
root        26  0.0  0.0      0     0 ?        S<   Apr16   0:00 [kseriod]
root        27  0.0  0.0      0     0 ?        S<   Apr16   0:00 [kmmcd]
root        28  0.0  0.0      0     0 ?        S<   Apr16   0:00 [btaddconn]
root        29  0.0  0.0      0     0 ?        S<   Apr16   0:00 [btdelconn]
root        30  0.0  0.0      0     0 ?        S    Apr16   0:00 [pdflush]
root        31  0.0  0.0      0     0 ?        S    Apr16   0:00 [pdflush]
root        32  0.0  0.0      0     0 ?        S<   Apr16   0:00 [kswapd0]
root        33  0.0  0.0      0     0 ?        S<   Apr16   0:00 [aio/0]
root        34  0.0  0.0      0     0 ?        S<   Apr16   0:00 [aio/1]
root        35  0.0  0.0      0     0 ?        S<   Apr16   0:00 [ecryptfs-kthrea]
root        38  0.0  0.0      0     0 ?        S<   Apr16   0:00 [scsi_eh_0]
root        39  0.0  0.0      0     0 ?        S<   Apr16   0:00 [scsi_eh_1]
root        40  0.0  0.0      0     0 ?        S<   Apr16   0:00 [kstriped]
root        41  0.0  0.0      0     0 ?        S<   Apr16   0:00 [kmpathd/0]
root        42  0.0  0.0      0     0 ?        S<   Apr16   0:00 [kmpathd/1]
root        43  0.0  0.0      0     0 ?        S<   Apr16   0:00 [kmpath_handlerd]
root        44  0.0  0.0      0     0 ?        S<   Apr16   0:00 [ksnapd]
root        45  0.0  0.0      0     0 ?        S<   Apr16   0:00 [kondemand/0]
root        46  0.0  0.0      0     0 ?        S<   Apr16   0:00 [kondemand/1]
root        47  0.0  0.0      0     0 ?        S<   Apr16   0:00 [krfcommd]
root       309  0.0  0.0      0     0 ?        S<   Apr16   0:00 [scsi_eh_2]
root       735  0.0  0.0      0     0 ?        S<   Apr16   0:05 [kjournald]
root       828  0.0  0.1  16732   556 ?        S<s  Apr16   0:00 /sbin/udevd --daemon
root       989  0.0  0.0      0     0 ?        S<   Apr16   0:00 [kpsmoused]
root       998  0.0  0.0      0     0 ?        S<   Apr16   0:00 [vballoon]
daemon    1604  0.0  0.1   8180   588 ?        Ss   Apr16   0:00 /sbin/portmap
statd     1621  0.0  0.1  10300   716 ?        Ss   Apr16   0:00 /sbin/rpc.statd
root      1797  0.0  0.1   3944   600 tty4     Ss+  Apr16   0:00 /sbin/getty 38400 tty4
root      1798  0.0  0.1   3944   600 tty5     Ss+  Apr16   0:00 /sbin/getty 38400 tty5
root      1808  0.0  0.1   3944   600 tty2     Ss+  Apr16   0:00 /sbin/getty 38400 tty2
root      1811  0.0  0.1   3944   600 tty3     Ss+  Apr16   0:00 /sbin/getty 38400 tty3
root      1815  0.0  0.1   3944   604 tty6     Ss+  Apr16   0:00 /sbin/getty 38400 tty6
syslog    1849  0.0  0.1  12376   720 ?        Ss   Apr16   0:02 /sbin/syslogd -u syslog
root      1867  0.0  0.1   8204   572 ?        S    Apr16   0:00 /bin/dd bs 1 if /proc/kmsg of /var/run/klogd/kmsg
klog      1869  0.0  0.6   6504  3100 ?        Ss   Apr16   0:00 /sbin/klogd -P /var/run/klogd/kmsg
root      1906  0.0  0.0      0     0 ?        S<   Apr16   0:01 [rpciod/0]
root      1909  0.0  0.0      0     0 ?        S<   Apr16   0:01 [rpciod/1]
root      1940  0.0  0.0      0     0 ?        S<   Apr16   0:00 [lockd]
root      1941  0.0  0.0      0     0 ?        S<   Apr16   0:00 [nfsd4]
root      1942  0.0  0.0      0     0 ?        S<   Apr16   0:00 [nfsd]
root      1943  0.0  0.0      0     0 ?        S<   Apr16   0:00 [nfsd]
root      1944  0.0  0.0      0     0 ?        S<   Apr16   0:00 [nfsd]
root      1945  0.0  0.0      0     0 ?        S<   Apr16   0:00 [nfsd]
root      1946  0.0  0.0      0     0 ?        S<   Apr16   0:00 [nfsd]
root      1947  0.0  0.0      0     0 ?        S<   Apr16   0:00 [nfsd]
root      1948  0.0  0.0      0     0 ?        S<   Apr16   0:00 [nfsd]
root      1949  0.0  0.0      0     0 ?        S<   Apr16   0:00 [nfsd]
root      1953  0.0  0.0  14520   292 ?        Ss   Apr16   0:00 /usr/sbin/rpc.mountd --manage-gids
root      1999  0.0  0.1   6488   660 ?        S<s  Apr16   0:00 dhclient3 -e IF_METRIC=100 -pf /var/run/dhclient.eth0.pid -lf /var/lib/dhcp3/dhclient.eth0.leases eth0
root      2041  0.0  0.1  48940   900 ?        S<s  Apr16   0:00 /usr/sbin/sshd
root      2336  0.0  0.1   3944   600 tty1     Ss+  Apr16   0:00 /sbin/getty 38400 tty1
condor    2428  0.0  0.4  35616  2368 ?        S<s  Apr16   0:08 condor_master
condor    2429  0.0  0.9  37736  4872 ?        S<s  Apr16   1:07 condor_startd -f
root      2812  0.0  0.0      0     0 ?        S<   Apr16   0:00 [nfsiod]
condor   11480  0.0  0.4  22140  2004 ?        S<   Apr16   0:03 condor_procd -A /tmp/condor-lock.host_80.191183934294717/procd_pipe.STARTD -S 60 -C 1000
root     13683  0.0  0.3  70140  1776 ?        S<s  03:31   0:00 sshd: condor [priv]
condor   13685  0.0  0.2  70140  1284 ?        S<   03:31   0:00 sshd: condor@pts/0
condor   13686  0.0  0.4  18280  2064 pts/0    S<s+ 03:31   0:00 -bash
root     14113  0.0  0.1  18712   976 ?        S<s  03:32   0:00 /usr/sbin/cron
condor   14322  0.0  0.1   3976   732 pts/0    S<   03:38   0:00 sar -o /home/condor/cps210/cpu 300 72
condor   14323  0.0  0.1   3972   744 pts/0    S<   03:38   0:00 sadc 300 73 -z -S ALL /home/condor/cps210/cpu
root     15552  0.0  0.1   3940   696 ?        Ss   04:29   0:00 /sbin/getty 38400 xvc0
root     15553  0.0  0.2  31380  1056 ?        S<   04:30   0:00 /USR/SBIN/CRON
root     15554  0.0  0.2  31380  1056 ?        S<   04:30   0:00 /USR/SBIN/CRON
condor   15555  0.0  0.1   4024   572 ?        S<s  04:30   0:00 /bin/sh -c /home/condor/cps210/monitor.sh
root     15556  0.0  0.1   4024   580 ?        S<s  04:30   0:00 /bin/sh -c [ -x /usr/sbin/update-motd ] && /usr/sbin/update-motd 2>/dev/null
root     15557  0.0  0.1   4024   588 ?        SN   04:30   0:00 /bin/sh -e /usr/sbin/update-motd
condor   15558  0.0  0.2   9520  1480 ?        R<   04:30   0:00 /bin/bash /home/condor/cps210/monitor.sh
root     15570  0.0  0.1   4024   612 ?        RN   04:30   0:00 /bin/sh -e /etc/update-motd.d//90-updates-available
condor   15581  0.0  0.2  14892  1040 ?        R<   04:30   0:00 ps aux

=========Sun Apr 17 04:35:01 UTC 2011========
USER       PID %CPU %MEM    VSZ   RSS TTY      STAT START   TIME COMMAND
root         1  0.0  0.1   4104   912 ?        Ss   Apr16   0:04 /sbin/init
root         2  0.0  0.0      0     0 ?        S<   Apr16   0:00 [kthreadd]
root         3  0.0  0.0      0     0 ?        S<   Apr16   0:00 [migration/0]
root         4  0.0  0.0      0     0 ?        S<   Apr16   0:00 [ksoftirqd/0]
root         5  0.0  0.0      0     0 ?        S<   Apr16   0:00 [watchdog/0]
root         6  0.0  0.0      0     0 ?        S<   Apr16   0:00 [migration/1]
root         7  0.0  0.0      0     0 ?        S<   Apr16   0:00 [ksoftirqd/1]
root         8  0.0  0.0      0     0 ?        S<   Apr16   0:00 [watchdog/1]
root         9  0.0  0.0      0     0 ?        S<   Apr16   0:00 [events/0]
root        10  0.0  0.0      0     0 ?        S<   Apr16   0:00 [events/1]
root        11  0.0  0.0      0     0 ?        S<   Apr16   0:00 [khelper]
root        12  0.0  0.0      0     0 ?        S<   Apr16   0:00 [kstop/0]
root        13  0.0  0.0      0     0 ?        S<   Apr16   0:00 [kstop/1]
root        14  0.0  0.0      0     0 ?        S<   Apr16   0:00 [kintegrityd/0]
root        15  0.0  0.0      0     0 ?        S<   Apr16   0:00 [kintegrityd/1]
root        16  0.0  0.0      0     0 ?        S<   Apr16   0:00 [kblockd/0]
root        17  0.0  0.0      0     0 ?        S<   Apr16   0:00 [kblockd/1]
root        18  0.0  0.0      0     0 ?        S<   Apr16   0:00 [kacpid]
root        19  0.0  0.0      0     0 ?        S<   Apr16   0:00 [kacpi_notify]
root        20  0.0  0.0      0     0 ?        S<   Apr16   0:00 [cqueue]
root        21  0.0  0.0      0     0 ?        S<   Apr16   0:00 [ata/0]
root        22  0.0  0.0      0     0 ?        S<   Apr16   0:00 [ata/1]
root        23  0.0  0.0      0     0 ?        S<   Apr16   0:00 [ata_aux]
root        24  0.0  0.0      0     0 ?        S<   Apr16   0:00 [ksuspend_usbd]
root        25  0.0  0.0      0     0 ?        S<   Apr16   0:00 [khubd]
root        26  0.0  0.0      0     0 ?        S<   Apr16   0:00 [kseriod]
root        27  0.0  0.0      0     0 ?        S<   Apr16   0:00 [kmmcd]
root        28  0.0  0.0      0     0 ?        S<   Apr16   0:00 [btaddconn]
root        29  0.0  0.0      0     0 ?        S<   Apr16   0:00 [btdelconn]
root        30  0.0  0.0      0     0 ?        S    Apr16   0:00 [pdflush]
root        31  0.0  0.0      0     0 ?        S    Apr16   0:00 [pdflush]
root        32  0.0  0.0      0     0 ?        S<   Apr16   0:00 [kswapd0]
root        33  0.0  0.0      0     0 ?        S<   Apr16   0:00 [aio/0]
root        34  0.0  0.0      0     0 ?        S<   Apr16   0:00 [aio/1]
root        35  0.0  0.0      0     0 ?        S<   Apr16   0:00 [ecryptfs-kthrea]
root        38  0.0  0.0      0     0 ?        S<   Apr16   0:00 [scsi_eh_0]
root        39  0.0  0.0      0     0 ?        S<   Apr16   0:00 [scsi_eh_1]
root        40  0.0  0.0      0     0 ?        S<   Apr16   0:00 [kstriped]
root        41  0.0  0.0      0     0 ?        S<   Apr16   0:00 [kmpathd/0]
root        42  0.0  0.0      0     0 ?        S<   Apr16   0:00 [kmpathd/1]
root        43  0.0  0.0      0     0 ?        S<   Apr16   0:00 [kmpath_handlerd]
root        44  0.0  0.0      0     0 ?        S<   Apr16   0:00 [ksnapd]
root        45  0.0  0.0      0     0 ?        S<   Apr16   0:00 [kondemand/0]
root        46  0.0  0.0      0     0 ?        S<   Apr16   0:00 [kondemand/1]
root        47  0.0  0.0      0     0 ?        S<   Apr16   0:00 [krfcommd]
root       309  0.0  0.0      0     0 ?        S<   Apr16   0:00 [scsi_eh_2]
root       735  0.0  0.0      0     0 ?        S<   Apr16   0:05 [kjournald]
root       828  0.0  0.1  16732   556 ?        S<s  Apr16   0:00 /sbin/udevd --daemon
root       989  0.0  0.0      0     0 ?        S<   Apr16   0:00 [kpsmoused]
root       998  0.0  0.0      0     0 ?        S<   Apr16   0:00 [vballoon]
daemon    1604  0.0  0.1   8180   588 ?        Ss   Apr16   0:00 /sbin/portmap
statd     1621  0.0  0.1  10300   716 ?        Ss   Apr16   0:00 /sbin/rpc.statd
root      1797  0.0  0.1   3944   600 tty4     Ss+  Apr16   0:00 /sbin/getty 38400 tty4
root      1798  0.0  0.1   3944   600 tty5     Ss+  Apr16   0:00 /sbin/getty 38400 tty5
root      1808  0.0  0.1   3944   600 tty2     Ss+  Apr16   0:00 /sbin/getty 38400 tty2
root      1811  0.0  0.1   3944   600 tty3     Ss+  Apr16   0:00 /sbin/getty 38400 tty3
root      1815  0.0  0.1   3944   604 tty6     Ss+  Apr16   0:00 /sbin/getty 38400 tty6
syslog    1849  0.0  0.1  12376   720 ?        Ss   Apr16   0:02 /sbin/syslogd -u syslog
root      1867  0.0  0.1   8204   572 ?        S    Apr16   0:00 /bin/dd bs 1 if /proc/kmsg of /var/run/klogd/kmsg
klog      1869  0.0  0.6   6504  3100 ?        Ss   Apr16   0:00 /sbin/klogd -P /var/run/klogd/kmsg
root      1906  0.0  0.0      0     0 ?        S<   Apr16   0:01 [rpciod/0]
root      1909  0.0  0.0      0     0 ?        S<   Apr16   0:01 [rpciod/1]
root      1940  0.0  0.0      0     0 ?        S<   Apr16   0:00 [lockd]
root      1941  0.0  0.0      0     0 ?        S<   Apr16   0:00 [nfsd4]
root      1942  0.0  0.0      0     0 ?        S<   Apr16   0:00 [nfsd]
root      1943  0.0  0.0      0     0 ?        S<   Apr16   0:00 [nfsd]
root      1944  0.0  0.0      0     0 ?        S<   Apr16   0:00 [nfsd]
root      1945  0.0  0.0      0     0 ?        S<   Apr16   0:00 [nfsd]
root      1946  0.0  0.0      0     0 ?        S<   Apr16   0:00 [nfsd]
root      1947  0.0  0.0      0     0 ?        S<   Apr16   0:00 [nfsd]
root      1948  0.0  0.0      0     0 ?        S<   Apr16   0:00 [nfsd]
root      1949  0.0  0.0      0     0 ?        S<   Apr16   0:00 [nfsd]
root      1953  0.0  0.0  14520   292 ?        Ss   Apr16   0:00 /usr/sbin/rpc.mountd --manage-gids
root      1999  0.0  0.1   6488   660 ?        S<s  Apr16   0:00 dhclient3 -e IF_METRIC=100 -pf /var/run/dhclient.eth0.pid -lf /var/lib/dhcp3/dhclient.eth0.leases eth0
root      2041  0.0  0.1  48940   900 ?        S<s  Apr16   0:00 /usr/sbin/sshd
root      2336  0.0  0.1   3944   600 tty1     Ss+  Apr16   0:00 /sbin/getty 38400 tty1
condor    2428  0.0  0.4  35616  2368 ?        S<s  Apr16   0:08 condor_master
condor    2429  0.0  0.9  37736  4872 ?        S<s  Apr16   1:07 condor_startd -f
root      2812  0.0  0.0      0     0 ?        S<   Apr16   0:00 [nfsiod]
condor   11480  0.0  0.4  22140  2004 ?        S<   Apr16   0:03 condor_procd -A /tmp/condor-lock.host_80.191183934294717/procd_pipe.STARTD -S 60 -C 1000
root     13683  0.0  0.3  70140  1776 ?        S<s  03:31   0:00 sshd: condor [priv]
condor   13685  0.0  0.2  70140  1284 ?        S<   03:31   0:00 sshd: condor@pts/0
condor   13686  0.0  0.4  18280  2064 pts/0    S<s+ 03:31   0:00 -bash
root     14113  0.0  0.1  18712   976 ?        S<s  03:32   0:00 /usr/sbin/cron
condor   14322  0.0  0.1   3976   732 pts/0    S<   03:38   0:00 sar -o /home/condor/cps210/cpu 300 72
condor   14323  0.0  0.1   3972   744 pts/0    S<   03:38   0:00 sadc 300 73 -z -S ALL /home/condor/cps210/cpu
root     15642  0.0  0.1   3940   692 ?        Ss   04:34   0:00 /sbin/getty 38400 xvc0
root     15644  0.0  0.2  31380  1056 ?        S<   04:35   0:00 /USR/SBIN/CRON
condor   15645  0.0  0.1   4024   572 ?        S<s  04:35   0:00 /bin/sh -c /home/condor/cps210/monitor.sh
condor   15647  0.0  0.2   9520  1484 ?        S<   04:35   0:00 /bin/bash /home/condor/cps210/monitor.sh
condor   15654  0.0  0.2  14892  1040 ?        R<   04:35   0:00 ps aux

=========Sun Apr 17 04:40:01 UTC 2011========
USER       PID %CPU %MEM    VSZ   RSS TTY      STAT START   TIME COMMAND
root         1  0.0  0.1   4104   912 ?        Ss   Apr16   0:04 /sbin/init
root         2  0.0  0.0      0     0 ?        S<   Apr16   0:00 [kthreadd]
root         3  0.0  0.0      0     0 ?        S<   Apr16   0:00 [migration/0]
root         4  0.0  0.0      0     0 ?        S<   Apr16   0:00 [ksoftirqd/0]
root         5  0.0  0.0      0     0 ?        S<   Apr16   0:00 [watchdog/0]
root         6  0.0  0.0      0     0 ?        S<   Apr16   0:00 [migration/1]
root         7  0.0  0.0      0     0 ?        S<   Apr16   0:00 [ksoftirqd/1]
root         8  0.0  0.0      0     0 ?        S<   Apr16   0:00 [watchdog/1]
root         9  0.0  0.0      0     0 ?        S<   Apr16   0:00 [events/0]
root        10  0.0  0.0      0     0 ?        S<   Apr16   0:00 [events/1]
root        11  0.0  0.0      0     0 ?        S<   Apr16   0:00 [khelper]
root        12  0.0  0.0      0     0 ?        S<   Apr16   0:00 [kstop/0]
root        13  0.0  0.0      0     0 ?        S<   Apr16   0:00 [kstop/1]
root        14  0.0  0.0      0     0 ?        S<   Apr16   0:00 [kintegrityd/0]
root        15  0.0  0.0      0     0 ?        S<   Apr16   0:00 [kintegrityd/1]
root        16  0.0  0.0      0     0 ?        S<   Apr16   0:00 [kblockd/0]
root        17  0.0  0.0      0     0 ?        S<   Apr16   0:00 [kblockd/1]
root        18  0.0  0.0      0     0 ?        S<   Apr16   0:00 [kacpid]
root        19  0.0  0.0      0     0 ?        S<   Apr16   0:00 [kacpi_notify]
root        20  0.0  0.0      0     0 ?        S<   Apr16   0:00 [cqueue]
root        21  0.0  0.0      0     0 ?        S<   Apr16   0:00 [ata/0]
root        22  0.0  0.0      0     0 ?        S<   Apr16   0:00 [ata/1]
root        23  0.0  0.0      0     0 ?        S<   Apr16   0:00 [ata_aux]
root        24  0.0  0.0      0     0 ?        S<   Apr16   0:00 [ksuspend_usbd]
root        25  0.0  0.0      0     0 ?        S<   Apr16   0:00 [khubd]
root        26  0.0  0.0      0     0 ?        S<   Apr16   0:00 [kseriod]
root        27  0.0  0.0      0     0 ?        S<   Apr16   0:00 [kmmcd]
root        28  0.0  0.0      0     0 ?        S<   Apr16   0:00 [btaddconn]
root        29  0.0  0.0      0     0 ?        S<   Apr16   0:00 [btdelconn]
root        30  0.0  0.0      0     0 ?        S    Apr16   0:00 [pdflush]
root        31  0.0  0.0      0     0 ?        S    Apr16   0:00 [pdflush]
root        32  0.0  0.0      0     0 ?        S<   Apr16   0:00 [kswapd0]
root        33  0.0  0.0      0     0 ?        S<   Apr16   0:00 [aio/0]
root        34  0.0  0.0      0     0 ?        S<   Apr16   0:00 [aio/1]
root        35  0.0  0.0      0     0 ?        S<   Apr16   0:00 [ecryptfs-kthrea]
root        38  0.0  0.0      0     0 ?        S<   Apr16   0:00 [scsi_eh_0]
root        39  0.0  0.0      0     0 ?        S<   Apr16   0:00 [scsi_eh_1]
root        40  0.0  0.0      0     0 ?        S<   Apr16   0:00 [kstriped]
root        41  0.0  0.0      0     0 ?        S<   Apr16   0:00 [kmpathd/0]
root        42  0.0  0.0      0     0 ?        S<   Apr16   0:00 [kmpathd/1]
root        43  0.0  0.0      0     0 ?        S<   Apr16   0:00 [kmpath_handlerd]
root        44  0.0  0.0      0     0 ?        S<   Apr16   0:00 [ksnapd]
root        45  0.0  0.0      0     0 ?        S<   Apr16   0:00 [kondemand/0]
root        46  0.0  0.0      0     0 ?        S<   Apr16   0:00 [kondemand/1]
root        47  0.0  0.0      0     0 ?        S<   Apr16   0:00 [krfcommd]
root       309  0.0  0.0      0     0 ?        S<   Apr16   0:00 [scsi_eh_2]
root       735  0.0  0.0      0     0 ?        S<   Apr16   0:05 [kjournald]
root       828  0.0  0.1  16732   556 ?        S<s  Apr16   0:00 /sbin/udevd --daemon
root       989  0.0  0.0      0     0 ?        S<   Apr16   0:00 [kpsmoused]
root       998  0.0  0.0      0     0 ?        S<   Apr16   0:00 [vballoon]
daemon    1604  0.0  0.1   8180   588 ?        Ss   Apr16   0:00 /sbin/portmap
statd     1621  0.0  0.1  10300   716 ?        Ss   Apr16   0:00 /sbin/rpc.statd
root      1797  0.0  0.1   3944   600 tty4     Ss+  Apr16   0:00 /sbin/getty 38400 tty4
root      1798  0.0  0.1   3944   600 tty5     Ss+  Apr16   0:00 /sbin/getty 38400 tty5
root      1808  0.0  0.1   3944   600 tty2     Ss+  Apr16   0:00 /sbin/getty 38400 tty2
root      1811  0.0  0.1   3944   600 tty3     Ss+  Apr16   0:00 /sbin/getty 38400 tty3
root      1815  0.0  0.1   3944   604 tty6     Ss+  Apr16   0:00 /sbin/getty 38400 tty6
syslog    1849  0.0  0.1  12376   720 ?        Ss   Apr16   0:02 /sbin/syslogd -u syslog
root      1867  0.0  0.1   8204   572 ?        S    Apr16   0:00 /bin/dd bs 1 if /proc/kmsg of /var/run/klogd/kmsg
klog      1869  0.0  0.6   6504  3100 ?        Ss   Apr16   0:00 /sbin/klogd -P /var/run/klogd/kmsg
root      1906  0.0  0.0      0     0 ?        S<   Apr16   0:01 [rpciod/0]
root      1909  0.0  0.0      0     0 ?        S<   Apr16   0:01 [rpciod/1]
root      1940  0.0  0.0      0     0 ?        S<   Apr16   0:00 [lockd]
root      1941  0.0  0.0      0     0 ?        S<   Apr16   0:00 [nfsd4]
root      1942  0.0  0.0      0     0 ?        S<   Apr16   0:00 [nfsd]
root      1943  0.0  0.0      0     0 ?        S<   Apr16   0:00 [nfsd]
root      1944  0.0  0.0      0     0 ?        S<   Apr16   0:00 [nfsd]
root      1945  0.0  0.0      0     0 ?        S<   Apr16   0:00 [nfsd]
root      1946  0.0  0.0      0     0 ?        S<   Apr16   0:00 [nfsd]
root      1947  0.0  0.0      0     0 ?        S<   Apr16   0:00 [nfsd]
root      1948  0.0  0.0      0     0 ?        S<   Apr16   0:00 [nfsd]
root      1949  0.0  0.0      0     0 ?        S<   Apr16   0:00 [nfsd]
root      1953  0.0  0.0  14520   292 ?        Ss   Apr16   0:00 /usr/sbin/rpc.mountd --manage-gids
root      1999  0.0  0.1   6488   660 ?        S<s  Apr16   0:00 dhclient3 -e IF_METRIC=100 -pf /var/run/dhclient.eth0.pid -lf /var/lib/dhcp3/dhclient.eth0.leases eth0
root      2041  0.0  0.1  48940   900 ?        S<s  Apr16   0:00 /usr/sbin/sshd
root      2336  0.0  0.1   3944   600 tty1     Ss+  Apr16   0:00 /sbin/getty 38400 tty1
condor    2428  0.0  0.4  35616  2432 ?        S<s  Apr16   0:08 condor_master
condor    2429  0.0  0.9  37736  4888 ?        S<s  Apr16   1:07 condor_startd -f
root      2812  0.0  0.0      0     0 ?        S<   Apr16   0:00 [nfsiod]
condor   11480  0.0  0.4  22140  2004 ?        S<   Apr16   0:03 condor_procd -A /tmp/condor-lock.host_80.191183934294717/procd_pipe.STARTD -S 60 -C 1000
root     13683  0.0  0.3  70140  1776 ?        S<s  03:31   0:00 sshd: condor [priv]
condor   13685  0.0  0.2  70140  1284 ?        S<   03:31   0:00 sshd: condor@pts/0
condor   13686  0.0  0.4  18280  2064 pts/0    S<s+ 03:31   0:00 -bash
root     14113  0.0  0.1  18712   976 ?        S<s  03:32   0:00 /usr/sbin/cron
condor   14322  0.0  0.1   3976   732 pts/0    S<   03:38   0:00 sar -o /home/condor/cps210/cpu 300 72
condor   14323  0.0  0.1   3972   744 pts/0    S<   03:38   0:00 sadc 300 73 -z -S ALL /home/condor/cps210/cpu
root     15684  0.0  0.1   3940   692 ?        Ss   04:39   0:00 /sbin/getty 38400 xvc0
root     15685  0.0  0.2  31380  1056 ?        S<   04:40   0:00 /USR/SBIN/CRON
root     15686  0.0  0.2  31380  1056 ?        S<   04:40   0:00 /USR/SBIN/CRON
root     15687  0.0  0.1   4024   580 ?        S<s  04:40   0:00 /bin/sh -c [ -x /usr/sbin/update-motd ] && /usr/sbin/update-motd 2>/dev/null
condor   15688  0.0  0.1   4024   572 ?        S<s  04:40   0:00 /bin/sh -c /home/condor/cps210/monitor.sh
root     15689  0.0  0.1   4024   588 ?        SN   04:40   0:00 /bin/sh -e /usr/sbin/update-motd
condor   15690  0.0  0.2   9520  1484 ?        R<   04:40   0:00 /bin/bash /home/condor/cps210/monitor.sh
root     15702  0.0  0.1   4024   612 ?        RN   04:40   0:00 /bin/sh -e /etc/update-motd.d//90-updates-available
condor   15709  0.0  0.2  14892  1040 ?        R<   04:40   0:00 ps aux
root     15718  0.0  0.1   8184   660 ?        RN   04:40   0:00 [stat]
