
=========Sat Apr 16 06:35:01 UTC 2011========
             total       used       free     shared    buffers     cached
Mem:           487        332        154          0         33        217
-/+ buffers/cache:         81        406
Swap:          841          1        840
Total:        1328        334        994

=========Sat Apr 16 06:40:01 UTC 2011========
             total       used       free     shared    buffers     cached
Mem:           487        334        152          0         34        217
-/+ buffers/cache:         82        405
Swap:          841          1        840
Total:        1328        335        993

=========Sat Apr 16 06:45:01 UTC 2011========
             total       used       free     shared    buffers     cached
Mem:           487        368        119          0         35        252
-/+ buffers/cache:         80        407
Swap:          841          1        840
Total:        1328        369        959

=========Sat Apr 16 06:50:01 UTC 2011========
             total       used       free     shared    buffers     cached
Mem:           487        369        118          0         35        252
-/+ buffers/cache:         80        406
Swap:          841          1        840
Total:        1328        370        958

=========Sat Apr 16 06:55:01 UTC 2011========
             total       used       free     shared    buffers     cached
Mem:           487        369        118          0         35        252
-/+ buffers/cache:         80        407
Swap:          841          1        840
Total:        1328        370        958

=========Sat Apr 16 07:00:01 UTC 2011========
             total       used       free     shared    buffers     cached
Mem:           487        482          5          0          6         99
-/+ buffers/cache:        376        110
Swap:          841          1        839
Total:        1328        483        845

=========Sat Apr 16 07:05:01 UTC 2011========
             total       used       free     shared    buffers     cached
Mem:           487        481          6          0          0        109
-/+ buffers/cache:        371        115
Swap:          841          1        839
Total:        1328        483        845

=========Sat Apr 16 07:10:01 UTC 2011========
             total       used       free     shared    buffers     cached
Mem:           487        193        294          0          1        124
-/+ buffers/cache:         67        420
Swap:          841          1        839
Total:        1328        194       1134

=========Sat Apr 16 07:15:01 UTC 2011========
             total       used       free     shared    buffers     cached
Mem:           487        252        235          0          2        178
-/+ buffers/cache:         71        415
Swap:          841          1        839
Total:        1328        253       1075

=========Sat Apr 16 07:20:01 UTC 2011========
             total       used       free     shared    buffers     cached
Mem:           487        481          6          0          1        409
-/+ buffers/cache:         71        416
Swap:          841          1        839
Total:        1328        483        845

=========Sat Apr 16 07:25:01 UTC 2011========
             total       used       free     shared    buffers     cached
Mem:           487        481          6          0          0        409
-/+ buffers/cache:         70        416
Swap:          841          1        839
Total:        1328        483        845

=========Sat Apr 16 07:30:01 UTC 2011========
             total       used       free     shared    buffers     cached
Mem:           487        481          5          0          1        409
-/+ buffers/cache:         70        416
Swap:          841          1        839
Total:        1328        483        845

=========Sat Apr 16 07:35:01 UTC 2011========
             total       used       free     shared    buffers     cached
Mem:           487        481          6          0          0        399
-/+ buffers/cache:         80        407
Swap:          841          1        839
Total:        1328        482        846

=========Sat Apr 16 07:40:01 UTC 2011========
             total       used       free     shared    buffers     cached
Mem:           487        474         13          0          0        392
-/+ buffers/cache:         81        406
Swap:          841          1        839
Total:        1328        475        853

=========Sat Apr 16 07:45:01 UTC 2011========
             total       used       free     shared    buffers     cached
Mem:           487        481          5          0          0        380
-/+ buffers/cache:        100        386
Swap:          841          1        839
Total:        1328        483        845

=========Sat Apr 16 07:50:01 UTC 2011========
             total       used       free     shared    buffers     cached
Mem:           487        481          5          0          0        387
-/+ buffers/cache:         93        393
Swap:          841          1        839
Total:        1328        483        845

=========Sat Apr 16 07:55:01 UTC 2011========
             total       used       free     shared    buffers     cached
Mem:           487        481          6          0          0        388
-/+ buffers/cache:         92        395
Swap:          841          1        839
Total:        1328        483        845

=========Sat Apr 16 08:00:02 UTC 2011========
             total       used       free     shared    buffers     cached
Mem:           487        481          5          0          0        378
-/+ buffers/cache:        102        385
Swap:          841          1        839
Total:        1328        483        845

=========Sat Apr 16 08:05:01 UTC 2011========
             total       used       free     shared    buffers     cached
Mem:           487        482          5          0          0        401
-/+ buffers/cache:         80        407
Swap:          841          1        839
Total:        1328        483        844

=========Sat Apr 16 08:10:01 UTC 2011========
             total       used       free     shared    buffers     cached
Mem:           487        481          5          0          0        378
-/+ buffers/cache:        103        384
Swap:          841          1        839
Total:        1328        483        845

=========Sat Apr 16 08:15:01 UTC 2011========
             total       used       free     shared    buffers     cached
Mem:           487        481          5          0          0        397
-/+ buffers/cache:         83        403
Swap:          841          1        839
Total:        1328        483        845

=========Sat Apr 16 08:20:01 UTC 2011========
             total       used       free     shared    buffers     cached
Mem:           487        481          5          0          0        381
-/+ buffers/cache:         99        387
Swap:          841          1        839
Total:        1328        483        845

=========Sat Apr 16 08:25:01 UTC 2011========
             total       used       free     shared    buffers     cached
Mem:           487        482          5          0          0        390
-/+ buffers/cache:         90        396
Swap:          841          1        839
Total:        1328        483        845

=========Sat Apr 16 08:30:01 UTC 2011========
             total       used       free     shared    buffers     cached
Mem:           487        481          5          0          0        389
-/+ buffers/cache:         91        396
Swap:          841          1        839
Total:        1328        483        845

=========Sat Apr 16 08:35:01 UTC 2011========
             total       used       free     shared    buffers     cached
Mem:           487        481          5          0          0        389
-/+ buffers/cache:         92        395
Swap:          841          1        839
Total:        1328        483        845

=========Sat Apr 16 08:40:01 UTC 2011========
             total       used       free     shared    buffers     cached
Mem:           487        481          5          0          0        380
-/+ buffers/cache:        100        386
Swap:          841          1        839
Total:        1328        483        845

=========Sat Apr 16 08:45:01 UTC 2011========
             total       used       free     shared    buffers     cached
Mem:           487        481          6          0          0        388
-/+ buffers/cache:         92        394
Swap:          841          1        839
Total:        1328        483        845

=========Sat Apr 16 08:50:01 UTC 2011========
             total       used       free     shared    buffers     cached
Mem:           487        479          7          0          0        407
-/+ buffers/cache:         71        416
Swap:          841          1        839
Total:        1328        481        847

=========Sat Apr 16 08:55:01 UTC 2011========
             total       used       free     shared    buffers     cached
Mem:           487        481          6          0          0        409
-/+ buffers/cache:         71        416
Swap:          841          1        839
Total:        1328        483        845

=========Sat Apr 16 09:00:01 UTC 2011========
             total       used       free     shared    buffers     cached
Mem:           487        481          5          0          0        410
-/+ buffers/cache:         71        416
Swap:          841          1        839
Total:        1328        483        845

=========Sat Apr 16 09:05:01 UTC 2011========
             total       used       free     shared    buffers     cached
Mem:           487        481          6          0          0        410
-/+ buffers/cache:         70        416
Swap:          841          2        839
Total:        1328        483        845

=========Sat Apr 16 09:10:01 UTC 2011========
             total       used       free     shared    buffers     cached
Mem:           487        481          5          0          0        410
-/+ buffers/cache:         71        416
Swap:          841          2        839
Total:        1328        484        844

=========Sat Apr 16 09:15:01 UTC 2011========
             total       used       free     shared    buffers     cached
Mem:           487        482          5          0          0        411
-/+ buffers/cache:         70        417
Swap:          841          2        839
Total:        1328        484        844

=========Sat Apr 16 09:20:01 UTC 2011========
             total       used       free     shared    buffers     cached
Mem:           487        481          5          0          0        409
-/+ buffers/cache:         71        415
Swap:          841          2        839
Total:        1328        484        844

=========Sat Apr 16 09:25:01 UTC 2011========
             total       used       free     shared    buffers     cached
Mem:           487        481          6          0          0        409
-/+ buffers/cache:         70        416
Swap:          841          2        839
Total:        1328        483        845

=========Sat Apr 16 09:30:01 UTC 2011========
             total       used       free     shared    buffers     cached
Mem:           487        373        113          0          0        301
-/+ buffers/cache:         71        416
Swap:          841          2        839
Total:        1328        375        953

=========Sat Apr 16 09:35:01 UTC 2011========
             total       used       free     shared    buffers     cached
Mem:           487        481          6          0          0        410
-/+ buffers/cache:         70        417
Swap:          841          2        839
Total:        1328        483        845

=========Sat Apr 16 09:40:01 UTC 2011========
             total       used       free     shared    buffers     cached
Mem:           487        482          5          0          0        409
-/+ buffers/cache:         71        415
Swap:          841          2        839
Total:        1328        484        844

=========Sat Apr 16 09:45:01 UTC 2011========
             total       used       free     shared    buffers     cached
Mem:           487        481          6          0          0        409
-/+ buffers/cache:         70        416
Swap:          841          2        839
Total:        1328        483        845

=========Sat Apr 16 09:50:01 UTC 2011========
             total       used       free     shared    buffers     cached
Mem:           487        481          5          0          0        408
-/+ buffers/cache:         72        414
Swap:          841          2        839
Total:        1328        483        845

=========Sat Apr 16 09:55:01 UTC 2011========
             total       used       free     shared    buffers     cached
Mem:           487        481          5          0          0        411
-/+ buffers/cache:         69        417
Swap:          841          2        839
Total:        1328        484        844

=========Sat Apr 16 10:00:01 UTC 2011========
             total       used       free     shared    buffers     cached
Mem:           487        481          6          0          0        409
-/+ buffers/cache:         71        415
Swap:          841          2        839
Total:        1328        483        845

=========Sat Apr 16 10:05:01 UTC 2011========
             total       used       free     shared    buffers     cached
Mem:           487        481          5          0          0        412
-/+ buffers/cache:         68        419
Swap:          841          2        839
Total:        1328        484        844

=========Sat Apr 16 10:10:01 UTC 2011========
             total       used       free     shared    buffers     cached
Mem:           487        481          6          0          0        412
-/+ buffers/cache:         68        418
Swap:          841          2        839
Total:        1328        483        845

=========Sat Apr 16 10:15:01 UTC 2011========
             total       used       free     shared    buffers     cached
Mem:           487        482          5          0          0        413
-/+ buffers/cache:         68        419
Swap:          841          2        839
Total:        1328        484        844

=========Sat Apr 16 10:20:01 UTC 2011========
             total       used       free     shared    buffers     cached
Mem:           487        481          6          0          0        412
-/+ buffers/cache:         68        419
Swap:          841          2        839
Total:        1328        483        845

=========Sat Apr 16 10:25:01 UTC 2011========
             total       used       free     shared    buffers     cached
Mem:           487        481          5          0          0        413
-/+ buffers/cache:         67        419
Swap:          841          2        839
Total:        1328        483        845

=========Sat Apr 16 10:30:01 UTC 2011========
             total       used       free     shared    buffers     cached
Mem:           487        481          5          0          0        417
-/+ buffers/cache:         62        424
Swap:          841          2        839
Total:        1328        484        844

=========Sat Apr 16 10:35:01 UTC 2011========
             total       used       free     shared    buffers     cached
Mem:           487        479          7          0          1        416
-/+ buffers/cache:         62        425
Swap:          841          2        839
Total:        1328        481        847

=========Sat Apr 16 10:40:01 UTC 2011========
             total       used       free     shared    buffers     cached
Mem:           487        481          6          0          1        416
-/+ buffers/cache:         62        424
Swap:          841          2        839
Total:        1328        483        845

=========Sat Apr 16 10:45:01 UTC 2011========
             total       used       free     shared    buffers     cached
Mem:           487        480          6          0          2        416
-/+ buffers/cache:         61        425
Swap:          841          2        839
Total:        1328        483        845

=========Sat Apr 16 10:50:01 UTC 2011========
             total       used       free     shared    buffers     cached
Mem:           487        482          5          0          2        416
-/+ buffers/cache:         62        424
Swap:          841          2        839
Total:        1328        484        844

=========Sat Apr 16 10:55:01 UTC 2011========
             total       used       free     shared    buffers     cached
Mem:           487        480          7          0          2        415
-/+ buffers/cache:         62        425
Swap:          841          2        839
Total:        1328        482        846

=========Sat Apr 16 11:00:01 UTC 2011========
             total       used       free     shared    buffers     cached
Mem:           487        482          5          0          3        415
-/+ buffers/cache:         63        423
Swap:          841          2        839
Total:        1328        484        844

=========Sat Apr 16 11:05:01 UTC 2011========
             total       used       free     shared    buffers     cached
Mem:           487        480          7          0          3        414
-/+ buffers/cache:         62        425
Swap:          841          2        839
Total:        1328        482        846

=========Sat Apr 16 11:10:01 UTC 2011========
             total       used       free     shared    buffers     cached
Mem:           487        481          6          0          3        414
-/+ buffers/cache:         62        424
Swap:          841          2        839
Total:        1328        483        845

=========Sat Apr 16 11:15:01 UTC 2011========
             total       used       free     shared    buffers     cached
Mem:           487        480          7          0          4        413
-/+ buffers/cache:         62        425
Swap:          841          2        839
Total:        1328        482        846

=========Sat Apr 16 11:20:01 UTC 2011========
             total       used       free     shared    buffers     cached
Mem:           487        480          6          0          4        413
-/+ buffers/cache:         63        424
Swap:          841          2        839
Total:        1328        483        845

=========Sat Apr 16 11:25:01 UTC 2011========
             total       used       free     shared    buffers     cached
Mem:           487        480          6          0          5        413
-/+ buffers/cache:         62        425
Swap:          841          2        839
Total:        1328        483        845

=========Sat Apr 16 11:30:01 UTC 2011========
             total       used       free     shared    buffers     cached
Mem:           487        481          5          0          5        413
-/+ buffers/cache:         62        424
Swap:          841          2        839
Total:        1328        484        844

=========Sat Apr 16 11:35:01 UTC 2011========
             total       used       free     shared    buffers     cached
Mem:           487        480          6          0          5        412
-/+ buffers/cache:         62        425
Swap:          841          2        839
Total:        1328        482        845

=========Sat Apr 16 11:40:01 UTC 2011========
             total       used       free     shared    buffers     cached
Mem:           487        481          6          0          6        412
-/+ buffers/cache:         62        424
Swap:          841          2        839
Total:        1328        483        845

=========Sat Apr 16 11:45:01 UTC 2011========
             total       used       free     shared    buffers     cached
Mem:           487        480          6          0          6        411
-/+ buffers/cache:         62        424
Swap:          841          2        839
Total:        1328        483        845

=========Sat Apr 16 11:50:01 UTC 2011========
             total       used       free     shared    buffers     cached
Mem:           487        482          5          0          6        411
-/+ buffers/cache:         63        423
Swap:          841          2        839
Total:        1328        484        844

=========Sat Apr 16 11:55:01 UTC 2011========
             total       used       free     shared    buffers     cached
Mem:           487        480          6          0          7        410
-/+ buffers/cache:         62        424
Swap:          841          2        839
Total:        1328        482        846

=========Sat Apr 16 12:00:01 UTC 2011========
             total       used       free     shared    buffers     cached
Mem:           487        481          5          0          7        410
-/+ buffers/cache:         63        423
Swap:          841          2        839
Total:        1328        484        844

=========Sat Apr 16 12:05:01 UTC 2011========
             total       used       free     shared    buffers     cached
Mem:           487        480          6          0          7        410
-/+ buffers/cache:         62        425
Swap:          841          2        839
Total:        1328        483        845

=========Sat Apr 16 12:10:01 UTC 2011========
             total       used       free     shared    buffers     cached
Mem:           487        481          6          0          8        409
-/+ buffers/cache:         63        424
Swap:          841          2        839
Total:        1328        483        845

=========Sat Apr 16 12:15:01 UTC 2011========
             total       used       free     shared    buffers     cached
Mem:           487        479          7          0          8        408
-/+ buffers/cache:         62        424
Swap:          841          2        839
Total:        1328        482        846

=========Sat Apr 16 12:20:01 UTC 2011========
             total       used       free     shared    buffers     cached
Mem:           487        480          6          0          8        408
-/+ buffers/cache:         62        424
Swap:          841          2        839
Total:        1328        482        846

=========Sat Apr 16 12:25:01 UTC 2011========
             total       used       free     shared    buffers     cached
Mem:           487        480          7          0          9        408
-/+ buffers/cache:         62        425
Swap:          841          2        839
Total:        1328        482        846

=========Sat Apr 16 12:30:01 UTC 2011========
             total       used       free     shared    buffers     cached
Mem:           487        481          5          0          9        408
-/+ buffers/cache:         63        424
Swap:          841          2        839
Total:        1328        484        844

=========Sat Apr 16 12:35:01 UTC 2011========
             total       used       free     shared    buffers     cached
Mem:           487        480          7          0          9        407
-/+ buffers/cache:         62        424
Swap:          841          2        839
Total:        1328        482        846

=========Sat Apr 16 12:40:01 UTC 2011========
             total       used       free     shared    buffers     cached
Mem:           487        481          6          0         10        407
-/+ buffers/cache:         63        424
Swap:          841          2        839
Total:        1328        483        845

=========Sat Apr 16 12:45:01 UTC 2011========
             total       used       free     shared    buffers     cached
Mem:           487        480          7          0         10        406
-/+ buffers/cache:         62        424
Swap:          841          2        839
Total:        1328        482        846

=========Sat Apr 16 12:50:01 UTC 2011========
             total       used       free     shared    buffers     cached
Mem:           487        481          6          0         11        406
-/+ buffers/cache:         63        424
Swap:          841          2        839
Total:        1328        483        845

=========Sat Apr 16 12:55:01 UTC 2011========
             total       used       free     shared    buffers     cached
Mem:           487        480          7          0         11        405
-/+ buffers/cache:         62        424
Swap:          841          2        839
Total:        1328        482        846

=========Sat Apr 16 13:00:01 UTC 2011========
             total       used       free     shared    buffers     cached
Mem:           487        481          5          0         11        405
-/+ buffers/cache:         63        423
Swap:          841          2        839
Total:        1328        483        845

=========Sat Apr 16 13:05:01 UTC 2011========
             total       used       free     shared    buffers     cached
Mem:           487        480          6          0         12        405
-/+ buffers/cache:         62        424
Swap:          841          2        839
Total:        1328        483        845

=========Sat Apr 16 13:10:01 UTC 2011========
             total       used       free     shared    buffers     cached
Mem:           487        482          5          0         12        405
-/+ buffers/cache:         63        423
Swap:          841          2        839
Total:        1328        484        844

=========Sat Apr 16 13:15:01 UTC 2011========
             total       used       free     shared    buffers     cached
Mem:           487        480          7          0         12        404
-/+ buffers/cache:         62        424
Swap:          841          2        839
Total:        1328        482        846

=========Sat Apr 16 13:20:01 UTC 2011========
             total       used       free     shared    buffers     cached
Mem:           487        481          5          0         13        404
-/+ buffers/cache:         63        424
Swap:          841          2        839
Total:        1328        483        844

=========Sat Apr 16 13:25:01 UTC 2011========
             total       used       free     shared    buffers     cached
Mem:           487        480          7          0         13        404
-/+ buffers/cache:         62        424
Swap:          841          2        839
Total:        1328        482        846

=========Sat Apr 16 13:30:01 UTC 2011========
             total       used       free     shared    buffers     cached
Mem:           487        481          5          0         14        404
-/+ buffers/cache:         63        424
Swap:          841          2        839
Total:        1328        484        844

=========Sat Apr 16 13:35:01 UTC 2011========
             total       used       free     shared    buffers     cached
Mem:           487        480          6          0         14        403
-/+ buffers/cache:         62        424
Swap:          841          2        839
Total:        1328        482        846

=========Sat Apr 16 13:40:01 UTC 2011========
             total       used       free     shared    buffers     cached
Mem:           487        481          5          0         14        403
-/+ buffers/cache:         63        424
Swap:          841          2        839
Total:        1328        484        844

=========Sat Apr 16 13:45:01 UTC 2011========
             total       used       free     shared    buffers     cached
Mem:           487        480          7          0         15        402
-/+ buffers/cache:         62        424
Swap:          841          2        839
Total:        1328        482        846

=========Sat Apr 16 13:50:01 UTC 2011========
             total       used       free     shared    buffers     cached
Mem:           487        481          6          0         15        402
-/+ buffers/cache:         63        423
Swap:          841          2        839
Total:        1328        483        845

=========Sat Apr 16 13:55:02 UTC 2011========
             total       used       free     shared    buffers     cached
Mem:           487        479          7          0         15        401
-/+ buffers/cache:         62        425
Swap:          841          2        839
Total:        1328        482        846

=========Sat Apr 16 14:00:01 UTC 2011========
             total       used       free     shared    buffers     cached
Mem:           487        481          5          0         16        401
-/+ buffers/cache:         64        423
Swap:          841          2        839
Total:        1328        484        844

=========Sat Apr 16 14:05:01 UTC 2011========
             total       used       free     shared    buffers     cached
Mem:           487        479          7          0         16        400
-/+ buffers/cache:         62        424
Swap:          841          2        839
Total:        1328        481        846

=========Sat Apr 16 14:10:01 UTC 2011========
             total       used       free     shared    buffers     cached
Mem:           487        480          6          0         16        400
-/+ buffers/cache:         63        424
Swap:          841          2        839
Total:        1328        483        845

=========Sat Apr 16 14:15:01 UTC 2011========
             total       used       free     shared    buffers     cached
Mem:           487        480          6          0         17        400
-/+ buffers/cache:         62        424
Swap:          841          2        839
Total:        1328        483        845

=========Sat Apr 16 14:20:01 UTC 2011========
             total       used       free     shared    buffers     cached
Mem:           487        481          5          0         17        400
-/+ buffers/cache:         63        423
Swap:          841          2        839
Total:        1328        484        844

=========Sat Apr 16 14:25:01 UTC 2011========
             total       used       free     shared    buffers     cached
Mem:           487        480          7          0         18        399
-/+ buffers/cache:         62        425
Swap:          841          2        839
Total:        1328        482        846

=========Sat Apr 16 14:30:01 UTC 2011========
             total       used       free     shared    buffers     cached
Mem:           487        481          5          0         18        399
-/+ buffers/cache:         64        423
Swap:          841          2        839
Total:        1328        484        844

=========Sat Apr 16 14:35:01 UTC 2011========
             total       used       free     shared    buffers     cached
Mem:           487        481          6          0         18        399
-/+ buffers/cache:         63        424
Swap:          841          2        839
Total:        1328        483        845

=========Sat Apr 16 14:40:01 UTC 2011========
             total       used       free     shared    buffers     cached
Mem:           487        481          5          0         19        399
-/+ buffers/cache:         63        424
Swap:          841          2        839
Total:        1328        484        844

=========Sat Apr 16 14:45:01 UTC 2011========
             total       used       free     shared    buffers     cached
Mem:           487        480          6          0         19        398
-/+ buffers/cache:         62        424
Swap:          841          2        839
Total:        1328        482        846

=========Sat Apr 16 14:50:01 UTC 2011========
             total       used       free     shared    buffers     cached
Mem:           487        481          5          0         20        398
-/+ buffers/cache:         63        423
Swap:          841          2        839
Total:        1328        484        844

=========Sat Apr 16 14:55:01 UTC 2011========
             total       used       free     shared    buffers     cached
Mem:           487        480          7          0         20        396
-/+ buffers/cache:         62        424
Swap:          841          2        839
Total:        1328        482        846

=========Sat Apr 16 15:00:01 UTC 2011========
             total       used       free     shared    buffers     cached
Mem:           487        482          5          0         20        396
-/+ buffers/cache:         64        423
Swap:          841          2        839
Total:        1328        484        844

=========Sat Apr 16 15:05:01 UTC 2011========
             total       used       free     shared    buffers     cached
Mem:           487        479          8          0         21        395
-/+ buffers/cache:         62        424
Swap:          841          2        839
Total:        1328        481        847

=========Sat Apr 16 15:10:01 UTC 2011========
             total       used       free     shared    buffers     cached
Mem:           487        481          6          0         21        395
-/+ buffers/cache:         63        423
Swap:          841          2        839
Total:        1328        483        845

=========Sat Apr 16 15:15:01 UTC 2011========
             total       used       free     shared    buffers     cached
Mem:           487        480          6          0         22        395
-/+ buffers/cache:         62        424
Swap:          841          2        839
Total:        1328        482        846

=========Sat Apr 16 15:20:01 UTC 2011========
             total       used       free     shared    buffers     cached
Mem:           487        480          6          0         22        394
-/+ buffers/cache:         64        423
Swap:          841          2        839
Total:        1328        483        845

=========Sat Apr 16 15:25:01 UTC 2011========
             total       used       free     shared    buffers     cached
Mem:           487        480          7          0         22        394
-/+ buffers/cache:         62        424
Swap:          841          2        839
Total:        1328        482        846

=========Sat Apr 16 15:30:01 UTC 2011========
             total       used       free     shared    buffers     cached
Mem:           487        481          6          0         23        394
-/+ buffers/cache:         63        423
Swap:          841          2        839
Total:        1328        483        845

=========Sat Apr 16 15:35:01 UTC 2011========
             total       used       free     shared    buffers     cached
Mem:           487        480          7          0         23        393
-/+ buffers/cache:         63        424
Swap:          841          2        839
Total:        1328        482        846

=========Sat Apr 16 15:40:01 UTC 2011========
             total       used       free     shared    buffers     cached
Mem:           487        481          6          0         23        393
-/+ buffers/cache:         63        423
Swap:          841          2        839
Total:        1328        483        845

=========Sat Apr 16 15:45:01 UTC 2011========
             total       used       free     shared    buffers     cached
Mem:           487        480          6          0         24        393
-/+ buffers/cache:         62        424
Swap:          841          2        839
Total:        1328        482        845

=========Sat Apr 16 15:50:01 UTC 2011========
             total       used       free     shared    buffers     cached
Mem:           487        481          5          0         24        393
-/+ buffers/cache:         63        423
Swap:          841          2        839
Total:        1328        484        844

=========Sat Apr 16 15:55:01 UTC 2011========
             total       used       free     shared    buffers     cached
Mem:           487        480          7          0         24        392
-/+ buffers/cache:         63        424
Swap:          841          2        839
Total:        1328        482        846

=========Sat Apr 16 16:00:01 UTC 2011========
             total       used       free     shared    buffers     cached
Mem:           487        480          6          0         25        390
-/+ buffers/cache:         64        422
Swap:          841          2        839
Total:        1328        483        845

=========Sat Apr 16 16:05:01 UTC 2011========
             total       used       free     shared    buffers     cached
Mem:           487        479          8          0         25        390
-/+ buffers/cache:         63        424
Swap:          841          2        839
Total:        1328        481        847

=========Sat Apr 16 16:10:01 UTC 2011========
             total       used       free     shared    buffers     cached
Mem:           487        481          6          0         25        390
-/+ buffers/cache:         64        423
Swap:          841          2        839
Total:        1328        483        845

=========Sat Apr 16 16:15:01 UTC 2011========
             total       used       free     shared    buffers     cached
Mem:           487        480          7          0         26        390
-/+ buffers/cache:         63        424
Swap:          841          2        839
Total:        1328        482        846

=========Sat Apr 16 16:20:01 UTC 2011========
             total       used       free     shared    buffers     cached
Mem:           487        481          6          0         26        391
-/+ buffers/cache:         63        423
Swap:          841          2        839
Total:        1328        483        845

=========Sat Apr 16 16:25:01 UTC 2011========
             total       used       free     shared    buffers     cached
Mem:           487        480          7          0         26        390
-/+ buffers/cache:         63        424
Swap:          841          2        839
Total:        1328        482        846

=========Sat Apr 16 16:30:01 UTC 2011========
             total       used       free     shared    buffers     cached
Mem:           487        481          6          0         27        390
-/+ buffers/cache:         64        423
Swap:          841          2        839
Total:        1328        483        845

=========Sat Apr 16 16:35:01 UTC 2011========
             total       used       free     shared    buffers     cached
Mem:           487        480          6          0         27        390
-/+ buffers/cache:         63        424
Swap:          841          2        839
Total:        1328        483        845

=========Sat Apr 16 16:40:01 UTC 2011========
             total       used       free     shared    buffers     cached
Mem:           487        481          6          0         27        390
-/+ buffers/cache:         63        423
Swap:          841          2        839
Total:        1328        483        845

=========Sat Apr 16 16:45:01 UTC 2011========
             total       used       free     shared    buffers     cached
Mem:           487        480          7          0         27        389
-/+ buffers/cache:         63        424
Swap:          841          2        839
Total:        1328        482        846

=========Sat Apr 16 16:50:01 UTC 2011========
             total       used       free     shared    buffers     cached
Mem:           487        481          6          0         28        389
-/+ buffers/cache:         64        423
Swap:          841          2        839
Total:        1328        483        845

=========Sat Apr 16 16:55:01 UTC 2011========
             total       used       free     shared    buffers     cached
Mem:           487        480          7          0         28        388
-/+ buffers/cache:         62        424
Swap:          841          2        839
Total:        1328        482        846

=========Sat Apr 16 17:00:01 UTC 2011========
             total       used       free     shared    buffers     cached
Mem:           487        481          5          0         28        388
-/+ buffers/cache:         64        423
Swap:          841          2        839
Total:        1328        484        844

=========Sat Apr 16 17:05:01 UTC 2011========
             total       used       free     shared    buffers     cached
Mem:           487        479          8          0         28        387
-/+ buffers/cache:         62        424
Swap:          841          2        839
Total:        1328        481        847

=========Sat Apr 16 17:10:01 UTC 2011========
             total       used       free     shared    buffers     cached
Mem:           487        480          7          0         28        387
-/+ buffers/cache:         63        423
Swap:          841          2        839
Total:        1328        482        846

=========Sat Apr 16 17:15:01 UTC 2011========
             total       used       free     shared    buffers     cached
Mem:           487        480          7          0         29        387
-/+ buffers/cache:         63        424
Swap:          841          2        839
Total:        1328        482        846

=========Sat Apr 16 17:20:01 UTC 2011========
             total       used       free     shared    buffers     cached
Mem:           487        481          6          0         29        387
-/+ buffers/cache:         63        423
Swap:          841          2        839
Total:        1328        483        845

=========Sat Apr 16 17:25:01 UTC 2011========
             total       used       free     shared    buffers     cached
Mem:           487        480          6          0         29        387
-/+ buffers/cache:         63        424
Swap:          841          2        839
Total:        1328        483        845

=========Sat Apr 16 17:30:01 UTC 2011========
             total       used       free     shared    buffers     cached
Mem:           487        481          5          0         29        387
-/+ buffers/cache:         64        423
Swap:          841          2        839
Total:        1328        484        844

=========Sat Apr 16 17:35:01 UTC 2011========
             total       used       free     shared    buffers     cached
Mem:           487        480          7          0         30        386
-/+ buffers/cache:         63        424
Swap:          841          2        839
Total:        1328        482        846

=========Sat Apr 16 17:40:01 UTC 2011========
             total       used       free     shared    buffers     cached
Mem:           487        481          6          0         30        386
-/+ buffers/cache:         63        423
Swap:          841          2        839
Total:        1328        483        845

=========Sat Apr 16 17:45:01 UTC 2011========
             total       used       free     shared    buffers     cached
Mem:           487        480          7          0         30        386
-/+ buffers/cache:         63        424
Swap:          841          2        839
Total:        1328        482        846

=========Sat Apr 16 17:50:01 UTC 2011========
             total       used       free     shared    buffers     cached
Mem:           487        480          6          0         31        386
-/+ buffers/cache:         63        424
Swap:          841          2        839
Total:        1328        483        845

=========Sat Apr 16 17:55:01 UTC 2011========
             total       used       free     shared    buffers     cached
Mem:           487        480          7          0         31        385
-/+ buffers/cache:         63        424
Swap:          841          2        839
Total:        1328        482        846

=========Sat Apr 16 18:00:01 UTC 2011========
             total       used       free     shared    buffers     cached
Mem:           487        481          6          0         31        385
-/+ buffers/cache:         64        422
Swap:          841          2        839
Total:        1328        483        845

=========Sat Apr 16 18:05:01 UTC 2011========
             total       used       free     shared    buffers     cached
Mem:           487        480          7          0         31        385
-/+ buffers/cache:         63        424
Swap:          841          2        839
Total:        1328        482        846

=========Sat Apr 16 18:10:01 UTC 2011========
             total       used       free     shared    buffers     cached
Mem:           487        481          5          0         32        385
-/+ buffers/cache:         64        423
Swap:          841          2        839
Total:        1328        483        845

=========Sat Apr 16 18:15:01 UTC 2011========
             total       used       free     shared    buffers     cached
Mem:           487        480          6          0         32        384
-/+ buffers/cache:         63        424
Swap:          841          2        839
Total:        1328        482        846

=========Sat Apr 16 18:20:01 UTC 2011========
             total       used       free     shared    buffers     cached
Mem:           487        481          6          0         32        384
-/+ buffers/cache:         63        423
Swap:          841          2        839
Total:        1328        483        845

=========Sat Apr 16 18:25:01 UTC 2011========
             total       used       free     shared    buffers     cached
Mem:           487        479          7          0         33        384
-/+ buffers/cache:         62        424
Swap:          841          2        839
Total:        1328        482        846

=========Sat Apr 16 18:30:01 UTC 2011========
             total       used       free     shared    buffers     cached
Mem:           487        481          6          0         33        384
-/+ buffers/cache:         64        423
Swap:          841          2        839
Total:        1328        483        845

=========Sat Apr 16 18:35:01 UTC 2011========
             total       used       free     shared    buffers     cached
Mem:           487        480          7          0         33        383
-/+ buffers/cache:         63        424
Swap:          841          2        839
Total:        1328        482        846

=========Sat Apr 16 18:40:01 UTC 2011========
             total       used       free     shared    buffers     cached
Mem:           487        481          6          0         33        383
-/+ buffers/cache:         64        423
Swap:          841          2        839
Total:        1328        483        845

=========Sat Apr 16 18:45:01 UTC 2011========
             total       used       free     shared    buffers     cached
Mem:           487        480          6          0         34        383
-/+ buffers/cache:         63        424
Swap:          841          2        839
Total:        1328        483        845

=========Sat Apr 16 18:50:01 UTC 2011========
             total       used       free     shared    buffers     cached
Mem:           487        481          6          0         34        383
-/+ buffers/cache:         63        424
Swap:          841          2        839
Total:        1328        483        845

=========Sat Apr 16 18:55:01 UTC 2011========
             total       used       free     shared    buffers     cached
Mem:           487        480          7          0         34        382
-/+ buffers/cache:         63        424
Swap:          841          2        839
Total:        1328        482        846

=========Sat Apr 16 19:00:01 UTC 2011========
             total       used       free     shared    buffers     cached
Mem:           487        482          5          0         35        382
-/+ buffers/cache:         64        422
Swap:          841          2        839
Total:        1328        484        844

=========Sat Apr 16 19:05:01 UTC 2011========
             total       used       free     shared    buffers     cached
Mem:           487        480          7          0         35        381
-/+ buffers/cache:         63        424
Swap:          841          2        839
Total:        1328        482        846

=========Sat Apr 16 19:10:01 UTC 2011========
             total       used       free     shared    buffers     cached
Mem:           487        481          6          0         35        381
-/+ buffers/cache:         63        423
Swap:          841          2        839
Total:        1328        483        845

=========Sat Apr 16 19:15:01 UTC 2011========
             total       used       free     shared    buffers     cached
Mem:           487        480          7          0         35        380
-/+ buffers/cache:         63        424
Swap:          841          2        839
Total:        1328        482        846

=========Sat Apr 16 19:20:01 UTC 2011========
             total       used       free     shared    buffers     cached
Mem:           487        480          6          0         36        380
-/+ buffers/cache:         63        423
Swap:          841          2        839
Total:        1328        483        845

=========Sat Apr 16 19:25:01 UTC 2011========
             total       used       free     shared    buffers     cached
Mem:           487        480          7          0         36        380
-/+ buffers/cache:         63        424
Swap:          841          2        839
Total:        1328        482        846

=========Sat Apr 16 19:30:01 UTC 2011========
             total       used       free     shared    buffers     cached
Mem:           487        481          6          0         36        380
-/+ buffers/cache:         64        423
Swap:          841          2        839
Total:        1328        483        845

=========Sat Apr 16 19:35:01 UTC 2011========
             total       used       free     shared    buffers     cached
Mem:           487        479          7          0         37        379
-/+ buffers/cache:         63        424
Swap:          841          2        839
Total:        1328        482        846

=========Sat Apr 16 19:40:01 UTC 2011========
             total       used       free     shared    buffers     cached
Mem:           487        481          6          0         37        379
-/+ buffers/cache:         64        423
Swap:          841          2        839
Total:        1328        483        845

=========Sat Apr 16 19:45:01 UTC 2011========
             total       used       free     shared    buffers     cached
Mem:           487        480          7          0         37        379
-/+ buffers/cache:         63        424
Swap:          841          2        839
Total:        1328        482        846

=========Sat Apr 16 19:50:01 UTC 2011========
             total       used       free     shared    buffers     cached
Mem:           487        481          5          0         37        379
-/+ buffers/cache:         64        423
Swap:          841          2        839
Total:        1328        483        844

=========Sat Apr 16 19:55:01 UTC 2011========
             total       used       free     shared    buffers     cached
Mem:           487        480          7          0         38        378
-/+ buffers/cache:         63        424
Swap:          841          2        839
Total:        1328        482        846

=========Sat Apr 16 20:00:01 UTC 2011========
             total       used       free     shared    buffers     cached
Mem:           487        481          6          0         38        377
-/+ buffers/cache:         65        422
Swap:          841          2        839
Total:        1328        483        845

=========Sat Apr 16 20:05:01 UTC 2011========
             total       used       free     shared    buffers     cached
Mem:           487        479          7          0         38        377
-/+ buffers/cache:         63        424
Swap:          841          2        839
Total:        1328        482        846

=========Sat Apr 16 20:10:01 UTC 2011========
             total       used       free     shared    buffers     cached
Mem:           487        480          6          0         38        377
-/+ buffers/cache:         64        423
Swap:          841          2        839
Total:        1328        483        845

=========Sat Apr 16 20:15:01 UTC 2011========
             total       used       free     shared    buffers     cached
Mem:           487        480          7          0         39        377
-/+ buffers/cache:         63        423
Swap:          841          2        839
Total:        1328        482        846

=========Sat Apr 16 20:20:01 UTC 2011========
             total       used       free     shared    buffers     cached
Mem:           487        481          6          0         39        377
-/+ buffers/cache:         63        423
Swap:          841          2        839
Total:        1328        483        845

=========Sat Apr 16 20:25:01 UTC 2011========
             total       used       free     shared    buffers     cached
Mem:           487        480          6          0         39        377
-/+ buffers/cache:         63        424
Swap:          841          2        839
Total:        1328        482        846

=========Sat Apr 16 20:30:01 UTC 2011========
             total       used       free     shared    buffers     cached
Mem:           487        481          5          0         40        377
-/+ buffers/cache:         64        423
Swap:          841          2        839
Total:        1328        484        844

=========Sat Apr 16 20:35:01 UTC 2011========
             total       used       free     shared    buffers     cached
Mem:           487        479          7          0         40        376
-/+ buffers/cache:         63        424
Swap:          841          2        839
Total:        1328        482        846

=========Sat Apr 16 20:40:01 UTC 2011========
             total       used       free     shared    buffers     cached
Mem:           487        481          6          0         40        376
-/+ buffers/cache:         64        423
Swap:          841          2        839
Total:        1328        483        845

=========Sat Apr 16 20:45:01 UTC 2011========
             total       used       free     shared    buffers     cached
Mem:           487        480          7          0         41        375
-/+ buffers/cache:         63        424
Swap:          841          2        839
Total:        1328        482        846

=========Sat Apr 16 20:50:01 UTC 2011========
             total       used       free     shared    buffers     cached
Mem:           487        481          6          0         41        375
-/+ buffers/cache:         64        423
Swap:          841          2        839
Total:        1328        483        845

=========Sat Apr 16 20:55:01 UTC 2011========
             total       used       free     shared    buffers     cached
Mem:           487        480          7          0         41        374
-/+ buffers/cache:         63        423
Swap:          841          2        839
Total:        1328        482        846

=========Sat Apr 16 21:00:01 UTC 2011========
             total       used       free     shared    buffers     cached
Mem:           487        481          5          0         42        374
-/+ buffers/cache:         65        422
Swap:          841          2        839
Total:        1328        484        844

=========Sat Apr 16 21:05:01 UTC 2011========
             total       used       free     shared    buffers     cached
Mem:           487        479          8          0         42        373
-/+ buffers/cache:         63        423
Swap:          841          2        839
Total:        1328        481        847

=========Sat Apr 16 21:10:01 UTC 2011========
             total       used       free     shared    buffers     cached
Mem:           487        480          7          0         42        373
-/+ buffers/cache:         64        423
Swap:          841          2        839
Total:        1328        482        846

=========Sat Apr 16 21:15:01 UTC 2011========
             total       used       free     shared    buffers     cached
Mem:           487        479          7          0         43        373
-/+ buffers/cache:         63        423
Swap:          841          2        839
Total:        1328        482        846

=========Sat Apr 16 21:20:01 UTC 2011========
             total       used       free     shared    buffers     cached
Mem:           487        481          6          0         43        373
-/+ buffers/cache:         64        422
Swap:          841          2        839
Total:        1328        483        845

=========Sat Apr 16 21:25:01 UTC 2011========
             total       used       free     shared    buffers     cached
Mem:           487        480          7          0         43        372
-/+ buffers/cache:         63        423
Swap:          841          2        839
Total:        1328        482        846

=========Sat Apr 16 21:30:01 UTC 2011========
             total       used       free     shared    buffers     cached
Mem:           487        480          6          0         44        372
-/+ buffers/cache:         64        423
Swap:          841          2        839
Total:        1328        483        845

=========Sat Apr 16 21:35:01 UTC 2011========
             total       used       free     shared    buffers     cached
Mem:           487        480          7          0         44        372
-/+ buffers/cache:         63        423
Swap:          841          2        839
Total:        1328        482        846

=========Sat Apr 16 21:40:01 UTC 2011========
             total       used       free     shared    buffers     cached
Mem:           487        481          5          0         44        372
-/+ buffers/cache:         64        423
Swap:          841          2        839
Total:        1328        484        844

=========Sat Apr 16 21:45:01 UTC 2011========
             total       used       free     shared    buffers     cached
Mem:           487        479          7          0         44        371
-/+ buffers/cache:         63        424
Swap:          841          2        839
Total:        1328        482        846

=========Sat Apr 16 21:50:01 UTC 2011========
             total       used       free     shared    buffers     cached
Mem:           487        481          6          0         45        371
-/+ buffers/cache:         64        423
Swap:          841          2        839
Total:        1328        483        845

=========Sat Apr 16 21:55:01 UTC 2011========
             total       used       free     shared    buffers     cached
Mem:           487        479          7          0         45        370
-/+ buffers/cache:         63        423
Swap:          841          2        839
Total:        1328        482        846

=========Sat Apr 16 22:00:01 UTC 2011========
             total       used       free     shared    buffers     cached
Mem:           487        481          6          0         45        370
-/+ buffers/cache:         64        422
Swap:          841          2        839
Total:        1328        483        845

=========Sat Apr 16 22:05:01 UTC 2011========
             total       used       free     shared    buffers     cached
Mem:           487        480          7          0         45        370
-/+ buffers/cache:         63        423
Swap:          841          2        839
Total:        1328        482        846

=========Sat Apr 16 22:10:01 UTC 2011========
             total       used       free     shared    buffers     cached
Mem:           487        481          6          0         46        370
-/+ buffers/cache:         64        423
Swap:          841          2        839
Total:        1328        483        845

=========Sat Apr 16 22:15:01 UTC 2011========
             total       used       free     shared    buffers     cached
Mem:           487        481          6          0         46        370
-/+ buffers/cache:         63        423
Swap:          841          2        839
Total:        1328        483        845

=========Sat Apr 16 22:20:01 UTC 2011========
             total       used       free     shared    buffers     cached
Mem:           487        481          5          0         46        370
-/+ buffers/cache:         64        423
Swap:          841          2        839
Total:        1328        484        844

=========Sat Apr 16 22:25:01 UTC 2011========
             total       used       free     shared    buffers     cached
Mem:           487        480          6          0         46        370
-/+ buffers/cache:         63        423
Swap:          841          2        839
Total:        1328        483        845

=========Sat Apr 16 22:30:01 UTC 2011========
             total       used       free     shared    buffers     cached
Mem:           487        481          5          0         47        370
-/+ buffers/cache:         64        423
Swap:          841          2        839
Total:        1328        484        844

=========Sat Apr 16 22:35:01 UTC 2011========
             total       used       free     shared    buffers     cached
Mem:           487        479          7          0         47        368
-/+ buffers/cache:         63        423
Swap:          841          2        839
Total:        1328        482        846

=========Sat Apr 16 22:40:01 UTC 2011========
             total       used       free     shared    buffers     cached
Mem:           487        480          7          0         47        368
-/+ buffers/cache:         64        423
Swap:          841          2        839
Total:        1328        482        846

=========Sat Apr 16 22:45:01 UTC 2011========
             total       used       free     shared    buffers     cached
Mem:           487        480          7          0         47        368
-/+ buffers/cache:         63        423
Swap:          841          2        839
Total:        1328        482        846

=========Sat Apr 16 22:50:01 UTC 2011========
             total       used       free     shared    buffers     cached
Mem:           487        481          6          0         47        368
-/+ buffers/cache:         64        422
Swap:          841          2        839
Total:        1328        483        845

=========Sat Apr 16 22:55:01 UTC 2011========
             total       used       free     shared    buffers     cached
Mem:           487        479          7          0         48        367
-/+ buffers/cache:         63        423
Swap:          841          2        839
Total:        1328        482        846

=========Sat Apr 16 23:00:01 UTC 2011========
             total       used       free     shared    buffers     cached
Mem:           487        481          5          0         48        367
-/+ buffers/cache:         65        422
Swap:          841          2        839
Total:        1328        483        845

=========Sat Apr 16 23:05:01 UTC 2011========
             total       used       free     shared    buffers     cached
Mem:           487        480          7          0         48        367
-/+ buffers/cache:         63        423
Swap:          841          2        839
Total:        1328        482        846

=========Sat Apr 16 23:10:01 UTC 2011========
             total       used       free     shared    buffers     cached
Mem:           487        481          5          0         48        368
-/+ buffers/cache:         64        422
Swap:          841          2        839
Total:        1328        483        844

=========Sat Apr 16 23:15:01 UTC 2011========
             total       used       free     shared    buffers     cached
Mem:           487        479          7          0         49        367
-/+ buffers/cache:         63        424
Swap:          841          2        839
Total:        1328        482        846

=========Sat Apr 16 23:20:01 UTC 2011========
             total       used       free     shared    buffers     cached
Mem:           487        478          8          0         49        363
-/+ buffers/cache:         66        421
Swap:          841          2        839
Total:        1328        481        847

=========Sat Apr 16 23:25:01 UTC 2011========
             total       used       free     shared    buffers     cached
Mem:           487        453         33          0         49        338
-/+ buffers/cache:         65        421
Swap:          841          2        839
Total:        1328        455        872

=========Sat Apr 16 23:30:01 UTC 2011========
             total       used       free     shared    buffers     cached
Mem:           487        476         10          0          8        402
-/+ buffers/cache:         65        421
Swap:          841          2        839
Total:        1328        478        849

=========Sat Apr 16 23:35:01 UTC 2011========
             total       used       free     shared    buffers     cached
Mem:           487        476         10          0          9        402
-/+ buffers/cache:         65        422
Swap:          841          2        839
Total:        1328        478        850

=========Sat Apr 16 23:40:01 UTC 2011========
             total       used       free     shared    buffers     cached
Mem:           487        477          9          0          9        402
-/+ buffers/cache:         65        421
Swap:          841          2        839
Total:        1328        480        848

=========Sat Apr 16 23:45:01 UTC 2011========
             total       used       free     shared    buffers     cached
Mem:           487        477         10          0         10        402
-/+ buffers/cache:         65        422
Swap:          841          2        839
Total:        1328        479        849

=========Sat Apr 16 23:50:01 UTC 2011========
             total       used       free     shared    buffers     cached
Mem:           487        478          8          0         10        402
-/+ buffers/cache:         65        421
Swap:          841          2        839
Total:        1328        480        848

=========Sat Apr 16 23:55:01 UTC 2011========
             total       used       free     shared    buffers     cached
Mem:           487        478          8          0         10        402
-/+ buffers/cache:         65        422
Swap:          841          2        839
Total:        1328        480        847

=========Sun Apr 17 00:00:01 UTC 2011========
             total       used       free     shared    buffers     cached
Mem:           487        481          6          0         11        402
-/+ buffers/cache:         67        419
Swap:          841          2        839
Total:        1328        483        845

=========Sun Apr 17 00:05:01 UTC 2011========
             total       used       free     shared    buffers     cached
Mem:           487        479          8          0         11        402
-/+ buffers/cache:         65        422
Swap:          841          2        839
Total:        1328        481        847

=========Sun Apr 17 00:10:01 UTC 2011========
             total       used       free     shared    buffers     cached
Mem:           487        480          7          0         12        402
-/+ buffers/cache:         65        421
Swap:          841          2        839
Total:        1328        482        846

=========Sun Apr 17 00:15:01 UTC 2011========
             total       used       free     shared    buffers     cached
Mem:           487        480          7          0         12        402
-/+ buffers/cache:         65        422
Swap:          841          2        839
Total:        1328        482        846

=========Sun Apr 17 00:20:01 UTC 2011========
             total       used       free     shared    buffers     cached
Mem:           487        481          6          0         12        402
-/+ buffers/cache:         65        421
Swap:          841          2        839
Total:        1328        483        845

=========Sun Apr 17 00:25:01 UTC 2011========
             total       used       free     shared    buffers     cached
Mem:           487        480          6          0         13        402
-/+ buffers/cache:         64        422
Swap:          841          2        839
Total:        1328        482        845

=========Sun Apr 17 00:30:01 UTC 2011========
             total       used       free     shared    buffers     cached
Mem:           487        481          5          0         13        402
-/+ buffers/cache:         65        421
Swap:          841          2        839
Total:        1328        484        844

=========Sun Apr 17 00:35:01 UTC 2011========
             total       used       free     shared    buffers     cached
Mem:           487        480          7          0         13        401
-/+ buffers/cache:         64        422
Swap:          841          2        839
Total:        1328        482        846

=========Sun Apr 17 00:40:01 UTC 2011========
             total       used       free     shared    buffers     cached
Mem:           487        481          5          0         14        401
-/+ buffers/cache:         65        421
Swap:          841          2        839
Total:        1328        484        844

=========Sun Apr 17 00:45:01 UTC 2011========
             total       used       free     shared    buffers     cached
Mem:           487        480          7          0         14        400
-/+ buffers/cache:         64        422
Swap:          841          2        839
Total:        1328        482        846

=========Sun Apr 17 00:50:01 UTC 2011========
             total       used       free     shared    buffers     cached
Mem:           487        481          5          0         14        400
-/+ buffers/cache:         66        421
Swap:          841          2        839
Total:        1328        483        845

=========Sun Apr 17 00:55:01 UTC 2011========
             total       used       free     shared    buffers     cached
Mem:           487        480          7          0         15        399
-/+ buffers/cache:         65        422
Swap:          841          2        839
Total:        1328        482        846

=========Sun Apr 17 01:00:01 UTC 2011========
             total       used       free     shared    buffers     cached
Mem:           487        481          5          0         15        399
-/+ buffers/cache:         66        421
Swap:          841          2        839
Total:        1328        483        845

=========Sun Apr 17 01:05:01 UTC 2011========
             total       used       free     shared    buffers     cached
Mem:           487        480          6          0         16        399
-/+ buffers/cache:         65        422
Swap:          841          2        839
Total:        1328        483        845

=========Sun Apr 17 01:10:01 UTC 2011========
             total       used       free     shared    buffers     cached
Mem:           487        477         10          0         15        393
-/+ buffers/cache:         68        419
Swap:          841          2        839
Total:        1328        479        849

=========Sun Apr 17 01:15:01 UTC 2011========
             total       used       free     shared    buffers     cached
Mem:           487        476         11          0         15        393
-/+ buffers/cache:         67        420
Swap:          841          2        839
Total:        1328        478        850
